timestamp_utc: 2026-03-12T17:53:57Z
root_dir: /home/System-ASIC
run_root: /home/System-ASIC/report/all_frontend
monitor_root: /home/System-ASIC/report/all_frontend/monitor
joint_clocks: 2.0
migo_clocks: 2.0
monitor_interval_sec: 5
time_bin: /usr/bin/time
time_enabled: yes
meminfo_kb:
MemTotal:       195424088 kB
MemFree:        118231388 kB
MemAvailable:   190842760 kB
SwapTotal:             0 kB
SwapFree:              0 kB
CommitLimit:    97712044 kB
Committed_AS:    7427772 kB
pressure:
cpu some avg10=0.00 avg60=0.00 avg300=0.00 total=49479720
cpu full avg10=0.00 avg60=0.00 avg300=0.00 total=0
memory some avg10=0.00 avg60=0.00 avg300=0.00 total=526156
memory full avg10=0.00 avg60=0.00 avg300=0.00 total=525451
io some avg10=0.00 avg60=0.00 avg300=0.00 total=37239258
io full avg10=0.00 avg60=0.00 avg300=0.00 total=36880159
ulimit:
real-time non-blocking time  (microseconds, -R) unlimited
core file size              (blocks, -c) unlimited
data seg size               (kbytes, -d) unlimited
scheduling priority                 (-e) 0
file size                   (blocks, -f) unlimited
pending signals                     (-i) 762615
max locked memory           (kbytes, -l) 64
max memory size             (kbytes, -m) unlimited
open files                          (-n) 524288
pipe size                (512 bytes, -p) 8
POSIX message queues         (bytes, -q) 819200
real-time priority                  (-r) 0
stack size                  (kbytes, -s) 8192
cpu time                   (seconds, -t) unlimited
max user processes                  (-u) unlimited
virtual memory              (kbytes, -v) unlimited
file locks                          (-x) unlimited
