stage_id: migo_struct
stage_label: MIGO structure regression
started_at_utc: 2026-03-13T20:48:18Z
finished_at_utc: 2026-03-13T20:48:18Z
exit_status: 0
oom_hint: no
peak_rss_kb: unavailable
elapsed: 
user_time_sec: 
system_time_sec: 
percent_cpu: 
major_page_faults: 
minor_page_faults: 
command_log: /home/rick/System-ASIC/report/func/monitor/migo_struct/command.log
host_initial_log: /home/rick/System-ASIC/report/func/monitor/migo_struct/host_initial.log
host_samples_log: /home/rick/System-ASIC/report/func/monitor/migo_struct/host_samples.log
host_final_log: /home/rick/System-ASIC/report/func/monitor/migo_struct/host_final.log
time_log: /home/rick/System-ASIC/report/func/monitor/migo_struct/time_v.log
dmesg_before_log: /home/rick/System-ASIC/report/func/monitor/migo_struct/dmesg_before.log
dmesg_after_log: /home/rick/System-ASIC/report/func/monitor/migo_struct/dmesg_after.log
