timestamp_utc: 2026-03-13T20:48:18Z
loadavg: 0.72 0.96 0.91 1/607 397570
meminfo_kb:
MemTotal:        7988388 kB
MemFree:         5674236 kB
MemAvailable:    6229584 kB
Active(anon):       2724 kB
Inactive(anon):  1165560 kB
SwapTotal:       2097152 kB
SwapFree:        2097152 kB
AnonPages:       1163892 kB
CommitLimit:     6091344 kB
Committed_AS:    3922904 kB
pressure:
cpu some avg10=0.00 avg60=0.00 avg300=0.00 total=39896587
cpu full avg10=0.00 avg60=0.00 avg300=0.00 total=0
memory some avg10=0.00 avg60=0.00 avg300=0.00 total=0
memory full avg10=0.00 avg60=0.00 avg300=0.00 total=0
io some avg10=0.00 avg60=0.00 avg300=0.00 total=34456734
io full avg10=0.00 avg60=0.00 avg300=0.00 total=34056871
