timestamp_utc: 2026-03-12T17:54:02Z
loadavg: 0.09 0.16 0.19 1/1288 89689
meminfo_kb:
MemTotal:       195424088 kB
MemFree:        118227600 kB
MemAvailable:   190854808 kB
Active(anon):       3000 kB
Inactive(anon):  1227044 kB
SwapTotal:             0 kB
SwapFree:              0 kB
AnonPages:       1250648 kB
CommitLimit:    97712044 kB
Committed_AS:    7429056 kB
pressure:
cpu some avg10=0.12 avg60=0.02 avg300=0.00 total=49520013
cpu full avg10=0.00 avg60=0.00 avg300=0.00 total=0
memory some avg10=0.00 avg60=0.00 avg300=0.00 total=526156
memory full avg10=0.00 avg60=0.00 avg300=0.00 total=525451
io some avg10=0.00 avg60=0.00 avg300=0.00 total=37239285
io full avg10=0.00 avg60=0.00 avg300=0.00 total=36880185
