stage_id: joint_l0
stage_label: Joint L0 regression
started_at_utc: 2026-03-12T17:54:02Z
finished_at_utc: 2026-03-12T17:54:02Z
exit_status: 127
oom_hint: no
peak_rss_kb: unavailable
elapsed: 
user_time_sec: 
system_time_sec: 
percent_cpu: 
major_page_faults: 
minor_page_faults: 
command_log: /home/System-ASIC/report/all_frontend/monitor/joint_l0/command.log
host_initial_log: /home/System-ASIC/report/all_frontend/monitor/joint_l0/host_initial.log
host_samples_log: /home/System-ASIC/report/all_frontend/monitor/joint_l0/host_samples.log
host_final_log: /home/System-ASIC/report/all_frontend/monitor/joint_l0/host_final.log
time_log: /home/System-ASIC/report/all_frontend/monitor/joint_l0/time_v.log
dmesg_before_log: /home/System-ASIC/report/all_frontend/monitor/joint_l0/dmesg_before.log
dmesg_after_log: /home/System-ASIC/report/all_frontend/monitor/joint_l0/dmesg_after.log
