#! /home/rick/tools/oss-cad-suite/bin/vvp
:ivl_version "14.0 (devel)" "(s20251012-118-g8e4a37aa0)";
:ivl_delay_selection "TYPICAL";
:vpi_time_precision - 12;
:vpi_module "/home/rick/tools/oss-cad-suite/lib/ivl/system.vpi";
:vpi_module "/home/rick/tools/oss-cad-suite/lib/ivl/vhdl_sys.vpi";
:vpi_module "/home/rick/tools/oss-cad-suite/lib/ivl/vhdl_textio.vpi";
:vpi_module "/home/rick/tools/oss-cad-suite/lib/ivl/v2005_math.vpi";
:vpi_module "/home/rick/tools/oss-cad-suite/lib/ivl/va_math.vpi";
:vpi_module "/home/rick/tools/oss-cad-suite/lib/ivl/v2009.vpi";
S_0x555568f64c90 .scope package, "$unit" "$unit" 2 1;
 .timescale 0 0;
S_0x555568fd5590 .scope module, "tb_migo_round_shift" "tb_migo_round_shift" 3 3;
 .timescale -9 -12;
P_0x555568fe3b00 .param/l "MAX_CASES" 1 3 4, +C4<00000000000000000000010000000000>;
v0x555569006790_0 .var/i "case_count", 31 0;
v0x555569006890_0 .var/i "case_idx", 31 0;
v0x555569006970_0 .var "clk", 0 0;
v0x555569006a10_0 .var/i "expected_y", 31 0;
v0x555569006ab0_0 .var/i "final_sum_in", 31 0;
v0x555569006b90_0 .var "in_valid", 0 0;
v0x555569006c30_0 .var/i "mismatches", 31 0;
v0x555569006cf0_0 .net "out_valid", 0 0, v0x555569003c30_0;  1 drivers
v0x555569006dc0_0 .var "rst_n", 0 0;
v0x555569006e90_0 .var/i "scan_rc", 31 0;
v0x555569006f30_0 .var/i "vec_fd", 31 0;
v0x555569007010_0 .var/str "vector_path";
v0x5555690070d0_0 .var/s "x_in", 7 0;
v0x5555690071c0_0 .net/s "y_out", 8 0, v0x5555690065f0_0;  1 drivers
S_0x555568fd4220 .scope module, "u_dut" "MIGO_method_migo_n_161_q_bit_8_wp_pi_0_047_width_pi_0_031_alpha_p_0_1_alpha_s_0_1_lam1_1_2_lam2_1_e_topk_4_e_d_max_2_e_e_max_4" 3 22, 4 2 0, S_0x555568fd5590;
 .timescale 0 0;
    .port_info 0 /INPUT 1 "clk";
    .port_info 1 /INPUT 1 "rst_n";
    .port_info 2 /INPUT 1 "in_valid";
    .port_info 3 /INPUT 8 "x_in";
    .port_info 4 /OUTPUT 1 "out_valid";
    .port_info 5 /OUTPUT 9 "y_out";
P_0x555568fbc150 .param/l "BX" 0 4 4, +C4<00000000000000000000000000001000>;
P_0x555568fbc190 .param/l "BY" 0 4 7, +C4<00000000000000000000000000001001>;
P_0x555568fbc1d0 .param/l "N" 0 4 3, +C4<00000000000000000000000010100001>;
P_0x555568fbc210 .param/l "ROUND" 0 4 6, C4<1>;
P_0x555568fbc250 .param/l "SHIFT" 0 4 5, +C4<00000000000000000000000000001000>;
v0x555568ef32e0_0 .net/s *"_ivl_101", 8 0, L_0x555569009bf0;  1 drivers
v0x555568fe0300_0 .net/s *"_ivl_104", 8 0, L_0x555569009db0;  1 drivers
v0x555568fe2360_0 .net/s *"_ivl_11", 8 0, L_0x555569007560;  1 drivers
v0x555568fe2400_0 .net/s *"_ivl_110", 8 0, L_0x55556900a150;  1 drivers
v0x555568f6ab50_0 .net/s *"_ivl_113", 8 0, L_0x55556900a1f0;  1 drivers
v0x555568f6ac30_0 .net/s *"_ivl_119", 8 0, L_0x55556900a480;  1 drivers
v0x555568f69730_0 .net/s *"_ivl_122", 8 0, L_0x55556900a670;  1 drivers
v0x555568f69810_0 .net/s *"_ivl_128", 8 0, L_0x55556900aa40;  1 drivers
v0x555568f22d60_0 .net/s *"_ivl_131", 8 0, L_0x55556900aae0;  1 drivers
v0x555568f22e40_0 .net/s *"_ivl_137", 8 0, L_0x55556900aec0;  1 drivers
v0x555568f682f0_0 .net/s *"_ivl_14", 8 0, L_0x555569007630;  1 drivers
v0x555568f683d0_0 .net/s *"_ivl_140", 8 0, L_0x55556900b0e0;  1 drivers
v0x555568fe4b80_0 .net/s *"_ivl_146", 8 0, L_0x55556900b4e0;  1 drivers
v0x555568fe4c40_0 .net/s *"_ivl_149", 8 0, L_0x55556900b580;  1 drivers
v0x555568fe4d20_0 .net/s *"_ivl_155", 8 0, L_0x55556900b990;  1 drivers
v0x555568fe3b50_0 .net/s *"_ivl_158", 8 0, L_0x55556900bbe0;  1 drivers
v0x555568fe3c30_0 .net/s *"_ivl_164", 8 0, L_0x55556900c010;  1 drivers
v0x555568fe3d10_0 .net/s *"_ivl_167", 8 0, L_0x55556900c0b0;  1 drivers
v0x555568fe3df0_0 .net/s *"_ivl_173", 8 0, L_0x55556900c4f0;  1 drivers
v0x555568f578f0_0 .net/s *"_ivl_176", 8 0, L_0x55556900c770;  1 drivers
v0x555568f579b0_0 .net/s *"_ivl_182", 8 0, L_0x55556900cbd0;  1 drivers
v0x555568f57a90_0 .net/s *"_ivl_185", 8 0, L_0x55556900cc70;  1 drivers
v0x555568f57b70_0 .net/s *"_ivl_191", 8 0, L_0x55556900d0e0;  1 drivers
v0x555568f57c50_0 .net/s *"_ivl_194", 8 0, L_0x55556900d390;  1 drivers
v0x555568ef2d40_0 .net/s *"_ivl_2", 8 0, L_0x555569007290;  1 drivers
v0x555568ef2e20_0 .net/s *"_ivl_20", 8 0, L_0x555569007890;  1 drivers
v0x555568ef2f00_0 .net/s *"_ivl_200", 8 0, L_0x55556900d820;  1 drivers
v0x555568ef2fe0_0 .net/s *"_ivl_203", 8 0, L_0x55556900d8c0;  1 drivers
v0x555568ef30c0_0 .net/s *"_ivl_209", 8 0, L_0x55556900dd60;  1 drivers
v0x555568ff5610_0 .net/s *"_ivl_212", 8 0, L_0x55556900e040;  1 drivers
v0x555568ff56b0_0 .net/s *"_ivl_218", 8 0, L_0x55556900e4d0;  1 drivers
v0x555568ff5750_0 .net/s *"_ivl_221", 8 0, L_0x55556900e570;  1 drivers
v0x555568ff57f0_0 .net/s *"_ivl_227", 8 0, L_0x55556900ea40;  1 drivers
v0x555568ff5aa0_0 .net/s *"_ivl_23", 8 0, L_0x555569007930;  1 drivers
v0x555568ff5b60_0 .net/s *"_ivl_230", 8 0, L_0x55556900ed50;  1 drivers
v0x555568ff5c40_0 .net/s *"_ivl_236", 8 0, L_0x55556900f240;  1 drivers
v0x555568ff5d20_0 .net/s *"_ivl_239", 8 0, L_0x55556900f2e0;  1 drivers
v0x555568ff5e00_0 .net/s *"_ivl_245", 8 0, L_0x55556900f7e0;  1 drivers
v0x555568ff5ee0_0 .net/s *"_ivl_248", 8 0, L_0x55556900fb20;  1 drivers
v0x555568ff5fc0_0 .net/s *"_ivl_254", 8 0, L_0x555569010040;  1 drivers
v0x555568ff60a0_0 .net/s *"_ivl_257", 8 0, L_0x5555690100e0;  1 drivers
v0x555568ff6180_0 .net/s *"_ivl_263", 8 0, L_0x555569010610;  1 drivers
v0x555568ff6260_0 .net/s *"_ivl_266", 8 0, L_0x555569010980;  1 drivers
v0x555568ff6340_0 .net/s *"_ivl_272", 8 0, L_0x555569010ed0;  1 drivers
v0x555568ff6420_0 .net/s *"_ivl_275", 8 0, L_0x555569010f70;  1 drivers
v0x555568ff6500_0 .net/s *"_ivl_281", 8 0, L_0x5555690114d0;  1 drivers
v0x555568ff65e0_0 .net/s *"_ivl_284", 8 0, L_0x555569011870;  1 drivers
v0x555568ff66c0_0 .net/s *"_ivl_29", 8 0, L_0x555569007bc0;  1 drivers
v0x555568ff67a0_0 .net/s *"_ivl_290", 8 0, L_0x555569011df0;  1 drivers
v0x555568ff6880_0 .net/s *"_ivl_293", 8 0, L_0x555569011e90;  1 drivers
v0x555568ff6960_0 .net/s *"_ivl_299", 8 0, L_0x555569012420;  1 drivers
v0x555568ff6a40_0 .net/s *"_ivl_302", 8 0, L_0x5555690127f0;  1 drivers
v0x555568ff6b20_0 .net/s *"_ivl_308", 8 0, L_0x555569012da0;  1 drivers
v0x555568ff6c00_0 .net/s *"_ivl_311", 8 0, L_0x555569012e40;  1 drivers
v0x555568ff6ce0_0 .net/s *"_ivl_317", 8 0, L_0x555569013400;  1 drivers
v0x555568ff6dc0_0 .net/s *"_ivl_32", 8 0, L_0x555569007cc0;  1 drivers
v0x555568ff6ea0_0 .net/s *"_ivl_320", 8 0, L_0x555569013800;  1 drivers
v0x555568ff6f80_0 .net/s *"_ivl_326", 8 0, L_0x555569013de0;  1 drivers
v0x555568ff7060_0 .net/s *"_ivl_329", 8 0, L_0x555569013e80;  1 drivers
v0x555568ff7140_0 .net/s *"_ivl_335", 8 0, L_0x555569014470;  1 drivers
v0x555568ff7220_0 .net/s *"_ivl_338", 8 0, L_0x5555690148a0;  1 drivers
v0x555568ff7300_0 .net/s *"_ivl_344", 8 0, L_0x555569014eb0;  1 drivers
v0x555568ff73e0_0 .net/s *"_ivl_347", 8 0, L_0x555569014f50;  1 drivers
v0x555568ff74c0_0 .net/s *"_ivl_353", 8 0, L_0x555569015570;  1 drivers
v0x555568ff75a0_0 .net/s *"_ivl_356", 8 0, L_0x5555690159d0;  1 drivers
v0x555568ff7a90_0 .net/s *"_ivl_362", 8 0, L_0x555569004790;  1 drivers
v0x555568ff7b70_0 .net/s *"_ivl_365", 8 0, L_0x5555690052a0;  1 drivers
v0x555568ff7c50_0 .net/s *"_ivl_371", 8 0, L_0x555569005d10;  1 drivers
v0x555568ff7d30_0 .net/s *"_ivl_374", 8 0, L_0x555569005db0;  1 drivers
v0x555568ff7e10_0 .net/s *"_ivl_38", 8 0, L_0x555569007f50;  1 drivers
v0x555568ff7ef0_0 .net/s *"_ivl_380", 8 0, L_0x555569006020;  1 drivers
v0x555568ff7fd0_0 .net/s *"_ivl_383", 8 0, L_0x555569016040;  1 drivers
v0x555568ff80b0_0 .net/s *"_ivl_389", 8 0, L_0x5555690165e0;  1 drivers
v0x555568ff8190_0 .net/s *"_ivl_392", 8 0, L_0x555569016aa0;  1 drivers
v0x555568ff8270_0 .net/s *"_ivl_398", 8 0, L_0x555569016680;  1 drivers
v0x555568ff8350_0 .net/s *"_ivl_401", 8 0, L_0x555569016750;  1 drivers
v0x555568ff8430_0 .net/s *"_ivl_407", 8 0, L_0x5555690169c0;  1 drivers
v0x555568ff8510_0 .net/s *"_ivl_41", 8 0, L_0x555569007ff0;  1 drivers
v0x555568ff85f0_0 .net/s *"_ivl_410", 8 0, L_0x555569017100;  1 drivers
v0x555568ff86d0_0 .net/s *"_ivl_416", 8 0, L_0x555569016cb0;  1 drivers
v0x555568ff87b0_0 .net/s *"_ivl_419", 8 0, L_0x555569016d80;  1 drivers
v0x555568ff8890_0 .net/s *"_ivl_425", 8 0, L_0x555569016ff0;  1 drivers
v0x555568ff8970_0 .net/s *"_ivl_428", 8 0, L_0x5555690177c0;  1 drivers
v0x555568ff8a50_0 .net/s *"_ivl_434", 8 0, L_0x555569017340;  1 drivers
v0x555568ff8b30_0 .net/s *"_ivl_437", 8 0, L_0x5555690173e0;  1 drivers
v0x555568ff8c10_0 .net/s *"_ivl_443", 8 0, L_0x555569017620;  1 drivers
v0x555568ff8cf0_0 .net/s *"_ivl_446", 8 0, L_0x5555690176c0;  1 drivers
v0x555568ff8dd0_0 .net/s *"_ivl_452", 8 0, L_0x555569017900;  1 drivers
v0x555568ff8eb0_0 .net/s *"_ivl_455", 8 0, L_0x5555690179a0;  1 drivers
v0x555568ff8f90_0 .net/s *"_ivl_461", 8 0, L_0x555569017c10;  1 drivers
v0x555568ff9070_0 .net/s *"_ivl_464", 8 0, L_0x555569017cb0;  1 drivers
v0x555568ff9150_0 .net/s *"_ivl_47", 8 0, L_0x5555690082e0;  1 drivers
v0x555568ff9230_0 .net/s *"_ivl_470", 8 0, L_0x555569017ef0;  1 drivers
v0x555568ff9310_0 .net/s *"_ivl_473", 8 0, L_0x555569017f90;  1 drivers
v0x555568ff93f0_0 .net/s *"_ivl_479", 8 0, L_0x5555690181d0;  1 drivers
v0x555568ff94d0_0 .net/s *"_ivl_482", 8 0, L_0x555569018270;  1 drivers
v0x555568ff95b0_0 .net/s *"_ivl_488", 8 0, L_0x555569018470;  1 drivers
v0x555568ff9690_0 .net/s *"_ivl_491", 8 0, L_0x555569018510;  1 drivers
v0x555568ff9770_0 .net/s *"_ivl_497", 8 0, L_0x555569018780;  1 drivers
v0x555568ff9850_0 .net/s *"_ivl_5", 8 0, L_0x555569007390;  1 drivers
v0x555568ff9930_0 .net/s *"_ivl_50", 8 0, L_0x555569008410;  1 drivers
v0x555568ff9a10_0 .net/s *"_ivl_500", 8 0, L_0x555569018820;  1 drivers
v0x555568ff9af0_0 .net/s *"_ivl_506", 8 0, L_0x5555690050a0;  1 drivers
v0x555568ff9bd0_0 .net/s *"_ivl_509", 8 0, L_0x555569018a20;  1 drivers
v0x555568ff9cb0_0 .net/s *"_ivl_515", 8 0, L_0x555569018c90;  1 drivers
v0x555568ff9d90_0 .net/s *"_ivl_518", 8 0, L_0x555569018d30;  1 drivers
v0x555568ff9e70_0 .net/s *"_ivl_524", 8 0, L_0x555569019000;  1 drivers
v0x555568ff9f50_0 .net/s *"_ivl_527", 8 0, L_0x5555690190a0;  1 drivers
v0x555568ffa030_0 .net/s *"_ivl_533", 8 0, L_0x555569019310;  1 drivers
v0x555568ffa110_0 .net/s *"_ivl_536", 8 0, L_0x5555690193b0;  1 drivers
v0x555568ffa1f0_0 .net/s *"_ivl_542", 8 0, L_0x555569019b70;  1 drivers
v0x555568ffa2d0_0 .net/s *"_ivl_545", 8 0, L_0x555569019c10;  1 drivers
v0x555568ffa3b0_0 .net/s *"_ivl_551", 8 0, L_0x555569019730;  1 drivers
v0x555568ffa490_0 .net/s *"_ivl_554", 8 0, L_0x5555690197d0;  1 drivers
v0x555568ffa570_0 .net/s *"_ivl_56", 8 0, L_0x555569008720;  1 drivers
v0x555568ffa650_0 .net/s *"_ivl_560", 8 0, L_0x555569019a40;  1 drivers
v0x555568ffa730_0 .net/s *"_ivl_563", 8 0, L_0x55556901a290;  1 drivers
v0x555568ffa810_0 .net/s *"_ivl_569", 8 0, L_0x555569019d00;  1 drivers
v0x555568ffa8f0_0 .net/s *"_ivl_572", 8 0, L_0x555569019dd0;  1 drivers
v0x555568ffa9d0_0 .net/s *"_ivl_578", 8 0, L_0x55556901a040;  1 drivers
v0x555568ffaab0_0 .net/s *"_ivl_581", 8 0, L_0x55556901a0e0;  1 drivers
v0x555568ffab90_0 .net/s *"_ivl_587", 8 0, L_0x55556901a9f0;  1 drivers
v0x555568ffac70_0 .net/s *"_ivl_59", 8 0, L_0x5555690087c0;  1 drivers
v0x555568ffad50_0 .net/s *"_ivl_590", 8 0, L_0x555569006350;  1 drivers
v0x555568ffae30_0 .net/s *"_ivl_596", 8 0, L_0x55556901a4a0;  1 drivers
v0x555568ffaf10_0 .net/s *"_ivl_599", 8 0, L_0x55556901a570;  1 drivers
v0x555568ffaff0_0 .net/s *"_ivl_605", 8 0, L_0x55556901a7e0;  1 drivers
v0x555568ffb0d0_0 .net/s *"_ivl_608", 8 0, L_0x55556901a880;  1 drivers
v0x555568ffb1b0_0 .net/s *"_ivl_614", 8 0, L_0x55556901aa90;  1 drivers
v0x555568ffbaa0_0 .net/s *"_ivl_617", 8 0, L_0x55556901ab30;  1 drivers
v0x555568ffbb80_0 .net/s *"_ivl_623", 8 0, L_0x55556901ada0;  1 drivers
v0x555568ffbc60_0 .net/s *"_ivl_626", 8 0, L_0x55556901ae40;  1 drivers
v0x555568ffbd40_0 .net/s *"_ivl_632", 8 0, L_0x55556901b8d0;  1 drivers
v0x555568ffbe20_0 .net/s *"_ivl_635", 8 0, L_0x55556901b970;  1 drivers
v0x555568ffbf00_0 .net/s *"_ivl_641", 8 0, L_0x55556901b230;  1 drivers
v0x555568ffbfe0_0 .net/s *"_ivl_644", 8 0, L_0x55556901b2d0;  1 drivers
v0x555568ffc0c0_0 .net/s *"_ivl_65", 8 0, L_0x555569008a40;  1 drivers
v0x555568ffc1a0_0 .net/s *"_ivl_650", 8 0, L_0x55556901b540;  1 drivers
v0x555568ffc280_0 .net/s *"_ivl_653", 8 0, L_0x55556901b5e0;  1 drivers
v0x555568ffc360_0 .net/s *"_ivl_659", 8 0, L_0x55556901c0f0;  1 drivers
v0x555568ffc440_0 .net/s *"_ivl_662", 8 0, L_0x55556901ba10;  1 drivers
v0x555568ffc520_0 .net/s *"_ivl_668", 8 0, L_0x55556901bc80;  1 drivers
v0x555568ffc600_0 .net/s *"_ivl_671", 8 0, L_0x55556901bd20;  1 drivers
v0x555568ffc6e0_0 .net/s *"_ivl_677", 8 0, L_0x55556901bf90;  1 drivers
v0x555568ffc7c0_0 .net/s *"_ivl_68", 8 0, L_0x555569008ba0;  1 drivers
v0x555568ffc8a0_0 .net/s *"_ivl_680", 8 0, L_0x55556901c030;  1 drivers
v0x555568ffc980_0 .net/s *"_ivl_686", 8 0, L_0x555569004e20;  1 drivers
v0x555568ffca60_0 .net/s *"_ivl_689", 8 0, L_0x55556901c190;  1 drivers
v0x555568ffcb40_0 .net/s *"_ivl_695", 8 0, L_0x55556901c400;  1 drivers
v0x555568ffcc20_0 .net/s *"_ivl_698", 8 0, L_0x55556901c4a0;  1 drivers
v0x555568ffcd00_0 .net/s *"_ivl_704", 8 0, L_0x55556901c710;  1 drivers
v0x555568ffcde0_0 .net/s *"_ivl_707", 8 0, L_0x55556901c7b0;  1 drivers
v0x555568ffcec0_0 .net/s *"_ivl_713", 8 0, L_0x55556901d1b0;  1 drivers
v0x555568ffcfa0_0 .net/s *"_ivl_716", 8 0, L_0x55556901c950;  1 drivers
v0x555568ffd080_0 .net *"_ivl_723", 0 0, L_0x55556901cbc0;  1 drivers
v0x555568ffd160_0 .net/s *"_ivl_728", 17 0, L_0x55556901cdd0;  1 drivers
L_0x798188a9f018 .functor BUFT 1, C4<000000000000000000>, C4<0>, C4<0>, C4<0>;
v0x555568ffd240_0 .net *"_ivl_730", 17 0, L_0x798188a9f018;  1 drivers
v0x555568ffd320_0 .net *"_ivl_733", 17 0, L_0x555569004d00;  1 drivers
v0x555568ffd400_0 .net/s *"_ivl_735", 17 0, L_0x55556901cec0;  1 drivers
v0x555568ffd4e0_0 .net/s *"_ivl_737", 17 0, L_0x55556901cfb0;  1 drivers
v0x555568ffd5c0_0 .net/s *"_ivl_74", 8 0, L_0x555569008ee0;  1 drivers
v0x555568ffd6a0_0 .net/s *"_ivl_740", 17 0, L_0x55556901d2a0;  1 drivers
v0x555568ffd780_0 .net/s *"_ivl_742", 17 0, L_0x55556901d390;  1 drivers
v0x555568ffd860_0 .net/s *"_ivl_745", 17 0, L_0x55556901d4d0;  1 drivers
v0x555568ffd940_0 .net *"_ivl_747", 17 0, L_0x55556901d6b0;  1 drivers
v0x555568ffda20_0 .net *"_ivl_749", 16 0, L_0x55556901d5c0;  1 drivers
L_0x798188a9f060 .functor BUFT 1, C4<0>, C4<0>, C4<0>, C4<0>;
v0x555568ffdb00_0 .net *"_ivl_751", 0 0, L_0x798188a9f060;  1 drivers
v0x555568ffdbe0_0 .net/s *"_ivl_753", 17 0, L_0x55556901d7f0;  1 drivers
v0x555568ffdcc0_0 .net/s *"_ivl_756", 17 0, L_0x55556901d930;  1 drivers
v0x555568ffdda0_0 .net *"_ivl_758", 17 0, L_0x55556902da00;  1 drivers
v0x555568ffde80_0 .net *"_ivl_760", 16 0, L_0x55556902e240;  1 drivers
L_0x798188a9f0a8 .functor BUFT 1, C4<0>, C4<0>, C4<0>, C4<0>;
v0x555568ffdf60_0 .net *"_ivl_762", 0 0, L_0x798188a9f0a8;  1 drivers
v0x555568ffe040_0 .net/s *"_ivl_764", 17 0, L_0x55556902db40;  1 drivers
v0x555568ffe120_0 .net/s *"_ivl_767", 17 0, L_0x55556902dc80;  1 drivers
v0x555568ffe200_0 .net *"_ivl_769", 17 0, L_0x55556902de60;  1 drivers
v0x555568ffe2e0_0 .net/s *"_ivl_77", 8 0, L_0x555569008f80;  1 drivers
v0x555568ffe3c0_0 .net *"_ivl_771", 16 0, L_0x55556902dd70;  1 drivers
L_0x798188a9f0f0 .functor BUFT 1, C4<0>, C4<0>, C4<0>, C4<0>;
v0x555568ffe4a0_0 .net *"_ivl_773", 0 0, L_0x798188a9f0f0;  1 drivers
v0x555568ffe580_0 .net/s *"_ivl_775", 17 0, L_0x55556902dfa0;  1 drivers
v0x555568ffe660_0 .net/s *"_ivl_778", 17 0, L_0x55556902e0e0;  1 drivers
v0x555568ffe740_0 .net *"_ivl_780", 17 0, L_0x55556902e330;  1 drivers
v0x555568ffe820_0 .net *"_ivl_782", 16 0, L_0x55556902eb60;  1 drivers
L_0x798188a9f138 .functor BUFT 1, C4<0>, C4<0>, C4<0>, C4<0>;
v0x555568ffe900_0 .net *"_ivl_784", 0 0, L_0x798188a9f138;  1 drivers
v0x555568ffe9e0_0 .net/s *"_ivl_786", 17 0, L_0x55556902e470;  1 drivers
v0x555568ffeac0_0 .net/s *"_ivl_789", 17 0, L_0x55556902e5b0;  1 drivers
v0x555568ffeba0_0 .net *"_ivl_791", 17 0, L_0x55556902e790;  1 drivers
v0x555568ffec80_0 .net *"_ivl_793", 16 0, L_0x55556902e6a0;  1 drivers
L_0x798188a9f180 .functor BUFT 1, C4<0>, C4<0>, C4<0>, C4<0>;
v0x555568ffed60_0 .net *"_ivl_795", 0 0, L_0x798188a9f180;  1 drivers
v0x555568ffee40_0 .net/s *"_ivl_797", 17 0, L_0x55556902e8d0;  1 drivers
v0x555568ffef20_0 .net/s *"_ivl_800", 17 0, L_0x55556902ea10;  1 drivers
v0x555568fff000_0 .net *"_ivl_802", 17 0, L_0x55556902ec50;  1 drivers
v0x555568fff0e0_0 .net *"_ivl_804", 16 0, L_0x55556902f4c0;  1 drivers
L_0x798188a9f1c8 .functor BUFT 1, C4<0>, C4<0>, C4<0>, C4<0>;
v0x555568fff1c0_0 .net *"_ivl_806", 0 0, L_0x798188a9f1c8;  1 drivers
v0x555568fff2a0_0 .net/s *"_ivl_808", 17 0, L_0x55556902ed90;  1 drivers
v0x555568fff380_0 .net/s *"_ivl_811", 17 0, L_0x55556902eed0;  1 drivers
v0x555568fff460_0 .net *"_ivl_813", 17 0, L_0x55556902f0b0;  1 drivers
v0x555568fff540_0 .net *"_ivl_815", 14 0, L_0x55556902efc0;  1 drivers
L_0x798188a9f210 .functor BUFT 1, C4<000>, C4<0>, C4<0>, C4<0>;
v0x555568fff620_0 .net *"_ivl_817", 2 0, L_0x798188a9f210;  1 drivers
v0x555568fff700_0 .net/s *"_ivl_819", 17 0, L_0x55556902f1f0;  1 drivers
v0x555568fff7e0_0 .net/s *"_ivl_822", 17 0, L_0x55556902f330;  1 drivers
v0x555568fff8c0_0 .net *"_ivl_824", 17 0, L_0x55556902f560;  1 drivers
v0x555568fff9a0_0 .net *"_ivl_826", 13 0, L_0x55556902f420;  1 drivers
L_0x798188a9f258 .functor BUFT 1, C4<0000>, C4<0>, C4<0>, C4<0>;
v0x555568fffa80_0 .net *"_ivl_828", 3 0, L_0x798188a9f258;  1 drivers
v0x555568fffb60_0 .net/s *"_ivl_83", 8 0, L_0x5555690092d0;  1 drivers
v0x555568fffc40_0 .net/s *"_ivl_830", 17 0, L_0x55556902f650;  1 drivers
v0x555568fffd20_0 .net/s *"_ivl_833", 17 0, L_0x55556902f790;  1 drivers
v0x555568fffe00_0 .net *"_ivl_835", 17 0, L_0x55556902f970;  1 drivers
v0x555568fffee0_0 .net *"_ivl_837", 13 0, L_0x55556902f880;  1 drivers
L_0x798188a9f2a0 .functor BUFT 1, C4<0000>, C4<0>, C4<0>, C4<0>;
v0x555568ffffc0_0 .net *"_ivl_839", 3 0, L_0x798188a9f2a0;  1 drivers
v0x5555690000a0_0 .net/s *"_ivl_848", 14 0, L_0x555569030760;  1 drivers
L_0x798188a9f2e8 .functor BUFT 1, C4<000000000000101>, C4<0>, C4<0>, C4<0>;
v0x555569000180_0 .net/2s *"_ivl_850", 14 0, L_0x798188a9f2e8;  1 drivers
v0x555569000260_0 .net/s *"_ivl_857", 14 0, L_0x55556902ff50;  1 drivers
L_0x798188a9f330 .functor BUFT 1, C4<000000000000110>, C4<0>, C4<0>, C4<0>;
v0x555569000340_0 .net/2s *"_ivl_859", 14 0, L_0x798188a9f330;  1 drivers
v0x555569000420_0 .net/s *"_ivl_86", 8 0, L_0x555569009460;  1 drivers
v0x555569000500_0 .net/s *"_ivl_866", 15 0, L_0x555569030270;  1 drivers
L_0x798188a9f378 .functor BUFT 1, C4<0000000000001001>, C4<0>, C4<0>, C4<0>;
v0x5555690005e0_0 .net/2s *"_ivl_868", 15 0, L_0x798188a9f378;  1 drivers
v0x5555690006c0_0 .net/s *"_ivl_873", 11 0, L_0x5555690304a0;  1 drivers
v0x5555690007a0_0 .net/s *"_ivl_876", 11 0, L_0x555569030590;  1 drivers
v0x555569000880_0 .net/s *"_ivl_880", 16 0, L_0x555569031380;  1 drivers
L_0x798188a9f3c0 .functor BUFT 1, C4<00000000000001011>, C4<0>, C4<0>, C4<0>;
v0x555569000960_0 .net/2s *"_ivl_882", 16 0, L_0x798188a9f3c0;  1 drivers
v0x555569000a40_0 .net/s *"_ivl_889", 15 0, L_0x555569030bc0;  1 drivers
L_0x798188a9f408 .functor BUFT 1, C4<0000000000001101>, C4<0>, C4<0>, C4<0>;
v0x555569000b20_0 .net/2s *"_ivl_891", 15 0, L_0x798188a9f408;  1 drivers
v0x555569000c00_0 .net/s *"_ivl_898", 15 0, L_0x555569030ee0;  1 drivers
L_0x798188a9f450 .functor BUFT 1, C4<0000000000001110>, C4<0>, C4<0>, C4<0>;
v0x555569000ce0_0 .net/2s *"_ivl_900", 15 0, L_0x798188a9f450;  1 drivers
v0x555569000dc0_0 .net/s *"_ivl_907", 15 0, L_0x555569031200;  1 drivers
L_0x798188a9f498 .functor BUFT 1, C4<0000000000001111>, C4<0>, C4<0>, C4<0>;
v0x555569000ea0_0 .net/2s *"_ivl_909", 15 0, L_0x798188a9f498;  1 drivers
v0x555569000f80_0 .net/s *"_ivl_916", 16 0, L_0x555569031560;  1 drivers
L_0x798188a9f4e0 .functor BUFT 1, C4<00000000000010001>, C4<0>, C4<0>, C4<0>;
v0x555569001060_0 .net/2s *"_ivl_918", 16 0, L_0x798188a9f4e0;  1 drivers
v0x555569001140_0 .net/s *"_ivl_92", 8 0, L_0x5555690097d0;  1 drivers
v0x555569001220_0 .net/s *"_ivl_922", 19 0, L_0x555569031790;  1 drivers
v0x555569001300_0 .net/s *"_ivl_924", 19 0, L_0x555569031880;  1 drivers
v0x5555690013e0_0 .net/s *"_ivl_926", 19 0, L_0x5555690319c0;  1 drivers
v0x5555690014c0_0 .net/s *"_ivl_928", 19 0, L_0x555569031ab0;  1 drivers
v0x5555690015a0_0 .net/s *"_ivl_930", 19 0, L_0x555569031bf0;  1 drivers
v0x555569001680_0 .net/s *"_ivl_932", 19 0, L_0x555569031ce0;  1 drivers
v0x555569001760_0 .net/s *"_ivl_934", 19 0, L_0x5555690329e0;  1 drivers
v0x555569001840_0 .net/s *"_ivl_936", 19 0, L_0x555569031fa0;  1 drivers
v0x555569001920_0 .net/s *"_ivl_938", 19 0, L_0x5555690320e0;  1 drivers
v0x555569001a00_0 .net/s *"_ivl_940", 19 0, L_0x5555690321d0;  1 drivers
v0x555569001ae0_0 .net/s *"_ivl_942", 19 0, L_0x555569032310;  1 drivers
v0x555569001bc0_0 .net/s *"_ivl_944", 19 0, L_0x555569032400;  1 drivers
v0x555569001ca0_0 .net/s *"_ivl_946", 19 0, L_0x555569032540;  1 drivers
v0x555569001d80_0 .net/s *"_ivl_948", 19 0, L_0x555569032630;  1 drivers
v0x555569001e60_0 .net/s *"_ivl_95", 8 0, L_0x555569009870;  1 drivers
v0x555569001f40_0 .net/s *"_ivl_950", 19 0, L_0x555569032770;  1 drivers
v0x555569002020_0 .net/s *"_ivl_952", 19 0, L_0x555569032860;  1 drivers
v0x555569002100_0 .net "clk", 0 0, v0x555569006970_0;  1 drivers
v0x5555690021c0_0 .net/s "final_sum", 16 0, L_0x555569033560;  1 drivers
v0x5555690022a0_0 .net/s "g0_mult", 19 0, L_0x55556902fbf0;  1 drivers
v0x555569002380_0 .net/s "g0_pre_sum", 17 0, L_0x55556902fab0;  1 drivers
v0x555569002460_0 .net/s "g1_mult", 14 0, L_0x555569030850;  1 drivers
v0x555569002560_0 .net/s "g1_pre_sum", 10 0, L_0x55556902fce0;  1 drivers
v0x555569002640_0 .net/s "g2_mult", 14 0, L_0x555569030040;  1 drivers
v0x555569002740_0 .net/s "g2_pre_sum", 10 0, L_0x55556902fe60;  1 drivers
v0x555569002820_0 .net/s "g3_mult", 15 0, L_0x555569030360;  1 drivers
v0x555569002920_0 .net/s "g3_pre_sum", 10 0, L_0x555569030180;  1 drivers
v0x555569002a00_0 .net/s "g4_mult", 16 0, L_0x555569030990;  1 drivers
v0x555568ffb2b0_0 .net/s "g4_pre_sum", 11 0, L_0x555569030680;  1 drivers
v0x555568ffb390_0 .net/s "g5_mult", 15 0, L_0x555569030cb0;  1 drivers
v0x555568ffb490_0 .net/s "g5_pre_sum", 10 0, L_0x555569030ad0;  1 drivers
v0x555568ffb570_0 .net/s "g6_mult", 15 0, L_0x555569030fd0;  1 drivers
v0x555568ffb670_0 .net/s "g6_pre_sum", 10 0, L_0x555569030df0;  1 drivers
v0x555568ffb750_0 .net/s "g7_mult", 15 0, L_0x555569031e60;  1 drivers
v0x555568ffb850_0 .net/s "g7_pre_sum", 10 0, L_0x555569031110;  1 drivers
v0x555568ffb930_0 .net/s "g8_mult", 16 0, L_0x555569031650;  1 drivers
v0x555569003ab0_0 .net/s "g8_pre_sum", 10 0, L_0x555569031470;  1 drivers
v0x555569003b70_0 .net "in_valid", 0 0, v0x555569006b90_0;  1 drivers
v0x555569003c30_0 .var "out_valid", 0 0;
v0x555569003cf0_0 .net "rst_n", 0 0, v0x555569006dc0_0;  1 drivers
v0x555569003db0 .array/s "shift_reg", 160 0, 7 0;
v0x5555690057a0_0 .net/s "x_in", 7 0, v0x5555690070d0_0;  1 drivers
v0x555569005880 .array "x_symm", 80 0;
v0x555569005880_0 .net/s v0x555569005880 0, 8 0, L_0x555569007490; 1 drivers
v0x555569005880_1 .net/s v0x555569005880 1, 8 0, L_0x555569007730; 1 drivers
v0x555569005880_2 .net/s v0x555569005880 2, 8 0, L_0x555569007a50; 1 drivers
v0x555569005880_3 .net/s v0x555569005880 3, 8 0, L_0x555569007dc0; 1 drivers
v0x555569005880_4 .net/s v0x555569005880 4, 8 0, L_0x555569008170; 1 drivers
v0x555569005880_5 .net/s v0x555569005880 5, 8 0, L_0x555569008510; 1 drivers
v0x555569005880_6 .net/s v0x555569005880 6, 8 0, L_0x555569008680; 1 drivers
v0x555569005880_7 .net/s v0x555569005880 7, 8 0, L_0x555569008ca0; 1 drivers
v0x555569005880_8 .net/s v0x555569005880 8, 8 0, L_0x555569009160; 1 drivers
v0x555569005880_9 .net/s v0x555569005880 9, 8 0, L_0x555569009560; 1 drivers
v0x555569005880_10 .net/s v0x555569005880 10, 8 0, L_0x555569009a80; 1 drivers
v0x555569005880_11 .net/s v0x555569005880 11, 8 0, L_0x555569009eb0; 1 drivers
v0x555569005880_12 .net/s v0x555569005880 12, 8 0, L_0x55556900a020; 1 drivers
v0x555569005880_13 .net/s v0x555569005880 13, 8 0, L_0x55556900a770; 1 drivers
v0x555569005880_14 .net/s v0x555569005880 14, 8 0, L_0x55556900ad50; 1 drivers
v0x555569005880_15 .net/s v0x555569005880 15, 8 0, L_0x55556900b1e0; 1 drivers
v0x555569005880_16 .net/s v0x555569005880 16, 8 0, L_0x55556900b820; 1 drivers
v0x555569005880_17 .net/s v0x555569005880 17, 8 0, L_0x55556900bce0; 1 drivers
v0x555569005880_18 .net/s v0x555569005880 18, 8 0, L_0x55556900c380; 1 drivers
v0x555569005880_19 .net/s v0x555569005880 19, 8 0, L_0x55556900c870; 1 drivers
v0x555569005880_20 .net/s v0x555569005880 20, 8 0, L_0x55556900cf70; 1 drivers
v0x555569005880_21 .net/s v0x555569005880 21, 8 0, L_0x55556900d490; 1 drivers
v0x555569005880_22 .net/s v0x555569005880 22, 8 0, L_0x55556900dbf0; 1 drivers
v0x555569005880_23 .net/s v0x555569005880 23, 8 0, L_0x55556900e110; 1 drivers
v0x555569005880_24 .net/s v0x555569005880 24, 8 0, L_0x55556900e8d0; 1 drivers
v0x555569005880_25 .net/s v0x555569005880 25, 8 0, L_0x55556900ee50; 1 drivers
v0x555569005880_26 .net/s v0x555569005880 26, 8 0, L_0x55556900f670; 1 drivers
v0x555569005880_27 .net/s v0x555569005880 27, 8 0, L_0x55556900fc20; 1 drivers
v0x555569005880_28 .net/s v0x555569005880 28, 8 0, L_0x5555690104a0; 1 drivers
v0x555569005880_29 .net/s v0x555569005880 29, 8 0, L_0x555569010a80; 1 drivers
v0x555569005880_30 .net/s v0x555569005880 30, 8 0, L_0x555569011360; 1 drivers
v0x555569005880_31 .net/s v0x555569005880 31, 8 0, L_0x555569011970; 1 drivers
v0x555569005880_32 .net/s v0x555569005880 32, 8 0, L_0x5555690122b0; 1 drivers
v0x555569005880_33 .net/s v0x555569005880 33, 8 0, L_0x5555690128f0; 1 drivers
v0x555569005880_34 .net/s v0x555569005880 34, 8 0, L_0x555569013290; 1 drivers
v0x555569005880_35 .net/s v0x555569005880 35, 8 0, L_0x555569013900; 1 drivers
v0x555569005880_36 .net/s v0x555569005880 36, 8 0, L_0x555569014300; 1 drivers
v0x555569005880_37 .net/s v0x555569005880 37, 8 0, L_0x5555690149a0; 1 drivers
v0x555569005880_38 .net/s v0x555569005880 38, 8 0, L_0x555569015400; 1 drivers
v0x555569005880_39 .net/s v0x555569005880 39, 8 0, L_0x555569015ad0; 1 drivers
v0x555569005880_40 .net/s v0x555569005880 40, 8 0, L_0x555569005bf0; 1 drivers
v0x555569005880_41 .net/s v0x555569005880 41, 8 0, L_0x555569005eb0; 1 drivers
v0x555569005880_42 .net/s v0x555569005880 42, 8 0, L_0x5555690164f0; 1 drivers
v0x555569005880_43 .net/s v0x555569005880 43, 8 0, L_0x555569016b40; 1 drivers
v0x555569005880_44 .net/s v0x555569005880 44, 8 0, L_0x555569016850; 1 drivers
v0x555569005880_45 .net/s v0x555569005880 45, 8 0, L_0x5555690171d0; 1 drivers
v0x555569005880_46 .net/s v0x555569005880 46, 8 0, L_0x555569016e80; 1 drivers
v0x555569005880_47 .net/s v0x555569005880 47, 8 0, L_0x555569017860; 1 drivers
v0x555569005880_48 .net/s v0x555569005880 48, 8 0, L_0x5555690174b0; 1 drivers
v0x555569005880_49 .net/s v0x555569005880 49, 8 0, L_0x555569017db0; 1 drivers
v0x555569005880_50 .net/s v0x555569005880 50, 8 0, L_0x555569017aa0; 1 drivers
v0x555569005880_51 .net/s v0x555569005880 51, 8 0, L_0x5555690183d0; 1 drivers
v0x555569005880_52 .net/s v0x555569005880 52, 8 0, L_0x555569018060; 1 drivers
v0x555569005880_53 .net/s v0x555569005880 53, 8 0, L_0x555569018980; 1 drivers
v0x555569005880_54 .net/s v0x555569005880 54, 8 0, L_0x555569018610; 1 drivers
v0x555569005880_55 .net/s v0x555569005880 55, 8 0, L_0x555569018f60; 1 drivers
v0x555569005880_56 .net/s v0x555569005880 56, 8 0, L_0x555569018b20; 1 drivers
v0x555569005880_57 .net/s v0x555569005880 57, 8 0, L_0x555569018e30; 1 drivers
v0x555569005880_58 .net/s v0x555569005880 58, 8 0, L_0x5555690191a0; 1 drivers
v0x555569005880_59 .net/s v0x555569005880 59, 8 0, L_0x5555690194b0; 1 drivers
v0x555569005880_60 .net/s v0x555569005880 60, 8 0, L_0x5555690195c0; 1 drivers
v0x555569005880_61 .net/s v0x555569005880 61, 8 0, L_0x5555690198d0; 1 drivers
v0x555569005880_62 .net/s v0x555569005880 62, 8 0, L_0x555569004ac0; 1 drivers
v0x555569005880_63 .net/s v0x555569005880 63, 8 0, L_0x555569019ed0; 1 drivers
v0x555569005880_64 .net/s v0x555569005880 64, 8 0, L_0x55556901a1e0; 1 drivers
v0x555569005880_65 .net/s v0x555569005880 65, 8 0, L_0x55556901a330; 1 drivers
v0x555569005880_66 .net/s v0x555569005880 66, 8 0, L_0x55556901a670; 1 drivers
v0x555569005880_67 .net/s v0x555569005880 67, 8 0, L_0x55556901b0f0; 1 drivers
v0x555569005880_68 .net/s v0x555569005880 68, 8 0, L_0x55556901ac30; 1 drivers
v0x555569005880_69 .net/s v0x555569005880 69, 8 0, L_0x55556901af40; 1 drivers
v0x555569005880_70 .net/s v0x555569005880 70, 8 0, L_0x5555690063f0; 1 drivers
v0x555569005880_71 .net/s v0x555569005880 71, 8 0, L_0x55556901b3d0; 1 drivers
v0x555569005880_72 .net/s v0x555569005880 72, 8 0, L_0x55556901b6e0; 1 drivers
v0x555569005880_73 .net/s v0x555569005880 73, 8 0, L_0x55556901bb10; 1 drivers
v0x555569005880_74 .net/s v0x555569005880 74, 8 0, L_0x55556901be20; 1 drivers
v0x555569005880_75 .net/s v0x555569005880 75, 8 0, L_0x55556901c8b0; 1 drivers
v0x555569005880_76 .net/s v0x555569005880 76, 8 0, L_0x55556901c290; 1 drivers
v0x555569005880_77 .net/s v0x555569005880 77, 8 0, L_0x55556901c5a0; 1 drivers
v0x555569005880_78 .net/s v0x555569005880 78, 8 0, L_0x55556901d0c0; 1 drivers
v0x555569005880_79 .net/s v0x555569005880 79, 8 0, L_0x55556901ca50; 1 drivers
v0x555569005880_80 .net/s v0x555569005880 80, 8 0, L_0x55556901cc60; 1 drivers
v0x5555690065f0_0 .var/s "y_out", 8 0;
E_0x555568f04030 .event anyedge, v0x5555690021c0_0;
E_0x555568f176b0 .event posedge, v0x555569002100_0;
v0x555569003db0_0 .array/port v0x555569003db0, 0;
L_0x555569007290 .extend/s 9, v0x555569003db0_0;
v0x555569003db0_160 .array/port v0x555569003db0, 160;
L_0x555569007390 .extend/s 9, v0x555569003db0_160;
L_0x555569007490 .arith/sum 9, L_0x555569007290, L_0x555569007390;
v0x555569003db0_1 .array/port v0x555569003db0, 1;
L_0x555569007560 .extend/s 9, v0x555569003db0_1;
v0x555569003db0_159 .array/port v0x555569003db0, 159;
L_0x555569007630 .extend/s 9, v0x555569003db0_159;
L_0x555569007730 .arith/sum 9, L_0x555569007560, L_0x555569007630;
v0x555569003db0_2 .array/port v0x555569003db0, 2;
L_0x555569007890 .extend/s 9, v0x555569003db0_2;
v0x555569003db0_158 .array/port v0x555569003db0, 158;
L_0x555569007930 .extend/s 9, v0x555569003db0_158;
L_0x555569007a50 .arith/sum 9, L_0x555569007890, L_0x555569007930;
v0x555569003db0_3 .array/port v0x555569003db0, 3;
L_0x555569007bc0 .extend/s 9, v0x555569003db0_3;
v0x555569003db0_157 .array/port v0x555569003db0, 157;
L_0x555569007cc0 .extend/s 9, v0x555569003db0_157;
L_0x555569007dc0 .arith/sum 9, L_0x555569007bc0, L_0x555569007cc0;
v0x555569003db0_4 .array/port v0x555569003db0, 4;
L_0x555569007f50 .extend/s 9, v0x555569003db0_4;
v0x555569003db0_156 .array/port v0x555569003db0, 156;
L_0x555569007ff0 .extend/s 9, v0x555569003db0_156;
L_0x555569008170 .arith/sum 9, L_0x555569007f50, L_0x555569007ff0;
v0x555569003db0_5 .array/port v0x555569003db0, 5;
L_0x5555690082e0 .extend/s 9, v0x555569003db0_5;
v0x555569003db0_155 .array/port v0x555569003db0, 155;
L_0x555569008410 .extend/s 9, v0x555569003db0_155;
L_0x555569008510 .arith/sum 9, L_0x5555690082e0, L_0x555569008410;
v0x555569003db0_6 .array/port v0x555569003db0, 6;
L_0x555569008720 .extend/s 9, v0x555569003db0_6;
v0x555569003db0_154 .array/port v0x555569003db0, 154;
L_0x5555690087c0 .extend/s 9, v0x555569003db0_154;
L_0x555569008680 .arith/sum 9, L_0x555569008720, L_0x5555690087c0;
v0x555569003db0_7 .array/port v0x555569003db0, 7;
L_0x555569008a40 .extend/s 9, v0x555569003db0_7;
v0x555569003db0_153 .array/port v0x555569003db0, 153;
L_0x555569008ba0 .extend/s 9, v0x555569003db0_153;
L_0x555569008ca0 .arith/sum 9, L_0x555569008a40, L_0x555569008ba0;
v0x555569003db0_8 .array/port v0x555569003db0, 8;
L_0x555569008ee0 .extend/s 9, v0x555569003db0_8;
v0x555569003db0_152 .array/port v0x555569003db0, 152;
L_0x555569008f80 .extend/s 9, v0x555569003db0_152;
L_0x555569009160 .arith/sum 9, L_0x555569008ee0, L_0x555569008f80;
v0x555569003db0_9 .array/port v0x555569003db0, 9;
L_0x5555690092d0 .extend/s 9, v0x555569003db0_9;
v0x555569003db0_151 .array/port v0x555569003db0, 151;
L_0x555569009460 .extend/s 9, v0x555569003db0_151;
L_0x555569009560 .arith/sum 9, L_0x5555690092d0, L_0x555569009460;
v0x555569003db0_10 .array/port v0x555569003db0, 10;
L_0x5555690097d0 .extend/s 9, v0x555569003db0_10;
v0x555569003db0_150 .array/port v0x555569003db0, 150;
L_0x555569009870 .extend/s 9, v0x555569003db0_150;
L_0x555569009a80 .arith/sum 9, L_0x5555690097d0, L_0x555569009870;
v0x555569003db0_11 .array/port v0x555569003db0, 11;
L_0x555569009bf0 .extend/s 9, v0x555569003db0_11;
v0x555569003db0_149 .array/port v0x555569003db0, 149;
L_0x555569009db0 .extend/s 9, v0x555569003db0_149;
L_0x555569009eb0 .arith/sum 9, L_0x555569009bf0, L_0x555569009db0;
v0x555569003db0_12 .array/port v0x555569003db0, 12;
L_0x55556900a150 .extend/s 9, v0x555569003db0_12;
v0x555569003db0_148 .array/port v0x555569003db0, 148;
L_0x55556900a1f0 .extend/s 9, v0x555569003db0_148;
L_0x55556900a020 .arith/sum 9, L_0x55556900a150, L_0x55556900a1f0;
v0x555569003db0_13 .array/port v0x555569003db0, 13;
L_0x55556900a480 .extend/s 9, v0x555569003db0_13;
v0x555569003db0_147 .array/port v0x555569003db0, 147;
L_0x55556900a670 .extend/s 9, v0x555569003db0_147;
L_0x55556900a770 .arith/sum 9, L_0x55556900a480, L_0x55556900a670;
v0x555569003db0_14 .array/port v0x555569003db0, 14;
L_0x55556900aa40 .extend/s 9, v0x555569003db0_14;
v0x555569003db0_146 .array/port v0x555569003db0, 146;
L_0x55556900aae0 .extend/s 9, v0x555569003db0_146;
L_0x55556900ad50 .arith/sum 9, L_0x55556900aa40, L_0x55556900aae0;
v0x555569003db0_15 .array/port v0x555569003db0, 15;
L_0x55556900aec0 .extend/s 9, v0x555569003db0_15;
v0x555569003db0_145 .array/port v0x555569003db0, 145;
L_0x55556900b0e0 .extend/s 9, v0x555569003db0_145;
L_0x55556900b1e0 .arith/sum 9, L_0x55556900aec0, L_0x55556900b0e0;
v0x555569003db0_16 .array/port v0x555569003db0, 16;
L_0x55556900b4e0 .extend/s 9, v0x555569003db0_16;
v0x555569003db0_144 .array/port v0x555569003db0, 144;
L_0x55556900b580 .extend/s 9, v0x555569003db0_144;
L_0x55556900b820 .arith/sum 9, L_0x55556900b4e0, L_0x55556900b580;
v0x555569003db0_17 .array/port v0x555569003db0, 17;
L_0x55556900b990 .extend/s 9, v0x555569003db0_17;
v0x555569003db0_143 .array/port v0x555569003db0, 143;
L_0x55556900bbe0 .extend/s 9, v0x555569003db0_143;
L_0x55556900bce0 .arith/sum 9, L_0x55556900b990, L_0x55556900bbe0;
v0x555569003db0_18 .array/port v0x555569003db0, 18;
L_0x55556900c010 .extend/s 9, v0x555569003db0_18;
v0x555569003db0_142 .array/port v0x555569003db0, 142;
L_0x55556900c0b0 .extend/s 9, v0x555569003db0_142;
L_0x55556900c380 .arith/sum 9, L_0x55556900c010, L_0x55556900c0b0;
v0x555569003db0_19 .array/port v0x555569003db0, 19;
L_0x55556900c4f0 .extend/s 9, v0x555569003db0_19;
v0x555569003db0_141 .array/port v0x555569003db0, 141;
L_0x55556900c770 .extend/s 9, v0x555569003db0_141;
L_0x55556900c870 .arith/sum 9, L_0x55556900c4f0, L_0x55556900c770;
v0x555569003db0_20 .array/port v0x555569003db0, 20;
L_0x55556900cbd0 .extend/s 9, v0x555569003db0_20;
v0x555569003db0_140 .array/port v0x555569003db0, 140;
L_0x55556900cc70 .extend/s 9, v0x555569003db0_140;
L_0x55556900cf70 .arith/sum 9, L_0x55556900cbd0, L_0x55556900cc70;
v0x555569003db0_21 .array/port v0x555569003db0, 21;
L_0x55556900d0e0 .extend/s 9, v0x555569003db0_21;
v0x555569003db0_139 .array/port v0x555569003db0, 139;
L_0x55556900d390 .extend/s 9, v0x555569003db0_139;
L_0x55556900d490 .arith/sum 9, L_0x55556900d0e0, L_0x55556900d390;
v0x555569003db0_22 .array/port v0x555569003db0, 22;
L_0x55556900d820 .extend/s 9, v0x555569003db0_22;
v0x555569003db0_138 .array/port v0x555569003db0, 138;
L_0x55556900d8c0 .extend/s 9, v0x555569003db0_138;
L_0x55556900dbf0 .arith/sum 9, L_0x55556900d820, L_0x55556900d8c0;
v0x555569003db0_23 .array/port v0x555569003db0, 23;
L_0x55556900dd60 .extend/s 9, v0x555569003db0_23;
v0x555569003db0_137 .array/port v0x555569003db0, 137;
L_0x55556900e040 .extend/s 9, v0x555569003db0_137;
L_0x55556900e110 .arith/sum 9, L_0x55556900dd60, L_0x55556900e040;
v0x555569003db0_24 .array/port v0x555569003db0, 24;
L_0x55556900e4d0 .extend/s 9, v0x555569003db0_24;
v0x555569003db0_136 .array/port v0x555569003db0, 136;
L_0x55556900e570 .extend/s 9, v0x555569003db0_136;
L_0x55556900e8d0 .arith/sum 9, L_0x55556900e4d0, L_0x55556900e570;
v0x555569003db0_25 .array/port v0x555569003db0, 25;
L_0x55556900ea40 .extend/s 9, v0x555569003db0_25;
v0x555569003db0_135 .array/port v0x555569003db0, 135;
L_0x55556900ed50 .extend/s 9, v0x555569003db0_135;
L_0x55556900ee50 .arith/sum 9, L_0x55556900ea40, L_0x55556900ed50;
v0x555569003db0_26 .array/port v0x555569003db0, 26;
L_0x55556900f240 .extend/s 9, v0x555569003db0_26;
v0x555569003db0_134 .array/port v0x555569003db0, 134;
L_0x55556900f2e0 .extend/s 9, v0x555569003db0_134;
L_0x55556900f670 .arith/sum 9, L_0x55556900f240, L_0x55556900f2e0;
v0x555569003db0_27 .array/port v0x555569003db0, 27;
L_0x55556900f7e0 .extend/s 9, v0x555569003db0_27;
v0x555569003db0_133 .array/port v0x555569003db0, 133;
L_0x55556900fb20 .extend/s 9, v0x555569003db0_133;
L_0x55556900fc20 .arith/sum 9, L_0x55556900f7e0, L_0x55556900fb20;
v0x555569003db0_28 .array/port v0x555569003db0, 28;
L_0x555569010040 .extend/s 9, v0x555569003db0_28;
v0x555569003db0_132 .array/port v0x555569003db0, 132;
L_0x5555690100e0 .extend/s 9, v0x555569003db0_132;
L_0x5555690104a0 .arith/sum 9, L_0x555569010040, L_0x5555690100e0;
v0x555569003db0_29 .array/port v0x555569003db0, 29;
L_0x555569010610 .extend/s 9, v0x555569003db0_29;
v0x555569003db0_131 .array/port v0x555569003db0, 131;
L_0x555569010980 .extend/s 9, v0x555569003db0_131;
L_0x555569010a80 .arith/sum 9, L_0x555569010610, L_0x555569010980;
v0x555569003db0_30 .array/port v0x555569003db0, 30;
L_0x555569010ed0 .extend/s 9, v0x555569003db0_30;
v0x555569003db0_130 .array/port v0x555569003db0, 130;
L_0x555569010f70 .extend/s 9, v0x555569003db0_130;
L_0x555569011360 .arith/sum 9, L_0x555569010ed0, L_0x555569010f70;
v0x555569003db0_31 .array/port v0x555569003db0, 31;
L_0x5555690114d0 .extend/s 9, v0x555569003db0_31;
v0x555569003db0_129 .array/port v0x555569003db0, 129;
L_0x555569011870 .extend/s 9, v0x555569003db0_129;
L_0x555569011970 .arith/sum 9, L_0x5555690114d0, L_0x555569011870;
v0x555569003db0_32 .array/port v0x555569003db0, 32;
L_0x555569011df0 .extend/s 9, v0x555569003db0_32;
v0x555569003db0_128 .array/port v0x555569003db0, 128;
L_0x555569011e90 .extend/s 9, v0x555569003db0_128;
L_0x5555690122b0 .arith/sum 9, L_0x555569011df0, L_0x555569011e90;
v0x555569003db0_33 .array/port v0x555569003db0, 33;
L_0x555569012420 .extend/s 9, v0x555569003db0_33;
v0x555569003db0_127 .array/port v0x555569003db0, 127;
L_0x5555690127f0 .extend/s 9, v0x555569003db0_127;
L_0x5555690128f0 .arith/sum 9, L_0x555569012420, L_0x5555690127f0;
v0x555569003db0_34 .array/port v0x555569003db0, 34;
L_0x555569012da0 .extend/s 9, v0x555569003db0_34;
v0x555569003db0_126 .array/port v0x555569003db0, 126;
L_0x555569012e40 .extend/s 9, v0x555569003db0_126;
L_0x555569013290 .arith/sum 9, L_0x555569012da0, L_0x555569012e40;
v0x555569003db0_35 .array/port v0x555569003db0, 35;
L_0x555569013400 .extend/s 9, v0x555569003db0_35;
v0x555569003db0_125 .array/port v0x555569003db0, 125;
L_0x555569013800 .extend/s 9, v0x555569003db0_125;
L_0x555569013900 .arith/sum 9, L_0x555569013400, L_0x555569013800;
v0x555569003db0_36 .array/port v0x555569003db0, 36;
L_0x555569013de0 .extend/s 9, v0x555569003db0_36;
v0x555569003db0_124 .array/port v0x555569003db0, 124;
L_0x555569013e80 .extend/s 9, v0x555569003db0_124;
L_0x555569014300 .arith/sum 9, L_0x555569013de0, L_0x555569013e80;
v0x555569003db0_37 .array/port v0x555569003db0, 37;
L_0x555569014470 .extend/s 9, v0x555569003db0_37;
v0x555569003db0_123 .array/port v0x555569003db0, 123;
L_0x5555690148a0 .extend/s 9, v0x555569003db0_123;
L_0x5555690149a0 .arith/sum 9, L_0x555569014470, L_0x5555690148a0;
v0x555569003db0_38 .array/port v0x555569003db0, 38;
L_0x555569014eb0 .extend/s 9, v0x555569003db0_38;
v0x555569003db0_122 .array/port v0x555569003db0, 122;
L_0x555569014f50 .extend/s 9, v0x555569003db0_122;
L_0x555569015400 .arith/sum 9, L_0x555569014eb0, L_0x555569014f50;
v0x555569003db0_39 .array/port v0x555569003db0, 39;
L_0x555569015570 .extend/s 9, v0x555569003db0_39;
v0x555569003db0_121 .array/port v0x555569003db0, 121;
L_0x5555690159d0 .extend/s 9, v0x555569003db0_121;
L_0x555569015ad0 .arith/sum 9, L_0x555569015570, L_0x5555690159d0;
v0x555569003db0_40 .array/port v0x555569003db0, 40;
L_0x555569004790 .extend/s 9, v0x555569003db0_40;
v0x555569003db0_120 .array/port v0x555569003db0, 120;
L_0x5555690052a0 .extend/s 9, v0x555569003db0_120;
L_0x555569005bf0 .arith/sum 9, L_0x555569004790, L_0x5555690052a0;
v0x555569003db0_41 .array/port v0x555569003db0, 41;
L_0x555569005d10 .extend/s 9, v0x555569003db0_41;
v0x555569003db0_119 .array/port v0x555569003db0, 119;
L_0x555569005db0 .extend/s 9, v0x555569003db0_119;
L_0x555569005eb0 .arith/sum 9, L_0x555569005d10, L_0x555569005db0;
v0x555569003db0_42 .array/port v0x555569003db0, 42;
L_0x555569006020 .extend/s 9, v0x555569003db0_42;
v0x555569003db0_118 .array/port v0x555569003db0, 118;
L_0x555569016040 .extend/s 9, v0x555569003db0_118;
L_0x5555690164f0 .arith/sum 9, L_0x555569006020, L_0x555569016040;
v0x555569003db0_43 .array/port v0x555569003db0, 43;
L_0x5555690165e0 .extend/s 9, v0x555569003db0_43;
v0x555569003db0_117 .array/port v0x555569003db0, 117;
L_0x555569016aa0 .extend/s 9, v0x555569003db0_117;
L_0x555569016b40 .arith/sum 9, L_0x5555690165e0, L_0x555569016aa0;
v0x555569003db0_44 .array/port v0x555569003db0, 44;
L_0x555569016680 .extend/s 9, v0x555569003db0_44;
v0x555569003db0_116 .array/port v0x555569003db0, 116;
L_0x555569016750 .extend/s 9, v0x555569003db0_116;
L_0x555569016850 .arith/sum 9, L_0x555569016680, L_0x555569016750;
v0x555569003db0_45 .array/port v0x555569003db0, 45;
L_0x5555690169c0 .extend/s 9, v0x555569003db0_45;
v0x555569003db0_115 .array/port v0x555569003db0, 115;
L_0x555569017100 .extend/s 9, v0x555569003db0_115;
L_0x5555690171d0 .arith/sum 9, L_0x5555690169c0, L_0x555569017100;
v0x555569003db0_46 .array/port v0x555569003db0, 46;
L_0x555569016cb0 .extend/s 9, v0x555569003db0_46;
v0x555569003db0_114 .array/port v0x555569003db0, 114;
L_0x555569016d80 .extend/s 9, v0x555569003db0_114;
L_0x555569016e80 .arith/sum 9, L_0x555569016cb0, L_0x555569016d80;
v0x555569003db0_47 .array/port v0x555569003db0, 47;
L_0x555569016ff0 .extend/s 9, v0x555569003db0_47;
v0x555569003db0_113 .array/port v0x555569003db0, 113;
L_0x5555690177c0 .extend/s 9, v0x555569003db0_113;
L_0x555569017860 .arith/sum 9, L_0x555569016ff0, L_0x5555690177c0;
v0x555569003db0_48 .array/port v0x555569003db0, 48;
L_0x555569017340 .extend/s 9, v0x555569003db0_48;
v0x555569003db0_112 .array/port v0x555569003db0, 112;
L_0x5555690173e0 .extend/s 9, v0x555569003db0_112;
L_0x5555690174b0 .arith/sum 9, L_0x555569017340, L_0x5555690173e0;
v0x555569003db0_49 .array/port v0x555569003db0, 49;
L_0x555569017620 .extend/s 9, v0x555569003db0_49;
v0x555569003db0_111 .array/port v0x555569003db0, 111;
L_0x5555690176c0 .extend/s 9, v0x555569003db0_111;
L_0x555569017db0 .arith/sum 9, L_0x555569017620, L_0x5555690176c0;
v0x555569003db0_50 .array/port v0x555569003db0, 50;
L_0x555569017900 .extend/s 9, v0x555569003db0_50;
v0x555569003db0_110 .array/port v0x555569003db0, 110;
L_0x5555690179a0 .extend/s 9, v0x555569003db0_110;
L_0x555569017aa0 .arith/sum 9, L_0x555569017900, L_0x5555690179a0;
v0x555569003db0_51 .array/port v0x555569003db0, 51;
L_0x555569017c10 .extend/s 9, v0x555569003db0_51;
v0x555569003db0_109 .array/port v0x555569003db0, 109;
L_0x555569017cb0 .extend/s 9, v0x555569003db0_109;
L_0x5555690183d0 .arith/sum 9, L_0x555569017c10, L_0x555569017cb0;
v0x555569003db0_52 .array/port v0x555569003db0, 52;
L_0x555569017ef0 .extend/s 9, v0x555569003db0_52;
v0x555569003db0_108 .array/port v0x555569003db0, 108;
L_0x555569017f90 .extend/s 9, v0x555569003db0_108;
L_0x555569018060 .arith/sum 9, L_0x555569017ef0, L_0x555569017f90;
v0x555569003db0_53 .array/port v0x555569003db0, 53;
L_0x5555690181d0 .extend/s 9, v0x555569003db0_53;
v0x555569003db0_107 .array/port v0x555569003db0, 107;
L_0x555569018270 .extend/s 9, v0x555569003db0_107;
L_0x555569018980 .arith/sum 9, L_0x5555690181d0, L_0x555569018270;
v0x555569003db0_54 .array/port v0x555569003db0, 54;
L_0x555569018470 .extend/s 9, v0x555569003db0_54;
v0x555569003db0_106 .array/port v0x555569003db0, 106;
L_0x555569018510 .extend/s 9, v0x555569003db0_106;
L_0x555569018610 .arith/sum 9, L_0x555569018470, L_0x555569018510;
v0x555569003db0_55 .array/port v0x555569003db0, 55;
L_0x555569018780 .extend/s 9, v0x555569003db0_55;
v0x555569003db0_105 .array/port v0x555569003db0, 105;
L_0x555569018820 .extend/s 9, v0x555569003db0_105;
L_0x555569018f60 .arith/sum 9, L_0x555569018780, L_0x555569018820;
v0x555569003db0_56 .array/port v0x555569003db0, 56;
L_0x5555690050a0 .extend/s 9, v0x555569003db0_56;
v0x555569003db0_104 .array/port v0x555569003db0, 104;
L_0x555569018a20 .extend/s 9, v0x555569003db0_104;
L_0x555569018b20 .arith/sum 9, L_0x5555690050a0, L_0x555569018a20;
v0x555569003db0_57 .array/port v0x555569003db0, 57;
L_0x555569018c90 .extend/s 9, v0x555569003db0_57;
v0x555569003db0_103 .array/port v0x555569003db0, 103;
L_0x555569018d30 .extend/s 9, v0x555569003db0_103;
L_0x555569018e30 .arith/sum 9, L_0x555569018c90, L_0x555569018d30;
v0x555569003db0_58 .array/port v0x555569003db0, 58;
L_0x555569019000 .extend/s 9, v0x555569003db0_58;
v0x555569003db0_102 .array/port v0x555569003db0, 102;
L_0x5555690190a0 .extend/s 9, v0x555569003db0_102;
L_0x5555690191a0 .arith/sum 9, L_0x555569019000, L_0x5555690190a0;
v0x555569003db0_59 .array/port v0x555569003db0, 59;
L_0x555569019310 .extend/s 9, v0x555569003db0_59;
v0x555569003db0_101 .array/port v0x555569003db0, 101;
L_0x5555690193b0 .extend/s 9, v0x555569003db0_101;
L_0x5555690194b0 .arith/sum 9, L_0x555569019310, L_0x5555690193b0;
v0x555569003db0_60 .array/port v0x555569003db0, 60;
L_0x555569019b70 .extend/s 9, v0x555569003db0_60;
v0x555569003db0_100 .array/port v0x555569003db0, 100;
L_0x555569019c10 .extend/s 9, v0x555569003db0_100;
L_0x5555690195c0 .arith/sum 9, L_0x555569019b70, L_0x555569019c10;
v0x555569003db0_61 .array/port v0x555569003db0, 61;
L_0x555569019730 .extend/s 9, v0x555569003db0_61;
v0x555569003db0_99 .array/port v0x555569003db0, 99;
L_0x5555690197d0 .extend/s 9, v0x555569003db0_99;
L_0x5555690198d0 .arith/sum 9, L_0x555569019730, L_0x5555690197d0;
v0x555569003db0_62 .array/port v0x555569003db0, 62;
L_0x555569019a40 .extend/s 9, v0x555569003db0_62;
v0x555569003db0_98 .array/port v0x555569003db0, 98;
L_0x55556901a290 .extend/s 9, v0x555569003db0_98;
L_0x555569004ac0 .arith/sum 9, L_0x555569019a40, L_0x55556901a290;
v0x555569003db0_63 .array/port v0x555569003db0, 63;
L_0x555569019d00 .extend/s 9, v0x555569003db0_63;
v0x555569003db0_97 .array/port v0x555569003db0, 97;
L_0x555569019dd0 .extend/s 9, v0x555569003db0_97;
L_0x555569019ed0 .arith/sum 9, L_0x555569019d00, L_0x555569019dd0;
v0x555569003db0_64 .array/port v0x555569003db0, 64;
L_0x55556901a040 .extend/s 9, v0x555569003db0_64;
v0x555569003db0_96 .array/port v0x555569003db0, 96;
L_0x55556901a0e0 .extend/s 9, v0x555569003db0_96;
L_0x55556901a1e0 .arith/sum 9, L_0x55556901a040, L_0x55556901a0e0;
v0x555569003db0_65 .array/port v0x555569003db0, 65;
L_0x55556901a9f0 .extend/s 9, v0x555569003db0_65;
v0x555569003db0_95 .array/port v0x555569003db0, 95;
L_0x555569006350 .extend/s 9, v0x555569003db0_95;
L_0x55556901a330 .arith/sum 9, L_0x55556901a9f0, L_0x555569006350;
v0x555569003db0_66 .array/port v0x555569003db0, 66;
L_0x55556901a4a0 .extend/s 9, v0x555569003db0_66;
v0x555569003db0_94 .array/port v0x555569003db0, 94;
L_0x55556901a570 .extend/s 9, v0x555569003db0_94;
L_0x55556901a670 .arith/sum 9, L_0x55556901a4a0, L_0x55556901a570;
v0x555569003db0_67 .array/port v0x555569003db0, 67;
L_0x55556901a7e0 .extend/s 9, v0x555569003db0_67;
v0x555569003db0_93 .array/port v0x555569003db0, 93;
L_0x55556901a880 .extend/s 9, v0x555569003db0_93;
L_0x55556901b0f0 .arith/sum 9, L_0x55556901a7e0, L_0x55556901a880;
v0x555569003db0_68 .array/port v0x555569003db0, 68;
L_0x55556901aa90 .extend/s 9, v0x555569003db0_68;
v0x555569003db0_92 .array/port v0x555569003db0, 92;
L_0x55556901ab30 .extend/s 9, v0x555569003db0_92;
L_0x55556901ac30 .arith/sum 9, L_0x55556901aa90, L_0x55556901ab30;
v0x555569003db0_69 .array/port v0x555569003db0, 69;
L_0x55556901ada0 .extend/s 9, v0x555569003db0_69;
v0x555569003db0_91 .array/port v0x555569003db0, 91;
L_0x55556901ae40 .extend/s 9, v0x555569003db0_91;
L_0x55556901af40 .arith/sum 9, L_0x55556901ada0, L_0x55556901ae40;
v0x555569003db0_70 .array/port v0x555569003db0, 70;
L_0x55556901b8d0 .extend/s 9, v0x555569003db0_70;
v0x555569003db0_90 .array/port v0x555569003db0, 90;
L_0x55556901b970 .extend/s 9, v0x555569003db0_90;
L_0x5555690063f0 .arith/sum 9, L_0x55556901b8d0, L_0x55556901b970;
v0x555569003db0_71 .array/port v0x555569003db0, 71;
L_0x55556901b230 .extend/s 9, v0x555569003db0_71;
v0x555569003db0_89 .array/port v0x555569003db0, 89;
L_0x55556901b2d0 .extend/s 9, v0x555569003db0_89;
L_0x55556901b3d0 .arith/sum 9, L_0x55556901b230, L_0x55556901b2d0;
v0x555569003db0_72 .array/port v0x555569003db0, 72;
L_0x55556901b540 .extend/s 9, v0x555569003db0_72;
v0x555569003db0_88 .array/port v0x555569003db0, 88;
L_0x55556901b5e0 .extend/s 9, v0x555569003db0_88;
L_0x55556901b6e0 .arith/sum 9, L_0x55556901b540, L_0x55556901b5e0;
v0x555569003db0_73 .array/port v0x555569003db0, 73;
L_0x55556901c0f0 .extend/s 9, v0x555569003db0_73;
v0x555569003db0_87 .array/port v0x555569003db0, 87;
L_0x55556901ba10 .extend/s 9, v0x555569003db0_87;
L_0x55556901bb10 .arith/sum 9, L_0x55556901c0f0, L_0x55556901ba10;
v0x555569003db0_74 .array/port v0x555569003db0, 74;
L_0x55556901bc80 .extend/s 9, v0x555569003db0_74;
v0x555569003db0_86 .array/port v0x555569003db0, 86;
L_0x55556901bd20 .extend/s 9, v0x555569003db0_86;
L_0x55556901be20 .arith/sum 9, L_0x55556901bc80, L_0x55556901bd20;
v0x555569003db0_75 .array/port v0x555569003db0, 75;
L_0x55556901bf90 .extend/s 9, v0x555569003db0_75;
v0x555569003db0_85 .array/port v0x555569003db0, 85;
L_0x55556901c030 .extend/s 9, v0x555569003db0_85;
L_0x55556901c8b0 .arith/sum 9, L_0x55556901bf90, L_0x55556901c030;
v0x555569003db0_76 .array/port v0x555569003db0, 76;
L_0x555569004e20 .extend/s 9, v0x555569003db0_76;
v0x555569003db0_84 .array/port v0x555569003db0, 84;
L_0x55556901c190 .extend/s 9, v0x555569003db0_84;
L_0x55556901c290 .arith/sum 9, L_0x555569004e20, L_0x55556901c190;
v0x555569003db0_77 .array/port v0x555569003db0, 77;
L_0x55556901c400 .extend/s 9, v0x555569003db0_77;
v0x555569003db0_83 .array/port v0x555569003db0, 83;
L_0x55556901c4a0 .extend/s 9, v0x555569003db0_83;
L_0x55556901c5a0 .arith/sum 9, L_0x55556901c400, L_0x55556901c4a0;
v0x555569003db0_78 .array/port v0x555569003db0, 78;
L_0x55556901c710 .extend/s 9, v0x555569003db0_78;
v0x555569003db0_82 .array/port v0x555569003db0, 82;
L_0x55556901c7b0 .extend/s 9, v0x555569003db0_82;
L_0x55556901d0c0 .arith/sum 9, L_0x55556901c710, L_0x55556901c7b0;
v0x555569003db0_79 .array/port v0x555569003db0, 79;
L_0x55556901d1b0 .extend/s 9, v0x555569003db0_79;
v0x555569003db0_81 .array/port v0x555569003db0, 81;
L_0x55556901c950 .extend/s 9, v0x555569003db0_81;
L_0x55556901ca50 .arith/sum 9, L_0x55556901d1b0, L_0x55556901c950;
v0x555569003db0_80 .array/port v0x555569003db0, 80;
L_0x55556901cbc0 .part v0x555569003db0_80, 7, 1;
L_0x55556901cc60 .concat [ 8 1 0 0], v0x555569003db0_80, L_0x55556901cbc0;
L_0x55556901cdd0 .extend/s 18, L_0x555569018060;
L_0x555569004d00 .arith/sub 18, L_0x798188a9f018, L_0x55556901cdd0;
L_0x55556901cec0 .extend/s 18, L_0x555569018b20;
L_0x55556901cfb0 .arith/sub 18, L_0x555569004d00, L_0x55556901cec0;
L_0x55556901d2a0 .extend/s 18, L_0x5555690194b0;
L_0x55556901d390 .arith/sub 18, L_0x55556901cfb0, L_0x55556901d2a0;
L_0x55556901d4d0 .extend/s 18, L_0x555569018980;
L_0x55556901d5c0 .part L_0x55556901d4d0, 0, 17;
L_0x55556901d6b0 .concat [ 1 17 0 0], L_0x798188a9f060, L_0x55556901d5c0;
L_0x55556901d7f0 .arith/sub 18, L_0x55556901d390, L_0x55556901d6b0;
L_0x55556901d930 .extend/s 18, L_0x555569018610;
L_0x55556902e240 .part L_0x55556901d930, 0, 17;
L_0x55556902da00 .concat [ 1 17 0 0], L_0x798188a9f0a8, L_0x55556902e240;
L_0x55556902db40 .arith/sub 18, L_0x55556901d7f0, L_0x55556902da00;
L_0x55556902dc80 .extend/s 18, L_0x555569018f60;
L_0x55556902dd70 .part L_0x55556902dc80, 0, 17;
L_0x55556902de60 .concat [ 1 17 0 0], L_0x798188a9f0f0, L_0x55556902dd70;
L_0x55556902dfa0 .arith/sub 18, L_0x55556902db40, L_0x55556902de60;
L_0x55556902e0e0 .extend/s 18, L_0x555569018e30;
L_0x55556902eb60 .part L_0x55556902e0e0, 0, 17;
L_0x55556902e330 .concat [ 1 17 0 0], L_0x798188a9f138, L_0x55556902eb60;
L_0x55556902e470 .arith/sub 18, L_0x55556902dfa0, L_0x55556902e330;
L_0x55556902e5b0 .extend/s 18, L_0x5555690191a0;
L_0x55556902e6a0 .part L_0x55556902e5b0, 0, 17;
L_0x55556902e790 .concat [ 1 17 0 0], L_0x798188a9f180, L_0x55556902e6a0;
L_0x55556902e8d0 .arith/sub 18, L_0x55556902e470, L_0x55556902e790;
L_0x55556902ea10 .extend/s 18, L_0x55556901ac30;
L_0x55556902f4c0 .part L_0x55556902ea10, 0, 17;
L_0x55556902ec50 .concat [ 1 17 0 0], L_0x798188a9f1c8, L_0x55556902f4c0;
L_0x55556902ed90 .arith/sum 18, L_0x55556902e8d0, L_0x55556902ec50;
L_0x55556902eed0 .extend/s 18, L_0x55556901b3d0;
L_0x55556902efc0 .part L_0x55556902eed0, 0, 15;
L_0x55556902f0b0 .concat [ 3 15 0 0], L_0x798188a9f210, L_0x55556902efc0;
L_0x55556902f1f0 .arith/sum 18, L_0x55556902ed90, L_0x55556902f0b0;
L_0x55556902f330 .extend/s 18, L_0x55556901c5a0;
L_0x55556902f420 .part L_0x55556902f330, 0, 14;
L_0x55556902f560 .concat [ 4 14 0 0], L_0x798188a9f258, L_0x55556902f420;
L_0x55556902f650 .arith/sum 18, L_0x55556902f1f0, L_0x55556902f560;
L_0x55556902f790 .extend/s 18, L_0x55556901d0c0;
L_0x55556902f880 .part L_0x55556902f790, 0, 14;
L_0x55556902f970 .concat [ 4 14 0 0], L_0x798188a9f2a0, L_0x55556902f880;
L_0x55556902fab0 .arith/sum 18, L_0x55556902f650, L_0x55556902f970;
L_0x55556902fbf0 .extend/s 20, L_0x55556902fab0;
L_0x55556902fce0 .extend/s 11, L_0x55556901af40;
L_0x555569030760 .extend/s 15, L_0x55556902fce0;
L_0x555569030850 .arith/mult 15, L_0x555569030760, L_0x798188a9f2e8;
L_0x55556902fe60 .extend/s 11, L_0x5555690063f0;
L_0x55556902ff50 .extend/s 15, L_0x55556902fe60;
L_0x555569030040 .arith/mult 15, L_0x55556902ff50, L_0x798188a9f330;
L_0x555569030180 .extend/s 11, L_0x55556901b6e0;
L_0x555569030270 .extend/s 16, L_0x555569030180;
L_0x555569030360 .arith/mult 16, L_0x555569030270, L_0x798188a9f378;
L_0x5555690304a0 .extend/s 12, L_0x55556901bb10;
L_0x555569030590 .extend/s 12, L_0x55556901cc60;
L_0x555569030680 .arith/sum 12, L_0x5555690304a0, L_0x555569030590;
L_0x555569031380 .extend/s 17, L_0x555569030680;
L_0x555569030990 .arith/mult 17, L_0x555569031380, L_0x798188a9f3c0;
L_0x555569030ad0 .extend/s 11, L_0x55556901be20;
L_0x555569030bc0 .extend/s 16, L_0x555569030ad0;
L_0x555569030cb0 .arith/mult 16, L_0x555569030bc0, L_0x798188a9f408;
L_0x555569030df0 .extend/s 11, L_0x55556901c8b0;
L_0x555569030ee0 .extend/s 16, L_0x555569030df0;
L_0x555569030fd0 .arith/mult 16, L_0x555569030ee0, L_0x798188a9f450;
L_0x555569031110 .extend/s 11, L_0x55556901c290;
L_0x555569031200 .extend/s 16, L_0x555569031110;
L_0x555569031e60 .arith/mult 16, L_0x555569031200, L_0x798188a9f498;
L_0x555569031470 .extend/s 11, L_0x55556901ca50;
L_0x555569031560 .extend/s 17, L_0x555569031470;
L_0x555569031650 .arith/mult 17, L_0x555569031560, L_0x798188a9f4e0;
L_0x555569031790 .extend/s 20, L_0x555569030850;
L_0x555569031880 .arith/sum 20, L_0x55556902fbf0, L_0x555569031790;
L_0x5555690319c0 .extend/s 20, L_0x555569030040;
L_0x555569031ab0 .arith/sum 20, L_0x555569031880, L_0x5555690319c0;
L_0x555569031bf0 .extend/s 20, L_0x555569030360;
L_0x555569031ce0 .arith/sum 20, L_0x555569031ab0, L_0x555569031bf0;
L_0x5555690329e0 .extend/s 20, L_0x555569030990;
L_0x555569031fa0 .arith/sum 20, L_0x555569031ce0, L_0x5555690329e0;
L_0x5555690320e0 .extend/s 20, L_0x555569030cb0;
L_0x5555690321d0 .arith/sum 20, L_0x555569031fa0, L_0x5555690320e0;
L_0x555569032310 .extend/s 20, L_0x555569030fd0;
L_0x555569032400 .arith/sum 20, L_0x5555690321d0, L_0x555569032310;
L_0x555569032540 .extend/s 20, L_0x555569031e60;
L_0x555569032630 .arith/sum 20, L_0x555569032400, L_0x555569032540;
L_0x555569032770 .extend/s 20, L_0x555569031650;
L_0x555569032860 .arith/sum 20, L_0x555569032630, L_0x555569032770;
L_0x555569033560 .part L_0x555569032860, 0, 17;
S_0x555568fd2eb0 .scope begin, "$ivl_for_loop0" "$ivl_for_loop0" 4 21, 4 21 0, S_0x555568fd4220;
 .timescale 0 0;
v0x555568f4eb80_0 .var/2s "i", 31 0;
S_0x555568f6bef0 .scope begin, "$ivl_for_loop1" "$ivl_for_loop1" 4 25, 4 25 0, S_0x555568fd4220;
 .timescale 0 0;
v0x555568f55fe0_0 .var/2s "i", 31 0;
    .scope S_0x555568fd4220;
T_0 ;
    %wait E_0x555568f176b0;
    %load/vec4 v0x555569003cf0_0;
    %nor/r;
    %flag_set/vec4 8;
    %jmp/0xz  T_0.0, 8;
    %fork t_1, S_0x555568fd2eb0;
    %jmp t_0;
    .scope S_0x555568fd2eb0;
t_1 ;
    %pushi/vec4 0, 0, 32;
    %store/vec4 v0x555568f4eb80_0, 0, 32;
T_0.2 ; Top of for-loop
    %load/vec4 v0x555568f4eb80_0;
    %cmpi/s 161, 0, 32;
	  %jmp/0xz T_0.3, 5;
    %pushi/vec4 0, 0, 8;
    %ix/getv/s 3, v0x555568f4eb80_0;
    %ix/load 4, 0, 0; Constant delay
    %assign/vec4/a/d v0x555569003db0, 0, 4;
T_0.4 ; for-loop step statement
    ; show_stmt_assign_vector: Get l-value for compressed += operand
    %load/vec4 v0x555568f4eb80_0;
    %pushi/vec4 1, 0, 32;
    %add;
    %cast2;
    %store/vec4 v0x555568f4eb80_0, 0, 32;
    %jmp T_0.2;
T_0.3 ; for-loop exit label
    %end;
    .scope S_0x555568fd4220;
t_0 %join;
    %pushi/vec4 0, 0, 1;
    %assign/vec4 v0x555569003c30_0, 0;
    %jmp T_0.1;
T_0.0 ;
    %load/vec4 v0x555569003b70_0;
    %flag_set/vec4 8;
    %jmp/0xz  T_0.5, 8;
    %load/vec4 v0x5555690057a0_0;
    %ix/load 3, 0, 0;
    %flag_set/imm 4, 0;
    %ix/load 4, 0, 0; Constant delay
    %assign/vec4/a/d v0x555569003db0, 0, 4;
    %fork t_3, S_0x555568f6bef0;
    %jmp t_2;
    .scope S_0x555568f6bef0;
t_3 ;
    %pushi/vec4 1, 0, 32;
    %store/vec4 v0x555568f55fe0_0, 0, 32;
T_0.7 ; Top of for-loop
    %load/vec4 v0x555568f55fe0_0;
    %cmpi/s 161, 0, 32;
	  %jmp/0xz T_0.8, 5;
    %load/vec4 v0x555568f55fe0_0;
    %subi 1, 0, 32;
    %ix/vec4/s 4;
    %load/vec4a v0x555569003db0, 4;
    %ix/getv/s 3, v0x555568f55fe0_0;
    %ix/load 4, 0, 0; Constant delay
    %assign/vec4/a/d v0x555569003db0, 0, 4;
T_0.9 ; for-loop step statement
    ; show_stmt_assign_vector: Get l-value for compressed += operand
    %load/vec4 v0x555568f55fe0_0;
    %pushi/vec4 1, 0, 32;
    %add;
    %cast2;
    %store/vec4 v0x555568f55fe0_0, 0, 32;
    %jmp T_0.7;
T_0.8 ; for-loop exit label
    %end;
    .scope S_0x555568fd4220;
t_2 %join;
    %pushi/vec4 1, 0, 1;
    %assign/vec4 v0x555569003c30_0, 0;
    %jmp T_0.6;
T_0.5 ;
    %pushi/vec4 0, 0, 1;
    %assign/vec4 v0x555569003c30_0, 0;
T_0.6 ;
T_0.1 ;
    %jmp T_0;
    .thread T_0;
    .scope S_0x555568fd4220;
T_1 ;
Ewait_0 .event/or E_0x555568f04030, E_0x0;
    %wait Ewait_0;
    %load/vec4 v0x5555690021c0_0;
    %pad/s 32;
    %addi 128, 0, 32;
    %ix/load 4, 8, 0;
    %flag_set/imm 4, 0;
    %shiftr/s 4;
    %pad/s 9;
    %store/vec4 v0x5555690065f0_0, 0, 9;
    %jmp T_1;
    .thread T_1, $push;
    .scope S_0x555568fd5590;
T_2 ;
    %delay 5000, 0;
    %load/vec4 v0x555569006970_0;
    %inv;
    %store/vec4 v0x555569006970_0, 0, 1;
    %jmp T_2;
    .thread T_2;
    .scope S_0x555568fd5590;
T_3 ;
    %pushi/vec4 0, 0, 1;
    %store/vec4 v0x555569006970_0, 0, 1;
    %pushi/vec4 0, 0, 1;
    %store/vec4 v0x555569006dc0_0, 0, 1;
    %pushi/vec4 0, 0, 1;
    %store/vec4 v0x555569006b90_0, 0, 1;
    %pushi/vec4 0, 0, 8;
    %store/vec4 v0x5555690070d0_0, 0, 8;
    %pushi/vec4 0, 0, 32;
    %store/vec4 v0x555569006c30_0, 0, 32;
    %vpi_func 3 40 "$value$plusargs" 32, "VECTOR_FILE=%s", v0x555569007010_0 {0 0 0};
    %nor/r;
    %flag_set/vec4 8;
    %jmp/0xz  T_3.0, 8;
    %vpi_call/w 3 41 "$display", "[MIGO-STRUCT][FAIL] missing VECTOR_FILE plusarg" {0 0 0};
    %vpi_call/w 3 42 "$finish" {0 0 0};
T_3.0 ;
    %vpi_func 3 44 "$fopen" 32, v0x555569007010_0, "r" {0 0 0};
    %store/vec4 v0x555569006f30_0, 0, 32;
    %load/vec4 v0x555569006f30_0;
    %cmpi/e 0, 0, 32;
    %jmp/0xz  T_3.2, 4;
    %vpi_call/w 3 46 "$display", "[MIGO-STRUCT][FAIL] cannot open vector file: %s", v0x555569007010_0 {0 0 0};
    %vpi_call/w 3 47 "$finish" {0 0 0};
T_3.2 ;
    %vpi_func 3 49 "$fscanf" 32, v0x555569006f30_0, "%d\012", v0x555569006790_0 {0 0 0};
    %store/vec4 v0x555569006e90_0, 0, 32;
    %load/vec4 v0x555569006e90_0;
    %cmpi/ne 1, 0, 32;
    %jmp/1 T_3.7, 4;
    %flag_mov 8, 4;
    %load/vec4 v0x555569006790_0;
    %cmpi/s 0, 0, 32;
    %flag_or 5, 4;
    %flag_or 5, 8;
    %flag_mov 4, 5;
T_3.7;
    %jmp/1 T_3.6, 4;
    %flag_mov 8, 4;
    %load/vec4 v0x555569006790_0;
    %cmpi/s 1024, 0, 32;
    %flag_or 5, 4; GT is !LE
    %flag_inv 5;
    %flag_or 5, 8;
    %flag_mov 4, 5;
T_3.6;
    %jmp/0xz  T_3.4, 4;
    %vpi_call/w 3 51 "$display", "[MIGO-STRUCT][FAIL] invalid case count: scan_rc=%0d case_count=%0d", v0x555569006e90_0, v0x555569006790_0 {0 0 0};
    %vpi_call/w 3 52 "$finish" {0 0 0};
T_3.4 ;
    %pushi/vec4 2, 0, 32;
T_3.8 %dup/vec4;
    %cmpi/s 0, 0, 32;
    %jmp/1xz T_3.9, 5;
    %jmp/1 T_3.9, 4;
    %subi 1, 0, 32;
    %wait E_0x555568f176b0;
    %jmp T_3.8;
T_3.9 ;
    %pop/vec4 1;
    %pushi/vec4 1, 0, 1;
    %store/vec4 v0x555569006dc0_0, 0, 1;
    %delay 1000, 0;
    %pushi/vec4 0, 0, 32;
    %store/vec4 v0x555569006890_0, 0, 32;
T_3.10 ; Top of for-loop
    %load/vec4 v0x555569006890_0;
    %load/vec4 v0x555569006790_0;
    %cmp/s;
	  %jmp/0xz T_3.11, 5;
    %vpi_func 3 60 "$fscanf" 32, v0x555569006f30_0, "%d %d\012", v0x555569006ab0_0, v0x555569006a10_0 {0 0 0};
    %store/vec4 v0x555569006e90_0, 0, 32;
    %load/vec4 v0x555569006e90_0;
    %cmpi/ne 2, 0, 32;
    %jmp/0xz  T_3.13, 4;
    %vpi_call/w 3 62 "$display", "[MIGO-STRUCT][FAIL] malformed vector row case=%0d", v0x555569006890_0 {0 0 0};
    %vpi_call/w 3 63 "$finish" {0 0 0};
T_3.13 ;
    %load/vec4 v0x555569006ab0_0;
    %force/vec4 v0x5555690021c0_0;
    %force/link v0x5555690021c0_0, v0x555569006ab0_0;
    %delay 1000, 0;
    %load/vec4 v0x5555690071c0_0;
    %pad/s 32;
    %load/vec4 v0x555569006a10_0;
    %cmp/ne;
    %jmp/0xz  T_3.15, 6;
    %load/vec4 v0x555569006c30_0;
    %addi 1, 0, 32;
    %store/vec4 v0x555569006c30_0, 0, 32;
    %load/vec4 v0x5555690071c0_0;
    %vpi_call/w 3 70 "$display", "[MIGO-STRUCT][ERR] item=round_shift case=%0d got=%0d exp=%0d final_sum=%0d", v0x555569006890_0, S<0,vec4,s9>, v0x555569006a10_0, v0x555569006ab0_0 {1 0 0};
T_3.15 ;
    %release/net v0x5555690021c0_0, 0, 17;
    %delay 1000, 0;
T_3.12 ; for-loop step statement
    %load/vec4 v0x555569006890_0;
    %addi 1, 0, 32;
    %store/vec4 v0x555569006890_0, 0, 32;
    %jmp T_3.10;
T_3.11 ; for-loop exit label
    %vpi_call/w 3 79 "$fclose", v0x555569006f30_0 {0 0 0};
    %load/vec4 v0x555569006c30_0;
    %cmpi/e 0, 0, 32;
    %jmp/0xz  T_3.17, 4;
    %vpi_call/w 3 81 "$display", "[MIGO-STRUCT][PASS] item=round_shift cases=%0d mismatches=%0d", v0x555569006790_0, v0x555569006c30_0 {0 0 0};
    %jmp T_3.18;
T_3.17 ;
    %vpi_call/w 3 83 "$display", "[MIGO-STRUCT][FAIL] item=round_shift cases=%0d mismatches=%0d", v0x555569006790_0, v0x555569006c30_0 {0 0 0};
T_3.18 ;
    %vpi_call/w 3 85 "$finish" {0 0 0};
    %end;
    .thread T_3;
# The file index is used to find the file name in the following table.
:file_names 5;
    "N/A";
    "<interactive>";
    "-";
    "/home/rick/System-ASIC/dc/designs/migo/tb/tb_migo_round_shift.sv";
    "vsrc/MIGO-filter/MIGO_method_migo_n_161_q_bit_8_wp_pi_0_047_width_pi_0_031_alpha_p_0_1_alpha_s_0_1_lam1_1_2_lam2_1_e_topk_4_e_d_max_2_e_e_max_4.sv";
