#! /home/rick/tools/oss-cad-suite/bin/vvp
:ivl_version "14.0 (devel)" "(s20251012-118-g8e4a37aa0)";
:ivl_delay_selection "TYPICAL";
:vpi_time_precision - 12;
:vpi_module "/home/rick/tools/oss-cad-suite/lib/ivl/system.vpi";
:vpi_module "/home/rick/tools/oss-cad-suite/lib/ivl/vhdl_sys.vpi";
:vpi_module "/home/rick/tools/oss-cad-suite/lib/ivl/vhdl_textio.vpi";
:vpi_module "/home/rick/tools/oss-cad-suite/lib/ivl/v2005_math.vpi";
:vpi_module "/home/rick/tools/oss-cad-suite/lib/ivl/va_math.vpi";
:vpi_module "/home/rick/tools/oss-cad-suite/lib/ivl/v2009.vpi";
S_0x5555732879e0 .scope package, "$unit" "$unit" 2 1;
 .timescale 0 0;
S_0x5555732f82e0 .scope module, "tb_migo_const_coeff_mac" "tb_migo_const_coeff_mac" 3 3;
 .timescale -9 -12;
P_0x55557323fa30 .param/l "BX" 1 3 4, +C4<00000000000000000000000000001000>;
P_0x55557323fa70 .param/l "MAX_CASES" 1 3 6, +C4<00000000000000000000010000000000>;
P_0x55557323fab0 .param/l "N" 1 3 5, +C4<00000000000000000000000010100001>;
v0x55557332ab60_0 .var/i "case_count", 31 0;
v0x55557332ac60_0 .var/i "case_idx", 31 0;
v0x55557332ad40_0 .var "clk", 0 0;
v0x55557332ae10_0 .var/i "expected_sum", 31 0;
v0x55557332aeb0_0 .var "in_valid", 0 0;
v0x55557332af50_0 .var/i "mismatches", 31 0;
v0x55557332b010_0 .net "out_valid", 0 0, v0x555573328000_0;  1 drivers
v0x55557332b0e0_0 .var "rst_n", 0 0;
v0x55557332b1b0_0 .var/i "scan_rc", 31 0;
v0x55557332b250_0 .var/i "tap_idx", 31 0;
v0x55557332b330 .array/i "taps", 160 0, 31 0;
v0x55557332b3f0_0 .var/i "vec_fd", 31 0;
v0x55557332b4d0_0 .var/str "vector_path";
v0x55557332b590_0 .var/s "x_in", 7 0;
v0x55557332b680_0 .net/s "y_out", 8 0, v0x55557332a9c0_0;  1 drivers
S_0x5555732f6f70 .scope module, "u_dut" "MIGO_method_migo_n_161_q_bit_8_wp_pi_0_047_width_pi_0_031_alpha_p_0_1_alpha_s_0_1_lam1_1_2_lam2_1_e_topk_4_e_d_max_2_e_e_max_4" 3 25, 4 2 0, S_0x5555732f82e0;
 .timescale 0 0;
    .port_info 0 /INPUT 1 "clk";
    .port_info 1 /INPUT 1 "rst_n";
    .port_info 2 /INPUT 1 "in_valid";
    .port_info 3 /INPUT 8 "x_in";
    .port_info 4 /OUTPUT 1 "out_valid";
    .port_info 5 /OUTPUT 9 "y_out";
P_0x5555732deea0 .param/l "BX" 0 4 4, +C4<00000000000000000000000000001000>;
P_0x5555732deee0 .param/l "BY" 0 4 7, +C4<00000000000000000000000000001001>;
P_0x5555732def20 .param/l "N" 0 4 3, +C4<00000000000000000000000010100001>;
P_0x5555732def60 .param/l "ROUND" 0 4 6, C4<1>;
P_0x5555732defa0 .param/l "SHIFT" 0 4 5, +C4<00000000000000000000000000001000>;
v0x555573302f80_0 .net/s *"_ivl_101", 8 0, L_0x55557332e030;  1 drivers
v0x55557328d840_0 .net/s *"_ivl_104", 8 0, L_0x55557332e1f0;  1 drivers
v0x55557328d920_0 .net/s *"_ivl_11", 8 0, L_0x55557332ba20;  1 drivers
v0x55557328c440_0 .net/s *"_ivl_110", 8 0, L_0x55557332e590;  1 drivers
v0x55557328c520_0 .net/s *"_ivl_113", 8 0, L_0x55557332e630;  1 drivers
v0x555573243330_0 .net/s *"_ivl_119", 8 0, L_0x55557332e8c0;  1 drivers
v0x5555732433f0_0 .net/s *"_ivl_122", 8 0, L_0x55557332eab0;  1 drivers
v0x55557328b040_0 .net/s *"_ivl_128", 8 0, L_0x55557332ee80;  1 drivers
v0x55557328b120_0 .net/s *"_ivl_131", 8 0, L_0x55557332ef20;  1 drivers
v0x555573308cd0_0 .net/s *"_ivl_137", 8 0, L_0x55557332f300;  1 drivers
v0x555573308d90_0 .net/s *"_ivl_14", 8 0, L_0x55557332baf0;  1 drivers
v0x555573308e70_0 .net/s *"_ivl_140", 8 0, L_0x55557332f520;  1 drivers
v0x555573308f50_0 .net/s *"_ivl_146", 8 0, L_0x55557332f920;  1 drivers
v0x555573307c10_0 .net/s *"_ivl_149", 8 0, L_0x55557332f9c0;  1 drivers
v0x555573307cd0_0 .net/s *"_ivl_155", 8 0, L_0x55557332fdd0;  1 drivers
v0x555573307db0_0 .net/s *"_ivl_158", 8 0, L_0x555573330020;  1 drivers
v0x555573307e90_0 .net/s *"_ivl_164", 8 0, L_0x555573330450;  1 drivers
v0x5555732778f0_0 .net/s *"_ivl_167", 8 0, L_0x5555733304f0;  1 drivers
v0x5555732779d0_0 .net/s *"_ivl_173", 8 0, L_0x555573330930;  1 drivers
v0x555573277ab0_0 .net/s *"_ivl_176", 8 0, L_0x555573330bb0;  1 drivers
v0x555573277b90_0 .net/s *"_ivl_182", 8 0, L_0x555573331010;  1 drivers
v0x555573277c70_0 .net/s *"_ivl_185", 8 0, L_0x5555733310b0;  1 drivers
v0x555573212d40_0 .net/s *"_ivl_191", 8 0, L_0x555573331520;  1 drivers
v0x555573212e20_0 .net/s *"_ivl_194", 8 0, L_0x5555733317d0;  1 drivers
v0x555573212f00_0 .net/s *"_ivl_2", 8 0, L_0x55557332b750;  1 drivers
v0x555573212fe0_0 .net/s *"_ivl_20", 8 0, L_0x55557332bcd0;  1 drivers
v0x5555732130c0_0 .net/s *"_ivl_200", 8 0, L_0x555573331c60;  1 drivers
v0x555573319860_0 .net/s *"_ivl_203", 8 0, L_0x555573331d00;  1 drivers
v0x555573319900_0 .net/s *"_ivl_209", 8 0, L_0x555573332170;  1 drivers
v0x5555733199a0_0 .net/s *"_ivl_212", 8 0, L_0x555573332450;  1 drivers
v0x555573319a40_0 .net/s *"_ivl_218", 8 0, L_0x555573332910;  1 drivers
v0x555573319ae0_0 .net/s *"_ivl_221", 8 0, L_0x5555733329b0;  1 drivers
v0x555573319b80_0 .net/s *"_ivl_227", 8 0, L_0x555573332e50;  1 drivers
v0x555573319e50_0 .net/s *"_ivl_23", 8 0, L_0x55557332bd70;  1 drivers
v0x555573319f30_0 .net/s *"_ivl_230", 8 0, L_0x555573333160;  1 drivers
v0x55557331a010_0 .net/s *"_ivl_236", 8 0, L_0x555573333650;  1 drivers
v0x55557331a0f0_0 .net/s *"_ivl_239", 8 0, L_0x5555733336f0;  1 drivers
v0x55557331a1d0_0 .net/s *"_ivl_245", 8 0, L_0x555573333bf0;  1 drivers
v0x55557331a2b0_0 .net/s *"_ivl_248", 8 0, L_0x555573333f30;  1 drivers
v0x55557331a390_0 .net/s *"_ivl_254", 8 0, L_0x555573334450;  1 drivers
v0x55557331a470_0 .net/s *"_ivl_257", 8 0, L_0x5555733344f0;  1 drivers
v0x55557331a550_0 .net/s *"_ivl_263", 8 0, L_0x555573334a20;  1 drivers
v0x55557331a630_0 .net/s *"_ivl_266", 8 0, L_0x555573334d90;  1 drivers
v0x55557331a710_0 .net/s *"_ivl_272", 8 0, L_0x5555733352e0;  1 drivers
v0x55557331a7f0_0 .net/s *"_ivl_275", 8 0, L_0x555573335380;  1 drivers
v0x55557331a8d0_0 .net/s *"_ivl_281", 8 0, L_0x5555733358e0;  1 drivers
v0x55557331a9b0_0 .net/s *"_ivl_284", 8 0, L_0x555573335c80;  1 drivers
v0x55557331aa90_0 .net/s *"_ivl_29", 8 0, L_0x55557332c000;  1 drivers
v0x55557331ab70_0 .net/s *"_ivl_290", 8 0, L_0x555573336200;  1 drivers
v0x55557331ac50_0 .net/s *"_ivl_293", 8 0, L_0x5555733362a0;  1 drivers
v0x55557331ad30_0 .net/s *"_ivl_299", 8 0, L_0x555573336830;  1 drivers
v0x55557331ae10_0 .net/s *"_ivl_302", 8 0, L_0x555573336c00;  1 drivers
v0x55557331aef0_0 .net/s *"_ivl_308", 8 0, L_0x5555733371b0;  1 drivers
v0x55557331afd0_0 .net/s *"_ivl_311", 8 0, L_0x555573337250;  1 drivers
v0x55557331b0b0_0 .net/s *"_ivl_317", 8 0, L_0x555573337810;  1 drivers
v0x55557331b190_0 .net/s *"_ivl_32", 8 0, L_0x55557332c100;  1 drivers
v0x55557331b270_0 .net/s *"_ivl_320", 8 0, L_0x555573337c10;  1 drivers
v0x55557331b350_0 .net/s *"_ivl_326", 8 0, L_0x5555733381f0;  1 drivers
v0x55557331b430_0 .net/s *"_ivl_329", 8 0, L_0x555573338290;  1 drivers
v0x55557331b510_0 .net/s *"_ivl_335", 8 0, L_0x555573338880;  1 drivers
v0x55557331b5f0_0 .net/s *"_ivl_338", 8 0, L_0x555573338cb0;  1 drivers
v0x55557331b6d0_0 .net/s *"_ivl_344", 8 0, L_0x5555733392c0;  1 drivers
v0x55557331b7b0_0 .net/s *"_ivl_347", 8 0, L_0x555573339360;  1 drivers
v0x55557331b890_0 .net/s *"_ivl_353", 8 0, L_0x555573339980;  1 drivers
v0x55557331b970_0 .net/s *"_ivl_356", 8 0, L_0x555573339de0;  1 drivers
v0x55557331be60_0 .net/s *"_ivl_362", 8 0, L_0x555573329670;  1 drivers
v0x55557331bf40_0 .net/s *"_ivl_365", 8 0, L_0x555573329710;  1 drivers
v0x55557331c020_0 .net/s *"_ivl_371", 8 0, L_0x555573329980;  1 drivers
v0x55557331c100_0 .net/s *"_ivl_374", 8 0, L_0x55557332a3b0;  1 drivers
v0x55557331c1e0_0 .net/s *"_ivl_38", 8 0, L_0x55557332c390;  1 drivers
v0x55557331c2c0_0 .net/s *"_ivl_380", 8 0, L_0x55557333a3b0;  1 drivers
v0x55557331c3a0_0 .net/s *"_ivl_383", 8 0, L_0x55557333a450;  1 drivers
v0x55557331c480_0 .net/s *"_ivl_389", 8 0, L_0x55557333aa70;  1 drivers
v0x55557331c560_0 .net/s *"_ivl_392", 8 0, L_0x55557333af60;  1 drivers
v0x55557331c640_0 .net/s *"_ivl_398", 8 0, L_0x55557333ab40;  1 drivers
v0x55557331c720_0 .net/s *"_ivl_401", 8 0, L_0x55557333ac10;  1 drivers
v0x55557331c800_0 .net/s *"_ivl_407", 8 0, L_0x55557333ae80;  1 drivers
v0x55557331c8e0_0 .net/s *"_ivl_41", 8 0, L_0x55557332c430;  1 drivers
v0x55557331c9c0_0 .net/s *"_ivl_410", 8 0, L_0x55557333b5f0;  1 drivers
v0x55557331caa0_0 .net/s *"_ivl_416", 8 0, L_0x55557333b1a0;  1 drivers
v0x55557331cb80_0 .net/s *"_ivl_419", 8 0, L_0x55557333b270;  1 drivers
v0x55557331cc60_0 .net/s *"_ivl_425", 8 0, L_0x55557333b4e0;  1 drivers
v0x55557331cd40_0 .net/s *"_ivl_428", 8 0, L_0x55557333bc50;  1 drivers
v0x55557331ce20_0 .net/s *"_ivl_434", 8 0, L_0x55557333b7d0;  1 drivers
v0x55557331cf00_0 .net/s *"_ivl_437", 8 0, L_0x55557333b8a0;  1 drivers
v0x55557331cfe0_0 .net/s *"_ivl_443", 8 0, L_0x55557333bb10;  1 drivers
v0x55557331d0c0_0 .net/s *"_ivl_446", 8 0, L_0x55557333bbb0;  1 drivers
v0x55557331d1a0_0 .net/s *"_ivl_452", 8 0, L_0x55557333bde0;  1 drivers
v0x55557331d280_0 .net/s *"_ivl_455", 8 0, L_0x55557333beb0;  1 drivers
v0x55557331d360_0 .net/s *"_ivl_461", 8 0, L_0x55557333c120;  1 drivers
v0x55557331d440_0 .net/s *"_ivl_464", 8 0, L_0x55557333c1c0;  1 drivers
v0x55557331d520_0 .net/s *"_ivl_47", 8 0, L_0x55557332c720;  1 drivers
v0x55557331d600_0 .net/s *"_ivl_470", 8 0, L_0x55557333c380;  1 drivers
v0x55557331d6e0_0 .net/s *"_ivl_473", 8 0, L_0x55557333c420;  1 drivers
v0x55557331d7c0_0 .net/s *"_ivl_479", 8 0, L_0x55557333c660;  1 drivers
v0x55557331d8a0_0 .net/s *"_ivl_482", 8 0, L_0x55557333c700;  1 drivers
v0x55557331d980_0 .net/s *"_ivl_488", 8 0, L_0x55557333c950;  1 drivers
v0x55557331da60_0 .net/s *"_ivl_491", 8 0, L_0x55557333c9f0;  1 drivers
v0x55557331db40_0 .net/s *"_ivl_497", 8 0, L_0x55557333cc60;  1 drivers
v0x55557331dc20_0 .net/s *"_ivl_5", 8 0, L_0x55557332b850;  1 drivers
v0x55557331dd00_0 .net/s *"_ivl_50", 8 0, L_0x55557332c850;  1 drivers
v0x55557331dde0_0 .net/s *"_ivl_500", 8 0, L_0x55557333cd00;  1 drivers
v0x55557331dec0_0 .net/s *"_ivl_506", 8 0, L_0x555573328d90;  1 drivers
v0x55557331dfa0_0 .net/s *"_ivl_509", 8 0, L_0x55557333cf50;  1 drivers
v0x55557331e080_0 .net/s *"_ivl_515", 8 0, L_0x55557333d190;  1 drivers
v0x55557331e160_0 .net/s *"_ivl_518", 8 0, L_0x55557333d230;  1 drivers
v0x55557331e240_0 .net/s *"_ivl_524", 8 0, L_0x55557333d530;  1 drivers
v0x55557331e320_0 .net/s *"_ivl_527", 8 0, L_0x55557333d5d0;  1 drivers
v0x55557331e400_0 .net/s *"_ivl_533", 8 0, L_0x55557333d840;  1 drivers
v0x55557331e4e0_0 .net/s *"_ivl_536", 8 0, L_0x55557333d8e0;  1 drivers
v0x55557331e5c0_0 .net/s *"_ivl_542", 8 0, L_0x55557333e0a0;  1 drivers
v0x55557331e6a0_0 .net/s *"_ivl_545", 8 0, L_0x55557333e140;  1 drivers
v0x55557331e780_0 .net/s *"_ivl_551", 8 0, L_0x55557333dc10;  1 drivers
v0x55557331e860_0 .net/s *"_ivl_554", 8 0, L_0x55557333dcb0;  1 drivers
v0x55557331e940_0 .net/s *"_ivl_56", 8 0, L_0x55557332cb60;  1 drivers
v0x55557331ea20_0 .net/s *"_ivl_560", 8 0, L_0x55557333df20;  1 drivers
v0x55557331eb00_0 .net/s *"_ivl_563", 8 0, L_0x55557333dfc0;  1 drivers
v0x55557331ebe0_0 .net/s *"_ivl_569", 8 0, L_0x55557333e8c0;  1 drivers
v0x55557331ecc0_0 .net/s *"_ivl_572", 8 0, L_0x55557332a6e0;  1 drivers
v0x55557331eda0_0 .net/s *"_ivl_578", 8 0, L_0x55557333e320;  1 drivers
v0x55557331ee80_0 .net/s *"_ivl_581", 8 0, L_0x55557333e3f0;  1 drivers
v0x55557331ef60_0 .net/s *"_ivl_587", 8 0, L_0x55557333e660;  1 drivers
v0x55557331f040_0 .net/s *"_ivl_59", 8 0, L_0x55557332cc00;  1 drivers
v0x55557331f120_0 .net/s *"_ivl_590", 8 0, L_0x55557333e700;  1 drivers
v0x55557331f200_0 .net/s *"_ivl_596", 8 0, L_0x555573329330;  1 drivers
v0x55557331f2e0_0 .net/s *"_ivl_599", 8 0, L_0x55557333e960;  1 drivers
v0x55557331f3c0_0 .net/s *"_ivl_605", 8 0, L_0x55557333ebd0;  1 drivers
v0x55557331f4a0_0 .net/s *"_ivl_608", 8 0, L_0x55557333ec70;  1 drivers
v0x55557331f580_0 .net/s *"_ivl_614", 8 0, L_0x55557333eee0;  1 drivers
v0x55557331fe70_0 .net/s *"_ivl_617", 8 0, L_0x55557333f7a0;  1 drivers
v0x55557331ff50_0 .net/s *"_ivl_623", 8 0, L_0x55557333f2a0;  1 drivers
v0x555573320030_0 .net/s *"_ivl_626", 8 0, L_0x55557333f370;  1 drivers
v0x555573320110_0 .net/s *"_ivl_632", 8 0, L_0x55557333f5e0;  1 drivers
v0x5555733201f0_0 .net/s *"_ivl_635", 8 0, L_0x55557333f680;  1 drivers
v0x5555733202d0_0 .net/s *"_ivl_641", 8 0, L_0x55557333ff90;  1 drivers
v0x5555733203b0_0 .net/s *"_ivl_644", 8 0, L_0x55557333f840;  1 drivers
v0x555573320490_0 .net/s *"_ivl_65", 8 0, L_0x55557332ce80;  1 drivers
v0x555573320570_0 .net/s *"_ivl_650", 8 0, L_0x55557333fa80;  1 drivers
v0x555573320650_0 .net/s *"_ivl_653", 8 0, L_0x55557333fb20;  1 drivers
v0x555573320730_0 .net/s *"_ivl_659", 8 0, L_0x55557333fd90;  1 drivers
v0x555573320810_0 .net/s *"_ivl_662", 8 0, L_0x55557333fe30;  1 drivers
v0x5555733208f0_0 .net/s *"_ivl_668", 8 0, L_0x555573329230;  1 drivers
v0x5555733209d0_0 .net/s *"_ivl_671", 8 0, L_0x555573340030;  1 drivers
v0x555573320ab0_0 .net/s *"_ivl_677", 8 0, L_0x5555733402a0;  1 drivers
v0x555573320b90_0 .net/s *"_ivl_68", 8 0, L_0x55557332cfe0;  1 drivers
v0x555573320c70_0 .net/s *"_ivl_680", 8 0, L_0x555573340340;  1 drivers
v0x555573320d50_0 .net/s *"_ivl_686", 8 0, L_0x5555733405b0;  1 drivers
v0x555573320e30_0 .net/s *"_ivl_689", 8 0, L_0x555573340650;  1 drivers
v0x555573320f10_0 .net/s *"_ivl_695", 8 0, L_0x555573341040;  1 drivers
v0x555573320ff0_0 .net/s *"_ivl_698", 8 0, L_0x555573340810;  1 drivers
v0x5555733210d0_0 .net/s *"_ivl_704", 8 0, L_0x555573340a80;  1 drivers
v0x5555733211b0_0 .net/s *"_ivl_707", 8 0, L_0x555573340b20;  1 drivers
v0x555573321290_0 .net/s *"_ivl_713", 8 0, L_0x555573340d90;  1 drivers
v0x555573321370_0 .net/s *"_ivl_716", 8 0, L_0x555573340e30;  1 drivers
v0x555573321450_0 .net *"_ivl_723", 0 0, L_0x5555733410e0;  1 drivers
v0x555573321530_0 .net/s *"_ivl_728", 17 0, L_0x5555733412f0;  1 drivers
L_0x7d54ae0d0018 .functor BUFT 1, C4<000000000000000000>, C4<0>, C4<0>, C4<0>;
v0x555573321610_0 .net *"_ivl_730", 17 0, L_0x7d54ae0d0018;  1 drivers
v0x5555733216f0_0 .net *"_ivl_733", 17 0, L_0x5555733290e0;  1 drivers
v0x5555733217d0_0 .net/s *"_ivl_735", 17 0, L_0x5555733413e0;  1 drivers
v0x5555733218b0_0 .net/s *"_ivl_737", 17 0, L_0x5555733414d0;  1 drivers
v0x555573321990_0 .net/s *"_ivl_74", 8 0, L_0x55557332d320;  1 drivers
v0x555573321a70_0 .net/s *"_ivl_740", 17 0, L_0x555573341610;  1 drivers
v0x555573321b50_0 .net/s *"_ivl_742", 17 0, L_0x555573341700;  1 drivers
v0x555573321c30_0 .net/s *"_ivl_745", 17 0, L_0x555573341900;  1 drivers
v0x555573321d10_0 .net *"_ivl_747", 17 0, L_0x555573341ae0;  1 drivers
v0x555573321df0_0 .net *"_ivl_749", 16 0, L_0x5555733419f0;  1 drivers
L_0x7d54ae0d0060 .functor BUFT 1, C4<0>, C4<0>, C4<0>, C4<0>;
v0x555573321ed0_0 .net *"_ivl_751", 0 0, L_0x7d54ae0d0060;  1 drivers
v0x555573321fb0_0 .net/s *"_ivl_753", 17 0, L_0x555573341c20;  1 drivers
v0x555573322090_0 .net/s *"_ivl_756", 17 0, L_0x555573341d60;  1 drivers
v0x555573322170_0 .net *"_ivl_758", 17 0, L_0x555573341f40;  1 drivers
v0x555573322250_0 .net *"_ivl_760", 16 0, L_0x555573341e50;  1 drivers
L_0x7d54ae0d00a8 .functor BUFT 1, C4<0>, C4<0>, C4<0>, C4<0>;
v0x555573322330_0 .net *"_ivl_762", 0 0, L_0x7d54ae0d00a8;  1 drivers
v0x555573322410_0 .net/s *"_ivl_764", 17 0, L_0x5555733528b0;  1 drivers
v0x5555733224f0_0 .net/s *"_ivl_767", 17 0, L_0x5555733520b0;  1 drivers
v0x5555733225d0_0 .net *"_ivl_769", 17 0, L_0x555573352290;  1 drivers
v0x5555733226b0_0 .net/s *"_ivl_77", 8 0, L_0x55557332d3c0;  1 drivers
v0x555573322790_0 .net *"_ivl_771", 16 0, L_0x5555733521a0;  1 drivers
L_0x7d54ae0d00f0 .functor BUFT 1, C4<0>, C4<0>, C4<0>, C4<0>;
v0x555573322870_0 .net *"_ivl_773", 0 0, L_0x7d54ae0d00f0;  1 drivers
v0x555573322950_0 .net/s *"_ivl_775", 17 0, L_0x5555733523d0;  1 drivers
v0x555573322a30_0 .net/s *"_ivl_778", 17 0, L_0x555573352510;  1 drivers
v0x555573322b10_0 .net *"_ivl_780", 17 0, L_0x555573352740;  1 drivers
v0x555573322bf0_0 .net *"_ivl_782", 16 0, L_0x555573352600;  1 drivers
L_0x7d54ae0d0138 .functor BUFT 1, C4<0>, C4<0>, C4<0>, C4<0>;
v0x555573322cd0_0 .net *"_ivl_784", 0 0, L_0x7d54ae0d0138;  1 drivers
v0x555573322db0_0 .net/s *"_ivl_786", 17 0, L_0x555573353230;  1 drivers
v0x555573322e90_0 .net/s *"_ivl_789", 17 0, L_0x5555733529f0;  1 drivers
v0x555573322f70_0 .net *"_ivl_791", 17 0, L_0x555573352bd0;  1 drivers
v0x555573323050_0 .net *"_ivl_793", 16 0, L_0x555573352ae0;  1 drivers
L_0x7d54ae0d0180 .functor BUFT 1, C4<0>, C4<0>, C4<0>, C4<0>;
v0x555573323130_0 .net *"_ivl_795", 0 0, L_0x7d54ae0d0180;  1 drivers
v0x555573323210_0 .net/s *"_ivl_797", 17 0, L_0x555573352d10;  1 drivers
v0x5555733232f0_0 .net/s *"_ivl_800", 17 0, L_0x555573352e50;  1 drivers
v0x5555733233d0_0 .net *"_ivl_802", 17 0, L_0x555573353030;  1 drivers
v0x5555733234b0_0 .net *"_ivl_804", 16 0, L_0x555573352f40;  1 drivers
L_0x7d54ae0d01c8 .functor BUFT 1, C4<0>, C4<0>, C4<0>, C4<0>;
v0x555573323590_0 .net *"_ivl_806", 0 0, L_0x7d54ae0d01c8;  1 drivers
v0x555573323670_0 .net/s *"_ivl_808", 17 0, L_0x555573353170;  1 drivers
v0x555573323750_0 .net/s *"_ivl_811", 17 0, L_0x555573353370;  1 drivers
v0x555573323830_0 .net *"_ivl_813", 17 0, L_0x555573353550;  1 drivers
v0x555573323910_0 .net *"_ivl_815", 14 0, L_0x555573353460;  1 drivers
L_0x7d54ae0d0210 .functor BUFT 1, C4<000>, C4<0>, C4<0>, C4<0>;
v0x5555733239f0_0 .net *"_ivl_817", 2 0, L_0x7d54ae0d0210;  1 drivers
v0x555573323ad0_0 .net/s *"_ivl_819", 17 0, L_0x555573353690;  1 drivers
v0x555573323bb0_0 .net/s *"_ivl_822", 17 0, L_0x5555733537d0;  1 drivers
v0x555573323c90_0 .net *"_ivl_824", 17 0, L_0x5555733539b0;  1 drivers
v0x555573323d70_0 .net *"_ivl_826", 13 0, L_0x5555733538c0;  1 drivers
L_0x7d54ae0d0258 .functor BUFT 1, C4<0000>, C4<0>, C4<0>, C4<0>;
v0x555573323e50_0 .net *"_ivl_828", 3 0, L_0x7d54ae0d0258;  1 drivers
v0x555573323f30_0 .net/s *"_ivl_83", 8 0, L_0x55557332d710;  1 drivers
v0x555573324010_0 .net/s *"_ivl_830", 17 0, L_0x555573353aa0;  1 drivers
v0x5555733240f0_0 .net/s *"_ivl_833", 17 0, L_0x555573354510;  1 drivers
v0x5555733241d0_0 .net *"_ivl_835", 17 0, L_0x555573353c40;  1 drivers
v0x5555733242b0_0 .net *"_ivl_837", 13 0, L_0x555573354600;  1 drivers
L_0x7d54ae0d02a0 .functor BUFT 1, C4<0000>, C4<0>, C4<0>, C4<0>;
v0x555573324390_0 .net *"_ivl_839", 3 0, L_0x7d54ae0d02a0;  1 drivers
v0x555573324470_0 .net/s *"_ivl_848", 14 0, L_0x5555733540a0;  1 drivers
L_0x7d54ae0d02e8 .functor BUFT 1, C4<000000000000101>, C4<0>, C4<0>, C4<0>;
v0x555573324550_0 .net/2s *"_ivl_850", 14 0, L_0x7d54ae0d02e8;  1 drivers
v0x555573324630_0 .net/s *"_ivl_857", 14 0, L_0x5555733543c0;  1 drivers
L_0x7d54ae0d0330 .functor BUFT 1, C4<000000000000110>, C4<0>, C4<0>, C4<0>;
v0x555573324710_0 .net/2s *"_ivl_859", 14 0, L_0x7d54ae0d0330;  1 drivers
v0x5555733247f0_0 .net/s *"_ivl_86", 8 0, L_0x55557332d8a0;  1 drivers
v0x5555733248d0_0 .net/s *"_ivl_866", 15 0, L_0x5555733546f0;  1 drivers
L_0x7d54ae0d0378 .functor BUFT 1, C4<0000000000001001>, C4<0>, C4<0>, C4<0>;
v0x5555733249b0_0 .net/2s *"_ivl_868", 15 0, L_0x7d54ae0d0378;  1 drivers
v0x555573324a90_0 .net/s *"_ivl_873", 11 0, L_0x555573354920;  1 drivers
v0x555573324b70_0 .net/s *"_ivl_876", 11 0, L_0x555573354a10;  1 drivers
v0x555573324c50_0 .net/s *"_ivl_880", 16 0, L_0x555573354c40;  1 drivers
L_0x7d54ae0d03c0 .functor BUFT 1, C4<00000000000001011>, C4<0>, C4<0>, C4<0>;
v0x555573324d30_0 .net/2s *"_ivl_882", 16 0, L_0x7d54ae0d03c0;  1 drivers
v0x555573324e10_0 .net/s *"_ivl_889", 15 0, L_0x555573354f60;  1 drivers
L_0x7d54ae0d0408 .functor BUFT 1, C4<0000000000001101>, C4<0>, C4<0>, C4<0>;
v0x555573324ef0_0 .net/2s *"_ivl_891", 15 0, L_0x7d54ae0d0408;  1 drivers
v0x555573324fd0_0 .net/s *"_ivl_898", 15 0, L_0x5555733552e0;  1 drivers
L_0x7d54ae0d0450 .functor BUFT 1, C4<0000000000001110>, C4<0>, C4<0>, C4<0>;
v0x5555733250b0_0 .net/2s *"_ivl_900", 15 0, L_0x7d54ae0d0450;  1 drivers
v0x555573325190_0 .net/s *"_ivl_907", 15 0, L_0x555573355600;  1 drivers
L_0x7d54ae0d0498 .functor BUFT 1, C4<0000000000001111>, C4<0>, C4<0>, C4<0>;
v0x555573325270_0 .net/2s *"_ivl_909", 15 0, L_0x7d54ae0d0498;  1 drivers
v0x555573325350_0 .net/s *"_ivl_916", 16 0, L_0x555573355920;  1 drivers
L_0x7d54ae0d04e0 .functor BUFT 1, C4<00000000000010001>, C4<0>, C4<0>, C4<0>;
v0x555573325430_0 .net/2s *"_ivl_918", 16 0, L_0x7d54ae0d04e0;  1 drivers
v0x555573325510_0 .net/s *"_ivl_92", 8 0, L_0x55557332dc10;  1 drivers
v0x5555733255f0_0 .net/s *"_ivl_922", 19 0, L_0x5555733566b0;  1 drivers
v0x5555733256d0_0 .net/s *"_ivl_924", 19 0, L_0x555573355cf0;  1 drivers
v0x5555733257b0_0 .net/s *"_ivl_926", 19 0, L_0x555573355e30;  1 drivers
v0x555573325890_0 .net/s *"_ivl_928", 19 0, L_0x555573355f20;  1 drivers
v0x555573325970_0 .net/s *"_ivl_930", 19 0, L_0x555573356060;  1 drivers
v0x555573325a50_0 .net/s *"_ivl_932", 19 0, L_0x555573356150;  1 drivers
v0x555573325b30_0 .net/s *"_ivl_934", 19 0, L_0x555573356290;  1 drivers
v0x555573325c10_0 .net/s *"_ivl_936", 19 0, L_0x555573356380;  1 drivers
v0x555573325cf0_0 .net/s *"_ivl_938", 19 0, L_0x5555733564c0;  1 drivers
v0x555573325dd0_0 .net/s *"_ivl_940", 19 0, L_0x5555733565b0;  1 drivers
v0x555573325eb0_0 .net/s *"_ivl_942", 19 0, L_0x555573357200;  1 drivers
v0x555573325f90_0 .net/s *"_ivl_944", 19 0, L_0x5555733567a0;  1 drivers
v0x555573326070_0 .net/s *"_ivl_946", 19 0, L_0x5555733568e0;  1 drivers
v0x555573326150_0 .net/s *"_ivl_948", 19 0, L_0x5555733569d0;  1 drivers
v0x555573326230_0 .net/s *"_ivl_95", 8 0, L_0x55557332dcb0;  1 drivers
v0x555573326310_0 .net/s *"_ivl_950", 19 0, L_0x555573356b10;  1 drivers
v0x5555733263f0_0 .net/s *"_ivl_952", 19 0, L_0x555573356c00;  1 drivers
v0x5555733264d0_0 .net "clk", 0 0, v0x55557332ad40_0;  1 drivers
v0x555573326590_0 .net/s "final_sum", 16 0, L_0x555573356d40;  1 drivers
v0x555573326670_0 .net/s "g0_mult", 19 0, L_0x555573353ec0;  1 drivers
v0x555573326750_0 .net/s "g0_pre_sum", 17 0, L_0x555573353d80;  1 drivers
v0x555573326830_0 .net/s "g1_mult", 14 0, L_0x555573354190;  1 drivers
v0x555573326930_0 .net/s "g1_pre_sum", 10 0, L_0x555573353fb0;  1 drivers
v0x555573326a10_0 .net/s "g2_mult", 14 0, L_0x555573355010;  1 drivers
v0x555573326b10_0 .net/s "g2_pre_sum", 10 0, L_0x5555733542d0;  1 drivers
v0x555573326bf0_0 .net/s "g3_mult", 15 0, L_0x5555733547e0;  1 drivers
v0x555573326cf0_0 .net/s "g3_pre_sum", 10 0, L_0x555573355100;  1 drivers
v0x555573326dd0_0 .net/s "g4_mult", 16 0, L_0x555573354d30;  1 drivers
v0x55557331f680_0 .net/s "g4_pre_sum", 11 0, L_0x555573354b00;  1 drivers
v0x55557331f760_0 .net/s "g5_mult", 15 0, L_0x555573355bb0;  1 drivers
v0x55557331f860_0 .net/s "g5_pre_sum", 10 0, L_0x555573354e70;  1 drivers
v0x55557331f940_0 .net/s "g6_mult", 15 0, L_0x5555733553d0;  1 drivers
v0x55557331fa40_0 .net/s "g6_pre_sum", 10 0, L_0x5555733551f0;  1 drivers
v0x55557331fb20_0 .net/s "g7_mult", 15 0, L_0x5555733556f0;  1 drivers
v0x55557331fc20_0 .net/s "g7_pre_sum", 10 0, L_0x555573355510;  1 drivers
v0x55557331fd00_0 .net/s "g8_mult", 16 0, L_0x555573355a10;  1 drivers
v0x555573327e80_0 .net/s "g8_pre_sum", 10 0, L_0x555573355830;  1 drivers
v0x555573327f40_0 .net "in_valid", 0 0, v0x55557332aeb0_0;  1 drivers
v0x555573328000_0 .var "out_valid", 0 0;
v0x5555733280c0_0 .net "rst_n", 0 0, v0x55557332b0e0_0;  1 drivers
v0x555573328180 .array/s "shift_reg", 160 0, 7 0;
v0x555573329b70_0 .net/s "x_in", 7 0, v0x55557332b590_0;  1 drivers
v0x555573329c50 .array "x_symm", 80 0;
v0x555573329c50_0 .net/s v0x555573329c50 0, 8 0, L_0x55557332b950; 1 drivers
v0x555573329c50_1 .net/s v0x555573329c50 1, 8 0, L_0x55557332bbc0; 1 drivers
v0x555573329c50_2 .net/s v0x555573329c50 2, 8 0, L_0x55557332be90; 1 drivers
v0x555573329c50_3 .net/s v0x555573329c50 3, 8 0, L_0x55557332c200; 1 drivers
v0x555573329c50_4 .net/s v0x555573329c50 4, 8 0, L_0x55557332c5b0; 1 drivers
v0x555573329c50_5 .net/s v0x555573329c50 5, 8 0, L_0x55557332c950; 1 drivers
v0x555573329c50_6 .net/s v0x555573329c50 6, 8 0, L_0x55557332cac0; 1 drivers
v0x555573329c50_7 .net/s v0x555573329c50 7, 8 0, L_0x55557332d0e0; 1 drivers
v0x555573329c50_8 .net/s v0x555573329c50 8, 8 0, L_0x55557332d5a0; 1 drivers
v0x555573329c50_9 .net/s v0x555573329c50 9, 8 0, L_0x55557332d9a0; 1 drivers
v0x555573329c50_10 .net/s v0x555573329c50 10, 8 0, L_0x55557332dec0; 1 drivers
v0x555573329c50_11 .net/s v0x555573329c50 11, 8 0, L_0x55557332e2f0; 1 drivers
v0x555573329c50_12 .net/s v0x555573329c50 12, 8 0, L_0x55557332e460; 1 drivers
v0x555573329c50_13 .net/s v0x555573329c50 13, 8 0, L_0x55557332ebb0; 1 drivers
v0x555573329c50_14 .net/s v0x555573329c50 14, 8 0, L_0x55557332f190; 1 drivers
v0x555573329c50_15 .net/s v0x555573329c50 15, 8 0, L_0x55557332f620; 1 drivers
v0x555573329c50_16 .net/s v0x555573329c50 16, 8 0, L_0x55557332fc60; 1 drivers
v0x555573329c50_17 .net/s v0x555573329c50 17, 8 0, L_0x555573330120; 1 drivers
v0x555573329c50_18 .net/s v0x555573329c50 18, 8 0, L_0x5555733307c0; 1 drivers
v0x555573329c50_19 .net/s v0x555573329c50 19, 8 0, L_0x555573330cb0; 1 drivers
v0x555573329c50_20 .net/s v0x555573329c50 20, 8 0, L_0x5555733313b0; 1 drivers
v0x555573329c50_21 .net/s v0x555573329c50 21, 8 0, L_0x5555733318d0; 1 drivers
v0x555573329c50_22 .net/s v0x555573329c50 22, 8 0, L_0x555573332000; 1 drivers
v0x555573329c50_23 .net/s v0x555573329c50 23, 8 0, L_0x555573332550; 1 drivers
v0x555573329c50_24 .net/s v0x555573329c50 24, 8 0, L_0x555573332ce0; 1 drivers
v0x555573329c50_25 .net/s v0x555573329c50 25, 8 0, L_0x555573333260; 1 drivers
v0x555573329c50_26 .net/s v0x555573329c50 26, 8 0, L_0x555573333a80; 1 drivers
v0x555573329c50_27 .net/s v0x555573329c50 27, 8 0, L_0x555573334030; 1 drivers
v0x555573329c50_28 .net/s v0x555573329c50 28, 8 0, L_0x5555733348b0; 1 drivers
v0x555573329c50_29 .net/s v0x555573329c50 29, 8 0, L_0x555573334e90; 1 drivers
v0x555573329c50_30 .net/s v0x555573329c50 30, 8 0, L_0x555573335770; 1 drivers
v0x555573329c50_31 .net/s v0x555573329c50 31, 8 0, L_0x555573335d80; 1 drivers
v0x555573329c50_32 .net/s v0x555573329c50 32, 8 0, L_0x5555733366c0; 1 drivers
v0x555573329c50_33 .net/s v0x555573329c50 33, 8 0, L_0x555573336d00; 1 drivers
v0x555573329c50_34 .net/s v0x555573329c50 34, 8 0, L_0x5555733376a0; 1 drivers
v0x555573329c50_35 .net/s v0x555573329c50 35, 8 0, L_0x555573337d10; 1 drivers
v0x555573329c50_36 .net/s v0x555573329c50 36, 8 0, L_0x555573338710; 1 drivers
v0x555573329c50_37 .net/s v0x555573329c50 37, 8 0, L_0x555573338db0; 1 drivers
v0x555573329c50_38 .net/s v0x555573329c50 38, 8 0, L_0x555573339810; 1 drivers
v0x555573329c50_39 .net/s v0x555573329c50 39, 8 0, L_0x555573339ee0; 1 drivers
v0x555573329c50_40 .net/s v0x555573329c50 40, 8 0, L_0x555573329810; 1 drivers
v0x555573329c50_41 .net/s v0x555573329c50 41, 8 0, L_0x555573329a20; 1 drivers
v0x555573329c50_42 .net/s v0x555573329c50 42, 8 0, L_0x55557333a900; 1 drivers
v0x555573329c50_43 .net/s v0x555573329c50 43, 8 0, L_0x55557333b030; 1 drivers
v0x555573329c50_44 .net/s v0x555573329c50 44, 8 0, L_0x55557333ad10; 1 drivers
v0x555573329c50_45 .net/s v0x555573329c50 45, 8 0, L_0x55557333b690; 1 drivers
v0x555573329c50_46 .net/s v0x555573329c50 46, 8 0, L_0x55557333b370; 1 drivers
v0x555573329c50_47 .net/s v0x555573329c50 47, 8 0, L_0x55557333bcf0; 1 drivers
v0x555573329c50_48 .net/s v0x555573329c50 48, 8 0, L_0x55557333b9a0; 1 drivers
v0x555573329c50_49 .net/s v0x555573329c50 49, 8 0, L_0x55557333c290; 1 drivers
v0x555573329c50_50 .net/s v0x555573329c50 50, 8 0, L_0x55557333bfb0; 1 drivers
v0x555573329c50_51 .net/s v0x555573329c50 51, 8 0, L_0x55557333c860; 1 drivers
v0x555573329c50_52 .net/s v0x555573329c50 52, 8 0, L_0x55557333c4f0; 1 drivers
v0x555573329c50_53 .net/s v0x555573329c50 53, 8 0, L_0x55557333ce60; 1 drivers
v0x555573329c50_54 .net/s v0x555573329c50 54, 8 0, L_0x55557333caf0; 1 drivers
v0x555573329c50_55 .net/s v0x555573329c50 55, 8 0, L_0x55557333d490; 1 drivers
v0x555573329c50_56 .net/s v0x555573329c50 56, 8 0, L_0x55557333d020; 1 drivers
v0x555573329c50_57 .net/s v0x555573329c50 57, 8 0, L_0x55557333d330; 1 drivers
v0x555573329c50_58 .net/s v0x555573329c50 58, 8 0, L_0x55557333d6d0; 1 drivers
v0x555573329c50_59 .net/s v0x555573329c50 59, 8 0, L_0x55557333d9e0; 1 drivers
v0x555573329c50_60 .net/s v0x555573329c50 60, 8 0, L_0x55557333daf0; 1 drivers
v0x555573329c50_61 .net/s v0x555573329c50 61, 8 0, L_0x55557333ddb0; 1 drivers
v0x555573329c50_62 .net/s v0x555573329c50 62, 8 0, L_0x55557333e7d0; 1 drivers
v0x555573329c50_63 .net/s v0x555573329c50 63, 8 0, L_0x55557333e1e0; 1 drivers
v0x555573329c50_64 .net/s v0x555573329c50 64, 8 0, L_0x55557333e4f0; 1 drivers
v0x555573329c50_65 .net/s v0x555573329c50 65, 8 0, L_0x55557333efc0; 1 drivers
v0x555573329c50_66 .net/s v0x555573329c50 66, 8 0, L_0x55557333ea60; 1 drivers
v0x555573329c50_67 .net/s v0x555573329c50 67, 8 0, L_0x55557333ed70; 1 drivers
v0x555573329c50_68 .net/s v0x555573329c50 68, 8 0, L_0x55557333f130; 1 drivers
v0x555573329c50_69 .net/s v0x555573329c50 69, 8 0, L_0x55557333f470; 1 drivers
v0x555573329c50_70 .net/s v0x555573329c50 70, 8 0, L_0x55557333fef0; 1 drivers
v0x555573329c50_71 .net/s v0x555573329c50 71, 8 0, L_0x55557333f910; 1 drivers
v0x555573329c50_72 .net/s v0x555573329c50 72, 8 0, L_0x55557333fc20; 1 drivers
v0x555573329c50_73 .net/s v0x555573329c50 73, 8 0, L_0x555573340720; 1 drivers
v0x555573329c50_74 .net/s v0x555573329c50 74, 8 0, L_0x555573340130; 1 drivers
v0x555573329c50_75 .net/s v0x555573329c50 75, 8 0, L_0x555573340440; 1 drivers
v0x555573329c50_76 .net/s v0x555573329c50 76, 8 0, L_0x555573340f50; 1 drivers
v0x555573329c50_77 .net/s v0x555573329c50 77, 8 0, L_0x555573340910; 1 drivers
v0x555573329c50_78 .net/s v0x555573329c50 78, 8 0, L_0x555573340c20; 1 drivers
v0x555573329c50_79 .net/s v0x555573329c50 79, 8 0, L_0x555573341860; 1 drivers
v0x555573329c50_80 .net/s v0x555573329c50 80, 8 0, L_0x555573341180; 1 drivers
v0x55557332a9c0_0 .var/s "y_out", 8 0;
E_0x555573224030 .event anyedge, v0x555573326590_0;
E_0x5555732376b0 .event posedge, v0x5555733264d0_0;
v0x555573328180_0 .array/port v0x555573328180, 0;
L_0x55557332b750 .extend/s 9, v0x555573328180_0;
v0x555573328180_160 .array/port v0x555573328180, 160;
L_0x55557332b850 .extend/s 9, v0x555573328180_160;
L_0x55557332b950 .arith/sum 9, L_0x55557332b750, L_0x55557332b850;
v0x555573328180_1 .array/port v0x555573328180, 1;
L_0x55557332ba20 .extend/s 9, v0x555573328180_1;
v0x555573328180_159 .array/port v0x555573328180, 159;
L_0x55557332baf0 .extend/s 9, v0x555573328180_159;
L_0x55557332bbc0 .arith/sum 9, L_0x55557332ba20, L_0x55557332baf0;
v0x555573328180_2 .array/port v0x555573328180, 2;
L_0x55557332bcd0 .extend/s 9, v0x555573328180_2;
v0x555573328180_158 .array/port v0x555573328180, 158;
L_0x55557332bd70 .extend/s 9, v0x555573328180_158;
L_0x55557332be90 .arith/sum 9, L_0x55557332bcd0, L_0x55557332bd70;
v0x555573328180_3 .array/port v0x555573328180, 3;
L_0x55557332c000 .extend/s 9, v0x555573328180_3;
v0x555573328180_157 .array/port v0x555573328180, 157;
L_0x55557332c100 .extend/s 9, v0x555573328180_157;
L_0x55557332c200 .arith/sum 9, L_0x55557332c000, L_0x55557332c100;
v0x555573328180_4 .array/port v0x555573328180, 4;
L_0x55557332c390 .extend/s 9, v0x555573328180_4;
v0x555573328180_156 .array/port v0x555573328180, 156;
L_0x55557332c430 .extend/s 9, v0x555573328180_156;
L_0x55557332c5b0 .arith/sum 9, L_0x55557332c390, L_0x55557332c430;
v0x555573328180_5 .array/port v0x555573328180, 5;
L_0x55557332c720 .extend/s 9, v0x555573328180_5;
v0x555573328180_155 .array/port v0x555573328180, 155;
L_0x55557332c850 .extend/s 9, v0x555573328180_155;
L_0x55557332c950 .arith/sum 9, L_0x55557332c720, L_0x55557332c850;
v0x555573328180_6 .array/port v0x555573328180, 6;
L_0x55557332cb60 .extend/s 9, v0x555573328180_6;
v0x555573328180_154 .array/port v0x555573328180, 154;
L_0x55557332cc00 .extend/s 9, v0x555573328180_154;
L_0x55557332cac0 .arith/sum 9, L_0x55557332cb60, L_0x55557332cc00;
v0x555573328180_7 .array/port v0x555573328180, 7;
L_0x55557332ce80 .extend/s 9, v0x555573328180_7;
v0x555573328180_153 .array/port v0x555573328180, 153;
L_0x55557332cfe0 .extend/s 9, v0x555573328180_153;
L_0x55557332d0e0 .arith/sum 9, L_0x55557332ce80, L_0x55557332cfe0;
v0x555573328180_8 .array/port v0x555573328180, 8;
L_0x55557332d320 .extend/s 9, v0x555573328180_8;
v0x555573328180_152 .array/port v0x555573328180, 152;
L_0x55557332d3c0 .extend/s 9, v0x555573328180_152;
L_0x55557332d5a0 .arith/sum 9, L_0x55557332d320, L_0x55557332d3c0;
v0x555573328180_9 .array/port v0x555573328180, 9;
L_0x55557332d710 .extend/s 9, v0x555573328180_9;
v0x555573328180_151 .array/port v0x555573328180, 151;
L_0x55557332d8a0 .extend/s 9, v0x555573328180_151;
L_0x55557332d9a0 .arith/sum 9, L_0x55557332d710, L_0x55557332d8a0;
v0x555573328180_10 .array/port v0x555573328180, 10;
L_0x55557332dc10 .extend/s 9, v0x555573328180_10;
v0x555573328180_150 .array/port v0x555573328180, 150;
L_0x55557332dcb0 .extend/s 9, v0x555573328180_150;
L_0x55557332dec0 .arith/sum 9, L_0x55557332dc10, L_0x55557332dcb0;
v0x555573328180_11 .array/port v0x555573328180, 11;
L_0x55557332e030 .extend/s 9, v0x555573328180_11;
v0x555573328180_149 .array/port v0x555573328180, 149;
L_0x55557332e1f0 .extend/s 9, v0x555573328180_149;
L_0x55557332e2f0 .arith/sum 9, L_0x55557332e030, L_0x55557332e1f0;
v0x555573328180_12 .array/port v0x555573328180, 12;
L_0x55557332e590 .extend/s 9, v0x555573328180_12;
v0x555573328180_148 .array/port v0x555573328180, 148;
L_0x55557332e630 .extend/s 9, v0x555573328180_148;
L_0x55557332e460 .arith/sum 9, L_0x55557332e590, L_0x55557332e630;
v0x555573328180_13 .array/port v0x555573328180, 13;
L_0x55557332e8c0 .extend/s 9, v0x555573328180_13;
v0x555573328180_147 .array/port v0x555573328180, 147;
L_0x55557332eab0 .extend/s 9, v0x555573328180_147;
L_0x55557332ebb0 .arith/sum 9, L_0x55557332e8c0, L_0x55557332eab0;
v0x555573328180_14 .array/port v0x555573328180, 14;
L_0x55557332ee80 .extend/s 9, v0x555573328180_14;
v0x555573328180_146 .array/port v0x555573328180, 146;
L_0x55557332ef20 .extend/s 9, v0x555573328180_146;
L_0x55557332f190 .arith/sum 9, L_0x55557332ee80, L_0x55557332ef20;
v0x555573328180_15 .array/port v0x555573328180, 15;
L_0x55557332f300 .extend/s 9, v0x555573328180_15;
v0x555573328180_145 .array/port v0x555573328180, 145;
L_0x55557332f520 .extend/s 9, v0x555573328180_145;
L_0x55557332f620 .arith/sum 9, L_0x55557332f300, L_0x55557332f520;
v0x555573328180_16 .array/port v0x555573328180, 16;
L_0x55557332f920 .extend/s 9, v0x555573328180_16;
v0x555573328180_144 .array/port v0x555573328180, 144;
L_0x55557332f9c0 .extend/s 9, v0x555573328180_144;
L_0x55557332fc60 .arith/sum 9, L_0x55557332f920, L_0x55557332f9c0;
v0x555573328180_17 .array/port v0x555573328180, 17;
L_0x55557332fdd0 .extend/s 9, v0x555573328180_17;
v0x555573328180_143 .array/port v0x555573328180, 143;
L_0x555573330020 .extend/s 9, v0x555573328180_143;
L_0x555573330120 .arith/sum 9, L_0x55557332fdd0, L_0x555573330020;
v0x555573328180_18 .array/port v0x555573328180, 18;
L_0x555573330450 .extend/s 9, v0x555573328180_18;
v0x555573328180_142 .array/port v0x555573328180, 142;
L_0x5555733304f0 .extend/s 9, v0x555573328180_142;
L_0x5555733307c0 .arith/sum 9, L_0x555573330450, L_0x5555733304f0;
v0x555573328180_19 .array/port v0x555573328180, 19;
L_0x555573330930 .extend/s 9, v0x555573328180_19;
v0x555573328180_141 .array/port v0x555573328180, 141;
L_0x555573330bb0 .extend/s 9, v0x555573328180_141;
L_0x555573330cb0 .arith/sum 9, L_0x555573330930, L_0x555573330bb0;
v0x555573328180_20 .array/port v0x555573328180, 20;
L_0x555573331010 .extend/s 9, v0x555573328180_20;
v0x555573328180_140 .array/port v0x555573328180, 140;
L_0x5555733310b0 .extend/s 9, v0x555573328180_140;
L_0x5555733313b0 .arith/sum 9, L_0x555573331010, L_0x5555733310b0;
v0x555573328180_21 .array/port v0x555573328180, 21;
L_0x555573331520 .extend/s 9, v0x555573328180_21;
v0x555573328180_139 .array/port v0x555573328180, 139;
L_0x5555733317d0 .extend/s 9, v0x555573328180_139;
L_0x5555733318d0 .arith/sum 9, L_0x555573331520, L_0x5555733317d0;
v0x555573328180_22 .array/port v0x555573328180, 22;
L_0x555573331c60 .extend/s 9, v0x555573328180_22;
v0x555573328180_138 .array/port v0x555573328180, 138;
L_0x555573331d00 .extend/s 9, v0x555573328180_138;
L_0x555573332000 .arith/sum 9, L_0x555573331c60, L_0x555573331d00;
v0x555573328180_23 .array/port v0x555573328180, 23;
L_0x555573332170 .extend/s 9, v0x555573328180_23;
v0x555573328180_137 .array/port v0x555573328180, 137;
L_0x555573332450 .extend/s 9, v0x555573328180_137;
L_0x555573332550 .arith/sum 9, L_0x555573332170, L_0x555573332450;
v0x555573328180_24 .array/port v0x555573328180, 24;
L_0x555573332910 .extend/s 9, v0x555573328180_24;
v0x555573328180_136 .array/port v0x555573328180, 136;
L_0x5555733329b0 .extend/s 9, v0x555573328180_136;
L_0x555573332ce0 .arith/sum 9, L_0x555573332910, L_0x5555733329b0;
v0x555573328180_25 .array/port v0x555573328180, 25;
L_0x555573332e50 .extend/s 9, v0x555573328180_25;
v0x555573328180_135 .array/port v0x555573328180, 135;
L_0x555573333160 .extend/s 9, v0x555573328180_135;
L_0x555573333260 .arith/sum 9, L_0x555573332e50, L_0x555573333160;
v0x555573328180_26 .array/port v0x555573328180, 26;
L_0x555573333650 .extend/s 9, v0x555573328180_26;
v0x555573328180_134 .array/port v0x555573328180, 134;
L_0x5555733336f0 .extend/s 9, v0x555573328180_134;
L_0x555573333a80 .arith/sum 9, L_0x555573333650, L_0x5555733336f0;
v0x555573328180_27 .array/port v0x555573328180, 27;
L_0x555573333bf0 .extend/s 9, v0x555573328180_27;
v0x555573328180_133 .array/port v0x555573328180, 133;
L_0x555573333f30 .extend/s 9, v0x555573328180_133;
L_0x555573334030 .arith/sum 9, L_0x555573333bf0, L_0x555573333f30;
v0x555573328180_28 .array/port v0x555573328180, 28;
L_0x555573334450 .extend/s 9, v0x555573328180_28;
v0x555573328180_132 .array/port v0x555573328180, 132;
L_0x5555733344f0 .extend/s 9, v0x555573328180_132;
L_0x5555733348b0 .arith/sum 9, L_0x555573334450, L_0x5555733344f0;
v0x555573328180_29 .array/port v0x555573328180, 29;
L_0x555573334a20 .extend/s 9, v0x555573328180_29;
v0x555573328180_131 .array/port v0x555573328180, 131;
L_0x555573334d90 .extend/s 9, v0x555573328180_131;
L_0x555573334e90 .arith/sum 9, L_0x555573334a20, L_0x555573334d90;
v0x555573328180_30 .array/port v0x555573328180, 30;
L_0x5555733352e0 .extend/s 9, v0x555573328180_30;
v0x555573328180_130 .array/port v0x555573328180, 130;
L_0x555573335380 .extend/s 9, v0x555573328180_130;
L_0x555573335770 .arith/sum 9, L_0x5555733352e0, L_0x555573335380;
v0x555573328180_31 .array/port v0x555573328180, 31;
L_0x5555733358e0 .extend/s 9, v0x555573328180_31;
v0x555573328180_129 .array/port v0x555573328180, 129;
L_0x555573335c80 .extend/s 9, v0x555573328180_129;
L_0x555573335d80 .arith/sum 9, L_0x5555733358e0, L_0x555573335c80;
v0x555573328180_32 .array/port v0x555573328180, 32;
L_0x555573336200 .extend/s 9, v0x555573328180_32;
v0x555573328180_128 .array/port v0x555573328180, 128;
L_0x5555733362a0 .extend/s 9, v0x555573328180_128;
L_0x5555733366c0 .arith/sum 9, L_0x555573336200, L_0x5555733362a0;
v0x555573328180_33 .array/port v0x555573328180, 33;
L_0x555573336830 .extend/s 9, v0x555573328180_33;
v0x555573328180_127 .array/port v0x555573328180, 127;
L_0x555573336c00 .extend/s 9, v0x555573328180_127;
L_0x555573336d00 .arith/sum 9, L_0x555573336830, L_0x555573336c00;
v0x555573328180_34 .array/port v0x555573328180, 34;
L_0x5555733371b0 .extend/s 9, v0x555573328180_34;
v0x555573328180_126 .array/port v0x555573328180, 126;
L_0x555573337250 .extend/s 9, v0x555573328180_126;
L_0x5555733376a0 .arith/sum 9, L_0x5555733371b0, L_0x555573337250;
v0x555573328180_35 .array/port v0x555573328180, 35;
L_0x555573337810 .extend/s 9, v0x555573328180_35;
v0x555573328180_125 .array/port v0x555573328180, 125;
L_0x555573337c10 .extend/s 9, v0x555573328180_125;
L_0x555573337d10 .arith/sum 9, L_0x555573337810, L_0x555573337c10;
v0x555573328180_36 .array/port v0x555573328180, 36;
L_0x5555733381f0 .extend/s 9, v0x555573328180_36;
v0x555573328180_124 .array/port v0x555573328180, 124;
L_0x555573338290 .extend/s 9, v0x555573328180_124;
L_0x555573338710 .arith/sum 9, L_0x5555733381f0, L_0x555573338290;
v0x555573328180_37 .array/port v0x555573328180, 37;
L_0x555573338880 .extend/s 9, v0x555573328180_37;
v0x555573328180_123 .array/port v0x555573328180, 123;
L_0x555573338cb0 .extend/s 9, v0x555573328180_123;
L_0x555573338db0 .arith/sum 9, L_0x555573338880, L_0x555573338cb0;
v0x555573328180_38 .array/port v0x555573328180, 38;
L_0x5555733392c0 .extend/s 9, v0x555573328180_38;
v0x555573328180_122 .array/port v0x555573328180, 122;
L_0x555573339360 .extend/s 9, v0x555573328180_122;
L_0x555573339810 .arith/sum 9, L_0x5555733392c0, L_0x555573339360;
v0x555573328180_39 .array/port v0x555573328180, 39;
L_0x555573339980 .extend/s 9, v0x555573328180_39;
v0x555573328180_121 .array/port v0x555573328180, 121;
L_0x555573339de0 .extend/s 9, v0x555573328180_121;
L_0x555573339ee0 .arith/sum 9, L_0x555573339980, L_0x555573339de0;
v0x555573328180_40 .array/port v0x555573328180, 40;
L_0x555573329670 .extend/s 9, v0x555573328180_40;
v0x555573328180_120 .array/port v0x555573328180, 120;
L_0x555573329710 .extend/s 9, v0x555573328180_120;
L_0x555573329810 .arith/sum 9, L_0x555573329670, L_0x555573329710;
v0x555573328180_41 .array/port v0x555573328180, 41;
L_0x555573329980 .extend/s 9, v0x555573328180_41;
v0x555573328180_119 .array/port v0x555573328180, 119;
L_0x55557332a3b0 .extend/s 9, v0x555573328180_119;
L_0x555573329a20 .arith/sum 9, L_0x555573329980, L_0x55557332a3b0;
v0x555573328180_42 .array/port v0x555573328180, 42;
L_0x55557333a3b0 .extend/s 9, v0x555573328180_42;
v0x555573328180_118 .array/port v0x555573328180, 118;
L_0x55557333a450 .extend/s 9, v0x555573328180_118;
L_0x55557333a900 .arith/sum 9, L_0x55557333a3b0, L_0x55557333a450;
v0x555573328180_43 .array/port v0x555573328180, 43;
L_0x55557333aa70 .extend/s 9, v0x555573328180_43;
v0x555573328180_117 .array/port v0x555573328180, 117;
L_0x55557333af60 .extend/s 9, v0x555573328180_117;
L_0x55557333b030 .arith/sum 9, L_0x55557333aa70, L_0x55557333af60;
v0x555573328180_44 .array/port v0x555573328180, 44;
L_0x55557333ab40 .extend/s 9, v0x555573328180_44;
v0x555573328180_116 .array/port v0x555573328180, 116;
L_0x55557333ac10 .extend/s 9, v0x555573328180_116;
L_0x55557333ad10 .arith/sum 9, L_0x55557333ab40, L_0x55557333ac10;
v0x555573328180_45 .array/port v0x555573328180, 45;
L_0x55557333ae80 .extend/s 9, v0x555573328180_45;
v0x555573328180_115 .array/port v0x555573328180, 115;
L_0x55557333b5f0 .extend/s 9, v0x555573328180_115;
L_0x55557333b690 .arith/sum 9, L_0x55557333ae80, L_0x55557333b5f0;
v0x555573328180_46 .array/port v0x555573328180, 46;
L_0x55557333b1a0 .extend/s 9, v0x555573328180_46;
v0x555573328180_114 .array/port v0x555573328180, 114;
L_0x55557333b270 .extend/s 9, v0x555573328180_114;
L_0x55557333b370 .arith/sum 9, L_0x55557333b1a0, L_0x55557333b270;
v0x555573328180_47 .array/port v0x555573328180, 47;
L_0x55557333b4e0 .extend/s 9, v0x555573328180_47;
v0x555573328180_113 .array/port v0x555573328180, 113;
L_0x55557333bc50 .extend/s 9, v0x555573328180_113;
L_0x55557333bcf0 .arith/sum 9, L_0x55557333b4e0, L_0x55557333bc50;
v0x555573328180_48 .array/port v0x555573328180, 48;
L_0x55557333b7d0 .extend/s 9, v0x555573328180_48;
v0x555573328180_112 .array/port v0x555573328180, 112;
L_0x55557333b8a0 .extend/s 9, v0x555573328180_112;
L_0x55557333b9a0 .arith/sum 9, L_0x55557333b7d0, L_0x55557333b8a0;
v0x555573328180_49 .array/port v0x555573328180, 49;
L_0x55557333bb10 .extend/s 9, v0x555573328180_49;
v0x555573328180_111 .array/port v0x555573328180, 111;
L_0x55557333bbb0 .extend/s 9, v0x555573328180_111;
L_0x55557333c290 .arith/sum 9, L_0x55557333bb10, L_0x55557333bbb0;
v0x555573328180_50 .array/port v0x555573328180, 50;
L_0x55557333bde0 .extend/s 9, v0x555573328180_50;
v0x555573328180_110 .array/port v0x555573328180, 110;
L_0x55557333beb0 .extend/s 9, v0x555573328180_110;
L_0x55557333bfb0 .arith/sum 9, L_0x55557333bde0, L_0x55557333beb0;
v0x555573328180_51 .array/port v0x555573328180, 51;
L_0x55557333c120 .extend/s 9, v0x555573328180_51;
v0x555573328180_109 .array/port v0x555573328180, 109;
L_0x55557333c1c0 .extend/s 9, v0x555573328180_109;
L_0x55557333c860 .arith/sum 9, L_0x55557333c120, L_0x55557333c1c0;
v0x555573328180_52 .array/port v0x555573328180, 52;
L_0x55557333c380 .extend/s 9, v0x555573328180_52;
v0x555573328180_108 .array/port v0x555573328180, 108;
L_0x55557333c420 .extend/s 9, v0x555573328180_108;
L_0x55557333c4f0 .arith/sum 9, L_0x55557333c380, L_0x55557333c420;
v0x555573328180_53 .array/port v0x555573328180, 53;
L_0x55557333c660 .extend/s 9, v0x555573328180_53;
v0x555573328180_107 .array/port v0x555573328180, 107;
L_0x55557333c700 .extend/s 9, v0x555573328180_107;
L_0x55557333ce60 .arith/sum 9, L_0x55557333c660, L_0x55557333c700;
v0x555573328180_54 .array/port v0x555573328180, 54;
L_0x55557333c950 .extend/s 9, v0x555573328180_54;
v0x555573328180_106 .array/port v0x555573328180, 106;
L_0x55557333c9f0 .extend/s 9, v0x555573328180_106;
L_0x55557333caf0 .arith/sum 9, L_0x55557333c950, L_0x55557333c9f0;
v0x555573328180_55 .array/port v0x555573328180, 55;
L_0x55557333cc60 .extend/s 9, v0x555573328180_55;
v0x555573328180_105 .array/port v0x555573328180, 105;
L_0x55557333cd00 .extend/s 9, v0x555573328180_105;
L_0x55557333d490 .arith/sum 9, L_0x55557333cc60, L_0x55557333cd00;
v0x555573328180_56 .array/port v0x555573328180, 56;
L_0x555573328d90 .extend/s 9, v0x555573328180_56;
v0x555573328180_104 .array/port v0x555573328180, 104;
L_0x55557333cf50 .extend/s 9, v0x555573328180_104;
L_0x55557333d020 .arith/sum 9, L_0x555573328d90, L_0x55557333cf50;
v0x555573328180_57 .array/port v0x555573328180, 57;
L_0x55557333d190 .extend/s 9, v0x555573328180_57;
v0x555573328180_103 .array/port v0x555573328180, 103;
L_0x55557333d230 .extend/s 9, v0x555573328180_103;
L_0x55557333d330 .arith/sum 9, L_0x55557333d190, L_0x55557333d230;
v0x555573328180_58 .array/port v0x555573328180, 58;
L_0x55557333d530 .extend/s 9, v0x555573328180_58;
v0x555573328180_102 .array/port v0x555573328180, 102;
L_0x55557333d5d0 .extend/s 9, v0x555573328180_102;
L_0x55557333d6d0 .arith/sum 9, L_0x55557333d530, L_0x55557333d5d0;
v0x555573328180_59 .array/port v0x555573328180, 59;
L_0x55557333d840 .extend/s 9, v0x555573328180_59;
v0x555573328180_101 .array/port v0x555573328180, 101;
L_0x55557333d8e0 .extend/s 9, v0x555573328180_101;
L_0x55557333d9e0 .arith/sum 9, L_0x55557333d840, L_0x55557333d8e0;
v0x555573328180_60 .array/port v0x555573328180, 60;
L_0x55557333e0a0 .extend/s 9, v0x555573328180_60;
v0x555573328180_100 .array/port v0x555573328180, 100;
L_0x55557333e140 .extend/s 9, v0x555573328180_100;
L_0x55557333daf0 .arith/sum 9, L_0x55557333e0a0, L_0x55557333e140;
v0x555573328180_61 .array/port v0x555573328180, 61;
L_0x55557333dc10 .extend/s 9, v0x555573328180_61;
v0x555573328180_99 .array/port v0x555573328180, 99;
L_0x55557333dcb0 .extend/s 9, v0x555573328180_99;
L_0x55557333ddb0 .arith/sum 9, L_0x55557333dc10, L_0x55557333dcb0;
v0x555573328180_62 .array/port v0x555573328180, 62;
L_0x55557333df20 .extend/s 9, v0x555573328180_62;
v0x555573328180_98 .array/port v0x555573328180, 98;
L_0x55557333dfc0 .extend/s 9, v0x555573328180_98;
L_0x55557333e7d0 .arith/sum 9, L_0x55557333df20, L_0x55557333dfc0;
v0x555573328180_63 .array/port v0x555573328180, 63;
L_0x55557333e8c0 .extend/s 9, v0x555573328180_63;
v0x555573328180_97 .array/port v0x555573328180, 97;
L_0x55557332a6e0 .extend/s 9, v0x555573328180_97;
L_0x55557333e1e0 .arith/sum 9, L_0x55557333e8c0, L_0x55557332a6e0;
v0x555573328180_64 .array/port v0x555573328180, 64;
L_0x55557333e320 .extend/s 9, v0x555573328180_64;
v0x555573328180_96 .array/port v0x555573328180, 96;
L_0x55557333e3f0 .extend/s 9, v0x555573328180_96;
L_0x55557333e4f0 .arith/sum 9, L_0x55557333e320, L_0x55557333e3f0;
v0x555573328180_65 .array/port v0x555573328180, 65;
L_0x55557333e660 .extend/s 9, v0x555573328180_65;
v0x555573328180_95 .array/port v0x555573328180, 95;
L_0x55557333e700 .extend/s 9, v0x555573328180_95;
L_0x55557333efc0 .arith/sum 9, L_0x55557333e660, L_0x55557333e700;
v0x555573328180_66 .array/port v0x555573328180, 66;
L_0x555573329330 .extend/s 9, v0x555573328180_66;
v0x555573328180_94 .array/port v0x555573328180, 94;
L_0x55557333e960 .extend/s 9, v0x555573328180_94;
L_0x55557333ea60 .arith/sum 9, L_0x555573329330, L_0x55557333e960;
v0x555573328180_67 .array/port v0x555573328180, 67;
L_0x55557333ebd0 .extend/s 9, v0x555573328180_67;
v0x555573328180_93 .array/port v0x555573328180, 93;
L_0x55557333ec70 .extend/s 9, v0x555573328180_93;
L_0x55557333ed70 .arith/sum 9, L_0x55557333ebd0, L_0x55557333ec70;
v0x555573328180_68 .array/port v0x555573328180, 68;
L_0x55557333eee0 .extend/s 9, v0x555573328180_68;
v0x555573328180_92 .array/port v0x555573328180, 92;
L_0x55557333f7a0 .extend/s 9, v0x555573328180_92;
L_0x55557333f130 .arith/sum 9, L_0x55557333eee0, L_0x55557333f7a0;
v0x555573328180_69 .array/port v0x555573328180, 69;
L_0x55557333f2a0 .extend/s 9, v0x555573328180_69;
v0x555573328180_91 .array/port v0x555573328180, 91;
L_0x55557333f370 .extend/s 9, v0x555573328180_91;
L_0x55557333f470 .arith/sum 9, L_0x55557333f2a0, L_0x55557333f370;
v0x555573328180_70 .array/port v0x555573328180, 70;
L_0x55557333f5e0 .extend/s 9, v0x555573328180_70;
v0x555573328180_90 .array/port v0x555573328180, 90;
L_0x55557333f680 .extend/s 9, v0x555573328180_90;
L_0x55557333fef0 .arith/sum 9, L_0x55557333f5e0, L_0x55557333f680;
v0x555573328180_71 .array/port v0x555573328180, 71;
L_0x55557333ff90 .extend/s 9, v0x555573328180_71;
v0x555573328180_89 .array/port v0x555573328180, 89;
L_0x55557333f840 .extend/s 9, v0x555573328180_89;
L_0x55557333f910 .arith/sum 9, L_0x55557333ff90, L_0x55557333f840;
v0x555573328180_72 .array/port v0x555573328180, 72;
L_0x55557333fa80 .extend/s 9, v0x555573328180_72;
v0x555573328180_88 .array/port v0x555573328180, 88;
L_0x55557333fb20 .extend/s 9, v0x555573328180_88;
L_0x55557333fc20 .arith/sum 9, L_0x55557333fa80, L_0x55557333fb20;
v0x555573328180_73 .array/port v0x555573328180, 73;
L_0x55557333fd90 .extend/s 9, v0x555573328180_73;
v0x555573328180_87 .array/port v0x555573328180, 87;
L_0x55557333fe30 .extend/s 9, v0x555573328180_87;
L_0x555573340720 .arith/sum 9, L_0x55557333fd90, L_0x55557333fe30;
v0x555573328180_74 .array/port v0x555573328180, 74;
L_0x555573329230 .extend/s 9, v0x555573328180_74;
v0x555573328180_86 .array/port v0x555573328180, 86;
L_0x555573340030 .extend/s 9, v0x555573328180_86;
L_0x555573340130 .arith/sum 9, L_0x555573329230, L_0x555573340030;
v0x555573328180_75 .array/port v0x555573328180, 75;
L_0x5555733402a0 .extend/s 9, v0x555573328180_75;
v0x555573328180_85 .array/port v0x555573328180, 85;
L_0x555573340340 .extend/s 9, v0x555573328180_85;
L_0x555573340440 .arith/sum 9, L_0x5555733402a0, L_0x555573340340;
v0x555573328180_76 .array/port v0x555573328180, 76;
L_0x5555733405b0 .extend/s 9, v0x555573328180_76;
v0x555573328180_84 .array/port v0x555573328180, 84;
L_0x555573340650 .extend/s 9, v0x555573328180_84;
L_0x555573340f50 .arith/sum 9, L_0x5555733405b0, L_0x555573340650;
v0x555573328180_77 .array/port v0x555573328180, 77;
L_0x555573341040 .extend/s 9, v0x555573328180_77;
v0x555573328180_83 .array/port v0x555573328180, 83;
L_0x555573340810 .extend/s 9, v0x555573328180_83;
L_0x555573340910 .arith/sum 9, L_0x555573341040, L_0x555573340810;
v0x555573328180_78 .array/port v0x555573328180, 78;
L_0x555573340a80 .extend/s 9, v0x555573328180_78;
v0x555573328180_82 .array/port v0x555573328180, 82;
L_0x555573340b20 .extend/s 9, v0x555573328180_82;
L_0x555573340c20 .arith/sum 9, L_0x555573340a80, L_0x555573340b20;
v0x555573328180_79 .array/port v0x555573328180, 79;
L_0x555573340d90 .extend/s 9, v0x555573328180_79;
v0x555573328180_81 .array/port v0x555573328180, 81;
L_0x555573340e30 .extend/s 9, v0x555573328180_81;
L_0x555573341860 .arith/sum 9, L_0x555573340d90, L_0x555573340e30;
v0x555573328180_80 .array/port v0x555573328180, 80;
L_0x5555733410e0 .part v0x555573328180_80, 7, 1;
L_0x555573341180 .concat [ 8 1 0 0], v0x555573328180_80, L_0x5555733410e0;
L_0x5555733412f0 .extend/s 18, L_0x55557333c4f0;
L_0x5555733290e0 .arith/sub 18, L_0x7d54ae0d0018, L_0x5555733412f0;
L_0x5555733413e0 .extend/s 18, L_0x55557333d020;
L_0x5555733414d0 .arith/sub 18, L_0x5555733290e0, L_0x5555733413e0;
L_0x555573341610 .extend/s 18, L_0x55557333d9e0;
L_0x555573341700 .arith/sub 18, L_0x5555733414d0, L_0x555573341610;
L_0x555573341900 .extend/s 18, L_0x55557333ce60;
L_0x5555733419f0 .part L_0x555573341900, 0, 17;
L_0x555573341ae0 .concat [ 1 17 0 0], L_0x7d54ae0d0060, L_0x5555733419f0;
L_0x555573341c20 .arith/sub 18, L_0x555573341700, L_0x555573341ae0;
L_0x555573341d60 .extend/s 18, L_0x55557333caf0;
L_0x555573341e50 .part L_0x555573341d60, 0, 17;
L_0x555573341f40 .concat [ 1 17 0 0], L_0x7d54ae0d00a8, L_0x555573341e50;
L_0x5555733528b0 .arith/sub 18, L_0x555573341c20, L_0x555573341f40;
L_0x5555733520b0 .extend/s 18, L_0x55557333d490;
L_0x5555733521a0 .part L_0x5555733520b0, 0, 17;
L_0x555573352290 .concat [ 1 17 0 0], L_0x7d54ae0d00f0, L_0x5555733521a0;
L_0x5555733523d0 .arith/sub 18, L_0x5555733528b0, L_0x555573352290;
L_0x555573352510 .extend/s 18, L_0x55557333d330;
L_0x555573352600 .part L_0x555573352510, 0, 17;
L_0x555573352740 .concat [ 1 17 0 0], L_0x7d54ae0d0138, L_0x555573352600;
L_0x555573353230 .arith/sub 18, L_0x5555733523d0, L_0x555573352740;
L_0x5555733529f0 .extend/s 18, L_0x55557333d6d0;
L_0x555573352ae0 .part L_0x5555733529f0, 0, 17;
L_0x555573352bd0 .concat [ 1 17 0 0], L_0x7d54ae0d0180, L_0x555573352ae0;
L_0x555573352d10 .arith/sub 18, L_0x555573353230, L_0x555573352bd0;
L_0x555573352e50 .extend/s 18, L_0x55557333f130;
L_0x555573352f40 .part L_0x555573352e50, 0, 17;
L_0x555573353030 .concat [ 1 17 0 0], L_0x7d54ae0d01c8, L_0x555573352f40;
L_0x555573353170 .arith/sum 18, L_0x555573352d10, L_0x555573353030;
L_0x555573353370 .extend/s 18, L_0x55557333f910;
L_0x555573353460 .part L_0x555573353370, 0, 15;
L_0x555573353550 .concat [ 3 15 0 0], L_0x7d54ae0d0210, L_0x555573353460;
L_0x555573353690 .arith/sum 18, L_0x555573353170, L_0x555573353550;
L_0x5555733537d0 .extend/s 18, L_0x555573340910;
L_0x5555733538c0 .part L_0x5555733537d0, 0, 14;
L_0x5555733539b0 .concat [ 4 14 0 0], L_0x7d54ae0d0258, L_0x5555733538c0;
L_0x555573353aa0 .arith/sum 18, L_0x555573353690, L_0x5555733539b0;
L_0x555573354510 .extend/s 18, L_0x555573340c20;
L_0x555573354600 .part L_0x555573354510, 0, 14;
L_0x555573353c40 .concat [ 4 14 0 0], L_0x7d54ae0d02a0, L_0x555573354600;
L_0x555573353d80 .arith/sum 18, L_0x555573353aa0, L_0x555573353c40;
L_0x555573353ec0 .extend/s 20, L_0x555573353d80;
L_0x555573353fb0 .extend/s 11, L_0x55557333f470;
L_0x5555733540a0 .extend/s 15, L_0x555573353fb0;
L_0x555573354190 .arith/mult 15, L_0x5555733540a0, L_0x7d54ae0d02e8;
L_0x5555733542d0 .extend/s 11, L_0x55557333fef0;
L_0x5555733543c0 .extend/s 15, L_0x5555733542d0;
L_0x555573355010 .arith/mult 15, L_0x5555733543c0, L_0x7d54ae0d0330;
L_0x555573355100 .extend/s 11, L_0x55557333fc20;
L_0x5555733546f0 .extend/s 16, L_0x555573355100;
L_0x5555733547e0 .arith/mult 16, L_0x5555733546f0, L_0x7d54ae0d0378;
L_0x555573354920 .extend/s 12, L_0x555573340720;
L_0x555573354a10 .extend/s 12, L_0x555573341180;
L_0x555573354b00 .arith/sum 12, L_0x555573354920, L_0x555573354a10;
L_0x555573354c40 .extend/s 17, L_0x555573354b00;
L_0x555573354d30 .arith/mult 17, L_0x555573354c40, L_0x7d54ae0d03c0;
L_0x555573354e70 .extend/s 11, L_0x555573340130;
L_0x555573354f60 .extend/s 16, L_0x555573354e70;
L_0x555573355bb0 .arith/mult 16, L_0x555573354f60, L_0x7d54ae0d0408;
L_0x5555733551f0 .extend/s 11, L_0x555573340440;
L_0x5555733552e0 .extend/s 16, L_0x5555733551f0;
L_0x5555733553d0 .arith/mult 16, L_0x5555733552e0, L_0x7d54ae0d0450;
L_0x555573355510 .extend/s 11, L_0x555573340f50;
L_0x555573355600 .extend/s 16, L_0x555573355510;
L_0x5555733556f0 .arith/mult 16, L_0x555573355600, L_0x7d54ae0d0498;
L_0x555573355830 .extend/s 11, L_0x555573341860;
L_0x555573355920 .extend/s 17, L_0x555573355830;
L_0x555573355a10 .arith/mult 17, L_0x555573355920, L_0x7d54ae0d04e0;
L_0x5555733566b0 .extend/s 20, L_0x555573354190;
L_0x555573355cf0 .arith/sum 20, L_0x555573353ec0, L_0x5555733566b0;
L_0x555573355e30 .extend/s 20, L_0x555573355010;
L_0x555573355f20 .arith/sum 20, L_0x555573355cf0, L_0x555573355e30;
L_0x555573356060 .extend/s 20, L_0x5555733547e0;
L_0x555573356150 .arith/sum 20, L_0x555573355f20, L_0x555573356060;
L_0x555573356290 .extend/s 20, L_0x555573354d30;
L_0x555573356380 .arith/sum 20, L_0x555573356150, L_0x555573356290;
L_0x5555733564c0 .extend/s 20, L_0x555573355bb0;
L_0x5555733565b0 .arith/sum 20, L_0x555573356380, L_0x5555733564c0;
L_0x555573357200 .extend/s 20, L_0x5555733553d0;
L_0x5555733567a0 .arith/sum 20, L_0x5555733565b0, L_0x555573357200;
L_0x5555733568e0 .extend/s 20, L_0x5555733556f0;
L_0x5555733569d0 .arith/sum 20, L_0x5555733567a0, L_0x5555733568e0;
L_0x555573356b10 .extend/s 20, L_0x555573355a10;
L_0x555573356c00 .arith/sum 20, L_0x5555733569d0, L_0x555573356b10;
L_0x555573356d40 .part L_0x555573356c00, 0, 17;
S_0x5555732f5c00 .scope begin, "$ivl_for_loop0" "$ivl_for_loop0" 4 21, 4 21 0, S_0x5555732f6f70;
 .timescale 0 0;
v0x55557326eb80_0 .var/2s "i", 31 0;
S_0x55557328ec40 .scope begin, "$ivl_for_loop1" "$ivl_for_loop1" 4 25, 4 25 0, S_0x5555732f6f70;
 .timescale 0 0;
v0x555573275fe0_0 .var/2s "i", 31 0;
    .scope S_0x5555732f6f70;
T_0 ;
    %wait E_0x5555732376b0;
    %load/vec4 v0x5555733280c0_0;
    %nor/r;
    %flag_set/vec4 8;
    %jmp/0xz  T_0.0, 8;
    %fork t_1, S_0x5555732f5c00;
    %jmp t_0;
    .scope S_0x5555732f5c00;
t_1 ;
    %pushi/vec4 0, 0, 32;
    %store/vec4 v0x55557326eb80_0, 0, 32;
T_0.2 ; Top of for-loop
    %load/vec4 v0x55557326eb80_0;
    %cmpi/s 161, 0, 32;
	  %jmp/0xz T_0.3, 5;
    %pushi/vec4 0, 0, 8;
    %ix/getv/s 3, v0x55557326eb80_0;
    %ix/load 4, 0, 0; Constant delay
    %assign/vec4/a/d v0x555573328180, 0, 4;
T_0.4 ; for-loop step statement
    ; show_stmt_assign_vector: Get l-value for compressed += operand
    %load/vec4 v0x55557326eb80_0;
    %pushi/vec4 1, 0, 32;
    %add;
    %cast2;
    %store/vec4 v0x55557326eb80_0, 0, 32;
    %jmp T_0.2;
T_0.3 ; for-loop exit label
    %end;
    .scope S_0x5555732f6f70;
t_0 %join;
    %pushi/vec4 0, 0, 1;
    %assign/vec4 v0x555573328000_0, 0;
    %jmp T_0.1;
T_0.0 ;
    %load/vec4 v0x555573327f40_0;
    %flag_set/vec4 8;
    %jmp/0xz  T_0.5, 8;
    %load/vec4 v0x555573329b70_0;
    %ix/load 3, 0, 0;
    %flag_set/imm 4, 0;
    %ix/load 4, 0, 0; Constant delay
    %assign/vec4/a/d v0x555573328180, 0, 4;
    %fork t_3, S_0x55557328ec40;
    %jmp t_2;
    .scope S_0x55557328ec40;
t_3 ;
    %pushi/vec4 1, 0, 32;
    %store/vec4 v0x555573275fe0_0, 0, 32;
T_0.7 ; Top of for-loop
    %load/vec4 v0x555573275fe0_0;
    %cmpi/s 161, 0, 32;
	  %jmp/0xz T_0.8, 5;
    %load/vec4 v0x555573275fe0_0;
    %subi 1, 0, 32;
    %ix/vec4/s 4;
    %load/vec4a v0x555573328180, 4;
    %ix/getv/s 3, v0x555573275fe0_0;
    %ix/load 4, 0, 0; Constant delay
    %assign/vec4/a/d v0x555573328180, 0, 4;
T_0.9 ; for-loop step statement
    ; show_stmt_assign_vector: Get l-value for compressed += operand
    %load/vec4 v0x555573275fe0_0;
    %pushi/vec4 1, 0, 32;
    %add;
    %cast2;
    %store/vec4 v0x555573275fe0_0, 0, 32;
    %jmp T_0.7;
T_0.8 ; for-loop exit label
    %end;
    .scope S_0x5555732f6f70;
t_2 %join;
    %pushi/vec4 1, 0, 1;
    %assign/vec4 v0x555573328000_0, 0;
    %jmp T_0.6;
T_0.5 ;
    %pushi/vec4 0, 0, 1;
    %assign/vec4 v0x555573328000_0, 0;
T_0.6 ;
T_0.1 ;
    %jmp T_0;
    .thread T_0;
    .scope S_0x5555732f6f70;
T_1 ;
Ewait_0 .event/or E_0x555573224030, E_0x0;
    %wait Ewait_0;
    %load/vec4 v0x555573326590_0;
    %pad/s 32;
    %addi 128, 0, 32;
    %ix/load 4, 8, 0;
    %flag_set/imm 4, 0;
    %shiftr/s 4;
    %pad/s 9;
    %store/vec4 v0x55557332a9c0_0, 0, 9;
    %jmp T_1;
    .thread T_1, $push;
    .scope S_0x5555732f82e0;
T_2 ;
    %delay 5000, 0;
    %load/vec4 v0x55557332ad40_0;
    %inv;
    %store/vec4 v0x55557332ad40_0, 0, 1;
    %jmp T_2;
    .thread T_2;
    .scope S_0x5555732f82e0;
T_3 ;
    %pushi/vec4 0, 0, 1;
    %store/vec4 v0x55557332ad40_0, 0, 1;
    %pushi/vec4 0, 0, 1;
    %store/vec4 v0x55557332b0e0_0, 0, 1;
    %pushi/vec4 0, 0, 1;
    %store/vec4 v0x55557332aeb0_0, 0, 1;
    %pushi/vec4 0, 0, 8;
    %store/vec4 v0x55557332b590_0, 0, 8;
    %pushi/vec4 0, 0, 32;
    %store/vec4 v0x55557332af50_0, 0, 32;
    %vpi_func 3 43 "$value$plusargs" 32, "VECTOR_FILE=%s", v0x55557332b4d0_0 {0 0 0};
    %nor/r;
    %flag_set/vec4 8;
    %jmp/0xz  T_3.0, 8;
    %vpi_call/w 3 44 "$display", "[MIGO-STRUCT][FAIL] missing VECTOR_FILE plusarg" {0 0 0};
    %vpi_call/w 3 45 "$finish" {0 0 0};
T_3.0 ;
    %vpi_func 3 47 "$fopen" 32, v0x55557332b4d0_0, "r" {0 0 0};
    %store/vec4 v0x55557332b3f0_0, 0, 32;
    %load/vec4 v0x55557332b3f0_0;
    %cmpi/e 0, 0, 32;
    %jmp/0xz  T_3.2, 4;
    %vpi_call/w 3 49 "$display", "[MIGO-STRUCT][FAIL] cannot open vector file: %s", v0x55557332b4d0_0 {0 0 0};
    %vpi_call/w 3 50 "$finish" {0 0 0};
T_3.2 ;
    %vpi_func 3 52 "$fscanf" 32, v0x55557332b3f0_0, "%d\012", v0x55557332ab60_0 {0 0 0};
    %store/vec4 v0x55557332b1b0_0, 0, 32;
    %load/vec4 v0x55557332b1b0_0;
    %cmpi/ne 1, 0, 32;
    %jmp/1 T_3.7, 4;
    %flag_mov 8, 4;
    %load/vec4 v0x55557332ab60_0;
    %cmpi/s 0, 0, 32;
    %flag_or 5, 4;
    %flag_or 5, 8;
    %flag_mov 4, 5;
T_3.7;
    %jmp/1 T_3.6, 4;
    %flag_mov 8, 4;
    %load/vec4 v0x55557332ab60_0;
    %cmpi/s 1024, 0, 32;
    %flag_or 5, 4; GT is !LE
    %flag_inv 5;
    %flag_or 5, 8;
    %flag_mov 4, 5;
T_3.6;
    %jmp/0xz  T_3.4, 4;
    %vpi_call/w 3 54 "$display", "[MIGO-STRUCT][FAIL] invalid case count: scan_rc=%0d case_count=%0d", v0x55557332b1b0_0, v0x55557332ab60_0 {0 0 0};
    %vpi_call/w 3 55 "$finish" {0 0 0};
T_3.4 ;
    %pushi/vec4 2, 0, 32;
T_3.8 %dup/vec4;
    %cmpi/s 0, 0, 32;
    %jmp/1xz T_3.9, 5;
    %jmp/1 T_3.9, 4;
    %subi 1, 0, 32;
    %wait E_0x5555732376b0;
    %jmp T_3.8;
T_3.9 ;
    %pop/vec4 1;
    %pushi/vec4 1, 0, 1;
    %store/vec4 v0x55557332b0e0_0, 0, 1;
    %delay 1000, 0;
    %pushi/vec4 0, 0, 32;
    %store/vec4 v0x55557332ac60_0, 0, 32;
T_3.10 ; Top of for-loop
    %load/vec4 v0x55557332ac60_0;
    %load/vec4 v0x55557332ab60_0;
    %cmp/s;
	  %jmp/0xz T_3.11, 5;
    %pushi/vec4 0, 0, 32;
    %store/vec4 v0x55557332b250_0, 0, 32;
T_3.13 ; Top of for-loop
    %load/vec4 v0x55557332b250_0;
    %cmpi/s 161, 0, 32;
	  %jmp/0xz T_3.14, 5;
    %vpi_func 3 64 "$fscanf" 32, v0x55557332b3f0_0, "%d", &A<v0x55557332b330, v0x55557332b250_0 > {0 0 0};
    %store/vec4 v0x55557332b1b0_0, 0, 32;
    %load/vec4 v0x55557332b1b0_0;
    %cmpi/ne 1, 0, 32;
    %jmp/0xz  T_3.16, 4;
    %vpi_call/w 3 66 "$display", "[MIGO-STRUCT][FAIL] malformed tap value case=%0d tap=%0d", v0x55557332ac60_0, v0x55557332b250_0 {0 0 0};
    %vpi_call/w 3 67 "$finish" {0 0 0};
T_3.16 ;
T_3.15 ; for-loop step statement
    %load/vec4 v0x55557332b250_0;
    %addi 1, 0, 32;
    %store/vec4 v0x55557332b250_0, 0, 32;
    %jmp T_3.13;
T_3.14 ; for-loop exit label
    %vpi_func 3 70 "$fscanf" 32, v0x55557332b3f0_0, "%d\012", v0x55557332ae10_0 {0 0 0};
    %store/vec4 v0x55557332b1b0_0, 0, 32;
    %load/vec4 v0x55557332b1b0_0;
    %cmpi/ne 1, 0, 32;
    %jmp/0xz  T_3.18, 4;
    %vpi_call/w 3 72 "$display", "[MIGO-STRUCT][FAIL] malformed expected sum case=%0d", v0x55557332ac60_0 {0 0 0};
    %vpi_call/w 3 73 "$finish" {0 0 0};
T_3.18 ;
    %pushi/vec4 0, 0, 32;
    %store/vec4 v0x55557332b250_0, 0, 32;
T_3.20 ; Top of for-loop
    %load/vec4 v0x55557332b250_0;
    %cmpi/s 161, 0, 32;
	  %jmp/0xz T_3.21, 5;
    %ix/getv/s 4, v0x55557332b250_0;
    %load/vec4a v0x55557332b330, 4;
    %pad/s 8;
    %ix/getv/s 4, v0x55557332b250_0;
    %store/vec4a v0x555573328180, 4, 0;
T_3.22 ; for-loop step statement
    %load/vec4 v0x55557332b250_0;
    %addi 1, 0, 32;
    %store/vec4 v0x55557332b250_0, 0, 32;
    %jmp T_3.20;
T_3.21 ; for-loop exit label
    %delay 1000, 0;
    %load/vec4 v0x555573326590_0;
    %pad/s 32;
    %load/vec4 v0x55557332ae10_0;
    %cmp/ne;
    %jmp/0xz  T_3.23, 6;
    %load/vec4 v0x55557332af50_0;
    %addi 1, 0, 32;
    %store/vec4 v0x55557332af50_0, 0, 32;
    %load/vec4 v0x555573326590_0;
    %vpi_call/w 3 83 "$display", "[MIGO-STRUCT][ERR] item=const_coeff_mac case=%0d got=%0d exp=%0d", v0x55557332ac60_0, S<0,vec4,s17>, v0x55557332ae10_0 {1 0 0};
T_3.23 ;
T_3.12 ; for-loop step statement
    %load/vec4 v0x55557332ac60_0;
    %addi 1, 0, 32;
    %store/vec4 v0x55557332ac60_0, 0, 32;
    %jmp T_3.10;
T_3.11 ; for-loop exit label
    %vpi_call/w 3 90 "$fclose", v0x55557332b3f0_0 {0 0 0};
    %load/vec4 v0x55557332af50_0;
    %cmpi/e 0, 0, 32;
    %jmp/0xz  T_3.25, 4;
    %vpi_call/w 3 92 "$display", "[MIGO-STRUCT][PASS] item=const_coeff_mac cases=%0d mismatches=%0d", v0x55557332ab60_0, v0x55557332af50_0 {0 0 0};
    %jmp T_3.26;
T_3.25 ;
    %vpi_call/w 3 94 "$display", "[MIGO-STRUCT][FAIL] item=const_coeff_mac cases=%0d mismatches=%0d", v0x55557332ab60_0, v0x55557332af50_0 {0 0 0};
T_3.26 ;
    %vpi_call/w 3 96 "$finish" {0 0 0};
    %end;
    .thread T_3;
# The file index is used to find the file name in the following table.
:file_names 5;
    "N/A";
    "<interactive>";
    "-";
    "/home/rick/System-ASIC/dc/designs/migo/tb/tb_migo_const_coeff_mac.sv";
    "vsrc/MIGO-filter/MIGO_method_migo_n_161_q_bit_8_wp_pi_0_047_width_pi_0_031_alpha_p_0_1_alpha_s_0_1_lam1_1_2_lam2_1_e_topk_4_e_d_max_2_e_e_max_4.sv";
