#! /home/rick/tools/oss-cad-suite/bin/vvp
:ivl_version "14.0 (devel)" "(s20251012-118-g8e4a37aa0)";
:ivl_delay_selection "TYPICAL";
:vpi_time_precision - 12;
:vpi_module "/home/rick/tools/oss-cad-suite/lib/ivl/system.vpi";
:vpi_module "/home/rick/tools/oss-cad-suite/lib/ivl/vhdl_sys.vpi";
:vpi_module "/home/rick/tools/oss-cad-suite/lib/ivl/vhdl_textio.vpi";
:vpi_module "/home/rick/tools/oss-cad-suite/lib/ivl/v2005_math.vpi";
:vpi_module "/home/rick/tools/oss-cad-suite/lib/ivl/va_math.vpi";
:vpi_module "/home/rick/tools/oss-cad-suite/lib/ivl/v2009.vpi";
S_0x555558c37060 .scope package, "$unit" "$unit" 2 1;
 .timescale 0 0;
S_0x555558c2df70 .scope module, "tb_migo_saif" "tb_migo_saif" 3 3;
 .timescale -9 -12;
P_0x555558b3ed80 .param/l "BX" 1 3 4, +C4<00000000000000000000000000001000>;
P_0x555558b3edc0 .param/l "BY" 1 3 5, +C4<00000000000000000000000000001001>;
P_0x555558b3ee00 .param/l "DEFAULT_TOTAL_SAMPLES" 1 3 6, +C4<00000000000000000000001000000000>;
P_0x555558b3ee40 .param/l "FLUSH_CYCLES" 1 3 9, +C4<00000000000000000000000001100000>;
P_0x555558b3ee80 .param/l "GAP_PERIOD" 1 3 8, +C4<00000000000000000000000000001001>;
P_0x555558b3eec0 .param/l "MAX_SAMPLES" 1 3 7, +C4<00000000000000000001000000000000>;
P_0x555558b3ef00 .param/l "TIMEOUT_CYCLES" 1 3 10, +C4<00000000000000000000111110100000>;
v0x555558c695e0_0 .var "clk", 0 0;
v0x555558c696a0_0 .var/i "cycles", 31 0;
v0x555558c69760_0 .var/i "error_count", 31 0;
v0x555558c69850_0 .var/i "expect_samples", 31 0;
v0x555558c69930_0 .var/i "golden_fd", 31 0;
v0x555558c69a10 .array/i "golden_mem", 4095 0, 31 0;
v0x555558c69ad0_0 .var/str "golden_path";
v0x555558c69b90_0 .var/i "idle_cycles_after_send", 31 0;
v0x555558c69c70_0 .var "in_valid", 0 0;
v0x555558c69d10_0 .var/i "input_fd", 31 0;
v0x555558c69dd0 .array/i "input_mem", 4095 0, 31 0;
v0x555558c69e90_0 .var/str "input_path";
v0x555558c69f50_0 .var/i "input_samples", 31 0;
v0x555558c6a030_0 .var/i "out_fd", 31 0;
v0x555558c6a110_0 .net "out_valid", 0 0, v0x555558c66a80_0;  1 drivers
v0x555558c6a1e0_0 .var/str "output_path";
v0x555558c6a280_0 .var/i "recv_samples", 31 0;
v0x555558c6a360_0 .var "rst_n", 0 0;
v0x555558c6a430_0 .var/str "saif_path";
v0x555558c6a4d0_0 .var/i "scan_rc", 31 0;
v0x555558c6a5b0_0 .var/i "sent_samples", 31 0;
v0x555558c6a690_0 .var/2u "use_external_input", 0 0;
v0x555558c6a750_0 .var/2u "use_golden_check", 0 0;
v0x555558c6a810_0 .var/s "x_in", 7 0;
v0x555558c6a900_0 .net/s "y_out", 8 0, v0x555558c69440_0;  1 drivers
S_0x555558c2cc00 .scope autofunction.vec4.u8, "cast_x" "cast_x" 3 71, 3 71 0, S_0x555558c2df70;
 .timescale -9 -12;
; Variable cast_x is vec4 return value of scope S_0x555558c2cc00
v0x555558b8ffd0_0 .var/i "value", 31 0;
TD_tb_migo_saif.cast_x ;
    %load/vec4 v0x555558b8ffd0_0;
    %pad/s 8;
    %ret/vec4 0, 0, 8;  Assign to cast_x (store_vec4_to_lval)
    %disable/flow S_0x555558c2cc00;
    %end;
S_0x555558bce8f0 .scope autofunction.vec4.u9, "cast_y" "cast_y" 3 75, 3 75 0, S_0x555558c2df70;
 .timescale -9 -12;
; Variable cast_y is vec4 return value of scope S_0x555558bce8f0
v0x555558c41170_0 .var/i "value", 31 0;
TD_tb_migo_saif.cast_y ;
    %load/vec4 v0x555558c41170_0;
    %pad/s 9;
    %ret/vec4 0, 0, 9;  Assign to cast_y (store_vec4_to_lval)
    %disable/flow S_0x555558bce8f0;
    %end;
S_0x555558bcd4d0 .scope begin, "read_golden_loop" "read_golden_loop" 3 152, 3 152 0, S_0x555558c2df70;
 .timescale -9 -12;
S_0x555558bcc0d0 .scope begin, "read_input_loop" "read_input_loop" 3 124, 3 124 0, S_0x555558c2df70;
 .timescale -9 -12;
S_0x555558bcacd0 .scope autofunction.vec4.u8, "sample_for_idx" "sample_for_idx" 3 51, 3 51 0, S_0x555558c2df70;
 .timescale -9 -12;
v0x555558c43830_0 .var/2s "centered", 31 0;
v0x555558c45f60_0 .var/2s "idx", 31 0;
; Variable sample_for_idx is vec4 return value of scope S_0x555558bcacd0
v0x555558b65120_0 .var/s "sample_value", 7 0;
TD_tb_migo_saif.sample_for_idx ;
    %load/vec4 v0x555558c45f60_0;
    %cmpi/e 0, 0, 32;
    %jmp/0xz  T_2.0, 4;
    %pushi/vec4 64, 0, 8;
    %store/vec4 v0x555558b65120_0, 0, 8;
    %jmp T_2.1;
T_2.0 ;
    %load/vec4 v0x555558c45f60_0;
    %cmpi/s 48, 0, 32;
    %jmp/0xz  T_2.2, 5;
    %pushi/vec4 0, 0, 8;
    %store/vec4 v0x555558b65120_0, 0, 8;
    %jmp T_2.3;
T_2.2 ;
    %load/vec4 v0x555558c45f60_0;
    %cmpi/s 160, 0, 32;
    %jmp/0xz  T_2.4, 5;
    %load/vec4 v0x555558c45f60_0;
    %parti/s 1, 0, 2;
    %flag_set/vec4 8;
    %jmp/0 T_2.6, 8;
    %pushi/vec4 128, 0, 8;
    %jmp/1 T_2.7, 8;
T_2.6 ; End of true expr.
    %pushi/vec4 127, 0, 8;
    %jmp/0 T_2.7, 8;
 ; End of false expr.
    %blend;
T_2.7;
    %store/vec4 v0x555558b65120_0, 0, 8;
    %jmp T_2.5;
T_2.4 ;
    %load/vec4 v0x555558c45f60_0;
    %cmpi/s 256, 0, 32;
    %jmp/0xz  T_2.8, 5;
    %load/vec4 v0x555558c45f60_0;
    %subi 208, 0, 32;
    %store/vec4 v0x555558c43830_0, 0, 32;
    %load/vec4 v0x555558c43830_0;
    %pad/s 8;
    %store/vec4 v0x555558b65120_0, 0, 8;
    %jmp T_2.9;
T_2.8 ;
    %vpi_func 3 65 "$urandom_range" 32, 32'sb00000000000000000000000011111111, 32'sb00000000000000000000000000000000 {0 0 0};
    %subi 4294967168, 0, 32;
    %pad/s 8;
    %store/vec4 v0x555558b65120_0, 0, 8;
T_2.9 ;
T_2.5 ;
T_2.3 ;
T_2.1 ;
    %load/vec4 v0x555558b65120_0;
    %ret/vec4 0, 0, 8;  Assign to sample_for_idx (store_vec4_to_lval)
    %disable/flow S_0x555558bcacd0;
    %end;
S_0x555558bc9910 .scope autotask, "stop_and_report" "stop_and_report" 3 79, 3 79 0, S_0x555558c2df70;
 .timescale -9 -12;
TD_tb_migo_saif.stop_and_report ;
    %end;
S_0x555558bc84d0 .scope module, "u_dut" "MIGO_method_migo_n_161_q_bit_8_wp_pi_0_047_width_pi_0_031_alpha_p_0_1_alpha_s_0_1_lam1_1_2_lam2_1_e_topk_4_e_d_max_2_e_e_max_4" 3 40, 4 2 0, S_0x555558c2df70;
 .timescale 0 0;
    .port_info 0 /INPUT 1 "clk";
    .port_info 1 /INPUT 1 "rst_n";
    .port_info 2 /INPUT 1 "in_valid";
    .port_info 3 /INPUT 8 "x_in";
    .port_info 4 /OUTPUT 1 "out_valid";
    .port_info 5 /OUTPUT 9 "y_out";
P_0x555558bc70d0 .param/l "BX" 0 4 4, +C4<00000000000000000000000000001000>;
P_0x555558bc7110 .param/l "BY" 0 4 7, +C4<00000000000000000000000000001001>;
P_0x555558bc7150 .param/l "N" 0 4 3, +C4<00000000000000000000000010100001>;
P_0x555558bc7190 .param/l "ROUND" 0 4 6, C4<1>;
P_0x555558bc71d0 .param/l "SHIFT" 0 4 5, +C4<00000000000000000000000000001000>;
v0x555558bc0cd0_0 .net/s *"_ivl_101", 8 0, L_0x555558c6d3d0;  1 drivers
v0x555558bc0dd0_0 .net/s *"_ivl_104", 8 0, L_0x555558c6d590;  1 drivers
v0x555558bbf8d0_0 .net/s *"_ivl_11", 8 0, L_0x555558c6acf0;  1 drivers
v0x555558bbf9c0_0 .net/s *"_ivl_110", 8 0, L_0x555558c6d930;  1 drivers
v0x555558c470e0_0 .net/s *"_ivl_113", 8 0, L_0x555558c6d9d0;  1 drivers
v0x555558c47210_0 .net/s *"_ivl_119", 8 0, L_0x555558c6dc30;  1 drivers
v0x555558b918e0_0 .net/s *"_ivl_122", 8 0, L_0x555558c6de20;  1 drivers
v0x555558b919a0_0 .net/s *"_ivl_128", 8 0, L_0x555558c6e1f0;  1 drivers
v0x555558b91a80_0 .net/s *"_ivl_131", 8 0, L_0x555558c6e290;  1 drivers
v0x555558b91b60_0 .net/s *"_ivl_137", 8 0, L_0x555558c6e670;  1 drivers
v0x555558b91c40_0 .net/s *"_ivl_14", 8 0, L_0x555558c6adc0;  1 drivers
v0x555558b2cd40_0 .net/s *"_ivl_140", 8 0, L_0x555558c6e890;  1 drivers
v0x555558b2ce20_0 .net/s *"_ivl_146", 8 0, L_0x555558c6ec90;  1 drivers
v0x555558b2cf00_0 .net/s *"_ivl_149", 8 0, L_0x555558c6ed30;  1 drivers
v0x555558b2cfe0_0 .net/s *"_ivl_155", 8 0, L_0x555558c6f140;  1 drivers
v0x555558b2d0c0_0 .net/s *"_ivl_158", 8 0, L_0x555558c6f390;  1 drivers
v0x555558c57d30_0 .net/s *"_ivl_164", 8 0, L_0x555558c6f7c0;  1 drivers
v0x555558c57dd0_0 .net/s *"_ivl_167", 8 0, L_0x555558c6f860;  1 drivers
v0x555558c57e70_0 .net/s *"_ivl_173", 8 0, L_0x555558c6fca0;  1 drivers
v0x555558c57f10_0 .net/s *"_ivl_176", 8 0, L_0x555558c6ff20;  1 drivers
v0x555558c57fb0_0 .net/s *"_ivl_182", 8 0, L_0x555558c70350;  1 drivers
v0x555558c58050_0 .net/s *"_ivl_185", 8 0, L_0x555558c703f0;  1 drivers
v0x555558c58130_0 .net/s *"_ivl_191", 8 0, L_0x555558c70830;  1 drivers
v0x555558c58210_0 .net/s *"_ivl_194", 8 0, L_0x555558c70ae0;  1 drivers
v0x555558c582f0_0 .net/s *"_ivl_2", 8 0, L_0x555558c6a9d0;  1 drivers
v0x555558c583d0_0 .net/s *"_ivl_20", 8 0, L_0x555558c6b070;  1 drivers
v0x555558c584b0_0 .net/s *"_ivl_200", 8 0, L_0x555558c70f70;  1 drivers
v0x555558c58590_0 .net/s *"_ivl_203", 8 0, L_0x555558c71010;  1 drivers
v0x555558c58670_0 .net/s *"_ivl_209", 8 0, L_0x555558c714b0;  1 drivers
v0x555558c58750_0 .net/s *"_ivl_212", 8 0, L_0x555558c71790;  1 drivers
v0x555558c58830_0 .net/s *"_ivl_218", 8 0, L_0x555558c71c50;  1 drivers
v0x555558c58910_0 .net/s *"_ivl_221", 8 0, L_0x555558c71cf0;  1 drivers
v0x555558c589f0_0 .net/s *"_ivl_227", 8 0, L_0x555558c721c0;  1 drivers
v0x555558c58ce0_0 .net/s *"_ivl_23", 8 0, L_0x555558c6b110;  1 drivers
v0x555558c58dc0_0 .net/s *"_ivl_230", 8 0, L_0x555558c724d0;  1 drivers
v0x555558c58ea0_0 .net/s *"_ivl_236", 8 0, L_0x555558c729c0;  1 drivers
v0x555558c58f80_0 .net/s *"_ivl_239", 8 0, L_0x555558c72a60;  1 drivers
v0x555558c59060_0 .net/s *"_ivl_245", 8 0, L_0x555558c72f60;  1 drivers
v0x555558c59140_0 .net/s *"_ivl_248", 8 0, L_0x555558c732a0;  1 drivers
v0x555558c59220_0 .net/s *"_ivl_254", 8 0, L_0x555558c737c0;  1 drivers
v0x555558c59300_0 .net/s *"_ivl_257", 8 0, L_0x555558c73860;  1 drivers
v0x555558c593e0_0 .net/s *"_ivl_263", 8 0, L_0x555558c73d90;  1 drivers
v0x555558c594c0_0 .net/s *"_ivl_266", 8 0, L_0x555558c74100;  1 drivers
v0x555558c595a0_0 .net/s *"_ivl_272", 8 0, L_0x555558c74650;  1 drivers
v0x555558c59680_0 .net/s *"_ivl_275", 8 0, L_0x555558c746f0;  1 drivers
v0x555558c59760_0 .net/s *"_ivl_281", 8 0, L_0x555558c74c50;  1 drivers
v0x555558c59840_0 .net/s *"_ivl_284", 8 0, L_0x555558c74ff0;  1 drivers
v0x555558c59920_0 .net/s *"_ivl_29", 8 0, L_0x555558c6b3a0;  1 drivers
v0x555558c59a00_0 .net/s *"_ivl_290", 8 0, L_0x555558c75570;  1 drivers
v0x555558c59ae0_0 .net/s *"_ivl_293", 8 0, L_0x555558c75610;  1 drivers
v0x555558c59bc0_0 .net/s *"_ivl_299", 8 0, L_0x555558c75ba0;  1 drivers
v0x555558c59ca0_0 .net/s *"_ivl_302", 8 0, L_0x555558c75f70;  1 drivers
v0x555558c59d80_0 .net/s *"_ivl_308", 8 0, L_0x555558c76520;  1 drivers
v0x555558c59e60_0 .net/s *"_ivl_311", 8 0, L_0x555558c765c0;  1 drivers
v0x555558c59f40_0 .net/s *"_ivl_317", 8 0, L_0x555558c76b80;  1 drivers
v0x555558c5a020_0 .net/s *"_ivl_32", 8 0, L_0x555558c6b4a0;  1 drivers
v0x555558c5a100_0 .net/s *"_ivl_320", 8 0, L_0x555558c76f80;  1 drivers
v0x555558c5a1e0_0 .net/s *"_ivl_326", 8 0, L_0x555558c77560;  1 drivers
v0x555558c5a2c0_0 .net/s *"_ivl_329", 8 0, L_0x555558c77600;  1 drivers
v0x555558c5a3a0_0 .net/s *"_ivl_335", 8 0, L_0x555558c77bf0;  1 drivers
v0x555558c5a480_0 .net/s *"_ivl_338", 8 0, L_0x555558c68dd0;  1 drivers
v0x555558c5a560_0 .net/s *"_ivl_344", 8 0, L_0x555558c675b0;  1 drivers
v0x555558c5a640_0 .net/s *"_ivl_347", 8 0, L_0x555558c682c0;  1 drivers
v0x555558c5a720_0 .net/s *"_ivl_353", 8 0, L_0x555558c68530;  1 drivers
v0x555558c5a800_0 .net/s *"_ivl_356", 8 0, L_0x555558c78050;  1 drivers
v0x555558c5a8e0_0 .net/s *"_ivl_362", 8 0, L_0x555558c78630;  1 drivers
v0x555558c5a9c0_0 .net/s *"_ivl_365", 8 0, L_0x555558c78700;  1 drivers
v0x555558c5aaa0_0 .net/s *"_ivl_371", 8 0, L_0x555558c78d50;  1 drivers
v0x555558c5ab80_0 .net/s *"_ivl_374", 8 0, L_0x555558c791e0;  1 drivers
v0x555558c5ac60_0 .net/s *"_ivl_38", 8 0, L_0x555558c6b730;  1 drivers
v0x555558c5ad40_0 .net/s *"_ivl_380", 8 0, L_0x555558c79850;  1 drivers
v0x555558c5ae20_0 .net/s *"_ivl_383", 8 0, L_0x555558c798f0;  1 drivers
v0x555558c5af00_0 .net/s *"_ivl_389", 8 0, L_0x555558c79df0;  1 drivers
v0x555558c5afe0_0 .net/s *"_ivl_392", 8 0, L_0x555558c7a2b0;  1 drivers
v0x555558c5b0c0_0 .net/s *"_ivl_398", 8 0, L_0x555558c79e90;  1 drivers
v0x555558c5b1a0_0 .net/s *"_ivl_401", 8 0, L_0x555558c79f30;  1 drivers
v0x555558c5b280_0 .net/s *"_ivl_407", 8 0, L_0x555558c7a1a0;  1 drivers
v0x555558c5b360_0 .net/s *"_ivl_41", 8 0, L_0x555558c6b7d0;  1 drivers
v0x555558c5b440_0 .net/s *"_ivl_410", 8 0, L_0x555558c7a970;  1 drivers
v0x555558c5b520_0 .net/s *"_ivl_416", 8 0, L_0x555558c7a520;  1 drivers
v0x555558c5b600_0 .net/s *"_ivl_419", 8 0, L_0x555558c7a5f0;  1 drivers
v0x555558c5b6e0_0 .net/s *"_ivl_425", 8 0, L_0x555558c7a860;  1 drivers
v0x555558c5b7c0_0 .net/s *"_ivl_428", 8 0, L_0x555558c7afd0;  1 drivers
v0x555558c5b8a0_0 .net/s *"_ivl_434", 8 0, L_0x555558c7ab50;  1 drivers
v0x555558c5b980_0 .net/s *"_ivl_437", 8 0, L_0x555558c7ac20;  1 drivers
v0x555558c5ba60_0 .net/s *"_ivl_443", 8 0, L_0x555558c7ae90;  1 drivers
v0x555558c5bb40_0 .net/s *"_ivl_446", 8 0, L_0x555558c7af30;  1 drivers
v0x555558c5bc20_0 .net/s *"_ivl_452", 8 0, L_0x555558c7b110;  1 drivers
v0x555558c5bd00_0 .net/s *"_ivl_455", 8 0, L_0x555558c7b1e0;  1 drivers
v0x555558c5bde0_0 .net/s *"_ivl_461", 8 0, L_0x555558c7b450;  1 drivers
v0x555558c5bec0_0 .net/s *"_ivl_464", 8 0, L_0x555558c7b4f0;  1 drivers
v0x555558c5bfa0_0 .net/s *"_ivl_47", 8 0, L_0x555558c6bac0;  1 drivers
v0x555558c5c080_0 .net/s *"_ivl_470", 8 0, L_0x555558c7b700;  1 drivers
v0x555558c5c160_0 .net/s *"_ivl_473", 8 0, L_0x555558c7b7a0;  1 drivers
v0x555558c5c240_0 .net/s *"_ivl_479", 8 0, L_0x555558c7ba10;  1 drivers
v0x555558c5c320_0 .net/s *"_ivl_482", 8 0, L_0x555558c7bab0;  1 drivers
v0x555558c5c400_0 .net/s *"_ivl_488", 8 0, L_0x555558c7bd20;  1 drivers
v0x555558c5c4e0_0 .net/s *"_ivl_491", 8 0, L_0x555558c7bdc0;  1 drivers
v0x555558c5c5c0_0 .net/s *"_ivl_497", 8 0, L_0x555558c7c030;  1 drivers
v0x555558c5c6a0_0 .net/s *"_ivl_5", 8 0, L_0x555558c6aad0;  1 drivers
v0x555558c5c780_0 .net/s *"_ivl_50", 8 0, L_0x555558c6bbf0;  1 drivers
v0x555558c5c860_0 .net/s *"_ivl_500", 8 0, L_0x555558c7c0d0;  1 drivers
v0x555558c5c940_0 .net/s *"_ivl_506", 8 0, L_0x555558c67ef0;  1 drivers
v0x555558c5ca20_0 .net/s *"_ivl_509", 8 0, L_0x555558c7c320;  1 drivers
v0x555558c5cb00_0 .net/s *"_ivl_515", 8 0, L_0x555558c7c560;  1 drivers
v0x555558c5cbe0_0 .net/s *"_ivl_518", 8 0, L_0x555558c7c600;  1 drivers
v0x555558c5ccc0_0 .net/s *"_ivl_524", 8 0, L_0x555558c7ce80;  1 drivers
v0x555558c5cda0_0 .net/s *"_ivl_527", 8 0, L_0x555558c7cf20;  1 drivers
v0x555558c5ce80_0 .net/s *"_ivl_533", 8 0, L_0x555558c7ca70;  1 drivers
v0x555558c5cf60_0 .net/s *"_ivl_536", 8 0, L_0x555558c7cb40;  1 drivers
v0x555558c5d040_0 .net/s *"_ivl_542", 8 0, L_0x555558c7cdb0;  1 drivers
v0x555558c5d120_0 .net/s *"_ivl_545", 8 0, L_0x555558c7d570;  1 drivers
v0x555558c5d200_0 .net/s *"_ivl_551", 8 0, L_0x555558c7cfc0;  1 drivers
v0x555558c5d2e0_0 .net/s *"_ivl_554", 8 0, L_0x555558c7d060;  1 drivers
v0x555558c5d3c0_0 .net/s *"_ivl_56", 8 0, L_0x555558c6bf00;  1 drivers
v0x555558c5d4a0_0 .net/s *"_ivl_560", 8 0, L_0x555558c7d2d0;  1 drivers
v0x555558c5d580_0 .net/s *"_ivl_563", 8 0, L_0x555558c7d370;  1 drivers
v0x555558c5d660_0 .net/s *"_ivl_569", 8 0, L_0x555558c7dca0;  1 drivers
v0x555558c5d740_0 .net/s *"_ivl_572", 8 0, L_0x555558c7d610;  1 drivers
v0x555558c5d820_0 .net/s *"_ivl_578", 8 0, L_0x555558c7d850;  1 drivers
v0x555558c5d900_0 .net/s *"_ivl_581", 8 0, L_0x555558c7d8f0;  1 drivers
v0x555558c5d9e0_0 .net/s *"_ivl_587", 8 0, L_0x555558c7db60;  1 drivers
v0x555558c5dac0_0 .net/s *"_ivl_59", 8 0, L_0x555558c6bfa0;  1 drivers
v0x555558c5dba0_0 .net/s *"_ivl_590", 8 0, L_0x555558c7e370;  1 drivers
v0x555558c5dc80_0 .net/s *"_ivl_596", 8 0, L_0x555558c7dd40;  1 drivers
v0x555558c5dd60_0 .net/s *"_ivl_599", 8 0, L_0x555558c7dde0;  1 drivers
v0x555558c5de40_0 .net/s *"_ivl_605", 8 0, L_0x555558c7e050;  1 drivers
v0x555558c5df20_0 .net/s *"_ivl_608", 8 0, L_0x555558c7e0f0;  1 drivers
v0x555558c5e000_0 .net/s *"_ivl_614", 8 0, L_0x555558c7eb20;  1 drivers
v0x555558c5e8f0_0 .net/s *"_ivl_617", 8 0, L_0x555558c7ebc0;  1 drivers
v0x555558c5e9d0_0 .net/s *"_ivl_623", 8 0, L_0x555558c7e4b0;  1 drivers
v0x555558c5eab0_0 .net/s *"_ivl_626", 8 0, L_0x555558c7e580;  1 drivers
v0x555558c5eb90_0 .net/s *"_ivl_632", 8 0, L_0x555558c7e7f0;  1 drivers
v0x555558c5ec70_0 .net/s *"_ivl_635", 8 0, L_0x555558c7e890;  1 drivers
v0x555558c5ed50_0 .net/s *"_ivl_641", 8 0, L_0x555558c7f310;  1 drivers
v0x555558c5ee30_0 .net/s *"_ivl_644", 8 0, L_0x555558c7ec60;  1 drivers
v0x555558c5ef10_0 .net/s *"_ivl_65", 8 0, L_0x555558c6c220;  1 drivers
v0x555558c5eff0_0 .net/s *"_ivl_650", 8 0, L_0x555558c7eed0;  1 drivers
v0x555558c5f0d0_0 .net/s *"_ivl_653", 8 0, L_0x555558c7ef70;  1 drivers
v0x555558c5f1b0_0 .net/s *"_ivl_659", 8 0, L_0x555558c7f1e0;  1 drivers
v0x555558c5f290_0 .net/s *"_ivl_662", 8 0, L_0x555558c7faa0;  1 drivers
v0x555558c5f370_0 .net/s *"_ivl_668", 8 0, L_0x555558c67cb0;  1 drivers
v0x555558c5f450_0 .net/s *"_ivl_671", 8 0, L_0x555558c7f3b0;  1 drivers
v0x555558c5f530_0 .net/s *"_ivl_677", 8 0, L_0x555558c7f5f0;  1 drivers
v0x555558c5f610_0 .net/s *"_ivl_68", 8 0, L_0x555558c6c380;  1 drivers
v0x555558c5f6f0_0 .net/s *"_ivl_680", 8 0, L_0x555558c7f690;  1 drivers
v0x555558c5f7d0_0 .net/s *"_ivl_686", 8 0, L_0x555558c7f900;  1 drivers
v0x555558c5f8b0_0 .net/s *"_ivl_689", 8 0, L_0x555558c7f9a0;  1 drivers
v0x555558c5f990_0 .net/s *"_ivl_695", 8 0, L_0x555558c80410;  1 drivers
v0x555558c5fa70_0 .net/s *"_ivl_698", 8 0, L_0x555558c67ad0;  1 drivers
v0x555558c5fb50_0 .net/s *"_ivl_704", 8 0, L_0x555558c7fd20;  1 drivers
v0x555558c5fc30_0 .net/s *"_ivl_707", 8 0, L_0x555558c7fdf0;  1 drivers
v0x555558c5fd10_0 .net/s *"_ivl_713", 8 0, L_0x555558c80060;  1 drivers
v0x555558c5fdf0_0 .net/s *"_ivl_716", 8 0, L_0x555558c80100;  1 drivers
v0x555558c5fed0_0 .net *"_ivl_723", 0 0, L_0x555558c80c40;  1 drivers
v0x555558c5ffb0_0 .net/s *"_ivl_728", 17 0, L_0x555558c67b70;  1 drivers
L_0x719e2fb68018 .functor BUFT 1, C4<000000000000000000>, C4<0>, C4<0>, C4<0>;
v0x555558c60090_0 .net *"_ivl_730", 17 0, L_0x719e2fb68018;  1 drivers
v0x555558c60170_0 .net *"_ivl_733", 17 0, L_0x555558c804b0;  1 drivers
v0x555558c60250_0 .net/s *"_ivl_735", 17 0, L_0x555558c805f0;  1 drivers
v0x555558c60330_0 .net/s *"_ivl_737", 17 0, L_0x555558c806e0;  1 drivers
v0x555558c60410_0 .net/s *"_ivl_74", 8 0, L_0x555558c6c6c0;  1 drivers
v0x555558c604f0_0 .net/s *"_ivl_740", 17 0, L_0x555558c80820;  1 drivers
v0x555558c605d0_0 .net/s *"_ivl_742", 17 0, L_0x555558c80910;  1 drivers
v0x555558c606b0_0 .net/s *"_ivl_745", 17 0, L_0x555558c80a50;  1 drivers
v0x555558c60790_0 .net *"_ivl_747", 17 0, L_0x555558c80e50;  1 drivers
v0x555558c60870_0 .net *"_ivl_749", 16 0, L_0x555558c80b40;  1 drivers
L_0x719e2fb68060 .functor BUFT 1, C4<0>, C4<0>, C4<0>, C4<0>;
v0x555558c60950_0 .net *"_ivl_751", 0 0, L_0x719e2fb68060;  1 drivers
v0x555558c60a30_0 .net/s *"_ivl_753", 17 0, L_0x555558c80f90;  1 drivers
v0x555558c60b10_0 .net/s *"_ivl_756", 17 0, L_0x555558c810d0;  1 drivers
v0x555558c60bf0_0 .net *"_ivl_758", 17 0, L_0x555558c812b0;  1 drivers
v0x555558c60cd0_0 .net *"_ivl_760", 16 0, L_0x555558c811c0;  1 drivers
L_0x719e2fb680a8 .functor BUFT 1, C4<0>, C4<0>, C4<0>, C4<0>;
v0x555558c60db0_0 .net *"_ivl_762", 0 0, L_0x719e2fb680a8;  1 drivers
v0x555558c60e90_0 .net/s *"_ivl_764", 17 0, L_0x555558c813f0;  1 drivers
v0x555558c60f70_0 .net/s *"_ivl_767", 17 0, L_0x555558c81530;  1 drivers
v0x555558c61050_0 .net *"_ivl_769", 17 0, L_0x555558c91600;  1 drivers
v0x555558c61130_0 .net/s *"_ivl_77", 8 0, L_0x555558c6c760;  1 drivers
v0x555558c61210_0 .net *"_ivl_771", 16 0, L_0x555558c91e60;  1 drivers
L_0x719e2fb680f0 .functor BUFT 1, C4<0>, C4<0>, C4<0>, C4<0>;
v0x555558c612f0_0 .net *"_ivl_773", 0 0, L_0x719e2fb680f0;  1 drivers
v0x555558c613d0_0 .net/s *"_ivl_775", 17 0, L_0x555558c91740;  1 drivers
v0x555558c614b0_0 .net/s *"_ivl_778", 17 0, L_0x555558c91880;  1 drivers
v0x555558c61590_0 .net *"_ivl_780", 17 0, L_0x555558c91ab0;  1 drivers
v0x555558c61670_0 .net *"_ivl_782", 16 0, L_0x555558c91970;  1 drivers
L_0x719e2fb68138 .functor BUFT 1, C4<0>, C4<0>, C4<0>, C4<0>;
v0x555558c61750_0 .net *"_ivl_784", 0 0, L_0x719e2fb68138;  1 drivers
v0x555558c61830_0 .net/s *"_ivl_786", 17 0, L_0x555558c91bf0;  1 drivers
v0x555558c61910_0 .net/s *"_ivl_789", 17 0, L_0x555558c91d30;  1 drivers
v0x555558c619f0_0 .net *"_ivl_791", 17 0, L_0x555558c91f50;  1 drivers
v0x555558c61ad0_0 .net *"_ivl_793", 16 0, L_0x555558c927f0;  1 drivers
L_0x719e2fb68180 .functor BUFT 1, C4<0>, C4<0>, C4<0>, C4<0>;
v0x555558c61bb0_0 .net *"_ivl_795", 0 0, L_0x719e2fb68180;  1 drivers
v0x555558c61c90_0 .net/s *"_ivl_797", 17 0, L_0x555558c92090;  1 drivers
v0x555558c61d70_0 .net/s *"_ivl_800", 17 0, L_0x555558c921d0;  1 drivers
v0x555558c61e50_0 .net *"_ivl_802", 17 0, L_0x555558c923b0;  1 drivers
v0x555558c61f30_0 .net *"_ivl_804", 16 0, L_0x555558c922c0;  1 drivers
L_0x719e2fb681c8 .functor BUFT 1, C4<0>, C4<0>, C4<0>, C4<0>;
v0x555558c62010_0 .net *"_ivl_806", 0 0, L_0x719e2fb681c8;  1 drivers
v0x555558c620f0_0 .net/s *"_ivl_808", 17 0, L_0x555558c924f0;  1 drivers
v0x555558c621d0_0 .net/s *"_ivl_811", 17 0, L_0x555558c92630;  1 drivers
v0x555558c622b0_0 .net *"_ivl_813", 17 0, L_0x555558c928e0;  1 drivers
v0x555558c62390_0 .net *"_ivl_815", 14 0, L_0x555558c93170;  1 drivers
L_0x719e2fb68210 .functor BUFT 1, C4<000>, C4<0>, C4<0>, C4<0>;
v0x555558c62470_0 .net *"_ivl_817", 2 0, L_0x719e2fb68210;  1 drivers
v0x555558c62550_0 .net/s *"_ivl_819", 17 0, L_0x555558c92a20;  1 drivers
v0x555558c62630_0 .net/s *"_ivl_822", 17 0, L_0x555558c92b60;  1 drivers
v0x555558c62710_0 .net *"_ivl_824", 17 0, L_0x555558c92d40;  1 drivers
v0x555558c627f0_0 .net *"_ivl_826", 13 0, L_0x555558c92c50;  1 drivers
L_0x719e2fb68258 .functor BUFT 1, C4<0000>, C4<0>, C4<0>, C4<0>;
v0x555558c628d0_0 .net *"_ivl_828", 3 0, L_0x719e2fb68258;  1 drivers
v0x555558c629b0_0 .net/s *"_ivl_83", 8 0, L_0x555558c6cab0;  1 drivers
v0x555558c62a90_0 .net/s *"_ivl_830", 17 0, L_0x555558c92e30;  1 drivers
v0x555558c62b70_0 .net/s *"_ivl_833", 17 0, L_0x555558c92f70;  1 drivers
v0x555558c62c50_0 .net *"_ivl_835", 17 0, L_0x555558c93af0;  1 drivers
v0x555558c62d30_0 .net *"_ivl_837", 13 0, L_0x555558c93060;  1 drivers
L_0x719e2fb682a0 .functor BUFT 1, C4<0000>, C4<0>, C4<0>, C4<0>;
v0x555558c62e10_0 .net *"_ivl_839", 3 0, L_0x719e2fb682a0;  1 drivers
v0x555558c62ef0_0 .net/s *"_ivl_848", 14 0, L_0x555558c933f0;  1 drivers
L_0x719e2fb682e8 .functor BUFT 1, C4<000000000000101>, C4<0>, C4<0>, C4<0>;
v0x555558c62fd0_0 .net/2s *"_ivl_850", 14 0, L_0x719e2fb682e8;  1 drivers
v0x555558c630b0_0 .net/s *"_ivl_857", 14 0, L_0x555558c93710;  1 drivers
L_0x719e2fb68330 .functor BUFT 1, C4<000000000000110>, C4<0>, C4<0>, C4<0>;
v0x555558c63190_0 .net/2s *"_ivl_859", 14 0, L_0x719e2fb68330;  1 drivers
v0x555558c63270_0 .net/s *"_ivl_86", 8 0, L_0x555558c6cc40;  1 drivers
v0x555558c63350_0 .net/s *"_ivl_866", 15 0, L_0x555558c93a30;  1 drivers
L_0x719e2fb68378 .functor BUFT 1, C4<0000000000001001>, C4<0>, C4<0>, C4<0>;
v0x555558c63430_0 .net/2s *"_ivl_868", 15 0, L_0x719e2fb68378;  1 drivers
v0x555558c63510_0 .net/s *"_ivl_873", 11 0, L_0x555558c93d70;  1 drivers
v0x555558c635f0_0 .net/s *"_ivl_876", 11 0, L_0x555558c93e60;  1 drivers
v0x555558c636d0_0 .net/s *"_ivl_880", 16 0, L_0x555558c94090;  1 drivers
L_0x719e2fb683c0 .functor BUFT 1, C4<00000000000001011>, C4<0>, C4<0>, C4<0>;
v0x555558c637b0_0 .net/2s *"_ivl_882", 16 0, L_0x719e2fb683c0;  1 drivers
v0x555558c63890_0 .net/s *"_ivl_889", 15 0, L_0x555558c943b0;  1 drivers
L_0x719e2fb68408 .functor BUFT 1, C4<0000000000001101>, C4<0>, C4<0>, C4<0>;
v0x555558c63970_0 .net/2s *"_ivl_891", 15 0, L_0x719e2fb68408;  1 drivers
v0x555558c63a50_0 .net/s *"_ivl_898", 15 0, L_0x555558c95200;  1 drivers
L_0x719e2fb68450 .functor BUFT 1, C4<0000000000001110>, C4<0>, C4<0>, C4<0>;
v0x555558c63b30_0 .net/2s *"_ivl_900", 15 0, L_0x719e2fb68450;  1 drivers
v0x555558c63c10_0 .net/s *"_ivl_907", 15 0, L_0x555558c94a60;  1 drivers
L_0x719e2fb68498 .functor BUFT 1, C4<0000000000001111>, C4<0>, C4<0>, C4<0>;
v0x555558c63cf0_0 .net/2s *"_ivl_909", 15 0, L_0x719e2fb68498;  1 drivers
v0x555558c63dd0_0 .net/s *"_ivl_916", 16 0, L_0x555558c94d80;  1 drivers
L_0x719e2fb684e0 .functor BUFT 1, C4<00000000000010001>, C4<0>, C4<0>, C4<0>;
v0x555558c63eb0_0 .net/2s *"_ivl_918", 16 0, L_0x719e2fb684e0;  1 drivers
v0x555558c63f90_0 .net/s *"_ivl_92", 8 0, L_0x555558c6cfb0;  1 drivers
v0x555558c64070_0 .net/s *"_ivl_922", 19 0, L_0x555558c94fb0;  1 drivers
v0x555558c64150_0 .net/s *"_ivl_924", 19 0, L_0x555558c950a0;  1 drivers
v0x555558c64230_0 .net/s *"_ivl_926", 19 0, L_0x555558c95d10;  1 drivers
v0x555558c64310_0 .net/s *"_ivl_928", 19 0, L_0x555558c952f0;  1 drivers
v0x555558c643f0_0 .net/s *"_ivl_930", 19 0, L_0x555558c95430;  1 drivers
v0x555558c644d0_0 .net/s *"_ivl_932", 19 0, L_0x555558c95520;  1 drivers
v0x555558c645b0_0 .net/s *"_ivl_934", 19 0, L_0x555558c95660;  1 drivers
v0x555558c64690_0 .net/s *"_ivl_936", 19 0, L_0x555558c95750;  1 drivers
v0x555558c64770_0 .net/s *"_ivl_938", 19 0, L_0x555558c95890;  1 drivers
v0x555558c64850_0 .net/s *"_ivl_940", 19 0, L_0x555558c95980;  1 drivers
v0x555558c64930_0 .net/s *"_ivl_942", 19 0, L_0x555558c95ac0;  1 drivers
v0x555558c64a10_0 .net/s *"_ivl_944", 19 0, L_0x555558c95bb0;  1 drivers
v0x555558c64af0_0 .net/s *"_ivl_946", 19 0, L_0x555558c96870;  1 drivers
v0x555558c64bd0_0 .net/s *"_ivl_948", 19 0, L_0x555558c95e00;  1 drivers
v0x555558c64cb0_0 .net/s *"_ivl_95", 8 0, L_0x555558c6d050;  1 drivers
v0x555558c64d90_0 .net/s *"_ivl_950", 19 0, L_0x555558c95f40;  1 drivers
v0x555558c64e70_0 .net/s *"_ivl_952", 19 0, L_0x555558c96030;  1 drivers
v0x555558c64f50_0 .net "clk", 0 0, v0x555558c695e0_0;  1 drivers
v0x555558c65010_0 .net/s "final_sum", 16 0, L_0x555558c96170;  1 drivers
v0x555558c650f0_0 .net/s "g0_mult", 19 0, L_0x555558c93210;  1 drivers
v0x555558c651d0_0 .net/s "g0_pre_sum", 17 0, L_0x555558c93c30;  1 drivers
v0x555558c652b0_0 .net/s "g1_mult", 14 0, L_0x555558c934e0;  1 drivers
v0x555558c653b0_0 .net/s "g1_pre_sum", 10 0, L_0x555558c93300;  1 drivers
v0x555558c65490_0 .net/s "g2_mult", 14 0, L_0x555558c93800;  1 drivers
v0x555558c65590_0 .net/s "g2_pre_sum", 10 0, L_0x555558c93620;  1 drivers
v0x555558c65670_0 .net/s "g3_mult", 15 0, L_0x555558c946f0;  1 drivers
v0x555558c65770_0 .net/s "g3_pre_sum", 10 0, L_0x555558c93940;  1 drivers
v0x555558c65850_0 .net/s "g4_mult", 16 0, L_0x555558c94180;  1 drivers
v0x555558c5e100_0 .net/s "g4_pre_sum", 11 0, L_0x555558c93f50;  1 drivers
v0x555558c5e1e0_0 .net/s "g5_mult", 15 0, L_0x555558c944a0;  1 drivers
v0x555558c5e2e0_0 .net/s "g5_pre_sum", 10 0, L_0x555558c942c0;  1 drivers
v0x555558c5e3c0_0 .net/s "g6_mult", 15 0, L_0x555558c94830;  1 drivers
v0x555558c5e4c0_0 .net/s "g6_pre_sum", 10 0, L_0x555558c945e0;  1 drivers
v0x555558c5e5a0_0 .net/s "g7_mult", 15 0, L_0x555558c94b50;  1 drivers
v0x555558c5e6a0_0 .net/s "g7_pre_sum", 10 0, L_0x555558c94970;  1 drivers
v0x555558c5e780_0 .net/s "g8_mult", 16 0, L_0x555558c94e70;  1 drivers
v0x555558c66900_0 .net/s "g8_pre_sum", 10 0, L_0x555558c94c90;  1 drivers
v0x555558c669c0_0 .net "in_valid", 0 0, v0x555558c69c70_0;  1 drivers
v0x555558c66a80_0 .var "out_valid", 0 0;
v0x555558c66b40_0 .net "rst_n", 0 0, v0x555558c6a360_0;  1 drivers
v0x555558c66c00 .array/s "shift_reg", 160 0, 7 0;
v0x555558c685f0_0 .net/s "x_in", 7 0, v0x555558c6a810_0;  1 drivers
v0x555558c686d0 .array "x_symm", 80 0;
v0x555558c686d0_0 .net/s v0x555558c686d0 0, 8 0, L_0x555558c6abd0; 1 drivers
v0x555558c686d0_1 .net/s v0x555558c686d0 1, 8 0, L_0x555558c6aec0; 1 drivers
v0x555558c686d0_2 .net/s v0x555558c686d0 2, 8 0, L_0x555558c6b230; 1 drivers
v0x555558c686d0_3 .net/s v0x555558c686d0 3, 8 0, L_0x555558c6b5a0; 1 drivers
v0x555558c686d0_4 .net/s v0x555558c686d0 4, 8 0, L_0x555558c6b950; 1 drivers
v0x555558c686d0_5 .net/s v0x555558c686d0 5, 8 0, L_0x555558c6bcf0; 1 drivers
v0x555558c686d0_6 .net/s v0x555558c686d0 6, 8 0, L_0x555558c6be60; 1 drivers
v0x555558c686d0_7 .net/s v0x555558c686d0 7, 8 0, L_0x555558c6c480; 1 drivers
v0x555558c686d0_8 .net/s v0x555558c686d0 8, 8 0, L_0x555558c6c940; 1 drivers
v0x555558c686d0_9 .net/s v0x555558c686d0 9, 8 0, L_0x555558c6cd40; 1 drivers
v0x555558c686d0_10 .net/s v0x555558c686d0 10, 8 0, L_0x555558c6d260; 1 drivers
v0x555558c686d0_11 .net/s v0x555558c686d0 11, 8 0, L_0x555558c6d690; 1 drivers
v0x555558c686d0_12 .net/s v0x555558c686d0 12, 8 0, L_0x555558c6d800; 1 drivers
v0x555558c686d0_13 .net/s v0x555558c686d0 13, 8 0, L_0x555558c6df20; 1 drivers
v0x555558c686d0_14 .net/s v0x555558c686d0 14, 8 0, L_0x555558c6e500; 1 drivers
v0x555558c686d0_15 .net/s v0x555558c686d0 15, 8 0, L_0x555558c6e990; 1 drivers
v0x555558c686d0_16 .net/s v0x555558c686d0 16, 8 0, L_0x555558c6efd0; 1 drivers
v0x555558c686d0_17 .net/s v0x555558c686d0 17, 8 0, L_0x555558c6f490; 1 drivers
v0x555558c686d0_18 .net/s v0x555558c686d0 18, 8 0, L_0x555558c6fb30; 1 drivers
v0x555558c686d0_19 .net/s v0x555558c686d0 19, 8 0, L_0x555558c6fff0; 1 drivers
v0x555558c686d0_20 .net/s v0x555558c686d0 20, 8 0, L_0x555558c706c0; 1 drivers
v0x555558c686d0_21 .net/s v0x555558c686d0 21, 8 0, L_0x555558c70be0; 1 drivers
v0x555558c686d0_22 .net/s v0x555558c686d0 22, 8 0, L_0x555558c71340; 1 drivers
v0x555558c686d0_23 .net/s v0x555558c686d0 23, 8 0, L_0x555558c71890; 1 drivers
v0x555558c686d0_24 .net/s v0x555558c686d0 24, 8 0, L_0x555558c72050; 1 drivers
v0x555558c686d0_25 .net/s v0x555558c686d0 25, 8 0, L_0x555558c725d0; 1 drivers
v0x555558c686d0_26 .net/s v0x555558c686d0 26, 8 0, L_0x555558c72df0; 1 drivers
v0x555558c686d0_27 .net/s v0x555558c686d0 27, 8 0, L_0x555558c733a0; 1 drivers
v0x555558c686d0_28 .net/s v0x555558c686d0 28, 8 0, L_0x555558c73c20; 1 drivers
v0x555558c686d0_29 .net/s v0x555558c686d0 29, 8 0, L_0x555558c74200; 1 drivers
v0x555558c686d0_30 .net/s v0x555558c686d0 30, 8 0, L_0x555558c74ae0; 1 drivers
v0x555558c686d0_31 .net/s v0x555558c686d0 31, 8 0, L_0x555558c750f0; 1 drivers
v0x555558c686d0_32 .net/s v0x555558c686d0 32, 8 0, L_0x555558c75a30; 1 drivers
v0x555558c686d0_33 .net/s v0x555558c686d0 33, 8 0, L_0x555558c76070; 1 drivers
v0x555558c686d0_34 .net/s v0x555558c686d0 34, 8 0, L_0x555558c76a10; 1 drivers
v0x555558c686d0_35 .net/s v0x555558c686d0 35, 8 0, L_0x555558c77080; 1 drivers
v0x555558c686d0_36 .net/s v0x555558c686d0 36, 8 0, L_0x555558c77a80; 1 drivers
v0x555558c686d0_37 .net/s v0x555558c686d0 37, 8 0, L_0x555558c68150; 1 drivers
v0x555558c686d0_38 .net/s v0x555558c686d0 38, 8 0, L_0x555558c683c0; 1 drivers
v0x555558c686d0_39 .net/s v0x555558c686d0 39, 8 0, L_0x555558c780f0; 1 drivers
v0x555558c686d0_40 .net/s v0x555558c686d0 40, 8 0, L_0x555558c78be0; 1 drivers
v0x555558c686d0_41 .net/s v0x555558c686d0 41, 8 0, L_0x555558c792e0; 1 drivers
v0x555558c686d0_42 .net/s v0x555558c686d0 42, 8 0, L_0x555558c67690; 1 drivers
v0x555558c686d0_43 .net/s v0x555558c686d0 43, 8 0, L_0x555558c7a3b0; 1 drivers
v0x555558c686d0_44 .net/s v0x555558c686d0 44, 8 0, L_0x555558c7a030; 1 drivers
v0x555558c686d0_45 .net/s v0x555558c686d0 45, 8 0, L_0x555558c7aa10; 1 drivers
v0x555558c686d0_46 .net/s v0x555558c686d0 46, 8 0, L_0x555558c7a6f0; 1 drivers
v0x555558c686d0_47 .net/s v0x555558c686d0 47, 8 0, L_0x555558c7b070; 1 drivers
v0x555558c686d0_48 .net/s v0x555558c686d0 48, 8 0, L_0x555558c7ad20; 1 drivers
v0x555558c686d0_49 .net/s v0x555558c686d0 49, 8 0, L_0x555558c7b5c0; 1 drivers
v0x555558c686d0_50 .net/s v0x555558c686d0 50, 8 0, L_0x555558c7b2e0; 1 drivers
v0x555558c686d0_51 .net/s v0x555558c686d0 51, 8 0, L_0x555558c7bbe0; 1 drivers
v0x555558c686d0_52 .net/s v0x555558c686d0 52, 8 0, L_0x555558c7b8a0; 1 drivers
v0x555558c686d0_53 .net/s v0x555558c686d0 53, 8 0, L_0x555558c7c230; 1 drivers
v0x555558c686d0_54 .net/s v0x555558c686d0 54, 8 0, L_0x555558c7bec0; 1 drivers
v0x555558c686d0_55 .net/s v0x555558c686d0 55, 8 0, L_0x555558c7c860; 1 drivers
v0x555558c686d0_56 .net/s v0x555558c686d0 56, 8 0, L_0x555558c7c3f0; 1 drivers
v0x555558c686d0_57 .net/s v0x555558c686d0 57, 8 0, L_0x555558c7c700; 1 drivers
v0x555558c686d0_58 .net/s v0x555558c686d0 58, 8 0, L_0x555558c7c900; 1 drivers
v0x555558c686d0_59 .net/s v0x555558c686d0 59, 8 0, L_0x555558c7cc40; 1 drivers
v0x555558c686d0_60 .net/s v0x555558c686d0 60, 8 0, L_0x555558c678d0; 1 drivers
v0x555558c686d0_61 .net/s v0x555558c686d0 61, 8 0, L_0x555558c7d160; 1 drivers
v0x555558c686d0_62 .net/s v0x555558c686d0 62, 8 0, L_0x555558c7d470; 1 drivers
v0x555558c686d0_63 .net/s v0x555558c686d0 63, 8 0, L_0x555558c7d6e0; 1 drivers
v0x555558c686d0_64 .net/s v0x555558c686d0 64, 8 0, L_0x555558c7d9f0; 1 drivers
v0x555558c686d0_65 .net/s v0x555558c686d0 65, 8 0, L_0x555558c7e410; 1 drivers
v0x555558c686d0_66 .net/s v0x555558c686d0 66, 8 0, L_0x555558c7dee0; 1 drivers
v0x555558c686d0_67 .net/s v0x555558c686d0 67, 8 0, L_0x555558c7e1f0; 1 drivers
v0x555558c686d0_68 .net/s v0x555558c686d0 68, 8 0, L_0x555558c691d0; 1 drivers
v0x555558c686d0_69 .net/s v0x555558c686d0 69, 8 0, L_0x555558c7e680; 1 drivers
v0x555558c686d0_70 .net/s v0x555558c686d0 70, 8 0, L_0x555558c7e990; 1 drivers
v0x555558c686d0_71 .net/s v0x555558c686d0 71, 8 0, L_0x555558c7ed60; 1 drivers
v0x555558c686d0_72 .net/s v0x555558c686d0 72, 8 0, L_0x555558c7f070; 1 drivers
v0x555558c686d0_73 .net/s v0x555558c686d0 73, 8 0, L_0x555558c7fb40; 1 drivers
v0x555558c686d0_74 .net/s v0x555558c686d0 74, 8 0, L_0x555558c7f480; 1 drivers
v0x555558c686d0_75 .net/s v0x555558c686d0 75, 8 0, L_0x555558c7f790; 1 drivers
v0x555558c686d0_76 .net/s v0x555558c686d0 76, 8 0, L_0x555558c80320; 1 drivers
v0x555558c686d0_77 .net/s v0x555558c686d0 77, 8 0, L_0x555558c7fbe0; 1 drivers
v0x555558c686d0_78 .net/s v0x555558c686d0 78, 8 0, L_0x555558c7fef0; 1 drivers
v0x555558c686d0_79 .net/s v0x555558c686d0 79, 8 0, L_0x555558c80200; 1 drivers
v0x555558c686d0_80 .net/s v0x555558c686d0 80, 8 0, L_0x555558c80ce0; 1 drivers
v0x555558c69440_0 .var/s "y_out", 8 0;
E_0x555558b516f0 .event anyedge, v0x555558c65010_0;
E_0x555558c45bb0 .event posedge, v0x555558c64f50_0;
v0x555558c66c00_0 .array/port v0x555558c66c00, 0;
L_0x555558c6a9d0 .extend/s 9, v0x555558c66c00_0;
v0x555558c66c00_160 .array/port v0x555558c66c00, 160;
L_0x555558c6aad0 .extend/s 9, v0x555558c66c00_160;
L_0x555558c6abd0 .arith/sum 9, L_0x555558c6a9d0, L_0x555558c6aad0;
v0x555558c66c00_1 .array/port v0x555558c66c00, 1;
L_0x555558c6acf0 .extend/s 9, v0x555558c66c00_1;
v0x555558c66c00_159 .array/port v0x555558c66c00, 159;
L_0x555558c6adc0 .extend/s 9, v0x555558c66c00_159;
L_0x555558c6aec0 .arith/sum 9, L_0x555558c6acf0, L_0x555558c6adc0;
v0x555558c66c00_2 .array/port v0x555558c66c00, 2;
L_0x555558c6b070 .extend/s 9, v0x555558c66c00_2;
v0x555558c66c00_158 .array/port v0x555558c66c00, 158;
L_0x555558c6b110 .extend/s 9, v0x555558c66c00_158;
L_0x555558c6b230 .arith/sum 9, L_0x555558c6b070, L_0x555558c6b110;
v0x555558c66c00_3 .array/port v0x555558c66c00, 3;
L_0x555558c6b3a0 .extend/s 9, v0x555558c66c00_3;
v0x555558c66c00_157 .array/port v0x555558c66c00, 157;
L_0x555558c6b4a0 .extend/s 9, v0x555558c66c00_157;
L_0x555558c6b5a0 .arith/sum 9, L_0x555558c6b3a0, L_0x555558c6b4a0;
v0x555558c66c00_4 .array/port v0x555558c66c00, 4;
L_0x555558c6b730 .extend/s 9, v0x555558c66c00_4;
v0x555558c66c00_156 .array/port v0x555558c66c00, 156;
L_0x555558c6b7d0 .extend/s 9, v0x555558c66c00_156;
L_0x555558c6b950 .arith/sum 9, L_0x555558c6b730, L_0x555558c6b7d0;
v0x555558c66c00_5 .array/port v0x555558c66c00, 5;
L_0x555558c6bac0 .extend/s 9, v0x555558c66c00_5;
v0x555558c66c00_155 .array/port v0x555558c66c00, 155;
L_0x555558c6bbf0 .extend/s 9, v0x555558c66c00_155;
L_0x555558c6bcf0 .arith/sum 9, L_0x555558c6bac0, L_0x555558c6bbf0;
v0x555558c66c00_6 .array/port v0x555558c66c00, 6;
L_0x555558c6bf00 .extend/s 9, v0x555558c66c00_6;
v0x555558c66c00_154 .array/port v0x555558c66c00, 154;
L_0x555558c6bfa0 .extend/s 9, v0x555558c66c00_154;
L_0x555558c6be60 .arith/sum 9, L_0x555558c6bf00, L_0x555558c6bfa0;
v0x555558c66c00_7 .array/port v0x555558c66c00, 7;
L_0x555558c6c220 .extend/s 9, v0x555558c66c00_7;
v0x555558c66c00_153 .array/port v0x555558c66c00, 153;
L_0x555558c6c380 .extend/s 9, v0x555558c66c00_153;
L_0x555558c6c480 .arith/sum 9, L_0x555558c6c220, L_0x555558c6c380;
v0x555558c66c00_8 .array/port v0x555558c66c00, 8;
L_0x555558c6c6c0 .extend/s 9, v0x555558c66c00_8;
v0x555558c66c00_152 .array/port v0x555558c66c00, 152;
L_0x555558c6c760 .extend/s 9, v0x555558c66c00_152;
L_0x555558c6c940 .arith/sum 9, L_0x555558c6c6c0, L_0x555558c6c760;
v0x555558c66c00_9 .array/port v0x555558c66c00, 9;
L_0x555558c6cab0 .extend/s 9, v0x555558c66c00_9;
v0x555558c66c00_151 .array/port v0x555558c66c00, 151;
L_0x555558c6cc40 .extend/s 9, v0x555558c66c00_151;
L_0x555558c6cd40 .arith/sum 9, L_0x555558c6cab0, L_0x555558c6cc40;
v0x555558c66c00_10 .array/port v0x555558c66c00, 10;
L_0x555558c6cfb0 .extend/s 9, v0x555558c66c00_10;
v0x555558c66c00_150 .array/port v0x555558c66c00, 150;
L_0x555558c6d050 .extend/s 9, v0x555558c66c00_150;
L_0x555558c6d260 .arith/sum 9, L_0x555558c6cfb0, L_0x555558c6d050;
v0x555558c66c00_11 .array/port v0x555558c66c00, 11;
L_0x555558c6d3d0 .extend/s 9, v0x555558c66c00_11;
v0x555558c66c00_149 .array/port v0x555558c66c00, 149;
L_0x555558c6d590 .extend/s 9, v0x555558c66c00_149;
L_0x555558c6d690 .arith/sum 9, L_0x555558c6d3d0, L_0x555558c6d590;
v0x555558c66c00_12 .array/port v0x555558c66c00, 12;
L_0x555558c6d930 .extend/s 9, v0x555558c66c00_12;
v0x555558c66c00_148 .array/port v0x555558c66c00, 148;
L_0x555558c6d9d0 .extend/s 9, v0x555558c66c00_148;
L_0x555558c6d800 .arith/sum 9, L_0x555558c6d930, L_0x555558c6d9d0;
v0x555558c66c00_13 .array/port v0x555558c66c00, 13;
L_0x555558c6dc30 .extend/s 9, v0x555558c66c00_13;
v0x555558c66c00_147 .array/port v0x555558c66c00, 147;
L_0x555558c6de20 .extend/s 9, v0x555558c66c00_147;
L_0x555558c6df20 .arith/sum 9, L_0x555558c6dc30, L_0x555558c6de20;
v0x555558c66c00_14 .array/port v0x555558c66c00, 14;
L_0x555558c6e1f0 .extend/s 9, v0x555558c66c00_14;
v0x555558c66c00_146 .array/port v0x555558c66c00, 146;
L_0x555558c6e290 .extend/s 9, v0x555558c66c00_146;
L_0x555558c6e500 .arith/sum 9, L_0x555558c6e1f0, L_0x555558c6e290;
v0x555558c66c00_15 .array/port v0x555558c66c00, 15;
L_0x555558c6e670 .extend/s 9, v0x555558c66c00_15;
v0x555558c66c00_145 .array/port v0x555558c66c00, 145;
L_0x555558c6e890 .extend/s 9, v0x555558c66c00_145;
L_0x555558c6e990 .arith/sum 9, L_0x555558c6e670, L_0x555558c6e890;
v0x555558c66c00_16 .array/port v0x555558c66c00, 16;
L_0x555558c6ec90 .extend/s 9, v0x555558c66c00_16;
v0x555558c66c00_144 .array/port v0x555558c66c00, 144;
L_0x555558c6ed30 .extend/s 9, v0x555558c66c00_144;
L_0x555558c6efd0 .arith/sum 9, L_0x555558c6ec90, L_0x555558c6ed30;
v0x555558c66c00_17 .array/port v0x555558c66c00, 17;
L_0x555558c6f140 .extend/s 9, v0x555558c66c00_17;
v0x555558c66c00_143 .array/port v0x555558c66c00, 143;
L_0x555558c6f390 .extend/s 9, v0x555558c66c00_143;
L_0x555558c6f490 .arith/sum 9, L_0x555558c6f140, L_0x555558c6f390;
v0x555558c66c00_18 .array/port v0x555558c66c00, 18;
L_0x555558c6f7c0 .extend/s 9, v0x555558c66c00_18;
v0x555558c66c00_142 .array/port v0x555558c66c00, 142;
L_0x555558c6f860 .extend/s 9, v0x555558c66c00_142;
L_0x555558c6fb30 .arith/sum 9, L_0x555558c6f7c0, L_0x555558c6f860;
v0x555558c66c00_19 .array/port v0x555558c66c00, 19;
L_0x555558c6fca0 .extend/s 9, v0x555558c66c00_19;
v0x555558c66c00_141 .array/port v0x555558c66c00, 141;
L_0x555558c6ff20 .extend/s 9, v0x555558c66c00_141;
L_0x555558c6fff0 .arith/sum 9, L_0x555558c6fca0, L_0x555558c6ff20;
v0x555558c66c00_20 .array/port v0x555558c66c00, 20;
L_0x555558c70350 .extend/s 9, v0x555558c66c00_20;
v0x555558c66c00_140 .array/port v0x555558c66c00, 140;
L_0x555558c703f0 .extend/s 9, v0x555558c66c00_140;
L_0x555558c706c0 .arith/sum 9, L_0x555558c70350, L_0x555558c703f0;
v0x555558c66c00_21 .array/port v0x555558c66c00, 21;
L_0x555558c70830 .extend/s 9, v0x555558c66c00_21;
v0x555558c66c00_139 .array/port v0x555558c66c00, 139;
L_0x555558c70ae0 .extend/s 9, v0x555558c66c00_139;
L_0x555558c70be0 .arith/sum 9, L_0x555558c70830, L_0x555558c70ae0;
v0x555558c66c00_22 .array/port v0x555558c66c00, 22;
L_0x555558c70f70 .extend/s 9, v0x555558c66c00_22;
v0x555558c66c00_138 .array/port v0x555558c66c00, 138;
L_0x555558c71010 .extend/s 9, v0x555558c66c00_138;
L_0x555558c71340 .arith/sum 9, L_0x555558c70f70, L_0x555558c71010;
v0x555558c66c00_23 .array/port v0x555558c66c00, 23;
L_0x555558c714b0 .extend/s 9, v0x555558c66c00_23;
v0x555558c66c00_137 .array/port v0x555558c66c00, 137;
L_0x555558c71790 .extend/s 9, v0x555558c66c00_137;
L_0x555558c71890 .arith/sum 9, L_0x555558c714b0, L_0x555558c71790;
v0x555558c66c00_24 .array/port v0x555558c66c00, 24;
L_0x555558c71c50 .extend/s 9, v0x555558c66c00_24;
v0x555558c66c00_136 .array/port v0x555558c66c00, 136;
L_0x555558c71cf0 .extend/s 9, v0x555558c66c00_136;
L_0x555558c72050 .arith/sum 9, L_0x555558c71c50, L_0x555558c71cf0;
v0x555558c66c00_25 .array/port v0x555558c66c00, 25;
L_0x555558c721c0 .extend/s 9, v0x555558c66c00_25;
v0x555558c66c00_135 .array/port v0x555558c66c00, 135;
L_0x555558c724d0 .extend/s 9, v0x555558c66c00_135;
L_0x555558c725d0 .arith/sum 9, L_0x555558c721c0, L_0x555558c724d0;
v0x555558c66c00_26 .array/port v0x555558c66c00, 26;
L_0x555558c729c0 .extend/s 9, v0x555558c66c00_26;
v0x555558c66c00_134 .array/port v0x555558c66c00, 134;
L_0x555558c72a60 .extend/s 9, v0x555558c66c00_134;
L_0x555558c72df0 .arith/sum 9, L_0x555558c729c0, L_0x555558c72a60;
v0x555558c66c00_27 .array/port v0x555558c66c00, 27;
L_0x555558c72f60 .extend/s 9, v0x555558c66c00_27;
v0x555558c66c00_133 .array/port v0x555558c66c00, 133;
L_0x555558c732a0 .extend/s 9, v0x555558c66c00_133;
L_0x555558c733a0 .arith/sum 9, L_0x555558c72f60, L_0x555558c732a0;
v0x555558c66c00_28 .array/port v0x555558c66c00, 28;
L_0x555558c737c0 .extend/s 9, v0x555558c66c00_28;
v0x555558c66c00_132 .array/port v0x555558c66c00, 132;
L_0x555558c73860 .extend/s 9, v0x555558c66c00_132;
L_0x555558c73c20 .arith/sum 9, L_0x555558c737c0, L_0x555558c73860;
v0x555558c66c00_29 .array/port v0x555558c66c00, 29;
L_0x555558c73d90 .extend/s 9, v0x555558c66c00_29;
v0x555558c66c00_131 .array/port v0x555558c66c00, 131;
L_0x555558c74100 .extend/s 9, v0x555558c66c00_131;
L_0x555558c74200 .arith/sum 9, L_0x555558c73d90, L_0x555558c74100;
v0x555558c66c00_30 .array/port v0x555558c66c00, 30;
L_0x555558c74650 .extend/s 9, v0x555558c66c00_30;
v0x555558c66c00_130 .array/port v0x555558c66c00, 130;
L_0x555558c746f0 .extend/s 9, v0x555558c66c00_130;
L_0x555558c74ae0 .arith/sum 9, L_0x555558c74650, L_0x555558c746f0;
v0x555558c66c00_31 .array/port v0x555558c66c00, 31;
L_0x555558c74c50 .extend/s 9, v0x555558c66c00_31;
v0x555558c66c00_129 .array/port v0x555558c66c00, 129;
L_0x555558c74ff0 .extend/s 9, v0x555558c66c00_129;
L_0x555558c750f0 .arith/sum 9, L_0x555558c74c50, L_0x555558c74ff0;
v0x555558c66c00_32 .array/port v0x555558c66c00, 32;
L_0x555558c75570 .extend/s 9, v0x555558c66c00_32;
v0x555558c66c00_128 .array/port v0x555558c66c00, 128;
L_0x555558c75610 .extend/s 9, v0x555558c66c00_128;
L_0x555558c75a30 .arith/sum 9, L_0x555558c75570, L_0x555558c75610;
v0x555558c66c00_33 .array/port v0x555558c66c00, 33;
L_0x555558c75ba0 .extend/s 9, v0x555558c66c00_33;
v0x555558c66c00_127 .array/port v0x555558c66c00, 127;
L_0x555558c75f70 .extend/s 9, v0x555558c66c00_127;
L_0x555558c76070 .arith/sum 9, L_0x555558c75ba0, L_0x555558c75f70;
v0x555558c66c00_34 .array/port v0x555558c66c00, 34;
L_0x555558c76520 .extend/s 9, v0x555558c66c00_34;
v0x555558c66c00_126 .array/port v0x555558c66c00, 126;
L_0x555558c765c0 .extend/s 9, v0x555558c66c00_126;
L_0x555558c76a10 .arith/sum 9, L_0x555558c76520, L_0x555558c765c0;
v0x555558c66c00_35 .array/port v0x555558c66c00, 35;
L_0x555558c76b80 .extend/s 9, v0x555558c66c00_35;
v0x555558c66c00_125 .array/port v0x555558c66c00, 125;
L_0x555558c76f80 .extend/s 9, v0x555558c66c00_125;
L_0x555558c77080 .arith/sum 9, L_0x555558c76b80, L_0x555558c76f80;
v0x555558c66c00_36 .array/port v0x555558c66c00, 36;
L_0x555558c77560 .extend/s 9, v0x555558c66c00_36;
v0x555558c66c00_124 .array/port v0x555558c66c00, 124;
L_0x555558c77600 .extend/s 9, v0x555558c66c00_124;
L_0x555558c77a80 .arith/sum 9, L_0x555558c77560, L_0x555558c77600;
v0x555558c66c00_37 .array/port v0x555558c66c00, 37;
L_0x555558c77bf0 .extend/s 9, v0x555558c66c00_37;
v0x555558c66c00_123 .array/port v0x555558c66c00, 123;
L_0x555558c68dd0 .extend/s 9, v0x555558c66c00_123;
L_0x555558c68150 .arith/sum 9, L_0x555558c77bf0, L_0x555558c68dd0;
v0x555558c66c00_38 .array/port v0x555558c66c00, 38;
L_0x555558c675b0 .extend/s 9, v0x555558c66c00_38;
v0x555558c66c00_122 .array/port v0x555558c66c00, 122;
L_0x555558c682c0 .extend/s 9, v0x555558c66c00_122;
L_0x555558c683c0 .arith/sum 9, L_0x555558c675b0, L_0x555558c682c0;
v0x555558c66c00_39 .array/port v0x555558c66c00, 39;
L_0x555558c68530 .extend/s 9, v0x555558c66c00_39;
v0x555558c66c00_121 .array/port v0x555558c66c00, 121;
L_0x555558c78050 .extend/s 9, v0x555558c66c00_121;
L_0x555558c780f0 .arith/sum 9, L_0x555558c68530, L_0x555558c78050;
v0x555558c66c00_40 .array/port v0x555558c66c00, 40;
L_0x555558c78630 .extend/s 9, v0x555558c66c00_40;
v0x555558c66c00_120 .array/port v0x555558c66c00, 120;
L_0x555558c78700 .extend/s 9, v0x555558c66c00_120;
L_0x555558c78be0 .arith/sum 9, L_0x555558c78630, L_0x555558c78700;
v0x555558c66c00_41 .array/port v0x555558c66c00, 41;
L_0x555558c78d50 .extend/s 9, v0x555558c66c00_41;
v0x555558c66c00_119 .array/port v0x555558c66c00, 119;
L_0x555558c791e0 .extend/s 9, v0x555558c66c00_119;
L_0x555558c792e0 .arith/sum 9, L_0x555558c78d50, L_0x555558c791e0;
v0x555558c66c00_42 .array/port v0x555558c66c00, 42;
L_0x555558c79850 .extend/s 9, v0x555558c66c00_42;
v0x555558c66c00_118 .array/port v0x555558c66c00, 118;
L_0x555558c798f0 .extend/s 9, v0x555558c66c00_118;
L_0x555558c67690 .arith/sum 9, L_0x555558c79850, L_0x555558c798f0;
v0x555558c66c00_43 .array/port v0x555558c66c00, 43;
L_0x555558c79df0 .extend/s 9, v0x555558c66c00_43;
v0x555558c66c00_117 .array/port v0x555558c66c00, 117;
L_0x555558c7a2b0 .extend/s 9, v0x555558c66c00_117;
L_0x555558c7a3b0 .arith/sum 9, L_0x555558c79df0, L_0x555558c7a2b0;
v0x555558c66c00_44 .array/port v0x555558c66c00, 44;
L_0x555558c79e90 .extend/s 9, v0x555558c66c00_44;
v0x555558c66c00_116 .array/port v0x555558c66c00, 116;
L_0x555558c79f30 .extend/s 9, v0x555558c66c00_116;
L_0x555558c7a030 .arith/sum 9, L_0x555558c79e90, L_0x555558c79f30;
v0x555558c66c00_45 .array/port v0x555558c66c00, 45;
L_0x555558c7a1a0 .extend/s 9, v0x555558c66c00_45;
v0x555558c66c00_115 .array/port v0x555558c66c00, 115;
L_0x555558c7a970 .extend/s 9, v0x555558c66c00_115;
L_0x555558c7aa10 .arith/sum 9, L_0x555558c7a1a0, L_0x555558c7a970;
v0x555558c66c00_46 .array/port v0x555558c66c00, 46;
L_0x555558c7a520 .extend/s 9, v0x555558c66c00_46;
v0x555558c66c00_114 .array/port v0x555558c66c00, 114;
L_0x555558c7a5f0 .extend/s 9, v0x555558c66c00_114;
L_0x555558c7a6f0 .arith/sum 9, L_0x555558c7a520, L_0x555558c7a5f0;
v0x555558c66c00_47 .array/port v0x555558c66c00, 47;
L_0x555558c7a860 .extend/s 9, v0x555558c66c00_47;
v0x555558c66c00_113 .array/port v0x555558c66c00, 113;
L_0x555558c7afd0 .extend/s 9, v0x555558c66c00_113;
L_0x555558c7b070 .arith/sum 9, L_0x555558c7a860, L_0x555558c7afd0;
v0x555558c66c00_48 .array/port v0x555558c66c00, 48;
L_0x555558c7ab50 .extend/s 9, v0x555558c66c00_48;
v0x555558c66c00_112 .array/port v0x555558c66c00, 112;
L_0x555558c7ac20 .extend/s 9, v0x555558c66c00_112;
L_0x555558c7ad20 .arith/sum 9, L_0x555558c7ab50, L_0x555558c7ac20;
v0x555558c66c00_49 .array/port v0x555558c66c00, 49;
L_0x555558c7ae90 .extend/s 9, v0x555558c66c00_49;
v0x555558c66c00_111 .array/port v0x555558c66c00, 111;
L_0x555558c7af30 .extend/s 9, v0x555558c66c00_111;
L_0x555558c7b5c0 .arith/sum 9, L_0x555558c7ae90, L_0x555558c7af30;
v0x555558c66c00_50 .array/port v0x555558c66c00, 50;
L_0x555558c7b110 .extend/s 9, v0x555558c66c00_50;
v0x555558c66c00_110 .array/port v0x555558c66c00, 110;
L_0x555558c7b1e0 .extend/s 9, v0x555558c66c00_110;
L_0x555558c7b2e0 .arith/sum 9, L_0x555558c7b110, L_0x555558c7b1e0;
v0x555558c66c00_51 .array/port v0x555558c66c00, 51;
L_0x555558c7b450 .extend/s 9, v0x555558c66c00_51;
v0x555558c66c00_109 .array/port v0x555558c66c00, 109;
L_0x555558c7b4f0 .extend/s 9, v0x555558c66c00_109;
L_0x555558c7bbe0 .arith/sum 9, L_0x555558c7b450, L_0x555558c7b4f0;
v0x555558c66c00_52 .array/port v0x555558c66c00, 52;
L_0x555558c7b700 .extend/s 9, v0x555558c66c00_52;
v0x555558c66c00_108 .array/port v0x555558c66c00, 108;
L_0x555558c7b7a0 .extend/s 9, v0x555558c66c00_108;
L_0x555558c7b8a0 .arith/sum 9, L_0x555558c7b700, L_0x555558c7b7a0;
v0x555558c66c00_53 .array/port v0x555558c66c00, 53;
L_0x555558c7ba10 .extend/s 9, v0x555558c66c00_53;
v0x555558c66c00_107 .array/port v0x555558c66c00, 107;
L_0x555558c7bab0 .extend/s 9, v0x555558c66c00_107;
L_0x555558c7c230 .arith/sum 9, L_0x555558c7ba10, L_0x555558c7bab0;
v0x555558c66c00_54 .array/port v0x555558c66c00, 54;
L_0x555558c7bd20 .extend/s 9, v0x555558c66c00_54;
v0x555558c66c00_106 .array/port v0x555558c66c00, 106;
L_0x555558c7bdc0 .extend/s 9, v0x555558c66c00_106;
L_0x555558c7bec0 .arith/sum 9, L_0x555558c7bd20, L_0x555558c7bdc0;
v0x555558c66c00_55 .array/port v0x555558c66c00, 55;
L_0x555558c7c030 .extend/s 9, v0x555558c66c00_55;
v0x555558c66c00_105 .array/port v0x555558c66c00, 105;
L_0x555558c7c0d0 .extend/s 9, v0x555558c66c00_105;
L_0x555558c7c860 .arith/sum 9, L_0x555558c7c030, L_0x555558c7c0d0;
v0x555558c66c00_56 .array/port v0x555558c66c00, 56;
L_0x555558c67ef0 .extend/s 9, v0x555558c66c00_56;
v0x555558c66c00_104 .array/port v0x555558c66c00, 104;
L_0x555558c7c320 .extend/s 9, v0x555558c66c00_104;
L_0x555558c7c3f0 .arith/sum 9, L_0x555558c67ef0, L_0x555558c7c320;
v0x555558c66c00_57 .array/port v0x555558c66c00, 57;
L_0x555558c7c560 .extend/s 9, v0x555558c66c00_57;
v0x555558c66c00_103 .array/port v0x555558c66c00, 103;
L_0x555558c7c600 .extend/s 9, v0x555558c66c00_103;
L_0x555558c7c700 .arith/sum 9, L_0x555558c7c560, L_0x555558c7c600;
v0x555558c66c00_58 .array/port v0x555558c66c00, 58;
L_0x555558c7ce80 .extend/s 9, v0x555558c66c00_58;
v0x555558c66c00_102 .array/port v0x555558c66c00, 102;
L_0x555558c7cf20 .extend/s 9, v0x555558c66c00_102;
L_0x555558c7c900 .arith/sum 9, L_0x555558c7ce80, L_0x555558c7cf20;
v0x555558c66c00_59 .array/port v0x555558c66c00, 59;
L_0x555558c7ca70 .extend/s 9, v0x555558c66c00_59;
v0x555558c66c00_101 .array/port v0x555558c66c00, 101;
L_0x555558c7cb40 .extend/s 9, v0x555558c66c00_101;
L_0x555558c7cc40 .arith/sum 9, L_0x555558c7ca70, L_0x555558c7cb40;
v0x555558c66c00_60 .array/port v0x555558c66c00, 60;
L_0x555558c7cdb0 .extend/s 9, v0x555558c66c00_60;
v0x555558c66c00_100 .array/port v0x555558c66c00, 100;
L_0x555558c7d570 .extend/s 9, v0x555558c66c00_100;
L_0x555558c678d0 .arith/sum 9, L_0x555558c7cdb0, L_0x555558c7d570;
v0x555558c66c00_61 .array/port v0x555558c66c00, 61;
L_0x555558c7cfc0 .extend/s 9, v0x555558c66c00_61;
v0x555558c66c00_99 .array/port v0x555558c66c00, 99;
L_0x555558c7d060 .extend/s 9, v0x555558c66c00_99;
L_0x555558c7d160 .arith/sum 9, L_0x555558c7cfc0, L_0x555558c7d060;
v0x555558c66c00_62 .array/port v0x555558c66c00, 62;
L_0x555558c7d2d0 .extend/s 9, v0x555558c66c00_62;
v0x555558c66c00_98 .array/port v0x555558c66c00, 98;
L_0x555558c7d370 .extend/s 9, v0x555558c66c00_98;
L_0x555558c7d470 .arith/sum 9, L_0x555558c7d2d0, L_0x555558c7d370;
v0x555558c66c00_63 .array/port v0x555558c66c00, 63;
L_0x555558c7dca0 .extend/s 9, v0x555558c66c00_63;
v0x555558c66c00_97 .array/port v0x555558c66c00, 97;
L_0x555558c7d610 .extend/s 9, v0x555558c66c00_97;
L_0x555558c7d6e0 .arith/sum 9, L_0x555558c7dca0, L_0x555558c7d610;
v0x555558c66c00_64 .array/port v0x555558c66c00, 64;
L_0x555558c7d850 .extend/s 9, v0x555558c66c00_64;
v0x555558c66c00_96 .array/port v0x555558c66c00, 96;
L_0x555558c7d8f0 .extend/s 9, v0x555558c66c00_96;
L_0x555558c7d9f0 .arith/sum 9, L_0x555558c7d850, L_0x555558c7d8f0;
v0x555558c66c00_65 .array/port v0x555558c66c00, 65;
L_0x555558c7db60 .extend/s 9, v0x555558c66c00_65;
v0x555558c66c00_95 .array/port v0x555558c66c00, 95;
L_0x555558c7e370 .extend/s 9, v0x555558c66c00_95;
L_0x555558c7e410 .arith/sum 9, L_0x555558c7db60, L_0x555558c7e370;
v0x555558c66c00_66 .array/port v0x555558c66c00, 66;
L_0x555558c7dd40 .extend/s 9, v0x555558c66c00_66;
v0x555558c66c00_94 .array/port v0x555558c66c00, 94;
L_0x555558c7dde0 .extend/s 9, v0x555558c66c00_94;
L_0x555558c7dee0 .arith/sum 9, L_0x555558c7dd40, L_0x555558c7dde0;
v0x555558c66c00_67 .array/port v0x555558c66c00, 67;
L_0x555558c7e050 .extend/s 9, v0x555558c66c00_67;
v0x555558c66c00_93 .array/port v0x555558c66c00, 93;
L_0x555558c7e0f0 .extend/s 9, v0x555558c66c00_93;
L_0x555558c7e1f0 .arith/sum 9, L_0x555558c7e050, L_0x555558c7e0f0;
v0x555558c66c00_68 .array/port v0x555558c66c00, 68;
L_0x555558c7eb20 .extend/s 9, v0x555558c66c00_68;
v0x555558c66c00_92 .array/port v0x555558c66c00, 92;
L_0x555558c7ebc0 .extend/s 9, v0x555558c66c00_92;
L_0x555558c691d0 .arith/sum 9, L_0x555558c7eb20, L_0x555558c7ebc0;
v0x555558c66c00_69 .array/port v0x555558c66c00, 69;
L_0x555558c7e4b0 .extend/s 9, v0x555558c66c00_69;
v0x555558c66c00_91 .array/port v0x555558c66c00, 91;
L_0x555558c7e580 .extend/s 9, v0x555558c66c00_91;
L_0x555558c7e680 .arith/sum 9, L_0x555558c7e4b0, L_0x555558c7e580;
v0x555558c66c00_70 .array/port v0x555558c66c00, 70;
L_0x555558c7e7f0 .extend/s 9, v0x555558c66c00_70;
v0x555558c66c00_90 .array/port v0x555558c66c00, 90;
L_0x555558c7e890 .extend/s 9, v0x555558c66c00_90;
L_0x555558c7e990 .arith/sum 9, L_0x555558c7e7f0, L_0x555558c7e890;
v0x555558c66c00_71 .array/port v0x555558c66c00, 71;
L_0x555558c7f310 .extend/s 9, v0x555558c66c00_71;
v0x555558c66c00_89 .array/port v0x555558c66c00, 89;
L_0x555558c7ec60 .extend/s 9, v0x555558c66c00_89;
L_0x555558c7ed60 .arith/sum 9, L_0x555558c7f310, L_0x555558c7ec60;
v0x555558c66c00_72 .array/port v0x555558c66c00, 72;
L_0x555558c7eed0 .extend/s 9, v0x555558c66c00_72;
v0x555558c66c00_88 .array/port v0x555558c66c00, 88;
L_0x555558c7ef70 .extend/s 9, v0x555558c66c00_88;
L_0x555558c7f070 .arith/sum 9, L_0x555558c7eed0, L_0x555558c7ef70;
v0x555558c66c00_73 .array/port v0x555558c66c00, 73;
L_0x555558c7f1e0 .extend/s 9, v0x555558c66c00_73;
v0x555558c66c00_87 .array/port v0x555558c66c00, 87;
L_0x555558c7faa0 .extend/s 9, v0x555558c66c00_87;
L_0x555558c7fb40 .arith/sum 9, L_0x555558c7f1e0, L_0x555558c7faa0;
v0x555558c66c00_74 .array/port v0x555558c66c00, 74;
L_0x555558c67cb0 .extend/s 9, v0x555558c66c00_74;
v0x555558c66c00_86 .array/port v0x555558c66c00, 86;
L_0x555558c7f3b0 .extend/s 9, v0x555558c66c00_86;
L_0x555558c7f480 .arith/sum 9, L_0x555558c67cb0, L_0x555558c7f3b0;
v0x555558c66c00_75 .array/port v0x555558c66c00, 75;
L_0x555558c7f5f0 .extend/s 9, v0x555558c66c00_75;
v0x555558c66c00_85 .array/port v0x555558c66c00, 85;
L_0x555558c7f690 .extend/s 9, v0x555558c66c00_85;
L_0x555558c7f790 .arith/sum 9, L_0x555558c7f5f0, L_0x555558c7f690;
v0x555558c66c00_76 .array/port v0x555558c66c00, 76;
L_0x555558c7f900 .extend/s 9, v0x555558c66c00_76;
v0x555558c66c00_84 .array/port v0x555558c66c00, 84;
L_0x555558c7f9a0 .extend/s 9, v0x555558c66c00_84;
L_0x555558c80320 .arith/sum 9, L_0x555558c7f900, L_0x555558c7f9a0;
v0x555558c66c00_77 .array/port v0x555558c66c00, 77;
L_0x555558c80410 .extend/s 9, v0x555558c66c00_77;
v0x555558c66c00_83 .array/port v0x555558c66c00, 83;
L_0x555558c67ad0 .extend/s 9, v0x555558c66c00_83;
L_0x555558c7fbe0 .arith/sum 9, L_0x555558c80410, L_0x555558c67ad0;
v0x555558c66c00_78 .array/port v0x555558c66c00, 78;
L_0x555558c7fd20 .extend/s 9, v0x555558c66c00_78;
v0x555558c66c00_82 .array/port v0x555558c66c00, 82;
L_0x555558c7fdf0 .extend/s 9, v0x555558c66c00_82;
L_0x555558c7fef0 .arith/sum 9, L_0x555558c7fd20, L_0x555558c7fdf0;
v0x555558c66c00_79 .array/port v0x555558c66c00, 79;
L_0x555558c80060 .extend/s 9, v0x555558c66c00_79;
v0x555558c66c00_81 .array/port v0x555558c66c00, 81;
L_0x555558c80100 .extend/s 9, v0x555558c66c00_81;
L_0x555558c80200 .arith/sum 9, L_0x555558c80060, L_0x555558c80100;
v0x555558c66c00_80 .array/port v0x555558c66c00, 80;
L_0x555558c80c40 .part v0x555558c66c00_80, 7, 1;
L_0x555558c80ce0 .concat [ 8 1 0 0], v0x555558c66c00_80, L_0x555558c80c40;
L_0x555558c67b70 .extend/s 18, L_0x555558c7b8a0;
L_0x555558c804b0 .arith/sub 18, L_0x719e2fb68018, L_0x555558c67b70;
L_0x555558c805f0 .extend/s 18, L_0x555558c7c3f0;
L_0x555558c806e0 .arith/sub 18, L_0x555558c804b0, L_0x555558c805f0;
L_0x555558c80820 .extend/s 18, L_0x555558c7cc40;
L_0x555558c80910 .arith/sub 18, L_0x555558c806e0, L_0x555558c80820;
L_0x555558c80a50 .extend/s 18, L_0x555558c7c230;
L_0x555558c80b40 .part L_0x555558c80a50, 0, 17;
L_0x555558c80e50 .concat [ 1 17 0 0], L_0x719e2fb68060, L_0x555558c80b40;
L_0x555558c80f90 .arith/sub 18, L_0x555558c80910, L_0x555558c80e50;
L_0x555558c810d0 .extend/s 18, L_0x555558c7bec0;
L_0x555558c811c0 .part L_0x555558c810d0, 0, 17;
L_0x555558c812b0 .concat [ 1 17 0 0], L_0x719e2fb680a8, L_0x555558c811c0;
L_0x555558c813f0 .arith/sub 18, L_0x555558c80f90, L_0x555558c812b0;
L_0x555558c81530 .extend/s 18, L_0x555558c7c860;
L_0x555558c91e60 .part L_0x555558c81530, 0, 17;
L_0x555558c91600 .concat [ 1 17 0 0], L_0x719e2fb680f0, L_0x555558c91e60;
L_0x555558c91740 .arith/sub 18, L_0x555558c813f0, L_0x555558c91600;
L_0x555558c91880 .extend/s 18, L_0x555558c7c700;
L_0x555558c91970 .part L_0x555558c91880, 0, 17;
L_0x555558c91ab0 .concat [ 1 17 0 0], L_0x719e2fb68138, L_0x555558c91970;
L_0x555558c91bf0 .arith/sub 18, L_0x555558c91740, L_0x555558c91ab0;
L_0x555558c91d30 .extend/s 18, L_0x555558c7c900;
L_0x555558c927f0 .part L_0x555558c91d30, 0, 17;
L_0x555558c91f50 .concat [ 1 17 0 0], L_0x719e2fb68180, L_0x555558c927f0;
L_0x555558c92090 .arith/sub 18, L_0x555558c91bf0, L_0x555558c91f50;
L_0x555558c921d0 .extend/s 18, L_0x555558c691d0;
L_0x555558c922c0 .part L_0x555558c921d0, 0, 17;
L_0x555558c923b0 .concat [ 1 17 0 0], L_0x719e2fb681c8, L_0x555558c922c0;
L_0x555558c924f0 .arith/sum 18, L_0x555558c92090, L_0x555558c923b0;
L_0x555558c92630 .extend/s 18, L_0x555558c7ed60;
L_0x555558c93170 .part L_0x555558c92630, 0, 15;
L_0x555558c928e0 .concat [ 3 15 0 0], L_0x719e2fb68210, L_0x555558c93170;
L_0x555558c92a20 .arith/sum 18, L_0x555558c924f0, L_0x555558c928e0;
L_0x555558c92b60 .extend/s 18, L_0x555558c7fbe0;
L_0x555558c92c50 .part L_0x555558c92b60, 0, 14;
L_0x555558c92d40 .concat [ 4 14 0 0], L_0x719e2fb68258, L_0x555558c92c50;
L_0x555558c92e30 .arith/sum 18, L_0x555558c92a20, L_0x555558c92d40;
L_0x555558c92f70 .extend/s 18, L_0x555558c7fef0;
L_0x555558c93060 .part L_0x555558c92f70, 0, 14;
L_0x555558c93af0 .concat [ 4 14 0 0], L_0x719e2fb682a0, L_0x555558c93060;
L_0x555558c93c30 .arith/sum 18, L_0x555558c92e30, L_0x555558c93af0;
L_0x555558c93210 .extend/s 20, L_0x555558c93c30;
L_0x555558c93300 .extend/s 11, L_0x555558c7e680;
L_0x555558c933f0 .extend/s 15, L_0x555558c93300;
L_0x555558c934e0 .arith/mult 15, L_0x555558c933f0, L_0x719e2fb682e8;
L_0x555558c93620 .extend/s 11, L_0x555558c7e990;
L_0x555558c93710 .extend/s 15, L_0x555558c93620;
L_0x555558c93800 .arith/mult 15, L_0x555558c93710, L_0x719e2fb68330;
L_0x555558c93940 .extend/s 11, L_0x555558c7f070;
L_0x555558c93a30 .extend/s 16, L_0x555558c93940;
L_0x555558c946f0 .arith/mult 16, L_0x555558c93a30, L_0x719e2fb68378;
L_0x555558c93d70 .extend/s 12, L_0x555558c7fb40;
L_0x555558c93e60 .extend/s 12, L_0x555558c80ce0;
L_0x555558c93f50 .arith/sum 12, L_0x555558c93d70, L_0x555558c93e60;
L_0x555558c94090 .extend/s 17, L_0x555558c93f50;
L_0x555558c94180 .arith/mult 17, L_0x555558c94090, L_0x719e2fb683c0;
L_0x555558c942c0 .extend/s 11, L_0x555558c7f480;
L_0x555558c943b0 .extend/s 16, L_0x555558c942c0;
L_0x555558c944a0 .arith/mult 16, L_0x555558c943b0, L_0x719e2fb68408;
L_0x555558c945e0 .extend/s 11, L_0x555558c7f790;
L_0x555558c95200 .extend/s 16, L_0x555558c945e0;
L_0x555558c94830 .arith/mult 16, L_0x555558c95200, L_0x719e2fb68450;
L_0x555558c94970 .extend/s 11, L_0x555558c80320;
L_0x555558c94a60 .extend/s 16, L_0x555558c94970;
L_0x555558c94b50 .arith/mult 16, L_0x555558c94a60, L_0x719e2fb68498;
L_0x555558c94c90 .extend/s 11, L_0x555558c80200;
L_0x555558c94d80 .extend/s 17, L_0x555558c94c90;
L_0x555558c94e70 .arith/mult 17, L_0x555558c94d80, L_0x719e2fb684e0;
L_0x555558c94fb0 .extend/s 20, L_0x555558c934e0;
L_0x555558c950a0 .arith/sum 20, L_0x555558c93210, L_0x555558c94fb0;
L_0x555558c95d10 .extend/s 20, L_0x555558c93800;
L_0x555558c952f0 .arith/sum 20, L_0x555558c950a0, L_0x555558c95d10;
L_0x555558c95430 .extend/s 20, L_0x555558c946f0;
L_0x555558c95520 .arith/sum 20, L_0x555558c952f0, L_0x555558c95430;
L_0x555558c95660 .extend/s 20, L_0x555558c94180;
L_0x555558c95750 .arith/sum 20, L_0x555558c95520, L_0x555558c95660;
L_0x555558c95890 .extend/s 20, L_0x555558c944a0;
L_0x555558c95980 .arith/sum 20, L_0x555558c95750, L_0x555558c95890;
L_0x555558c95ac0 .extend/s 20, L_0x555558c94830;
L_0x555558c95bb0 .arith/sum 20, L_0x555558c95980, L_0x555558c95ac0;
L_0x555558c96870 .extend/s 20, L_0x555558c94b50;
L_0x555558c95e00 .arith/sum 20, L_0x555558c95bb0, L_0x555558c96870;
L_0x555558c95f40 .extend/s 20, L_0x555558c94e70;
L_0x555558c96030 .arith/sum 20, L_0x555558c95e00, L_0x555558c95f40;
L_0x555558c96170 .part L_0x555558c96030, 0, 17;
S_0x555558bc34d0 .scope begin, "$ivl_for_loop0" "$ivl_for_loop0" 4 21, 4 21 0, S_0x555558bc84d0;
 .timescale 0 0;
v0x555558bc20d0_0 .var/2s "i", 31 0;
S_0x555558b63be0 .scope begin, "$ivl_for_loop1" "$ivl_for_loop1" 4 25, 4 25 0, S_0x555558bc84d0;
 .timescale 0 0;
v0x555558bc21d0_0 .var/2s "i", 31 0;
    .scope S_0x555558bc84d0;
T_4 ;
    %wait E_0x555558c45bb0;
    %load/vec4 v0x555558c66b40_0;
    %nor/r;
    %flag_set/vec4 8;
    %jmp/0xz  T_4.0, 8;
    %fork t_1, S_0x555558bc34d0;
    %jmp t_0;
    .scope S_0x555558bc34d0;
t_1 ;
    %pushi/vec4 0, 0, 32;
    %store/vec4 v0x555558bc20d0_0, 0, 32;
T_4.2 ; Top of for-loop
    %load/vec4 v0x555558bc20d0_0;
    %cmpi/s 161, 0, 32;
	  %jmp/0xz T_4.3, 5;
    %pushi/vec4 0, 0, 8;
    %ix/getv/s 3, v0x555558bc20d0_0;
    %ix/load 4, 0, 0; Constant delay
    %assign/vec4/a/d v0x555558c66c00, 0, 4;
T_4.4 ; for-loop step statement
    ; show_stmt_assign_vector: Get l-value for compressed += operand
    %load/vec4 v0x555558bc20d0_0;
    %pushi/vec4 1, 0, 32;
    %add;
    %cast2;
    %store/vec4 v0x555558bc20d0_0, 0, 32;
    %jmp T_4.2;
T_4.3 ; for-loop exit label
    %end;
    .scope S_0x555558bc84d0;
t_0 %join;
    %pushi/vec4 0, 0, 1;
    %assign/vec4 v0x555558c66a80_0, 0;
    %jmp T_4.1;
T_4.0 ;
    %load/vec4 v0x555558c669c0_0;
    %flag_set/vec4 8;
    %jmp/0xz  T_4.5, 8;
    %load/vec4 v0x555558c685f0_0;
    %ix/load 3, 0, 0;
    %flag_set/imm 4, 0;
    %ix/load 4, 0, 0; Constant delay
    %assign/vec4/a/d v0x555558c66c00, 0, 4;
    %fork t_3, S_0x555558b63be0;
    %jmp t_2;
    .scope S_0x555558b63be0;
t_3 ;
    %pushi/vec4 1, 0, 32;
    %store/vec4 v0x555558bc21d0_0, 0, 32;
T_4.7 ; Top of for-loop
    %load/vec4 v0x555558bc21d0_0;
    %cmpi/s 161, 0, 32;
	  %jmp/0xz T_4.8, 5;
    %load/vec4 v0x555558bc21d0_0;
    %subi 1, 0, 32;
    %ix/vec4/s 4;
    %load/vec4a v0x555558c66c00, 4;
    %ix/getv/s 3, v0x555558bc21d0_0;
    %ix/load 4, 0, 0; Constant delay
    %assign/vec4/a/d v0x555558c66c00, 0, 4;
T_4.9 ; for-loop step statement
    ; show_stmt_assign_vector: Get l-value for compressed += operand
    %load/vec4 v0x555558bc21d0_0;
    %pushi/vec4 1, 0, 32;
    %add;
    %cast2;
    %store/vec4 v0x555558bc21d0_0, 0, 32;
    %jmp T_4.7;
T_4.8 ; for-loop exit label
    %end;
    .scope S_0x555558bc84d0;
t_2 %join;
    %pushi/vec4 1, 0, 1;
    %assign/vec4 v0x555558c66a80_0, 0;
    %jmp T_4.6;
T_4.5 ;
    %pushi/vec4 0, 0, 1;
    %assign/vec4 v0x555558c66a80_0, 0;
T_4.6 ;
T_4.1 ;
    %jmp T_4;
    .thread T_4;
    .scope S_0x555558bc84d0;
T_5 ;
Ewait_0 .event/or E_0x555558b516f0, E_0x0;
    %wait Ewait_0;
    %load/vec4 v0x555558c65010_0;
    %pad/s 32;
    %addi 128, 0, 32;
    %ix/load 4, 8, 0;
    %flag_set/imm 4, 0;
    %shiftr/s 4;
    %pad/s 9;
    %store/vec4 v0x555558c69440_0, 0, 9;
    %jmp T_5;
    .thread T_5, $push;
    .scope S_0x555558c2df70;
T_6 ;
    %delay 5000, 0;
    %load/vec4 v0x555558c695e0_0;
    %inv;
    %store/vec4 v0x555558c695e0_0, 0, 1;
    %jmp T_6;
    .thread T_6;
    .scope S_0x555558c2df70;
T_7 ;
    %pushi/vec4 0, 0, 1;
    %store/vec4 v0x555558c695e0_0, 0, 1;
    %pushi/vec4 0, 0, 1;
    %store/vec4 v0x555558c6a360_0, 0, 1;
    %pushi/vec4 0, 0, 1;
    %store/vec4 v0x555558c69c70_0, 0, 1;
    %pushi/vec4 0, 0, 8;
    %store/vec4 v0x555558c6a810_0, 0, 8;
    %pushi/vec4 0, 0, 32;
    %store/vec4 v0x555558c696a0_0, 0, 32;
    %pushi/vec4 0, 0, 32;
    %store/vec4 v0x555558c6a5b0_0, 0, 32;
    %pushi/vec4 0, 0, 32;
    %store/vec4 v0x555558c6a280_0, 0, 32;
    %pushi/vec4 0, 0, 32;
    %store/vec4 v0x555558c69b90_0, 0, 32;
    %pushi/vec4 0, 0, 32;
    %store/vec4 v0x555558c69760_0, 0, 32;
    %pushi/vec4 512, 0, 32;
    %store/vec4 v0x555558c69f50_0, 0, 32;
    %pushi/vec4 0, 0, 32;
    %store/vec4 v0x555558c69850_0, 0, 32;
    %pushi/vec4 0, 0, 1;
    %store/vec4 v0x555558c6a690_0, 0, 1;
    %pushi/vec4 0, 0, 1;
    %store/vec4 v0x555558c6a750_0, 0, 1;
    %vpi_func 3 103 "$value$plusargs" 32, "OUTPUT_FILE=%s", v0x555558c6a1e0_0 {0 0 0};
    %nor/r;
    %flag_set/vec4 8;
    %jmp/0xz  T_7.0, 8;
    %pushi/str "migo_output.vec";
    %store/str v0x555558c6a1e0_0;
T_7.0 ;
    %vpi_func 3 106 "$value$plusargs" 32, "SAIF_FILE=%s", v0x555558c6a430_0 {0 0 0};
    %nor/r;
    %flag_set/vec4 8;
    %jmp/0xz  T_7.2, 8;
    %pushi/str "migo.saif";
    %store/str v0x555558c6a430_0;
T_7.2 ;
    %vpi_func 3 110 "$fopen" 32, v0x555558c6a1e0_0, "w" {0 0 0};
    %store/vec4 v0x555558c6a030_0, 0, 32;
    %load/vec4 v0x555558c6a030_0;
    %cmpi/e 0, 0, 32;
    %jmp/0xz  T_7.4, 4;
    %vpi_call/w 3 112 "$display", "[MIGO][FAIL] cannot open output file: %s", v0x555558c6a1e0_0 {0 0 0};
    %vpi_call/w 3 113 "$finish" {0 0 0};
T_7.4 ;
    %vpi_func 3 116 "$value$plusargs" 32, "INPUT_FILE=%s", v0x555558c69e90_0 {0 0 0};
    %cmpi/ne 0, 0, 32;
    %jmp/0xz  T_7.6, 4;
    %pushi/vec4 1, 0, 1;
    %store/vec4 v0x555558c6a690_0, 0, 1;
    %vpi_func 3 118 "$fopen" 32, v0x555558c69e90_0, "r" {0 0 0};
    %store/vec4 v0x555558c69d10_0, 0, 32;
    %load/vec4 v0x555558c69d10_0;
    %cmpi/e 0, 0, 32;
    %jmp/0xz  T_7.8, 4;
    %vpi_call/w 3 120 "$display", "[MIGO][FAIL] cannot open input file: %s", v0x555558c69e90_0 {0 0 0};
    %vpi_call/w 3 121 "$finish" {0 0 0};
T_7.8 ;
    %pushi/vec4 0, 0, 32;
    %store/vec4 v0x555558c69f50_0, 0, 32;
    %fork t_5, S_0x555558bcc0d0;
    %jmp t_4;
    .scope S_0x555558bcc0d0;
t_5 ;
T_7.10 ;
    %load/vec4 v0x555558c69f50_0;
    %cmpi/s 4096, 0, 32;
    %flag_inv 5; GE is !LT
    %jmp/0xz  T_7.12, 5;
    %vpi_call/w 3 127 "$display", "[MIGO][FAIL] input vector exceeds MAX_SAMPLES=%0d", P_0x555558b3eec0 {0 0 0};
    %vpi_call/w 3 128 "$finish" {0 0 0};
T_7.12 ;
    %vpi_func 3 130 "$fscanf" 32, v0x555558c69d10_0, "%d\012", &A<v0x555558c69dd0, v0x555558c69f50_0 > {0 0 0};
    %store/vec4 v0x555558c6a4d0_0, 0, 32;
    %load/vec4 v0x555558c6a4d0_0;
    %cmpi/e 4294967295, 0, 32;
    %jmp/0xz  T_7.14, 4;
    %disable S_0x555558bcc0d0;
T_7.14 ;
    %load/vec4 v0x555558c6a4d0_0;
    %cmpi/ne 1, 0, 32;
    %jmp/0xz  T_7.16, 4;
    %vpi_call/w 3 135 "$display", "[MIGO][FAIL] malformed input row, scan_rc=%0d", v0x555558c6a4d0_0 {0 0 0};
    %vpi_call/w 3 136 "$finish" {0 0 0};
T_7.16 ;
    %load/vec4 v0x555558c69f50_0;
    %addi 1, 0, 32;
    %store/vec4 v0x555558c69f50_0, 0, 32;
    %jmp T_7.10;
T_7.11 ;
    %end;
    .scope S_0x555558c2df70;
t_4 %join;
    %vpi_call/w 3 141 "$fclose", v0x555558c69d10_0 {0 0 0};
T_7.6 ;
    %vpi_func 3 144 "$value$plusargs" 32, "GOLDEN_FILE=%s", v0x555558c69ad0_0 {0 0 0};
    %cmpi/ne 0, 0, 32;
    %jmp/0xz  T_7.18, 4;
    %pushi/vec4 1, 0, 1;
    %store/vec4 v0x555558c6a750_0, 0, 1;
    %vpi_func 3 146 "$fopen" 32, v0x555558c69ad0_0, "r" {0 0 0};
    %store/vec4 v0x555558c69930_0, 0, 32;
    %load/vec4 v0x555558c69930_0;
    %cmpi/e 0, 0, 32;
    %jmp/0xz  T_7.20, 4;
    %vpi_call/w 3 148 "$display", "[MIGO][FAIL] cannot open golden file: %s", v0x555558c69ad0_0 {0 0 0};
    %vpi_call/w 3 149 "$finish" {0 0 0};
T_7.20 ;
    %pushi/vec4 0, 0, 32;
    %store/vec4 v0x555558c69850_0, 0, 32;
    %fork t_7, S_0x555558bcd4d0;
    %jmp t_6;
    .scope S_0x555558bcd4d0;
t_7 ;
T_7.22 ;
    %load/vec4 v0x555558c69850_0;
    %cmpi/s 4096, 0, 32;
    %flag_inv 5; GE is !LT
    %jmp/0xz  T_7.24, 5;
    %vpi_call/w 3 155 "$display", "[MIGO][FAIL] golden vector exceeds MAX_SAMPLES=%0d", P_0x555558b3eec0 {0 0 0};
    %vpi_call/w 3 156 "$finish" {0 0 0};
T_7.24 ;
    %vpi_func 3 158 "$fscanf" 32, v0x555558c69930_0, "%d\012", &A<v0x555558c69a10, v0x555558c69850_0 > {0 0 0};
    %store/vec4 v0x555558c6a4d0_0, 0, 32;
    %load/vec4 v0x555558c6a4d0_0;
    %cmpi/e 4294967295, 0, 32;
    %jmp/0xz  T_7.26, 4;
    %disable S_0x555558bcd4d0;
T_7.26 ;
    %load/vec4 v0x555558c6a4d0_0;
    %cmpi/ne 1, 0, 32;
    %jmp/0xz  T_7.28, 4;
    %vpi_call/w 3 163 "$display", "[MIGO][FAIL] malformed golden row, scan_rc=%0d", v0x555558c6a4d0_0 {0 0 0};
    %vpi_call/w 3 164 "$finish" {0 0 0};
T_7.28 ;
    %load/vec4 v0x555558c69850_0;
    %addi 1, 0, 32;
    %store/vec4 v0x555558c69850_0, 0, 32;
    %jmp T_7.22;
T_7.23 ;
    %end;
    .scope S_0x555558c2df70;
t_6 %join;
    %vpi_call/w 3 169 "$fclose", v0x555558c69930_0 {0 0 0};
T_7.18 ;
    %load/vec4 v0x555558c69f50_0;
    %cmpi/s 0, 0, 32;
    %flag_or 5, 4;
    %jmp/0xz  T_7.30, 5;
    %vpi_call/w 3 173 "$display", "[MIGO][FAIL] empty input vectors" {0 0 0};
    %vpi_call/w 3 174 "$finish" {0 0 0};
T_7.30 ;
    %load/vec4 v0x555558c6a750_0;
    %flag_set/vec4 9;
    %flag_get/vec4 9;
    %jmp/0 T_7.34, 9;
    %load/vec4 v0x555558c69850_0;
    %load/vec4 v0x555558c69f50_0;
    %cmp/ne;
    %flag_get/vec4 4;
    %and;
T_7.34;
    %flag_set/vec4 8;
    %jmp/0xz  T_7.32, 8;
    %vpi_call/w 3 177 "$display", "[MIGO][FAIL] input/golden length mismatch: input=%0d golden=%0d", v0x555558c69f50_0, v0x555558c69850_0 {0 0 0};
    %vpi_call/w 3 178 "$finish" {0 0 0};
T_7.32 ;
    %pushi/vec4 5, 0, 32;
T_7.35 %dup/vec4;
    %cmpi/s 0, 0, 32;
    %jmp/1xz T_7.36, 5;
    %jmp/1 T_7.36, 4;
    %subi 1, 0, 32;
    %wait E_0x555558c45bb0;
    %jmp T_7.35;
T_7.36 ;
    %pop/vec4 1;
    %pushi/vec4 1, 0, 1;
    %store/vec4 v0x555558c6a360_0, 0, 1;
    %end;
    .thread T_7;
    .scope S_0x555558c2df70;
T_8 ;
    %wait E_0x555558c45bb0;
    %load/vec4 v0x555558c6a360_0;
    %nor/r;
    %flag_set/vec4 8;
    %jmp/0xz  T_8.0, 8;
    %pushi/vec4 0, 0, 1;
    %assign/vec4 v0x555558c69c70_0, 0;
    %pushi/vec4 0, 0, 8;
    %assign/vec4 v0x555558c6a810_0, 0;
    %jmp T_8.1;
T_8.0 ;
    %load/vec4 v0x555558c6a5b0_0;
    %load/vec4 v0x555558c69f50_0;
    %cmp/s;
    %jmp/0xz  T_8.2, 5;
    %load/vec4 v0x555558c6a5b0_0;
    %load/vec4 v0x555558c696a0_0;
    %add;
    %pushi/vec4 9, 0, 32;
    %mod/s;
    %cmpi/e 0, 0, 32;
    %jmp/0xz  T_8.4, 4;
    %pushi/vec4 0, 0, 1;
    %assign/vec4 v0x555558c69c70_0, 0;
    %pushi/vec4 0, 0, 8;
    %assign/vec4 v0x555558c6a810_0, 0;
    %jmp T_8.5;
T_8.4 ;
    %pushi/vec4 1, 0, 1;
    %assign/vec4 v0x555558c69c70_0, 0;
    %load/vec4 v0x555558c6a690_0;
    %flag_set/vec4 8;
    %jmp/0 T_8.6, 8;
    %alloc S_0x555558c2cc00;
    %ix/getv/s 4, v0x555558c6a5b0_0;
    %load/vec4a v0x555558c69dd0, 4;
    %store/vec4 v0x555558b8ffd0_0, 0, 32;
    %callf/vec4 TD_tb_migo_saif.cast_x, S_0x555558c2cc00;
    %free S_0x555558c2cc00;
    %jmp/1 T_8.7, 8;
T_8.6 ; End of true expr.
    %alloc S_0x555558bcacd0;
    %load/vec4 v0x555558c6a5b0_0;
    %cast2;
    %store/vec4 v0x555558c45f60_0, 0, 32;
    %callf/vec4 TD_tb_migo_saif.sample_for_idx, S_0x555558bcacd0;
    %free S_0x555558bcacd0;
    %jmp/0 T_8.7, 8;
 ; End of false expr.
    %blend;
T_8.7;
    %assign/vec4 v0x555558c6a810_0, 0;
    %load/vec4 v0x555558c6a5b0_0;
    %addi 1, 0, 32;
    %assign/vec4 v0x555558c6a5b0_0, 0;
T_8.5 ;
    %jmp T_8.3;
T_8.2 ;
    %pushi/vec4 0, 0, 1;
    %assign/vec4 v0x555558c69c70_0, 0;
    %pushi/vec4 0, 0, 8;
    %assign/vec4 v0x555558c6a810_0, 0;
    %load/vec4 v0x555558c69b90_0;
    %addi 1, 0, 32;
    %assign/vec4 v0x555558c69b90_0, 0;
T_8.3 ;
T_8.1 ;
    %jmp T_8;
    .thread T_8;
    .scope S_0x555558c2df70;
T_9 ;
    %wait E_0x555558c45bb0;
    %load/vec4 v0x555558c6a360_0;
    %flag_set/vec4 9;
    %flag_get/vec4 9;
    %jmp/0 T_9.2, 9;
    %load/vec4 v0x555558c6a110_0;
    %and;
T_9.2;
    %flag_set/vec4 8;
    %jmp/0xz  T_9.0, 8;
    %load/vec4 v0x555558c6a280_0;
    %addi 1, 0, 32;
    %assign/vec4 v0x555558c6a280_0, 0;
    %load/vec4 v0x555558c6a900_0;
    %vpi_call/w 3 213 "$fwrite", v0x555558c6a030_0, "%0d\012", S<0,vec4,s9> {1 0 0};
    %load/vec4 v0x555558c6a900_0;
    %xor/r;
    %cmpi/e 1, 1, 1;
    %jmp/0xz  T_9.3, 6;
    %load/vec4 v0x555558c69760_0;
    %addi 1, 0, 32;
    %assign/vec4 v0x555558c69760_0, 0;
    %vpi_call/w 3 216 "$display", "[MIGO][ERR] x-state observed at recv_idx=%0d", v0x555558c6a280_0 {0 0 0};
    %jmp T_9.4;
T_9.3 ;
    %load/vec4 v0x555558c6a750_0;
    %flag_set/vec4 8;
    %jmp/0xz  T_9.5, 8;
    %load/vec4 v0x555558c69850_0;
    %load/vec4 v0x555558c6a280_0;
    %cmp/s;
    %flag_or 5, 4;
    %jmp/0xz  T_9.7, 5;
    %load/vec4 v0x555558c69760_0;
    %addi 1, 0, 32;
    %assign/vec4 v0x555558c69760_0, 0;
    %load/vec4 v0x555558c6a900_0;
    %vpi_call/w 3 220 "$display", "[MIGO][ERR] extra output sample idx=%0d got=%0d", v0x555558c6a280_0, S<0,vec4,s9> {1 0 0};
    %jmp T_9.8;
T_9.7 ;
    %load/vec4 v0x555558c6a900_0;
    %alloc S_0x555558bce8f0;
    %ix/getv/s 4, v0x555558c6a280_0;
    %load/vec4a v0x555558c69a10, 4;
    %store/vec4 v0x555558c41170_0, 0, 32;
    %callf/vec4 TD_tb_migo_saif.cast_y, S_0x555558bce8f0;
    %free S_0x555558bce8f0;
    %cmp/ne;
    %jmp/0xz  T_9.9, 6;
    %load/vec4 v0x555558c69760_0;
    %addi 1, 0, 32;
    %assign/vec4 v0x555558c69760_0, 0;
    %load/vec4 v0x555558c6a900_0;
    %alloc S_0x555558bce8f0;
    %ix/getv/s 4, v0x555558c6a280_0;
    %load/vec4a v0x555558c69a10, 4;
    %store/vec4 v0x555558c41170_0, 0, 32;
    %callf/vec4 TD_tb_migo_saif.cast_y, S_0x555558bce8f0;
    %free S_0x555558bce8f0;
    %vpi_call/w 3 223 "$display", "[MIGO][ERR] mismatch idx=%0d got=%0d exp=%0d", v0x555558c6a280_0, S<1,vec4,s9>, S<0,vec4,s9> {2 0 0};
T_9.9 ;
T_9.8 ;
T_9.5 ;
T_9.4 ;
T_9.0 ;
    %jmp T_9;
    .thread T_9;
    .scope S_0x555558c2df70;
T_10 ;
    %wait E_0x555558c45bb0;
    %load/vec4 v0x555558c6a360_0;
    %nor/r;
    %flag_set/vec4 8;
    %jmp/0xz  T_10.0, 8;
    %pushi/vec4 0, 0, 32;
    %assign/vec4 v0x555558c696a0_0, 0;
    %jmp T_10.1;
T_10.0 ;
    %load/vec4 v0x555558c696a0_0;
    %addi 1, 0, 32;
    %assign/vec4 v0x555558c696a0_0, 0;
    %load/vec4 v0x555558c696a0_0;
    %cmpi/s 4000, 0, 32;
    %flag_or 5, 4; GT is !LE
    %flag_inv 5;
    %jmp/0xz  T_10.2, 5;
    %vpi_call/w 3 240 "$display", "[MIGO][FAIL] timeout cycles=%0d sent=%0d recv=%0d errors=%0d", v0x555558c696a0_0, v0x555558c6a5b0_0, v0x555558c6a280_0, v0x555558c69760_0 {0 0 0};
    %vpi_call/w 3 242 "$fclose", v0x555558c6a030_0 {0 0 0};
    %vpi_call/w 3 243 "$finish" {0 0 0};
T_10.2 ;
    %load/vec4 v0x555558c69f50_0;
    %load/vec4 v0x555558c6a5b0_0;
    %cmp/s;
    %flag_or 5, 4;
    %flag_get/vec4 5;
    %jmp/0 T_10.6, 5;
    %pushi/vec4 96, 0, 32;
    %load/vec4 v0x555558c69b90_0;
    %cmp/s;
    %flag_get/vec4 4;
    %flag_get/vec4 5;
    %or;
    %and;
T_10.6;
    %flag_set/vec4 8;
    %jmp/0xz  T_10.4, 8;
    %load/vec4 v0x555558c6a750_0;
    %flag_set/vec4 9;
    %flag_get/vec4 9;
    %jmp/0 T_10.9, 9;
    %load/vec4 v0x555558c6a280_0;
    %load/vec4 v0x555558c69850_0;
    %cmp/ne;
    %flag_get/vec4 4;
    %and;
T_10.9;
    %flag_set/vec4 8;
    %jmp/0xz  T_10.7, 8;
    %vpi_call/w 3 249 "$display", "[MIGO][FAIL] recv mismatch sent=%0d recv=%0d expect=%0d errors=%0d", v0x555558c6a5b0_0, v0x555558c6a280_0, v0x555558c69850_0, v0x555558c69760_0 {0 0 0};
    %jmp T_10.8;
T_10.7 ;
    %load/vec4 v0x555558c69760_0;
    %cmpi/e 0, 0, 32;
    %jmp/0xz  T_10.10, 4;
    %vpi_call/w 3 252 "$display", "[MIGO][PASS] sent=%0d recv=%0d flush=%0d", v0x555558c6a5b0_0, v0x555558c6a280_0, v0x555558c69b90_0 {0 0 0};
    %jmp T_10.11;
T_10.10 ;
    %vpi_call/w 3 254 "$display", "[MIGO][FAIL] sent=%0d recv=%0d errors=%0d", v0x555558c6a5b0_0, v0x555558c6a280_0, v0x555558c69760_0 {0 0 0};
T_10.11 ;
T_10.8 ;
    %vpi_call/w 3 256 "$fclose", v0x555558c6a030_0 {0 0 0};
    %vpi_call/w 3 257 "$finish" {0 0 0};
T_10.4 ;
T_10.1 ;
    %jmp T_10;
    .thread T_10;
# The file index is used to find the file name in the following table.
:file_names 5;
    "N/A";
    "<interactive>";
    "-";
    "/home/rick/System-ASIC/dc/designs/migo/tb/tb_migo_saif.sv";
    "vsrc/MIGO-filter/MIGO_method_migo_n_161_q_bit_8_wp_pi_0_047_width_pi_0_031_alpha_p_0_1_alpha_s_0_1_lam1_1_2_lam2_1_e_topk_4_e_d_max_2_e_e_max_4.sv";
