	Command being timed: "bash /home/rick/System-ASIC/vsrc/Joint-CFR-DPD/tb/l0_ops/run_l0_iverilog.sh /home/rick/System-ASIC/report/func/l0"
	User time (seconds): 0.42
	System time (seconds): 0.09
	Percent of CPU this job got: 98%
	Elapsed (wall clock) time (h:mm:ss or m:ss): 0:00.52
	Average shared text size (kbytes): 0
	Average unshared data size (kbytes): 0
	Average stack size (kbytes): 0
	Average total size (kbytes): 0
	Maximum resident set size (kbytes): 25120
	Average resident set size (kbytes): 0
	Major (requiring I/O) page faults: 5
	Minor (reclaiming a frame) page faults: 37451
	Voluntary context switches: 250
	Involuntary context switches: 16
	Swaps: 0
	File system inputs: 0
	File system outputs: 3376
	Socket messages sent: 0
	Socket messages received: 0
	Signals delivered: 0
	Page size (bytes): 4096
	Exit status: 0
