#! /home/rick/tools/oss-cad-suite/bin/vvp
:ivl_version "14.0 (devel)" "(s20251012-118-g8e4a37aa0)";
:ivl_delay_selection "TYPICAL";
:vpi_time_precision - 12;
:vpi_module "/home/rick/tools/oss-cad-suite/lib/ivl/system.vpi";
:vpi_module "/home/rick/tools/oss-cad-suite/lib/ivl/vhdl_sys.vpi";
:vpi_module "/home/rick/tools/oss-cad-suite/lib/ivl/vhdl_textio.vpi";
:vpi_module "/home/rick/tools/oss-cad-suite/lib/ivl/v2005_math.vpi";
:vpi_module "/home/rick/tools/oss-cad-suite/lib/ivl/va_math.vpi";
:vpi_module "/home/rick/tools/oss-cad-suite/lib/ivl/v2009.vpi";
S_0x55556b43eea0 .scope package, "$unit" "$unit" 2 1;
 .timescale 0 0;
S_0x55556b43f030 .scope package, "l0_case_pkg" "l0_case_pkg" 3 1;
 .timescale 0 0;
S_0x55556b421e20 .scope autotask, "l0_report" "l0_report" 3 3, 3 3 0, S_0x55556b43f030;
 .timescale 0 0;
v0x55556b43d1f0_0 .var/2s "mismatches", 31 0;
v0x55556b43b400_0 .var "op_name", 511 0;
v0x55556b467290_0 .var/2s "total_cases", 31 0;
TD_l0_case_pkg.l0_report ;
    %load/vec4 v0x55556b43d1f0_0;
    %cmpi/e 0, 0, 32;
    %jmp/0xz  T_0.0, 4;
    %vpi_call/w 3 9 "$display", "[L0][PASS] op=%0s cases=%0d mismatches=%0d", v0x55556b43b400_0, v0x55556b467290_0, v0x55556b43d1f0_0 {0 0 0};
    %jmp T_0.1;
T_0.0 ;
    %vpi_call/w 3 11 "$display", "[L0][FAIL] op=%0s cases=%0d mismatches=%0d", v0x55556b43b400_0, v0x55556b467290_0, v0x55556b43d1f0_0 {0 0 0};
T_0.1 ;
    %end;
S_0x55556b446920 .scope package, "quant_utils_pkg" "quant_utils_pkg" 4 1;
 .timescale 0 0;
S_0x55556b467380 .scope autofunction.vec4.s64, "abs64" "abs64" 4 109, 4 109 0, S_0x55556b446920;
 .timescale 0 0;
; Variable abs64 is vec4 return value of scope S_0x55556b467380
v0x55556b467680_0 .var/s "x", 63 0;
TD_quant_utils_pkg.abs64 ;
    %load/vec4 v0x55556b467680_0;
    %cmpi/s 0, 0, 64;
    %jmp/0xz  T_1.2, 5;
    %load/vec4 v0x55556b467680_0;
    %inv;
    %addi 1, 0, 64;
    %ret/vec4 0, 0, 64;  Assign to abs64 (store_vec4_to_lval)
    %jmp T_1.3;
T_1.2 ;
    %load/vec4 v0x55556b467680_0;
    %ret/vec4 0, 0, 64;  Assign to abs64 (store_vec4_to_lval)
T_1.3 ;
    %end;
S_0x55556b467760 .scope autofunction.vec4.u64, "div_rne64" "div_rne64" 4 151, 4 151 0, S_0x55556b446920;
 .timescale 0 0;
v0x55556b467960_0 .var "ad", 63 0;
v0x55556b467a40_0 .var "ax", 63 0;
v0x55556b467b20_0 .var/s "d", 63 0;
; Variable div_rne64 is vec4 return value of scope S_0x55556b467760
v0x55556b467cf0_0 .var "inc", 0 0;
v0x55556b467e00_0 .var "neg", 0 0;
v0x55556b467ec0_0 .var "q", 63 0;
v0x55556b467fa0_0 .var "q2", 63 0;
v0x55556b468080_0 .var "r", 63 0;
v0x55556b468160_0 .var "two_r", 63 0;
v0x55556b468240_0 .var/s "x", 63 0;
TD_quant_utils_pkg.div_rne64 ;
    %load/vec4 v0x55556b467b20_0;
    %cmpi/e 0, 0, 64;
    %jmp/0xz  T_2.4, 4;
    %pushi/vec4 0, 0, 64;
    %ret/vec4 0, 0, 64;  Assign to div_rne64 (store_vec4_to_lval)
    %jmp T_2.5;
T_2.4 ;
    %load/vec4 v0x55556b468240_0;
    %cmpi/s 0, 0, 64;
    %flag_get/vec4 5;
    %load/vec4 v0x55556b467b20_0;
    %cmpi/s 0, 0, 64;
    %flag_get/vec4 5;
    %xor;
    %store/vec4 v0x55556b467e00_0, 0, 1;
    %alloc S_0x55556b467380;
    %load/vec4 v0x55556b468240_0;
    %store/vec4 v0x55556b467680_0, 0, 64;
    %callf/vec4 TD_quant_utils_pkg.abs64, S_0x55556b467380;
    %free S_0x55556b467380;
    %store/vec4 v0x55556b467a40_0, 0, 64;
    %alloc S_0x55556b467380;
    %load/vec4 v0x55556b467b20_0;
    %store/vec4 v0x55556b467680_0, 0, 64;
    %callf/vec4 TD_quant_utils_pkg.abs64, S_0x55556b467380;
    %free S_0x55556b467380;
    %store/vec4 v0x55556b467960_0, 0, 64;
    %load/vec4 v0x55556b467a40_0;
    %load/vec4 v0x55556b467960_0;
    %div;
    %store/vec4 v0x55556b467ec0_0, 0, 64;
    %load/vec4 v0x55556b467a40_0;
    %load/vec4 v0x55556b467ec0_0;
    %load/vec4 v0x55556b467960_0;
    %mul;
    %sub;
    %store/vec4 v0x55556b468080_0, 0, 64;
    %load/vec4 v0x55556b468080_0;
    %ix/load 4, 1, 0;
    %flag_set/imm 4, 0;
    %shiftl 4;
    %store/vec4 v0x55556b468160_0, 0, 64;
    %load/vec4 v0x55556b467960_0;
    %load/vec4 v0x55556b468160_0;
    %cmp/u;
    %flag_get/vec4 5;
    %jmp/1 T_2.6, 5;
    %load/vec4 v0x55556b468160_0;
    %load/vec4 v0x55556b467960_0;
    %cmp/e;
    %flag_get/vec4 4;
    %jmp/0 T_2.7, 4;
    %load/vec4 v0x55556b467ec0_0;
    %pushi/vec4 1, 0, 64;
    %and;
    %pushi/vec4 1, 0, 64;
    %cmp/e;
    %flag_get/vec4 4;
    %and;
T_2.7;
    %or;
T_2.6;
    %store/vec4 v0x55556b467cf0_0, 0, 1;
    %load/vec4 v0x55556b467ec0_0;
    %load/vec4 v0x55556b467cf0_0;
    %flag_set/vec4 8;
    %jmp/0 T_2.8, 8;
    %pushi/vec4 1, 0, 64;
    %jmp/1 T_2.9, 8;
T_2.8 ; End of true expr.
    %pushi/vec4 0, 0, 64;
    %jmp/0 T_2.9, 8;
 ; End of false expr.
    %blend;
T_2.9;
    %add;
    %store/vec4 v0x55556b467fa0_0, 0, 64;
    %load/vec4 v0x55556b467e00_0;
    %flag_set/vec4 8;
    %jmp/0xz  T_2.10, 8;
    %load/vec4 v0x55556b467fa0_0;
    %inv;
    %addi 1, 0, 64;
    %ret/vec4 0, 0, 64;  Assign to div_rne64 (store_vec4_to_lval)
    %jmp T_2.11;
T_2.10 ;
    %load/vec4 v0x55556b467fa0_0;
    %ret/vec4 0, 0, 64;  Assign to div_rne64 (store_vec4_to_lval)
T_2.11 ;
T_2.5 ;
    %end;
S_0x55556b468320 .scope autofunction.vec4.s32, "hardsigmoid_int_default" "hardsigmoid_int_default" 4 278, 4 278 0, S_0x55556b446920;
 .timescale 0 0;
v0x55556b4684b0_0 .var "cmax", 63 0;
v0x55556b468590_0 .var/s "div_term", 63 0;
v0x55556b468670_0 .var/2s "exp_gate", 31 0;
v0x55556b468760_0 .var/2s "exp_x", 31 0;
v0x55556b468840_0 .var/2s "gate_bits", 31 0;
; Variable hardsigmoid_int_default is vec4 return value of scope S_0x55556b468320
v0x55556b468a50_0 .var "offset", 63 0;
v0x55556b468b30_0 .var/2s "s", 31 0;
v0x55556b468c10_0 .var/s "x_i", 31 0;
v0x55556b468cf0_0 .var/s "x_scaled", 63 0;
v0x55556b468dd0_0 .var/s "xi", 63 0;
v0x55556b468eb0_0 .var/s "y", 63 0;
TD_quant_utils_pkg.hardsigmoid_int_default ;
    %load/vec4 v0x55556b468840_0;
    %inv;
    %addi 1, 0, 32;
    %store/vec4 v0x55556b468670_0, 0, 32;
    %load/vec4 v0x55556b468760_0;
    %load/vec4 v0x55556b468670_0;
    %sub;
    %store/vec4 v0x55556b468b30_0, 0, 32;
    %load/vec4 v0x55556b468c10_0;
    %pad/s 64;
    %store/vec4 v0x55556b468dd0_0, 0, 64;
    %load/vec4 v0x55556b468b30_0;
    %cmpi/s 0, 0, 32;
    %flag_or 5, 4; GT is !LE
    %flag_inv 5;
    %jmp/0xz  T_3.12, 5;
    %load/vec4 v0x55556b468b30_0;
    %cmpi/s 62, 0, 32;
    %flag_inv 5; GE is !LT
    %jmp/0xz  T_3.14, 5;
    %load/vec4 v0x55556b468dd0_0;
    %cmpi/s 0, 0, 64;
    %flag_mov 8, 5;
    %jmp/0 T_3.16, 8;
    %pushi/vec4 3221225472, 0, 32;
    %concati/vec4 0, 0, 32;
    %jmp/1 T_3.17, 8;
T_3.16 ; End of true expr.
    %pushi/vec4 4294967295, 0, 34;
    %concati/vec4 1073741823, 0, 30;
    %jmp/0 T_3.17, 8;
 ; End of false expr.
    %blend;
T_3.17;
    %store/vec4 v0x55556b468cf0_0, 0, 64;
    %jmp T_3.15;
T_3.14 ;
    %load/vec4 v0x55556b468dd0_0;
    %load/vec4 v0x55556b468b30_0;
    %ix/vec4 4;
    %shiftl 4;
    %store/vec4 v0x55556b468cf0_0, 0, 64;
T_3.15 ;
    %jmp T_3.13;
T_3.12 ;
    %load/vec4 v0x55556b468b30_0;
    %cmpi/s 0, 0, 32;
    %jmp/0xz  T_3.18, 5;
    %alloc S_0x55556b46afd0;
    %load/vec4 v0x55556b468dd0_0;
    %load/vec4 v0x55556b468b30_0;
    %inv;
    %addi 1, 0, 32;
    %store/vec4 v0x55556b46ba70_0, 0, 32;
    %store/vec4 v0x55556b46bb50_0, 0, 64;
    %callf/vec4 TD_quant_utils_pkg.rshift_rne64, S_0x55556b46afd0;
    %free S_0x55556b46afd0;
    %store/vec4 v0x55556b468cf0_0, 0, 64;
    %jmp T_3.19;
T_3.18 ;
    %load/vec4 v0x55556b468dd0_0;
    %store/vec4 v0x55556b468cf0_0, 0, 64;
T_3.19 ;
T_3.13 ;
    %alloc S_0x55556b467760;
    %load/vec4 v0x55556b468cf0_0;
    %pushi/vec4 6, 0, 64;
    %store/vec4 v0x55556b467b20_0, 0, 64;
    %store/vec4 v0x55556b468240_0, 0, 64;
    %callf/vec4 TD_quant_utils_pkg.div_rne64, S_0x55556b467760;
    %free S_0x55556b467760;
    %store/vec4 v0x55556b468590_0, 0, 64;
    %pushi/vec4 1, 0, 64;
    %load/vec4 v0x55556b468840_0;
    %ix/vec4 4;
    %shiftl 4;
    %ix/load 4, 1, 0;
    %flag_set/imm 4, 0;
    %shiftr 4;
    %store/vec4 v0x55556b468a50_0, 0, 64;
    %load/vec4 v0x55556b468590_0;
    %load/vec4 v0x55556b468a50_0;
    %add;
    %store/vec4 v0x55556b468eb0_0, 0, 64;
    %alloc S_0x55556b4693c0;
    %load/vec4 v0x55556b468840_0;
    %store/vec4 v0x55556b4695f0_0, 0, 32;
    %callf/vec4 TD_quant_utils_pkg.qmax_unsigned64, S_0x55556b4693c0;
    %free S_0x55556b4693c0;
    %store/vec4 v0x55556b4684b0_0, 0, 64;
    %load/vec4 v0x55556b468eb0_0;
    %cmpi/s 0, 0, 64;
    %jmp/0xz  T_3.20, 5;
    %pushi/vec4 0, 0, 32;
    %ret/vec4 0, 0, 32;  Assign to hardsigmoid_int_default (store_vec4_to_lval)
    %jmp T_3.21;
T_3.20 ;
    %load/vec4 v0x55556b4684b0_0;
    %load/vec4 v0x55556b468eb0_0;
    %cmp/u;
    %jmp/0xz  T_3.22, 5;
    %load/vec4 v0x55556b4684b0_0;
    %parti/s 32, 0, 2;
    %ret/vec4 0, 0, 32;  Assign to hardsigmoid_int_default (store_vec4_to_lval)
    %jmp T_3.23;
T_3.22 ;
    %load/vec4 v0x55556b468eb0_0;
    %parti/s 32, 0, 2;
    %ret/vec4 0, 0, 32;  Assign to hardsigmoid_int_default (store_vec4_to_lval)
T_3.23 ;
T_3.21 ;
    %end;
S_0x55556b468f90 .scope autofunction.vec4.u64, "qmax_signed64" "qmax_signed64" 4 3, 4 3 0, S_0x55556b446920;
 .timescale 0 0;
v0x55556b469120_0 .var/2s "bits", 31 0;
; Variable qmax_signed64 is vec4 return value of scope S_0x55556b468f90
v0x55556b469300_0 .var/s "v", 63 0;
TD_quant_utils_pkg.qmax_signed64 ;
    %load/vec4 v0x55556b469120_0;
    %cmpi/s 1, 0, 32;
    %flag_or 5, 4;
    %jmp/0xz  T_4.24, 5;
    %pushi/vec4 0, 0, 64;
    %store/vec4 v0x55556b469300_0, 0, 64;
    %jmp T_4.25;
T_4.24 ;
    %load/vec4 v0x55556b469120_0;
    %cmpi/s 63, 0, 32;
    %flag_inv 5; GE is !LT
    %jmp/0xz  T_4.26, 5;
    %pushi/vec4 4294967295, 0, 34;
    %concati/vec4 1073741823, 0, 30;
    %store/vec4 v0x55556b469300_0, 0, 64;
    %jmp T_4.27;
T_4.26 ;
    %pushi/vec4 1, 0, 64;
    %load/vec4 v0x55556b469120_0;
    %subi 1, 0, 32;
    %ix/vec4 4;
    %shiftl 4;
    %subi 1, 0, 64;
    %store/vec4 v0x55556b469300_0, 0, 64;
T_4.27 ;
T_4.25 ;
    %load/vec4 v0x55556b469300_0;
    %ret/vec4 0, 0, 64;  Assign to qmax_signed64 (store_vec4_to_lval)
    %end;
S_0x55556b4693c0 .scope autofunction.vec4.s64, "qmax_unsigned64" "qmax_unsigned64" 4 31, 4 31 0, S_0x55556b446920;
 .timescale 0 0;
v0x55556b4695f0_0 .var/2s "bits", 31 0;
; Variable qmax_unsigned64 is vec4 return value of scope S_0x55556b4693c0
v0x55556b4697d0_0 .var "v", 63 0;
TD_quant_utils_pkg.qmax_unsigned64 ;
    %load/vec4 v0x55556b4695f0_0;
    %cmpi/s 0, 0, 32;
    %flag_or 5, 4;
    %jmp/0xz  T_5.28, 5;
    %pushi/vec4 0, 0, 64;
    %store/vec4 v0x55556b4697d0_0, 0, 64;
    %jmp T_5.29;
T_5.28 ;
    %load/vec4 v0x55556b4695f0_0;
    %cmpi/s 63, 0, 32;
    %flag_inv 5; GE is !LT
    %jmp/0xz  T_5.30, 5;
    %pushi/vec4 4294967295, 0, 33;
    %concati/vec4 2147483647, 0, 31;
    %store/vec4 v0x55556b4697d0_0, 0, 64;
    %jmp T_5.31;
T_5.30 ;
    %pushi/vec4 1, 0, 64;
    %load/vec4 v0x55556b4695f0_0;
    %ix/vec4 4;
    %shiftl 4;
    %subi 1, 0, 64;
    %store/vec4 v0x55556b4697d0_0, 0, 64;
T_5.31 ;
T_5.29 ;
    %load/vec4 v0x55556b4697d0_0;
    %ret/vec4 0, 0, 64;  Assign to qmax_unsigned64 (store_vec4_to_lval)
    %end;
S_0x55556b469890 .scope autofunction.vec4.u64, "qmin_signed64" "qmin_signed64" 4 17, 4 17 0, S_0x55556b446920;
 .timescale 0 0;
v0x55556b469a70_0 .var/2s "bits", 31 0;
; Variable qmin_signed64 is vec4 return value of scope S_0x55556b469890
v0x55556b469c50_0 .var/s "v", 63 0;
TD_quant_utils_pkg.qmin_signed64 ;
    %load/vec4 v0x55556b469a70_0;
    %cmpi/s 1, 0, 32;
    %flag_or 5, 4;
    %jmp/0xz  T_6.32, 5;
    %pushi/vec4 4294967295, 0, 32;
    %concati/vec4 4294967295, 0, 32;
    %store/vec4 v0x55556b469c50_0, 0, 64;
    %jmp T_6.33;
T_6.32 ;
    %load/vec4 v0x55556b469a70_0;
    %cmpi/s 63, 0, 32;
    %flag_inv 5; GE is !LT
    %jmp/0xz  T_6.34, 5;
    %pushi/vec4 3221225472, 0, 32;
    %concati/vec4 0, 0, 32;
    %store/vec4 v0x55556b469c50_0, 0, 64;
    %jmp T_6.35;
T_6.34 ;
    %pushi/vec4 1, 0, 64;
    %load/vec4 v0x55556b469a70_0;
    %subi 1, 0, 32;
    %ix/vec4 4;
    %shiftl 4;
    %inv;
    %addi 1, 0, 64;
    %store/vec4 v0x55556b469c50_0, 0, 64;
T_6.35 ;
T_6.33 ;
    %load/vec4 v0x55556b469c50_0;
    %ret/vec4 0, 0, 64;  Assign to qmin_signed64 (store_vec4_to_lval)
    %end;
S_0x55556b469d40 .scope autofunction.vec4.u32, "requant_pow2_signed" "requant_pow2_signed" 4 216, 4 216 0, S_0x55556b446920;
 .timescale 0 0;
v0x55556b469f20_0 .var/2s "bits", 31 0;
v0x55556b46a020_0 .var/2s "delta", 31 0;
v0x55556b46a100_0 .var/2s "exp_in", 31 0;
v0x55556b46a1f0_0 .var/2s "exp_out", 31 0;
; Variable requant_pow2_signed is vec4 return value of scope S_0x55556b469d40
v0x55556b46a400_0 .var/s "x", 63 0;
v0x55556b46a4e0_0 .var/s "y", 63 0;
v0x55556b46a5c0_0 .var/s "y_shifted", 63 0;
TD_quant_utils_pkg.requant_pow2_signed ;
    %load/vec4 v0x55556b46a100_0;
    %load/vec4 v0x55556b46a1f0_0;
    %sub;
    %store/vec4 v0x55556b46a020_0, 0, 32;
    %load/vec4 v0x55556b46a020_0;
    %cmpi/s 0, 0, 32;
    %flag_or 5, 4; GT is !LE
    %flag_inv 5;
    %jmp/0xz  T_7.36, 5;
    %load/vec4 v0x55556b46a020_0;
    %cmpi/s 62, 0, 32;
    %flag_inv 5; GE is !LT
    %jmp/0xz  T_7.38, 5;
    %load/vec4 v0x55556b46a400_0;
    %cmpi/s 0, 0, 64;
    %flag_mov 8, 5;
    %jmp/0 T_7.40, 8;
    %alloc S_0x55556b469890;
    %load/vec4 v0x55556b469f20_0;
    %store/vec4 v0x55556b469a70_0, 0, 32;
    %callf/vec4 TD_quant_utils_pkg.qmin_signed64, S_0x55556b469890;
    %free S_0x55556b469890;
    %jmp/1 T_7.41, 8;
T_7.40 ; End of true expr.
    %alloc S_0x55556b468f90;
    %load/vec4 v0x55556b469f20_0;
    %store/vec4 v0x55556b469120_0, 0, 32;
    %callf/vec4 TD_quant_utils_pkg.qmax_signed64, S_0x55556b468f90;
    %free S_0x55556b468f90;
    %jmp/0 T_7.41, 8;
 ; End of false expr.
    %blend;
T_7.41;
    %store/vec4 v0x55556b46a4e0_0, 0, 64;
    %jmp T_7.39;
T_7.38 ;
    %load/vec4 v0x55556b46a400_0;
    %load/vec4 v0x55556b46a020_0;
    %ix/vec4 4;
    %shiftl 4;
    %store/vec4 v0x55556b46a5c0_0, 0, 64;
    %load/vec4 v0x55556b46a5c0_0;
    %load/vec4 v0x55556b46a020_0;
    %ix/vec4 4;
    %shiftr/s 4;
    %load/vec4 v0x55556b46a400_0;
    %cmp/ne;
    %jmp/0xz  T_7.42, 4;
    %load/vec4 v0x55556b46a400_0;
    %cmpi/s 0, 0, 64;
    %flag_mov 8, 5;
    %jmp/0 T_7.44, 8;
    %alloc S_0x55556b469890;
    %load/vec4 v0x55556b469f20_0;
    %store/vec4 v0x55556b469a70_0, 0, 32;
    %callf/vec4 TD_quant_utils_pkg.qmin_signed64, S_0x55556b469890;
    %free S_0x55556b469890;
    %jmp/1 T_7.45, 8;
T_7.44 ; End of true expr.
    %alloc S_0x55556b468f90;
    %load/vec4 v0x55556b469f20_0;
    %store/vec4 v0x55556b469120_0, 0, 32;
    %callf/vec4 TD_quant_utils_pkg.qmax_signed64, S_0x55556b468f90;
    %free S_0x55556b468f90;
    %jmp/0 T_7.45, 8;
 ; End of false expr.
    %blend;
T_7.45;
    %store/vec4 v0x55556b46a4e0_0, 0, 64;
    %jmp T_7.43;
T_7.42 ;
    %load/vec4 v0x55556b46a5c0_0;
    %store/vec4 v0x55556b46a4e0_0, 0, 64;
T_7.43 ;
T_7.39 ;
    %jmp T_7.37;
T_7.36 ;
    %load/vec4 v0x55556b46a020_0;
    %cmpi/s 0, 0, 32;
    %jmp/0xz  T_7.46, 5;
    %alloc S_0x55556b46afd0;
    %load/vec4 v0x55556b46a400_0;
    %load/vec4 v0x55556b46a020_0;
    %inv;
    %addi 1, 0, 32;
    %store/vec4 v0x55556b46ba70_0, 0, 32;
    %store/vec4 v0x55556b46bb50_0, 0, 64;
    %callf/vec4 TD_quant_utils_pkg.rshift_rne64, S_0x55556b46afd0;
    %free S_0x55556b46afd0;
    %store/vec4 v0x55556b46a4e0_0, 0, 64;
    %jmp T_7.47;
T_7.46 ;
    %load/vec4 v0x55556b46a400_0;
    %store/vec4 v0x55556b46a4e0_0, 0, 64;
T_7.47 ;
T_7.37 ;
    %alloc S_0x55556b46bc30;
    %load/vec4 v0x55556b46a4e0_0;
    %load/vec4 v0x55556b469f20_0;
    %store/vec4 v0x55556b46bdc0_0, 0, 32;
    %store/vec4 v0x55556b46c140_0, 0, 64;
    %callf/vec4 TD_quant_utils_pkg.sat_signed32, S_0x55556b46bc30;
    %free S_0x55556b46bc30;
    %ret/vec4 0, 0, 32;  Assign to requant_pow2_signed (store_vec4_to_lval)
    %end;
S_0x55556b46a6a0 .scope autofunction.vec4.s32, "requant_pow2_unsigned" "requant_pow2_unsigned" 4 247, 4 247 0, S_0x55556b446920;
 .timescale 0 0;
v0x55556b46a880_0 .var/2s "bits", 31 0;
v0x55556b46a980_0 .var/2s "delta", 31 0;
v0x55556b46aa60_0 .var/2s "exp_in", 31 0;
v0x55556b46ab20_0 .var/2s "exp_out", 31 0;
; Variable requant_pow2_unsigned is vec4 return value of scope S_0x55556b46a6a0
v0x55556b46ad30_0 .var/s "x", 63 0;
v0x55556b46ae10_0 .var/s "y", 63 0;
v0x55556b46aef0_0 .var/s "y_shifted", 63 0;
TD_quant_utils_pkg.requant_pow2_unsigned ;
    %load/vec4 v0x55556b46aa60_0;
    %load/vec4 v0x55556b46ab20_0;
    %sub;
    %store/vec4 v0x55556b46a980_0, 0, 32;
    %load/vec4 v0x55556b46a980_0;
    %cmpi/s 0, 0, 32;
    %flag_or 5, 4; GT is !LE
    %flag_inv 5;
    %jmp/0xz  T_8.48, 5;
    %load/vec4 v0x55556b46a980_0;
    %cmpi/s 62, 0, 32;
    %flag_inv 5; GE is !LT
    %jmp/0xz  T_8.50, 5;
    %load/vec4 v0x55556b46ad30_0;
    %cmpi/s 0, 0, 64;
    %flag_mov 8, 5;
    %jmp/0 T_8.52, 8;
    %pushi/vec4 0, 0, 64;
    %jmp/1 T_8.53, 8;
T_8.52 ; End of true expr.
    %alloc S_0x55556b4693c0;
    %load/vec4 v0x55556b46a880_0;
    %store/vec4 v0x55556b4695f0_0, 0, 32;
    %callf/vec4 TD_quant_utils_pkg.qmax_unsigned64, S_0x55556b4693c0;
    %free S_0x55556b4693c0;
    %jmp/0 T_8.53, 8;
 ; End of false expr.
    %blend;
T_8.53;
    %store/vec4 v0x55556b46ae10_0, 0, 64;
    %jmp T_8.51;
T_8.50 ;
    %load/vec4 v0x55556b46ad30_0;
    %load/vec4 v0x55556b46a980_0;
    %ix/vec4 4;
    %shiftl 4;
    %store/vec4 v0x55556b46aef0_0, 0, 64;
    %load/vec4 v0x55556b46aef0_0;
    %load/vec4 v0x55556b46a980_0;
    %ix/vec4 4;
    %shiftr/s 4;
    %load/vec4 v0x55556b46ad30_0;
    %cmp/ne;
    %jmp/0xz  T_8.54, 4;
    %load/vec4 v0x55556b46ad30_0;
    %cmpi/s 0, 0, 64;
    %flag_mov 8, 5;
    %jmp/0 T_8.56, 8;
    %pushi/vec4 0, 0, 64;
    %jmp/1 T_8.57, 8;
T_8.56 ; End of true expr.
    %alloc S_0x55556b4693c0;
    %load/vec4 v0x55556b46a880_0;
    %store/vec4 v0x55556b4695f0_0, 0, 32;
    %callf/vec4 TD_quant_utils_pkg.qmax_unsigned64, S_0x55556b4693c0;
    %free S_0x55556b4693c0;
    %jmp/0 T_8.57, 8;
 ; End of false expr.
    %blend;
T_8.57;
    %store/vec4 v0x55556b46ae10_0, 0, 64;
    %jmp T_8.55;
T_8.54 ;
    %load/vec4 v0x55556b46aef0_0;
    %store/vec4 v0x55556b46ae10_0, 0, 64;
T_8.55 ;
T_8.51 ;
    %jmp T_8.49;
T_8.48 ;
    %load/vec4 v0x55556b46a980_0;
    %cmpi/s 0, 0, 32;
    %jmp/0xz  T_8.58, 5;
    %alloc S_0x55556b46afd0;
    %load/vec4 v0x55556b46ad30_0;
    %load/vec4 v0x55556b46a980_0;
    %inv;
    %addi 1, 0, 32;
    %store/vec4 v0x55556b46ba70_0, 0, 32;
    %store/vec4 v0x55556b46bb50_0, 0, 64;
    %callf/vec4 TD_quant_utils_pkg.rshift_rne64, S_0x55556b46afd0;
    %free S_0x55556b46afd0;
    %store/vec4 v0x55556b46ae10_0, 0, 64;
    %jmp T_8.59;
T_8.58 ;
    %load/vec4 v0x55556b46ad30_0;
    %store/vec4 v0x55556b46ae10_0, 0, 64;
T_8.59 ;
T_8.49 ;
    %alloc S_0x55556b46cac0;
    %load/vec4 v0x55556b46ae10_0;
    %load/vec4 v0x55556b46a880_0;
    %store/vec4 v0x55556b46cca0_0, 0, 32;
    %store/vec4 v0x55556b46cf40_0, 0, 64;
    %callf/vec4 TD_quant_utils_pkg.sat_unsigned32, S_0x55556b46cac0;
    %free S_0x55556b46cac0;
    %ret/vec4 0, 0, 32;  Assign to requant_pow2_unsigned (store_vec4_to_lval)
    %end;
S_0x55556b46afd0 .scope autofunction.vec4.u64, "rshift_rne64" "rshift_rne64" 4 119, 4 119 0, S_0x55556b446920;
 .timescale 0 0;
v0x55556b46b240_0 .var "ax", 63 0;
v0x55556b46b340_0 .var "half", 63 0;
v0x55556b46b420_0 .var "inc", 0 0;
v0x55556b46b4c0_0 .var "mask", 63 0;
v0x55556b46b5a0_0 .var "neg", 0 0;
v0x55556b46b660_0 .var "q", 63 0;
v0x55556b46b740_0 .var "q2", 63 0;
v0x55556b46b820_0 .var "r", 63 0;
; Variable rshift_rne64 is vec4 return value of scope S_0x55556b46afd0
v0x55556b46ba70_0 .var/2s "sh", 31 0;
v0x55556b46bb50_0 .var/s "x", 63 0;
TD_quant_utils_pkg.rshift_rne64 ;
    %load/vec4 v0x55556b46ba70_0;
    %cmpi/s 0, 0, 32;
    %flag_or 5, 4;
    %jmp/0xz  T_9.60, 5;
    %load/vec4 v0x55556b46bb50_0;
    %ret/vec4 0, 0, 64;  Assign to rshift_rne64 (store_vec4_to_lval)
    %jmp T_9.61;
T_9.60 ;
    %load/vec4 v0x55556b46ba70_0;
    %cmpi/s 62, 0, 32;
    %flag_inv 5; GE is !LT
    %jmp/0xz  T_9.62, 5;
    %pushi/vec4 0, 0, 64;
    %ret/vec4 0, 0, 64;  Assign to rshift_rne64 (store_vec4_to_lval)
    %jmp T_9.63;
T_9.62 ;
    %load/vec4 v0x55556b46bb50_0;
    %cmpi/s 0, 0, 64;
    %flag_get/vec4 5;
    %store/vec4 v0x55556b46b5a0_0, 0, 1;
    %alloc S_0x55556b467380;
    %load/vec4 v0x55556b46bb50_0;
    %store/vec4 v0x55556b467680_0, 0, 64;
    %callf/vec4 TD_quant_utils_pkg.abs64, S_0x55556b467380;
    %free S_0x55556b467380;
    %store/vec4 v0x55556b46b240_0, 0, 64;
    %pushi/vec4 1, 0, 64;
    %load/vec4 v0x55556b46ba70_0;
    %subi 1, 0, 32;
    %ix/vec4 4;
    %shiftl 4;
    %store/vec4 v0x55556b46b340_0, 0, 64;
    %pushi/vec4 1, 0, 64;
    %load/vec4 v0x55556b46ba70_0;
    %ix/vec4 4;
    %shiftl 4;
    %subi 1, 0, 64;
    %store/vec4 v0x55556b46b4c0_0, 0, 64;
    %load/vec4 v0x55556b46b240_0;
    %load/vec4 v0x55556b46b4c0_0;
    %and;
    %store/vec4 v0x55556b46b820_0, 0, 64;
    %load/vec4 v0x55556b46b240_0;
    %load/vec4 v0x55556b46ba70_0;
    %ix/vec4 4;
    %shiftr 4;
    %store/vec4 v0x55556b46b660_0, 0, 64;
    %load/vec4 v0x55556b46b340_0;
    %load/vec4 v0x55556b46b820_0;
    %cmp/u;
    %flag_get/vec4 5;
    %jmp/1 T_9.64, 5;
    %load/vec4 v0x55556b46b820_0;
    %load/vec4 v0x55556b46b340_0;
    %cmp/e;
    %flag_get/vec4 4;
    %jmp/0 T_9.65, 4;
    %load/vec4 v0x55556b46b660_0;
    %pushi/vec4 1, 0, 64;
    %and;
    %pushi/vec4 1, 0, 64;
    %cmp/e;
    %flag_get/vec4 4;
    %and;
T_9.65;
    %or;
T_9.64;
    %store/vec4 v0x55556b46b420_0, 0, 1;
    %load/vec4 v0x55556b46b660_0;
    %load/vec4 v0x55556b46b420_0;
    %flag_set/vec4 8;
    %jmp/0 T_9.66, 8;
    %pushi/vec4 1, 0, 64;
    %jmp/1 T_9.67, 8;
T_9.66 ; End of true expr.
    %pushi/vec4 0, 0, 64;
    %jmp/0 T_9.67, 8;
 ; End of false expr.
    %blend;
T_9.67;
    %add;
    %store/vec4 v0x55556b46b740_0, 0, 64;
    %load/vec4 v0x55556b46b5a0_0;
    %flag_set/vec4 8;
    %jmp/0xz  T_9.68, 8;
    %load/vec4 v0x55556b46b740_0;
    %inv;
    %addi 1, 0, 64;
    %ret/vec4 0, 0, 64;  Assign to rshift_rne64 (store_vec4_to_lval)
    %jmp T_9.69;
T_9.68 ;
    %load/vec4 v0x55556b46b740_0;
    %ret/vec4 0, 0, 64;  Assign to rshift_rne64 (store_vec4_to_lval)
T_9.69 ;
T_9.63 ;
T_9.61 ;
    %end;
S_0x55556b46bc30 .scope autofunction.vec4.u32, "sat_signed32" "sat_signed32" 4 45, 4 45 0, S_0x55556b446920;
 .timescale 0 0;
v0x55556b46bdc0_0 .var/2s "bits", 31 0;
v0x55556b46bec0_0 .var/s "hi", 63 0;
v0x55556b46bfa0_0 .var/s "lo", 63 0;
; Variable sat_signed32 is vec4 return value of scope S_0x55556b46bc30
v0x55556b46c140_0 .var/s "x", 63 0;
v0x55556b46c270_0 .var/s "y", 63 0;
TD_quant_utils_pkg.sat_signed32 ;
    %alloc S_0x55556b469890;
    %load/vec4 v0x55556b46bdc0_0;
    %store/vec4 v0x55556b469a70_0, 0, 32;
    %callf/vec4 TD_quant_utils_pkg.qmin_signed64, S_0x55556b469890;
    %free S_0x55556b469890;
    %store/vec4 v0x55556b46bfa0_0, 0, 64;
    %alloc S_0x55556b468f90;
    %load/vec4 v0x55556b46bdc0_0;
    %store/vec4 v0x55556b469120_0, 0, 32;
    %callf/vec4 TD_quant_utils_pkg.qmax_signed64, S_0x55556b468f90;
    %free S_0x55556b468f90;
    %store/vec4 v0x55556b46bec0_0, 0, 64;
    %load/vec4 v0x55556b46bec0_0;
    %load/vec4 v0x55556b46c140_0;
    %cmp/s;
    %jmp/0xz  T_10.70, 5;
    %load/vec4 v0x55556b46bec0_0;
    %store/vec4 v0x55556b46c270_0, 0, 64;
    %jmp T_10.71;
T_10.70 ;
    %load/vec4 v0x55556b46c140_0;
    %load/vec4 v0x55556b46bfa0_0;
    %cmp/s;
    %jmp/0xz  T_10.72, 5;
    %load/vec4 v0x55556b46bfa0_0;
    %store/vec4 v0x55556b46c270_0, 0, 64;
    %jmp T_10.73;
T_10.72 ;
    %load/vec4 v0x55556b46c140_0;
    %store/vec4 v0x55556b46c270_0, 0, 64;
T_10.73 ;
T_10.71 ;
    %load/vec4 v0x55556b46c270_0;
    %parti/s 32, 0, 2;
    %ret/vec4 0, 0, 32;  Assign to sat_signed32 (store_vec4_to_lval)
    %end;
S_0x55556b46c350 .scope autofunction.vec4.u64, "sat_signed64" "sat_signed64" 4 77, 4 77 0, S_0x55556b446920;
 .timescale 0 0;
v0x55556b46c530_0 .var/2s "bits", 31 0;
v0x55556b46c630_0 .var/s "hi", 63 0;
v0x55556b46c710_0 .var/s "lo", 63 0;
; Variable sat_signed64 is vec4 return value of scope S_0x55556b46c350
v0x55556b46c8b0_0 .var/s "x", 63 0;
v0x55556b46c9e0_0 .var/s "y", 63 0;
TD_quant_utils_pkg.sat_signed64 ;
    %alloc S_0x55556b469890;
    %load/vec4 v0x55556b46c530_0;
    %store/vec4 v0x55556b469a70_0, 0, 32;
    %callf/vec4 TD_quant_utils_pkg.qmin_signed64, S_0x55556b469890;
    %free S_0x55556b469890;
    %store/vec4 v0x55556b46c710_0, 0, 64;
    %alloc S_0x55556b468f90;
    %load/vec4 v0x55556b46c530_0;
    %store/vec4 v0x55556b469120_0, 0, 32;
    %callf/vec4 TD_quant_utils_pkg.qmax_signed64, S_0x55556b468f90;
    %free S_0x55556b468f90;
    %store/vec4 v0x55556b46c630_0, 0, 64;
    %load/vec4 v0x55556b46c630_0;
    %load/vec4 v0x55556b46c8b0_0;
    %cmp/s;
    %jmp/0xz  T_11.74, 5;
    %load/vec4 v0x55556b46c630_0;
    %store/vec4 v0x55556b46c9e0_0, 0, 64;
    %jmp T_11.75;
T_11.74 ;
    %load/vec4 v0x55556b46c8b0_0;
    %load/vec4 v0x55556b46c710_0;
    %cmp/s;
    %jmp/0xz  T_11.76, 5;
    %load/vec4 v0x55556b46c710_0;
    %store/vec4 v0x55556b46c9e0_0, 0, 64;
    %jmp T_11.77;
T_11.76 ;
    %load/vec4 v0x55556b46c8b0_0;
    %store/vec4 v0x55556b46c9e0_0, 0, 64;
T_11.77 ;
T_11.75 ;
    %load/vec4 v0x55556b46c9e0_0;
    %ret/vec4 0, 0, 64;  Assign to sat_signed64 (store_vec4_to_lval)
    %end;
S_0x55556b46cac0 .scope autofunction.vec4.s32, "sat_unsigned32" "sat_unsigned32" 4 61, 4 61 0, S_0x55556b446920;
 .timescale 0 0;
v0x55556b46cca0_0 .var/2s "bits", 31 0;
v0x55556b46cda0_0 .var "hi", 63 0;
; Variable sat_unsigned32 is vec4 return value of scope S_0x55556b46cac0
v0x55556b46cf40_0 .var/s "x", 63 0;
v0x55556b46d020_0 .var/s "y", 63 0;
TD_quant_utils_pkg.sat_unsigned32 ;
    %alloc S_0x55556b4693c0;
    %load/vec4 v0x55556b46cca0_0;
    %store/vec4 v0x55556b4695f0_0, 0, 32;
    %callf/vec4 TD_quant_utils_pkg.qmax_unsigned64, S_0x55556b4693c0;
    %free S_0x55556b4693c0;
    %store/vec4 v0x55556b46cda0_0, 0, 64;
    %load/vec4 v0x55556b46cf40_0;
    %cmpi/s 0, 0, 64;
    %jmp/0xz  T_12.78, 5;
    %pushi/vec4 0, 0, 64;
    %store/vec4 v0x55556b46d020_0, 0, 64;
    %jmp T_12.79;
T_12.78 ;
    %load/vec4 v0x55556b46cda0_0;
    %load/vec4 v0x55556b46cf40_0;
    %cmp/u;
    %jmp/0xz  T_12.80, 5;
    %load/vec4 v0x55556b46cda0_0;
    %store/vec4 v0x55556b46d020_0, 0, 64;
    %jmp T_12.81;
T_12.80 ;
    %load/vec4 v0x55556b46cf40_0;
    %store/vec4 v0x55556b46d020_0, 0, 64;
T_12.81 ;
T_12.79 ;
    %load/vec4 v0x55556b46d020_0;
    %parti/s 32, 0, 2;
    %ret/vec4 0, 0, 32;  Assign to sat_unsigned32 (store_vec4_to_lval)
    %end;
S_0x55556b46d150 .scope autofunction.vec4.s64, "sat_unsigned64" "sat_unsigned64" 4 93, 4 93 0, S_0x55556b446920;
 .timescale 0 0;
v0x55556b46d330_0 .var/2s "bits", 31 0;
v0x55556b46d430_0 .var "hi", 63 0;
; Variable sat_unsigned64 is vec4 return value of scope S_0x55556b46d150
v0x55556b46d5d0_0 .var/s "x", 63 0;
v0x55556b46d6b0_0 .var "y", 63 0;
TD_quant_utils_pkg.sat_unsigned64 ;
    %alloc S_0x55556b4693c0;
    %load/vec4 v0x55556b46d330_0;
    %store/vec4 v0x55556b4695f0_0, 0, 32;
    %callf/vec4 TD_quant_utils_pkg.qmax_unsigned64, S_0x55556b4693c0;
    %free S_0x55556b4693c0;
    %store/vec4 v0x55556b46d430_0, 0, 64;
    %load/vec4 v0x55556b46d5d0_0;
    %cmpi/s 0, 0, 64;
    %jmp/0xz  T_13.82, 5;
    %pushi/vec4 0, 0, 64;
    %store/vec4 v0x55556b46d6b0_0, 0, 64;
    %jmp T_13.83;
T_13.82 ;
    %load/vec4 v0x55556b46d430_0;
    %load/vec4 v0x55556b46d5d0_0;
    %cmp/u;
    %jmp/0xz  T_13.84, 5;
    %load/vec4 v0x55556b46d430_0;
    %store/vec4 v0x55556b46d6b0_0, 0, 64;
    %jmp T_13.85;
T_13.84 ;
    %load/vec4 v0x55556b46d5d0_0;
    %store/vec4 v0x55556b46d6b0_0, 0, 64;
T_13.85 ;
T_13.83 ;
    %load/vec4 v0x55556b46d6b0_0;
    %ret/vec4 0, 0, 64;  Assign to sat_unsigned64 (store_vec4_to_lval)
    %end;
S_0x55556b46d7e0 .scope autofunction.vec2.u32, "wkv_lut_lookup_idx" "wkv_lut_lookup_idx" 4 181, 4 181 0, S_0x55556b446920;
 .timescale 0 0;
v0x55556b46d9c0_0 .var/s "delta_i", 31 0;
v0x55556b46dac0_0 .var/2s "idx", 31 0;
v0x55556b46dba0_0 .var/2s "lut_numel", 31 0;
v0x55556b46dc60_0 .var/s "min_delta_i", 31 0;
v0x55556b46dd40_0 .var/s "num", 63 0;
v0x55556b46de70_0 .var/s "q", 63 0;
v0x55556b46df50_0 .var/s "step_i", 31 0;
; Variable wkv_lut_lookup_idx is bool return value of scope S_0x55556b46d7e0
TD_quant_utils_pkg.wkv_lut_lookup_idx ;
    %load/vec4 v0x55556b46dba0_0;
    %cmpi/s 0, 0, 32;
    %flag_or 5, 4;
    %jmp/0xz  T_14.86, 5;
    %pushi/vec4 0, 0, 32;
    %store/vec4 v0x55556b46dac0_0, 0, 32;
    %jmp T_14.87;
T_14.86 ;
    %load/vec4 v0x55556b46d9c0_0;
    %pad/s 64;
    %load/vec4 v0x55556b46dc60_0;
    %pad/s 64;
    %sub;
    %store/vec4 v0x55556b46dd40_0, 0, 64;
    %load/vec4 v0x55556b46df50_0;
    %cmpi/e 0, 0, 32;
    %jmp/0xz  T_14.88, 4;
    %pushi/vec4 0, 0, 32;
    %store/vec4 v0x55556b46dac0_0, 0, 32;
    %jmp T_14.89;
T_14.88 ;
    %load/vec4 v0x55556b46df50_0;
    %cmpi/e 1, 0, 32;
    %jmp/0xz  T_14.90, 4;
    %load/vec4 v0x55556b46dd40_0;
    %cast2;
    %pad/s 32;
    %store/vec4 v0x55556b46dac0_0, 0, 32;
    %jmp T_14.91;
T_14.90 ;
    %load/vec4 v0x55556b46df50_0;
    %cmpi/e 4294967295, 0, 32;
    %jmp/0xz  T_14.92, 4;
    %load/vec4 v0x55556b46dd40_0;
    %inv;
    %addi 1, 0, 64;
    %cast2;
    %pad/s 32;
    %store/vec4 v0x55556b46dac0_0, 0, 32;
    %jmp T_14.93;
T_14.92 ;
    %alloc S_0x55556b467760;
    %load/vec4 v0x55556b46dd40_0;
    %load/vec4 v0x55556b46df50_0;
    %pad/s 64;
    %store/vec4 v0x55556b467b20_0, 0, 64;
    %store/vec4 v0x55556b468240_0, 0, 64;
    %callf/vec4 TD_quant_utils_pkg.div_rne64, S_0x55556b467760;
    %free S_0x55556b467760;
    %store/vec4 v0x55556b46de70_0, 0, 64;
    %load/vec4 v0x55556b46de70_0;
    %cast2;
    %pad/s 32;
    %store/vec4 v0x55556b46dac0_0, 0, 32;
T_14.93 ;
T_14.91 ;
T_14.89 ;
    %load/vec4 v0x55556b46dac0_0;
    %cmpi/s 0, 0, 32;
    %jmp/0xz  T_14.94, 5;
    %pushi/vec4 0, 0, 32;
    %store/vec4 v0x55556b46dac0_0, 0, 32;
    %jmp T_14.95;
T_14.94 ;
    %load/vec4 v0x55556b46dba0_0;
    %load/vec4 v0x55556b46dac0_0;
    %cmp/s;
    %flag_or 5, 4;
    %jmp/0xz  T_14.96, 5;
    %load/vec4 v0x55556b46dba0_0;
    %subi 1, 0, 32;
    %store/vec4 v0x55556b46dac0_0, 0, 32;
T_14.96 ;
T_14.95 ;
T_14.87 ;
    %load/vec4 v0x55556b46dac0_0;
    %ret/vec4 0, 0, 32;  Assign to wkv_lut_lookup_idx (store_vec4_to_lval)
    %end;
S_0x55556b421c90 .scope module, "tb_l0_requant_pow2_signed" "tb_l0_requant_pow2_signed" 5 3;
 .timescale -9 -12;
v0x55556b46e310_0 .var "bits_u", 31 0;
v0x55556b46e410_0 .var/i "case_cnt", 31 0;
v0x55556b46e4f0_0 .var/i "exp_in_i", 31 0;
v0x55556b46e5b0_0 .var "exp_in_u", 31 0;
v0x55556b46e690_0 .var/i "exp_out_i", 31 0;
v0x55556b46e7c0_0 .var "exp_out_u", 31 0;
v0x55556b46e8a0_0 .var "exp_u", 31 0;
v0x55556b46e980_0 .var/i "fd", 31 0;
v0x55556b46ea60_0 .var/s "got", 31 0;
v0x55556b46ebd0_0 .var/i "mismatches", 31 0;
v0x55556b46ecb0_0 .var/i "plusargs_rc", 31 0;
v0x55556b46ed90_0 .var/i "scan_rc", 31 0;
v0x55556b46ee70_0 .var "vector_path", 1023 0;
v0x55556b46ef50_0 .var "x_u", 63 0;
S_0x55556b46e110 .scope begin, "read_loop" "read_loop" 5 36, 5 36 0, S_0x55556b421c90;
 .timescale -9 -12;
    .scope S_0x55556b421c90;
T_15 ;
    %pushi/vec4 0, 0, 32;
    %store/vec4 v0x55556b46e410_0, 0, 32;
    %pushi/vec4 0, 0, 32;
    %store/vec4 v0x55556b46ebd0_0, 0, 32;
    %pushi/vec4 0, 0, 32; draw_string_vec4
    %pushi/vec4 0, 0, 32; draw_string_vec4
    %concat/vec4; draw_string_vec4
    %pushi/vec4 0, 0, 32; draw_string_vec4
    %concat/vec4; draw_string_vec4
    %pushi/vec4 0, 0, 32; draw_string_vec4
    %concat/vec4; draw_string_vec4
    %pushi/vec4 0, 0, 32; draw_string_vec4
    %concat/vec4; draw_string_vec4
    %pushi/vec4 0, 0, 32; draw_string_vec4
    %concat/vec4; draw_string_vec4
    %pushi/vec4 0, 0, 32; draw_string_vec4
    %concat/vec4; draw_string_vec4
    %pushi/vec4 0, 0, 32; draw_string_vec4
    %concat/vec4; draw_string_vec4
    %pushi/vec4 0, 0, 32; draw_string_vec4
    %concat/vec4; draw_string_vec4
    %pushi/vec4 0, 0, 32; draw_string_vec4
    %concat/vec4; draw_string_vec4
    %pushi/vec4 0, 0, 32; draw_string_vec4
    %concat/vec4; draw_string_vec4
    %pushi/vec4 0, 0, 32; draw_string_vec4
    %concat/vec4; draw_string_vec4
    %pushi/vec4 0, 0, 32; draw_string_vec4
    %concat/vec4; draw_string_vec4
    %pushi/vec4 0, 0, 32; draw_string_vec4
    %concat/vec4; draw_string_vec4
    %pushi/vec4 0, 0, 32; draw_string_vec4
    %concat/vec4; draw_string_vec4
    %pushi/vec4 0, 0, 32; draw_string_vec4
    %concat/vec4; draw_string_vec4
    %pushi/vec4 0, 0, 32; draw_string_vec4
    %concat/vec4; draw_string_vec4
    %pushi/vec4 1987277411, 0, 32; draw_string_vec4
    %concat/vec4; draw_string_vec4
    %pushi/vec4 793407337, 0, 32; draw_string_vec4
    %concat/vec4; draw_string_vec4
    %pushi/vec4 1853107523, 0, 32; draw_string_vec4
    %concat/vec4; draw_string_vec4
    %pushi/vec4 1179790660, 0, 32; draw_string_vec4
    %concat/vec4; draw_string_vec4
    %pushi/vec4 1346645876, 0, 32; draw_string_vec4
    %concat/vec4; draw_string_vec4
    %pushi/vec4 1647275056, 0, 32; draw_string_vec4
    %concat/vec4; draw_string_vec4
    %pushi/vec4 1601138803, 0, 32; draw_string_vec4
    %concat/vec4; draw_string_vec4
    %pushi/vec4 796288355, 0, 32; draw_string_vec4
    %concat/vec4; draw_string_vec4
    %pushi/vec4 1953460851, 0, 32; draw_string_vec4
    %concat/vec4; draw_string_vec4
    %pushi/vec4 796026225, 0, 32; draw_string_vec4
    %concat/vec4; draw_string_vec4
    %pushi/vec4 1969319540, 0, 32; draw_string_vec4
    %concat/vec4; draw_string_vec4
    %pushi/vec4 1601204087, 0, 32; draw_string_vec4
    %concat/vec4; draw_string_vec4
    %pushi/vec4 845116265, 0, 32; draw_string_vec4
    %concat/vec4; draw_string_vec4
    %pushi/vec4 1735288164, 0, 32; draw_string_vec4
    %concat/vec4; draw_string_vec4
    %pushi/vec4 779511139, 0, 32; draw_string_vec4
    %concat/vec4; draw_string_vec4
    %store/vec4 v0x55556b46ee70_0, 0, 1024;
    %vpi_func 5 28 "$value$plusargs" 32, "VECTOR_FILE=%s", v0x55556b46ee70_0 {0 0 0};
    %store/vec4 v0x55556b46ecb0_0, 0, 32;
    %vpi_func 5 30 "$fopen" 32, v0x55556b46ee70_0, "r" {0 0 0};
    %store/vec4 v0x55556b46e980_0, 0, 32;
    %load/vec4 v0x55556b46e980_0;
    %cmpi/e 0, 0, 32;
    %jmp/0xz  T_15.0, 4;
    %vpi_call/w 5 32 "$display", "[L0][FAIL] op=requant_pow2_signed cannot open vector file" {0 0 0};
    %vpi_call/w 5 33 "$finish" {0 0 0};
T_15.0 ;
    %fork t_1, S_0x55556b46e110;
    %jmp t_0;
    .scope S_0x55556b46e110;
t_1 ;
T_15.2 ;
    %vpi_func 5 38 "$fscanf" 32, v0x55556b46e980_0, "%h %h %h %h %h\012", v0x55556b46ef50_0, v0x55556b46e5b0_0, v0x55556b46e7c0_0, v0x55556b46e310_0, v0x55556b46e8a0_0 {0 0 0};
    %store/vec4 v0x55556b46ed90_0, 0, 32;
    %load/vec4 v0x55556b46ed90_0;
    %cmpi/e 4294967295, 0, 32;
    %jmp/0xz  T_15.4, 4;
    %disable S_0x55556b46e110;
T_15.4 ;
    %load/vec4 v0x55556b46ed90_0;
    %cmpi/ne 5, 0, 32;
    %jmp/0xz  T_15.6, 4;
    %vpi_call/w 5 43 "$display", "[L0][FAIL] op=requant_pow2_signed malformed vector row, scan_rc=%0d", v0x55556b46ed90_0 {0 0 0};
    %vpi_call/w 5 44 "$finish" {0 0 0};
T_15.6 ;
    %load/vec4 v0x55556b46e5b0_0;
    %store/vec4 v0x55556b46e4f0_0, 0, 32;
    %load/vec4 v0x55556b46e7c0_0;
    %store/vec4 v0x55556b46e690_0, 0, 32;
    %alloc S_0x55556b469d40;
    %load/vec4 v0x55556b46ef50_0;
    %load/vec4 v0x55556b46e4f0_0;
    %cast2;
    %load/vec4 v0x55556b46e690_0;
    %cast2;
    %load/vec4 v0x55556b46e310_0;
    %cast2;
    %store/vec4 v0x55556b469f20_0, 0, 32;
    %store/vec4 v0x55556b46a1f0_0, 0, 32;
    %store/vec4 v0x55556b46a100_0, 0, 32;
    %store/vec4 v0x55556b46a400_0, 0, 64;
    %callf/vec4 TD_quant_utils_pkg.requant_pow2_signed, S_0x55556b469d40;
    %free S_0x55556b469d40;
    %store/vec4 v0x55556b46ea60_0, 0, 32;
    %load/vec4 v0x55556b46ea60_0;
    %load/vec4 v0x55556b46e8a0_0;
    %cmp/ne;
    %jmp/0xz  T_15.8, 6;
    %load/vec4 v0x55556b46ebd0_0;
    %addi 1, 0, 32;
    %store/vec4 v0x55556b46ebd0_0, 0, 32;
T_15.8 ;
    %load/vec4 v0x55556b46e410_0;
    %addi 1, 0, 32;
    %store/vec4 v0x55556b46e410_0, 0, 32;
    %jmp T_15.2;
T_15.3 ;
    %end;
    .scope S_0x55556b421c90;
t_0 %join;
    %vpi_call/w 5 56 "$fclose", v0x55556b46e980_0 {0 0 0};
    %alloc S_0x55556b421e20;
    %pushi/vec4 0, 0, 32; draw_string_vec4
    %pushi/vec4 0, 0, 32; draw_string_vec4
    %concat/vec4; draw_string_vec4
    %pushi/vec4 0, 0, 32; draw_string_vec4
    %concat/vec4; draw_string_vec4
    %pushi/vec4 0, 0, 32; draw_string_vec4
    %concat/vec4; draw_string_vec4
    %pushi/vec4 0, 0, 32; draw_string_vec4
    %concat/vec4; draw_string_vec4
    %pushi/vec4 0, 0, 32; draw_string_vec4
    %concat/vec4; draw_string_vec4
    %pushi/vec4 0, 0, 32; draw_string_vec4
    %concat/vec4; draw_string_vec4
    %pushi/vec4 0, 0, 32; draw_string_vec4
    %concat/vec4; draw_string_vec4
    %pushi/vec4 0, 0, 32; draw_string_vec4
    %concat/vec4; draw_string_vec4
    %pushi/vec4 0, 0, 32; draw_string_vec4
    %concat/vec4; draw_string_vec4
    %pushi/vec4 0, 0, 32; draw_string_vec4
    %concat/vec4; draw_string_vec4
    %pushi/vec4 7497073, 0, 32; draw_string_vec4
    %concat/vec4; draw_string_vec4
    %pushi/vec4 1969319540, 0, 32; draw_string_vec4
    %concat/vec4; draw_string_vec4
    %pushi/vec4 1601204087, 0, 32; draw_string_vec4
    %concat/vec4; draw_string_vec4
    %pushi/vec4 845116265, 0, 32; draw_string_vec4
    %concat/vec4; draw_string_vec4
    %pushi/vec4 1735288164, 0, 32; draw_string_vec4
    %concat/vec4; draw_string_vec4
    %store/vec4 v0x55556b43b400_0, 0, 512;
    %load/vec4 v0x55556b46e410_0;
    %cast2;
    %store/vec4 v0x55556b467290_0, 0, 32;
    %load/vec4 v0x55556b46ebd0_0;
    %cast2;
    %store/vec4 v0x55556b43d1f0_0, 0, 32;
    %fork TD_l0_case_pkg.l0_report, S_0x55556b421e20;
    %join;
    %free S_0x55556b421e20;
    %vpi_call/w 5 59 "$finish" {0 0 0};
    %end;
    .thread T_15;
# The file index is used to find the file name in the following table.
:file_names 6;
    "N/A";
    "<interactive>";
    "-";
    "/home/rick/System-ASIC/vsrc/Joint-CFR-DPD/tb/l0_ops/l0_case_pkg.sv";
    "/home/rick/System-ASIC/vsrc/Joint-CFR-DPD/common/quant_utils_pkg.sv";
    "/home/rick/System-ASIC/vsrc/Joint-CFR-DPD/tb/l0_ops/tb_l0_requant_pow2_signed.sv";
