#! /home/rick/tools/oss-cad-suite/bin/vvp
:ivl_version "14.0 (devel)" "(s20251012-118-g8e4a37aa0)";
:ivl_delay_selection "TYPICAL";
:vpi_time_precision - 12;
:vpi_module "/home/rick/tools/oss-cad-suite/lib/ivl/system.vpi";
:vpi_module "/home/rick/tools/oss-cad-suite/lib/ivl/vhdl_sys.vpi";
:vpi_module "/home/rick/tools/oss-cad-suite/lib/ivl/vhdl_textio.vpi";
:vpi_module "/home/rick/tools/oss-cad-suite/lib/ivl/v2005_math.vpi";
:vpi_module "/home/rick/tools/oss-cad-suite/lib/ivl/va_math.vpi";
:vpi_module "/home/rick/tools/oss-cad-suite/lib/ivl/v2009.vpi";
S_0x555560ad02f0 .scope package, "$unit" "$unit" 2 1;
 .timescale 0 0;
S_0x555560ad0480 .scope package, "l0_case_pkg" "l0_case_pkg" 3 1;
 .timescale 0 0;
S_0x555560ab4df0 .scope autotask, "l0_report" "l0_report" 3 3, 3 3 0, S_0x555560ad0480;
 .timescale 0 0;
v0x555560ace620_0 .var/2s "mismatches", 31 0;
v0x555560acc960_0 .var "op_name", 511 0;
v0x555560af9e10_0 .var/2s "total_cases", 31 0;
TD_l0_case_pkg.l0_report ;
    %load/vec4 v0x555560ace620_0;
    %cmpi/e 0, 0, 32;
    %jmp/0xz  T_0.0, 4;
    %vpi_call/w 3 9 "$display", "[L0][PASS] op=%0s cases=%0d mismatches=%0d", v0x555560acc960_0, v0x555560af9e10_0, v0x555560ace620_0 {0 0 0};
    %jmp T_0.1;
T_0.0 ;
    %vpi_call/w 3 11 "$display", "[L0][FAIL] op=%0s cases=%0d mismatches=%0d", v0x555560acc960_0, v0x555560af9e10_0, v0x555560ace620_0 {0 0 0};
T_0.1 ;
    %end;
S_0x555560ad8e90 .scope package, "quant_utils_pkg" "quant_utils_pkg" 4 1;
 .timescale 0 0;
S_0x555560af9f00 .scope autofunction.vec4.s64, "abs64" "abs64" 4 109, 4 109 0, S_0x555560ad8e90;
 .timescale 0 0;
; Variable abs64 is vec4 return value of scope S_0x555560af9f00
v0x555560afa200_0 .var/s "x", 63 0;
TD_quant_utils_pkg.abs64 ;
    %load/vec4 v0x555560afa200_0;
    %cmpi/s 0, 0, 64;
    %jmp/0xz  T_1.2, 5;
    %load/vec4 v0x555560afa200_0;
    %inv;
    %addi 1, 0, 64;
    %ret/vec4 0, 0, 64;  Assign to abs64 (store_vec4_to_lval)
    %jmp T_1.3;
T_1.2 ;
    %load/vec4 v0x555560afa200_0;
    %ret/vec4 0, 0, 64;  Assign to abs64 (store_vec4_to_lval)
T_1.3 ;
    %end;
S_0x555560afa2e0 .scope autofunction.vec4.u64, "div_rne64" "div_rne64" 4 151, 4 151 0, S_0x555560ad8e90;
 .timescale 0 0;
v0x555560afa4e0_0 .var "ad", 63 0;
v0x555560afa5c0_0 .var "ax", 63 0;
v0x555560afa6a0_0 .var/s "d", 63 0;
; Variable div_rne64 is vec4 return value of scope S_0x555560afa2e0
v0x555560afa870_0 .var "inc", 0 0;
v0x555560afa980_0 .var "neg", 0 0;
v0x555560afaa40_0 .var "q", 63 0;
v0x555560afab20_0 .var "q2", 63 0;
v0x555560afac00_0 .var "r", 63 0;
v0x555560aface0_0 .var "two_r", 63 0;
v0x555560afadc0_0 .var/s "x", 63 0;
TD_quant_utils_pkg.div_rne64 ;
    %load/vec4 v0x555560afa6a0_0;
    %cmpi/e 0, 0, 64;
    %jmp/0xz  T_2.4, 4;
    %pushi/vec4 0, 0, 64;
    %ret/vec4 0, 0, 64;  Assign to div_rne64 (store_vec4_to_lval)
    %jmp T_2.5;
T_2.4 ;
    %load/vec4 v0x555560afadc0_0;
    %cmpi/s 0, 0, 64;
    %flag_get/vec4 5;
    %load/vec4 v0x555560afa6a0_0;
    %cmpi/s 0, 0, 64;
    %flag_get/vec4 5;
    %xor;
    %store/vec4 v0x555560afa980_0, 0, 1;
    %alloc S_0x555560af9f00;
    %load/vec4 v0x555560afadc0_0;
    %store/vec4 v0x555560afa200_0, 0, 64;
    %callf/vec4 TD_quant_utils_pkg.abs64, S_0x555560af9f00;
    %free S_0x555560af9f00;
    %store/vec4 v0x555560afa5c0_0, 0, 64;
    %alloc S_0x555560af9f00;
    %load/vec4 v0x555560afa6a0_0;
    %store/vec4 v0x555560afa200_0, 0, 64;
    %callf/vec4 TD_quant_utils_pkg.abs64, S_0x555560af9f00;
    %free S_0x555560af9f00;
    %store/vec4 v0x555560afa4e0_0, 0, 64;
    %load/vec4 v0x555560afa5c0_0;
    %load/vec4 v0x555560afa4e0_0;
    %div;
    %store/vec4 v0x555560afaa40_0, 0, 64;
    %load/vec4 v0x555560afa5c0_0;
    %load/vec4 v0x555560afaa40_0;
    %load/vec4 v0x555560afa4e0_0;
    %mul;
    %sub;
    %store/vec4 v0x555560afac00_0, 0, 64;
    %load/vec4 v0x555560afac00_0;
    %ix/load 4, 1, 0;
    %flag_set/imm 4, 0;
    %shiftl 4;
    %store/vec4 v0x555560aface0_0, 0, 64;
    %load/vec4 v0x555560afa4e0_0;
    %load/vec4 v0x555560aface0_0;
    %cmp/u;
    %flag_get/vec4 5;
    %jmp/1 T_2.6, 5;
    %load/vec4 v0x555560aface0_0;
    %load/vec4 v0x555560afa4e0_0;
    %cmp/e;
    %flag_get/vec4 4;
    %jmp/0 T_2.7, 4;
    %load/vec4 v0x555560afaa40_0;
    %pushi/vec4 1, 0, 64;
    %and;
    %pushi/vec4 1, 0, 64;
    %cmp/e;
    %flag_get/vec4 4;
    %and;
T_2.7;
    %or;
T_2.6;
    %store/vec4 v0x555560afa870_0, 0, 1;
    %load/vec4 v0x555560afaa40_0;
    %load/vec4 v0x555560afa870_0;
    %flag_set/vec4 8;
    %jmp/0 T_2.8, 8;
    %pushi/vec4 1, 0, 64;
    %jmp/1 T_2.9, 8;
T_2.8 ; End of true expr.
    %pushi/vec4 0, 0, 64;
    %jmp/0 T_2.9, 8;
 ; End of false expr.
    %blend;
T_2.9;
    %add;
    %store/vec4 v0x555560afab20_0, 0, 64;
    %load/vec4 v0x555560afa980_0;
    %flag_set/vec4 8;
    %jmp/0xz  T_2.10, 8;
    %load/vec4 v0x555560afab20_0;
    %inv;
    %addi 1, 0, 64;
    %ret/vec4 0, 0, 64;  Assign to div_rne64 (store_vec4_to_lval)
    %jmp T_2.11;
T_2.10 ;
    %load/vec4 v0x555560afab20_0;
    %ret/vec4 0, 0, 64;  Assign to div_rne64 (store_vec4_to_lval)
T_2.11 ;
T_2.5 ;
    %end;
S_0x555560afaea0 .scope autofunction.vec4.s32, "hardsigmoid_int_default" "hardsigmoid_int_default" 4 278, 4 278 0, S_0x555560ad8e90;
 .timescale 0 0;
v0x555560afb030_0 .var "cmax", 63 0;
v0x555560afb110_0 .var/s "div_term", 63 0;
v0x555560afb1f0_0 .var/2s "exp_gate", 31 0;
v0x555560afb2e0_0 .var/2s "exp_x", 31 0;
v0x555560afb3c0_0 .var/2s "gate_bits", 31 0;
; Variable hardsigmoid_int_default is vec4 return value of scope S_0x555560afaea0
v0x555560afb5d0_0 .var "offset", 63 0;
v0x555560afb6b0_0 .var/2s "s", 31 0;
v0x555560afb790_0 .var/s "x_i", 31 0;
v0x555560afb870_0 .var/s "x_scaled", 63 0;
v0x555560afb950_0 .var/s "xi", 63 0;
v0x555560afba30_0 .var/s "y", 63 0;
TD_quant_utils_pkg.hardsigmoid_int_default ;
    %load/vec4 v0x555560afb3c0_0;
    %inv;
    %addi 1, 0, 32;
    %store/vec4 v0x555560afb1f0_0, 0, 32;
    %load/vec4 v0x555560afb2e0_0;
    %load/vec4 v0x555560afb1f0_0;
    %sub;
    %store/vec4 v0x555560afb6b0_0, 0, 32;
    %load/vec4 v0x555560afb790_0;
    %pad/s 64;
    %store/vec4 v0x555560afb950_0, 0, 64;
    %load/vec4 v0x555560afb6b0_0;
    %cmpi/s 0, 0, 32;
    %flag_or 5, 4; GT is !LE
    %flag_inv 5;
    %jmp/0xz  T_3.12, 5;
    %load/vec4 v0x555560afb6b0_0;
    %cmpi/s 62, 0, 32;
    %flag_inv 5; GE is !LT
    %jmp/0xz  T_3.14, 5;
    %load/vec4 v0x555560afb950_0;
    %cmpi/s 0, 0, 64;
    %flag_mov 8, 5;
    %jmp/0 T_3.16, 8;
    %pushi/vec4 3221225472, 0, 32;
    %concati/vec4 0, 0, 32;
    %jmp/1 T_3.17, 8;
T_3.16 ; End of true expr.
    %pushi/vec4 4294967295, 0, 34;
    %concati/vec4 1073741823, 0, 30;
    %jmp/0 T_3.17, 8;
 ; End of false expr.
    %blend;
T_3.17;
    %store/vec4 v0x555560afb870_0, 0, 64;
    %jmp T_3.15;
T_3.14 ;
    %load/vec4 v0x555560afb950_0;
    %load/vec4 v0x555560afb6b0_0;
    %ix/vec4 4;
    %shiftl 4;
    %store/vec4 v0x555560afb870_0, 0, 64;
T_3.15 ;
    %jmp T_3.13;
T_3.12 ;
    %load/vec4 v0x555560afb6b0_0;
    %cmpi/s 0, 0, 32;
    %jmp/0xz  T_3.18, 5;
    %alloc S_0x555560afdb50;
    %load/vec4 v0x555560afb950_0;
    %load/vec4 v0x555560afb6b0_0;
    %inv;
    %addi 1, 0, 32;
    %store/vec4 v0x555560afe5f0_0, 0, 32;
    %store/vec4 v0x555560afe6d0_0, 0, 64;
    %callf/vec4 TD_quant_utils_pkg.rshift_rne64, S_0x555560afdb50;
    %free S_0x555560afdb50;
    %store/vec4 v0x555560afb870_0, 0, 64;
    %jmp T_3.19;
T_3.18 ;
    %load/vec4 v0x555560afb950_0;
    %store/vec4 v0x555560afb870_0, 0, 64;
T_3.19 ;
T_3.13 ;
    %alloc S_0x555560afa2e0;
    %load/vec4 v0x555560afb870_0;
    %pushi/vec4 6, 0, 64;
    %store/vec4 v0x555560afa6a0_0, 0, 64;
    %store/vec4 v0x555560afadc0_0, 0, 64;
    %callf/vec4 TD_quant_utils_pkg.div_rne64, S_0x555560afa2e0;
    %free S_0x555560afa2e0;
    %store/vec4 v0x555560afb110_0, 0, 64;
    %pushi/vec4 1, 0, 64;
    %load/vec4 v0x555560afb3c0_0;
    %ix/vec4 4;
    %shiftl 4;
    %ix/load 4, 1, 0;
    %flag_set/imm 4, 0;
    %shiftr 4;
    %store/vec4 v0x555560afb5d0_0, 0, 64;
    %load/vec4 v0x555560afb110_0;
    %load/vec4 v0x555560afb5d0_0;
    %add;
    %store/vec4 v0x555560afba30_0, 0, 64;
    %alloc S_0x555560afbf40;
    %load/vec4 v0x555560afb3c0_0;
    %store/vec4 v0x555560afc170_0, 0, 32;
    %callf/vec4 TD_quant_utils_pkg.qmax_unsigned64, S_0x555560afbf40;
    %free S_0x555560afbf40;
    %store/vec4 v0x555560afb030_0, 0, 64;
    %load/vec4 v0x555560afba30_0;
    %cmpi/s 0, 0, 64;
    %jmp/0xz  T_3.20, 5;
    %pushi/vec4 0, 0, 32;
    %ret/vec4 0, 0, 32;  Assign to hardsigmoid_int_default (store_vec4_to_lval)
    %jmp T_3.21;
T_3.20 ;
    %load/vec4 v0x555560afb030_0;
    %load/vec4 v0x555560afba30_0;
    %cmp/u;
    %jmp/0xz  T_3.22, 5;
    %load/vec4 v0x555560afb030_0;
    %parti/s 32, 0, 2;
    %ret/vec4 0, 0, 32;  Assign to hardsigmoid_int_default (store_vec4_to_lval)
    %jmp T_3.23;
T_3.22 ;
    %load/vec4 v0x555560afba30_0;
    %parti/s 32, 0, 2;
    %ret/vec4 0, 0, 32;  Assign to hardsigmoid_int_default (store_vec4_to_lval)
T_3.23 ;
T_3.21 ;
    %end;
S_0x555560afbb10 .scope autofunction.vec4.u64, "qmax_signed64" "qmax_signed64" 4 3, 4 3 0, S_0x555560ad8e90;
 .timescale 0 0;
v0x555560afbca0_0 .var/2s "bits", 31 0;
; Variable qmax_signed64 is vec4 return value of scope S_0x555560afbb10
v0x555560afbe80_0 .var/s "v", 63 0;
TD_quant_utils_pkg.qmax_signed64 ;
    %load/vec4 v0x555560afbca0_0;
    %cmpi/s 1, 0, 32;
    %flag_or 5, 4;
    %jmp/0xz  T_4.24, 5;
    %pushi/vec4 0, 0, 64;
    %store/vec4 v0x555560afbe80_0, 0, 64;
    %jmp T_4.25;
T_4.24 ;
    %load/vec4 v0x555560afbca0_0;
    %cmpi/s 63, 0, 32;
    %flag_inv 5; GE is !LT
    %jmp/0xz  T_4.26, 5;
    %pushi/vec4 4294967295, 0, 34;
    %concati/vec4 1073741823, 0, 30;
    %store/vec4 v0x555560afbe80_0, 0, 64;
    %jmp T_4.27;
T_4.26 ;
    %pushi/vec4 1, 0, 64;
    %load/vec4 v0x555560afbca0_0;
    %subi 1, 0, 32;
    %ix/vec4 4;
    %shiftl 4;
    %subi 1, 0, 64;
    %store/vec4 v0x555560afbe80_0, 0, 64;
T_4.27 ;
T_4.25 ;
    %load/vec4 v0x555560afbe80_0;
    %ret/vec4 0, 0, 64;  Assign to qmax_signed64 (store_vec4_to_lval)
    %end;
S_0x555560afbf40 .scope autofunction.vec4.s64, "qmax_unsigned64" "qmax_unsigned64" 4 31, 4 31 0, S_0x555560ad8e90;
 .timescale 0 0;
v0x555560afc170_0 .var/2s "bits", 31 0;
; Variable qmax_unsigned64 is vec4 return value of scope S_0x555560afbf40
v0x555560afc350_0 .var "v", 63 0;
TD_quant_utils_pkg.qmax_unsigned64 ;
    %load/vec4 v0x555560afc170_0;
    %cmpi/s 0, 0, 32;
    %flag_or 5, 4;
    %jmp/0xz  T_5.28, 5;
    %pushi/vec4 0, 0, 64;
    %store/vec4 v0x555560afc350_0, 0, 64;
    %jmp T_5.29;
T_5.28 ;
    %load/vec4 v0x555560afc170_0;
    %cmpi/s 63, 0, 32;
    %flag_inv 5; GE is !LT
    %jmp/0xz  T_5.30, 5;
    %pushi/vec4 4294967295, 0, 33;
    %concati/vec4 2147483647, 0, 31;
    %store/vec4 v0x555560afc350_0, 0, 64;
    %jmp T_5.31;
T_5.30 ;
    %pushi/vec4 1, 0, 64;
    %load/vec4 v0x555560afc170_0;
    %ix/vec4 4;
    %shiftl 4;
    %subi 1, 0, 64;
    %store/vec4 v0x555560afc350_0, 0, 64;
T_5.31 ;
T_5.29 ;
    %load/vec4 v0x555560afc350_0;
    %ret/vec4 0, 0, 64;  Assign to qmax_unsigned64 (store_vec4_to_lval)
    %end;
S_0x555560afc410 .scope autofunction.vec4.u64, "qmin_signed64" "qmin_signed64" 4 17, 4 17 0, S_0x555560ad8e90;
 .timescale 0 0;
v0x555560afc5f0_0 .var/2s "bits", 31 0;
; Variable qmin_signed64 is vec4 return value of scope S_0x555560afc410
v0x555560afc7d0_0 .var/s "v", 63 0;
TD_quant_utils_pkg.qmin_signed64 ;
    %load/vec4 v0x555560afc5f0_0;
    %cmpi/s 1, 0, 32;
    %flag_or 5, 4;
    %jmp/0xz  T_6.32, 5;
    %pushi/vec4 4294967295, 0, 32;
    %concati/vec4 4294967295, 0, 32;
    %store/vec4 v0x555560afc7d0_0, 0, 64;
    %jmp T_6.33;
T_6.32 ;
    %load/vec4 v0x555560afc5f0_0;
    %cmpi/s 63, 0, 32;
    %flag_inv 5; GE is !LT
    %jmp/0xz  T_6.34, 5;
    %pushi/vec4 3221225472, 0, 32;
    %concati/vec4 0, 0, 32;
    %store/vec4 v0x555560afc7d0_0, 0, 64;
    %jmp T_6.35;
T_6.34 ;
    %pushi/vec4 1, 0, 64;
    %load/vec4 v0x555560afc5f0_0;
    %subi 1, 0, 32;
    %ix/vec4 4;
    %shiftl 4;
    %inv;
    %addi 1, 0, 64;
    %store/vec4 v0x555560afc7d0_0, 0, 64;
T_6.35 ;
T_6.33 ;
    %load/vec4 v0x555560afc7d0_0;
    %ret/vec4 0, 0, 64;  Assign to qmin_signed64 (store_vec4_to_lval)
    %end;
S_0x555560afc8c0 .scope autofunction.vec4.u32, "requant_pow2_signed" "requant_pow2_signed" 4 216, 4 216 0, S_0x555560ad8e90;
 .timescale 0 0;
v0x555560afcaa0_0 .var/2s "bits", 31 0;
v0x555560afcba0_0 .var/2s "delta", 31 0;
v0x555560afcc80_0 .var/2s "exp_in", 31 0;
v0x555560afcd70_0 .var/2s "exp_out", 31 0;
; Variable requant_pow2_signed is vec4 return value of scope S_0x555560afc8c0
v0x555560afcf80_0 .var/s "x", 63 0;
v0x555560afd060_0 .var/s "y", 63 0;
v0x555560afd140_0 .var/s "y_shifted", 63 0;
TD_quant_utils_pkg.requant_pow2_signed ;
    %load/vec4 v0x555560afcc80_0;
    %load/vec4 v0x555560afcd70_0;
    %sub;
    %store/vec4 v0x555560afcba0_0, 0, 32;
    %load/vec4 v0x555560afcba0_0;
    %cmpi/s 0, 0, 32;
    %flag_or 5, 4; GT is !LE
    %flag_inv 5;
    %jmp/0xz  T_7.36, 5;
    %load/vec4 v0x555560afcba0_0;
    %cmpi/s 62, 0, 32;
    %flag_inv 5; GE is !LT
    %jmp/0xz  T_7.38, 5;
    %load/vec4 v0x555560afcf80_0;
    %cmpi/s 0, 0, 64;
    %flag_mov 8, 5;
    %jmp/0 T_7.40, 8;
    %alloc S_0x555560afc410;
    %load/vec4 v0x555560afcaa0_0;
    %store/vec4 v0x555560afc5f0_0, 0, 32;
    %callf/vec4 TD_quant_utils_pkg.qmin_signed64, S_0x555560afc410;
    %free S_0x555560afc410;
    %jmp/1 T_7.41, 8;
T_7.40 ; End of true expr.
    %alloc S_0x555560afbb10;
    %load/vec4 v0x555560afcaa0_0;
    %store/vec4 v0x555560afbca0_0, 0, 32;
    %callf/vec4 TD_quant_utils_pkg.qmax_signed64, S_0x555560afbb10;
    %free S_0x555560afbb10;
    %jmp/0 T_7.41, 8;
 ; End of false expr.
    %blend;
T_7.41;
    %store/vec4 v0x555560afd060_0, 0, 64;
    %jmp T_7.39;
T_7.38 ;
    %load/vec4 v0x555560afcf80_0;
    %load/vec4 v0x555560afcba0_0;
    %ix/vec4 4;
    %shiftl 4;
    %store/vec4 v0x555560afd140_0, 0, 64;
    %load/vec4 v0x555560afd140_0;
    %load/vec4 v0x555560afcba0_0;
    %ix/vec4 4;
    %shiftr/s 4;
    %load/vec4 v0x555560afcf80_0;
    %cmp/ne;
    %jmp/0xz  T_7.42, 4;
    %load/vec4 v0x555560afcf80_0;
    %cmpi/s 0, 0, 64;
    %flag_mov 8, 5;
    %jmp/0 T_7.44, 8;
    %alloc S_0x555560afc410;
    %load/vec4 v0x555560afcaa0_0;
    %store/vec4 v0x555560afc5f0_0, 0, 32;
    %callf/vec4 TD_quant_utils_pkg.qmin_signed64, S_0x555560afc410;
    %free S_0x555560afc410;
    %jmp/1 T_7.45, 8;
T_7.44 ; End of true expr.
    %alloc S_0x555560afbb10;
    %load/vec4 v0x555560afcaa0_0;
    %store/vec4 v0x555560afbca0_0, 0, 32;
    %callf/vec4 TD_quant_utils_pkg.qmax_signed64, S_0x555560afbb10;
    %free S_0x555560afbb10;
    %jmp/0 T_7.45, 8;
 ; End of false expr.
    %blend;
T_7.45;
    %store/vec4 v0x555560afd060_0, 0, 64;
    %jmp T_7.43;
T_7.42 ;
    %load/vec4 v0x555560afd140_0;
    %store/vec4 v0x555560afd060_0, 0, 64;
T_7.43 ;
T_7.39 ;
    %jmp T_7.37;
T_7.36 ;
    %load/vec4 v0x555560afcba0_0;
    %cmpi/s 0, 0, 32;
    %jmp/0xz  T_7.46, 5;
    %alloc S_0x555560afdb50;
    %load/vec4 v0x555560afcf80_0;
    %load/vec4 v0x555560afcba0_0;
    %inv;
    %addi 1, 0, 32;
    %store/vec4 v0x555560afe5f0_0, 0, 32;
    %store/vec4 v0x555560afe6d0_0, 0, 64;
    %callf/vec4 TD_quant_utils_pkg.rshift_rne64, S_0x555560afdb50;
    %free S_0x555560afdb50;
    %store/vec4 v0x555560afd060_0, 0, 64;
    %jmp T_7.47;
T_7.46 ;
    %load/vec4 v0x555560afcf80_0;
    %store/vec4 v0x555560afd060_0, 0, 64;
T_7.47 ;
T_7.37 ;
    %alloc S_0x555560afe7b0;
    %load/vec4 v0x555560afd060_0;
    %load/vec4 v0x555560afcaa0_0;
    %store/vec4 v0x555560afe940_0, 0, 32;
    %store/vec4 v0x555560afecc0_0, 0, 64;
    %callf/vec4 TD_quant_utils_pkg.sat_signed32, S_0x555560afe7b0;
    %free S_0x555560afe7b0;
    %ret/vec4 0, 0, 32;  Assign to requant_pow2_signed (store_vec4_to_lval)
    %end;
S_0x555560afd220 .scope autofunction.vec4.s32, "requant_pow2_unsigned" "requant_pow2_unsigned" 4 247, 4 247 0, S_0x555560ad8e90;
 .timescale 0 0;
v0x555560afd400_0 .var/2s "bits", 31 0;
v0x555560afd500_0 .var/2s "delta", 31 0;
v0x555560afd5e0_0 .var/2s "exp_in", 31 0;
v0x555560afd6a0_0 .var/2s "exp_out", 31 0;
; Variable requant_pow2_unsigned is vec4 return value of scope S_0x555560afd220
v0x555560afd8b0_0 .var/s "x", 63 0;
v0x555560afd990_0 .var/s "y", 63 0;
v0x555560afda70_0 .var/s "y_shifted", 63 0;
TD_quant_utils_pkg.requant_pow2_unsigned ;
    %load/vec4 v0x555560afd5e0_0;
    %load/vec4 v0x555560afd6a0_0;
    %sub;
    %store/vec4 v0x555560afd500_0, 0, 32;
    %load/vec4 v0x555560afd500_0;
    %cmpi/s 0, 0, 32;
    %flag_or 5, 4; GT is !LE
    %flag_inv 5;
    %jmp/0xz  T_8.48, 5;
    %load/vec4 v0x555560afd500_0;
    %cmpi/s 62, 0, 32;
    %flag_inv 5; GE is !LT
    %jmp/0xz  T_8.50, 5;
    %load/vec4 v0x555560afd8b0_0;
    %cmpi/s 0, 0, 64;
    %flag_mov 8, 5;
    %jmp/0 T_8.52, 8;
    %pushi/vec4 0, 0, 64;
    %jmp/1 T_8.53, 8;
T_8.52 ; End of true expr.
    %alloc S_0x555560afbf40;
    %load/vec4 v0x555560afd400_0;
    %store/vec4 v0x555560afc170_0, 0, 32;
    %callf/vec4 TD_quant_utils_pkg.qmax_unsigned64, S_0x555560afbf40;
    %free S_0x555560afbf40;
    %jmp/0 T_8.53, 8;
 ; End of false expr.
    %blend;
T_8.53;
    %store/vec4 v0x555560afd990_0, 0, 64;
    %jmp T_8.51;
T_8.50 ;
    %load/vec4 v0x555560afd8b0_0;
    %load/vec4 v0x555560afd500_0;
    %ix/vec4 4;
    %shiftl 4;
    %store/vec4 v0x555560afda70_0, 0, 64;
    %load/vec4 v0x555560afda70_0;
    %load/vec4 v0x555560afd500_0;
    %ix/vec4 4;
    %shiftr/s 4;
    %load/vec4 v0x555560afd8b0_0;
    %cmp/ne;
    %jmp/0xz  T_8.54, 4;
    %load/vec4 v0x555560afd8b0_0;
    %cmpi/s 0, 0, 64;
    %flag_mov 8, 5;
    %jmp/0 T_8.56, 8;
    %pushi/vec4 0, 0, 64;
    %jmp/1 T_8.57, 8;
T_8.56 ; End of true expr.
    %alloc S_0x555560afbf40;
    %load/vec4 v0x555560afd400_0;
    %store/vec4 v0x555560afc170_0, 0, 32;
    %callf/vec4 TD_quant_utils_pkg.qmax_unsigned64, S_0x555560afbf40;
    %free S_0x555560afbf40;
    %jmp/0 T_8.57, 8;
 ; End of false expr.
    %blend;
T_8.57;
    %store/vec4 v0x555560afd990_0, 0, 64;
    %jmp T_8.55;
T_8.54 ;
    %load/vec4 v0x555560afda70_0;
    %store/vec4 v0x555560afd990_0, 0, 64;
T_8.55 ;
T_8.51 ;
    %jmp T_8.49;
T_8.48 ;
    %load/vec4 v0x555560afd500_0;
    %cmpi/s 0, 0, 32;
    %jmp/0xz  T_8.58, 5;
    %alloc S_0x555560afdb50;
    %load/vec4 v0x555560afd8b0_0;
    %load/vec4 v0x555560afd500_0;
    %inv;
    %addi 1, 0, 32;
    %store/vec4 v0x555560afe5f0_0, 0, 32;
    %store/vec4 v0x555560afe6d0_0, 0, 64;
    %callf/vec4 TD_quant_utils_pkg.rshift_rne64, S_0x555560afdb50;
    %free S_0x555560afdb50;
    %store/vec4 v0x555560afd990_0, 0, 64;
    %jmp T_8.59;
T_8.58 ;
    %load/vec4 v0x555560afd8b0_0;
    %store/vec4 v0x555560afd990_0, 0, 64;
T_8.59 ;
T_8.49 ;
    %alloc S_0x555560aff640;
    %load/vec4 v0x555560afd990_0;
    %load/vec4 v0x555560afd400_0;
    %store/vec4 v0x555560aff820_0, 0, 32;
    %store/vec4 v0x555560affac0_0, 0, 64;
    %callf/vec4 TD_quant_utils_pkg.sat_unsigned32, S_0x555560aff640;
    %free S_0x555560aff640;
    %ret/vec4 0, 0, 32;  Assign to requant_pow2_unsigned (store_vec4_to_lval)
    %end;
S_0x555560afdb50 .scope autofunction.vec4.u64, "rshift_rne64" "rshift_rne64" 4 119, 4 119 0, S_0x555560ad8e90;
 .timescale 0 0;
v0x555560afddc0_0 .var "ax", 63 0;
v0x555560afdec0_0 .var "half", 63 0;
v0x555560afdfa0_0 .var "inc", 0 0;
v0x555560afe040_0 .var "mask", 63 0;
v0x555560afe120_0 .var "neg", 0 0;
v0x555560afe1e0_0 .var "q", 63 0;
v0x555560afe2c0_0 .var "q2", 63 0;
v0x555560afe3a0_0 .var "r", 63 0;
; Variable rshift_rne64 is vec4 return value of scope S_0x555560afdb50
v0x555560afe5f0_0 .var/2s "sh", 31 0;
v0x555560afe6d0_0 .var/s "x", 63 0;
TD_quant_utils_pkg.rshift_rne64 ;
    %load/vec4 v0x555560afe5f0_0;
    %cmpi/s 0, 0, 32;
    %flag_or 5, 4;
    %jmp/0xz  T_9.60, 5;
    %load/vec4 v0x555560afe6d0_0;
    %ret/vec4 0, 0, 64;  Assign to rshift_rne64 (store_vec4_to_lval)
    %jmp T_9.61;
T_9.60 ;
    %load/vec4 v0x555560afe5f0_0;
    %cmpi/s 62, 0, 32;
    %flag_inv 5; GE is !LT
    %jmp/0xz  T_9.62, 5;
    %pushi/vec4 0, 0, 64;
    %ret/vec4 0, 0, 64;  Assign to rshift_rne64 (store_vec4_to_lval)
    %jmp T_9.63;
T_9.62 ;
    %load/vec4 v0x555560afe6d0_0;
    %cmpi/s 0, 0, 64;
    %flag_get/vec4 5;
    %store/vec4 v0x555560afe120_0, 0, 1;
    %alloc S_0x555560af9f00;
    %load/vec4 v0x555560afe6d0_0;
    %store/vec4 v0x555560afa200_0, 0, 64;
    %callf/vec4 TD_quant_utils_pkg.abs64, S_0x555560af9f00;
    %free S_0x555560af9f00;
    %store/vec4 v0x555560afddc0_0, 0, 64;
    %pushi/vec4 1, 0, 64;
    %load/vec4 v0x555560afe5f0_0;
    %subi 1, 0, 32;
    %ix/vec4 4;
    %shiftl 4;
    %store/vec4 v0x555560afdec0_0, 0, 64;
    %pushi/vec4 1, 0, 64;
    %load/vec4 v0x555560afe5f0_0;
    %ix/vec4 4;
    %shiftl 4;
    %subi 1, 0, 64;
    %store/vec4 v0x555560afe040_0, 0, 64;
    %load/vec4 v0x555560afddc0_0;
    %load/vec4 v0x555560afe040_0;
    %and;
    %store/vec4 v0x555560afe3a0_0, 0, 64;
    %load/vec4 v0x555560afddc0_0;
    %load/vec4 v0x555560afe5f0_0;
    %ix/vec4 4;
    %shiftr 4;
    %store/vec4 v0x555560afe1e0_0, 0, 64;
    %load/vec4 v0x555560afdec0_0;
    %load/vec4 v0x555560afe3a0_0;
    %cmp/u;
    %flag_get/vec4 5;
    %jmp/1 T_9.64, 5;
    %load/vec4 v0x555560afe3a0_0;
    %load/vec4 v0x555560afdec0_0;
    %cmp/e;
    %flag_get/vec4 4;
    %jmp/0 T_9.65, 4;
    %load/vec4 v0x555560afe1e0_0;
    %pushi/vec4 1, 0, 64;
    %and;
    %pushi/vec4 1, 0, 64;
    %cmp/e;
    %flag_get/vec4 4;
    %and;
T_9.65;
    %or;
T_9.64;
    %store/vec4 v0x555560afdfa0_0, 0, 1;
    %load/vec4 v0x555560afe1e0_0;
    %load/vec4 v0x555560afdfa0_0;
    %flag_set/vec4 8;
    %jmp/0 T_9.66, 8;
    %pushi/vec4 1, 0, 64;
    %jmp/1 T_9.67, 8;
T_9.66 ; End of true expr.
    %pushi/vec4 0, 0, 64;
    %jmp/0 T_9.67, 8;
 ; End of false expr.
    %blend;
T_9.67;
    %add;
    %store/vec4 v0x555560afe2c0_0, 0, 64;
    %load/vec4 v0x555560afe120_0;
    %flag_set/vec4 8;
    %jmp/0xz  T_9.68, 8;
    %load/vec4 v0x555560afe2c0_0;
    %inv;
    %addi 1, 0, 64;
    %ret/vec4 0, 0, 64;  Assign to rshift_rne64 (store_vec4_to_lval)
    %jmp T_9.69;
T_9.68 ;
    %load/vec4 v0x555560afe2c0_0;
    %ret/vec4 0, 0, 64;  Assign to rshift_rne64 (store_vec4_to_lval)
T_9.69 ;
T_9.63 ;
T_9.61 ;
    %end;
S_0x555560afe7b0 .scope autofunction.vec4.u32, "sat_signed32" "sat_signed32" 4 45, 4 45 0, S_0x555560ad8e90;
 .timescale 0 0;
v0x555560afe940_0 .var/2s "bits", 31 0;
v0x555560afea40_0 .var/s "hi", 63 0;
v0x555560afeb20_0 .var/s "lo", 63 0;
; Variable sat_signed32 is vec4 return value of scope S_0x555560afe7b0
v0x555560afecc0_0 .var/s "x", 63 0;
v0x555560afedf0_0 .var/s "y", 63 0;
TD_quant_utils_pkg.sat_signed32 ;
    %alloc S_0x555560afc410;
    %load/vec4 v0x555560afe940_0;
    %store/vec4 v0x555560afc5f0_0, 0, 32;
    %callf/vec4 TD_quant_utils_pkg.qmin_signed64, S_0x555560afc410;
    %free S_0x555560afc410;
    %store/vec4 v0x555560afeb20_0, 0, 64;
    %alloc S_0x555560afbb10;
    %load/vec4 v0x555560afe940_0;
    %store/vec4 v0x555560afbca0_0, 0, 32;
    %callf/vec4 TD_quant_utils_pkg.qmax_signed64, S_0x555560afbb10;
    %free S_0x555560afbb10;
    %store/vec4 v0x555560afea40_0, 0, 64;
    %load/vec4 v0x555560afea40_0;
    %load/vec4 v0x555560afecc0_0;
    %cmp/s;
    %jmp/0xz  T_10.70, 5;
    %load/vec4 v0x555560afea40_0;
    %store/vec4 v0x555560afedf0_0, 0, 64;
    %jmp T_10.71;
T_10.70 ;
    %load/vec4 v0x555560afecc0_0;
    %load/vec4 v0x555560afeb20_0;
    %cmp/s;
    %jmp/0xz  T_10.72, 5;
    %load/vec4 v0x555560afeb20_0;
    %store/vec4 v0x555560afedf0_0, 0, 64;
    %jmp T_10.73;
T_10.72 ;
    %load/vec4 v0x555560afecc0_0;
    %store/vec4 v0x555560afedf0_0, 0, 64;
T_10.73 ;
T_10.71 ;
    %load/vec4 v0x555560afedf0_0;
    %parti/s 32, 0, 2;
    %ret/vec4 0, 0, 32;  Assign to sat_signed32 (store_vec4_to_lval)
    %end;
S_0x555560afeed0 .scope autofunction.vec4.u64, "sat_signed64" "sat_signed64" 4 77, 4 77 0, S_0x555560ad8e90;
 .timescale 0 0;
v0x555560aff0b0_0 .var/2s "bits", 31 0;
v0x555560aff1b0_0 .var/s "hi", 63 0;
v0x555560aff290_0 .var/s "lo", 63 0;
; Variable sat_signed64 is vec4 return value of scope S_0x555560afeed0
v0x555560aff430_0 .var/s "x", 63 0;
v0x555560aff560_0 .var/s "y", 63 0;
TD_quant_utils_pkg.sat_signed64 ;
    %alloc S_0x555560afc410;
    %load/vec4 v0x555560aff0b0_0;
    %store/vec4 v0x555560afc5f0_0, 0, 32;
    %callf/vec4 TD_quant_utils_pkg.qmin_signed64, S_0x555560afc410;
    %free S_0x555560afc410;
    %store/vec4 v0x555560aff290_0, 0, 64;
    %alloc S_0x555560afbb10;
    %load/vec4 v0x555560aff0b0_0;
    %store/vec4 v0x555560afbca0_0, 0, 32;
    %callf/vec4 TD_quant_utils_pkg.qmax_signed64, S_0x555560afbb10;
    %free S_0x555560afbb10;
    %store/vec4 v0x555560aff1b0_0, 0, 64;
    %load/vec4 v0x555560aff1b0_0;
    %load/vec4 v0x555560aff430_0;
    %cmp/s;
    %jmp/0xz  T_11.74, 5;
    %load/vec4 v0x555560aff1b0_0;
    %store/vec4 v0x555560aff560_0, 0, 64;
    %jmp T_11.75;
T_11.74 ;
    %load/vec4 v0x555560aff430_0;
    %load/vec4 v0x555560aff290_0;
    %cmp/s;
    %jmp/0xz  T_11.76, 5;
    %load/vec4 v0x555560aff290_0;
    %store/vec4 v0x555560aff560_0, 0, 64;
    %jmp T_11.77;
T_11.76 ;
    %load/vec4 v0x555560aff430_0;
    %store/vec4 v0x555560aff560_0, 0, 64;
T_11.77 ;
T_11.75 ;
    %load/vec4 v0x555560aff560_0;
    %ret/vec4 0, 0, 64;  Assign to sat_signed64 (store_vec4_to_lval)
    %end;
S_0x555560aff640 .scope autofunction.vec4.s32, "sat_unsigned32" "sat_unsigned32" 4 61, 4 61 0, S_0x555560ad8e90;
 .timescale 0 0;
v0x555560aff820_0 .var/2s "bits", 31 0;
v0x555560aff920_0 .var "hi", 63 0;
; Variable sat_unsigned32 is vec4 return value of scope S_0x555560aff640
v0x555560affac0_0 .var/s "x", 63 0;
v0x555560affba0_0 .var/s "y", 63 0;
TD_quant_utils_pkg.sat_unsigned32 ;
    %alloc S_0x555560afbf40;
    %load/vec4 v0x555560aff820_0;
    %store/vec4 v0x555560afc170_0, 0, 32;
    %callf/vec4 TD_quant_utils_pkg.qmax_unsigned64, S_0x555560afbf40;
    %free S_0x555560afbf40;
    %store/vec4 v0x555560aff920_0, 0, 64;
    %load/vec4 v0x555560affac0_0;
    %cmpi/s 0, 0, 64;
    %jmp/0xz  T_12.78, 5;
    %pushi/vec4 0, 0, 64;
    %store/vec4 v0x555560affba0_0, 0, 64;
    %jmp T_12.79;
T_12.78 ;
    %load/vec4 v0x555560aff920_0;
    %load/vec4 v0x555560affac0_0;
    %cmp/u;
    %jmp/0xz  T_12.80, 5;
    %load/vec4 v0x555560aff920_0;
    %store/vec4 v0x555560affba0_0, 0, 64;
    %jmp T_12.81;
T_12.80 ;
    %load/vec4 v0x555560affac0_0;
    %store/vec4 v0x555560affba0_0, 0, 64;
T_12.81 ;
T_12.79 ;
    %load/vec4 v0x555560affba0_0;
    %parti/s 32, 0, 2;
    %ret/vec4 0, 0, 32;  Assign to sat_unsigned32 (store_vec4_to_lval)
    %end;
S_0x555560affcd0 .scope autofunction.vec4.s64, "sat_unsigned64" "sat_unsigned64" 4 93, 4 93 0, S_0x555560ad8e90;
 .timescale 0 0;
v0x555560affeb0_0 .var/2s "bits", 31 0;
v0x555560afffb0_0 .var "hi", 63 0;
; Variable sat_unsigned64 is vec4 return value of scope S_0x555560affcd0
v0x555560b00150_0 .var/s "x", 63 0;
v0x555560b00230_0 .var "y", 63 0;
TD_quant_utils_pkg.sat_unsigned64 ;
    %alloc S_0x555560afbf40;
    %load/vec4 v0x555560affeb0_0;
    %store/vec4 v0x555560afc170_0, 0, 32;
    %callf/vec4 TD_quant_utils_pkg.qmax_unsigned64, S_0x555560afbf40;
    %free S_0x555560afbf40;
    %store/vec4 v0x555560afffb0_0, 0, 64;
    %load/vec4 v0x555560b00150_0;
    %cmpi/s 0, 0, 64;
    %jmp/0xz  T_13.82, 5;
    %pushi/vec4 0, 0, 64;
    %store/vec4 v0x555560b00230_0, 0, 64;
    %jmp T_13.83;
T_13.82 ;
    %load/vec4 v0x555560afffb0_0;
    %load/vec4 v0x555560b00150_0;
    %cmp/u;
    %jmp/0xz  T_13.84, 5;
    %load/vec4 v0x555560afffb0_0;
    %store/vec4 v0x555560b00230_0, 0, 64;
    %jmp T_13.85;
T_13.84 ;
    %load/vec4 v0x555560b00150_0;
    %store/vec4 v0x555560b00230_0, 0, 64;
T_13.85 ;
T_13.83 ;
    %load/vec4 v0x555560b00230_0;
    %ret/vec4 0, 0, 64;  Assign to sat_unsigned64 (store_vec4_to_lval)
    %end;
S_0x555560b00360 .scope autofunction.vec2.u32, "wkv_lut_lookup_idx" "wkv_lut_lookup_idx" 4 181, 4 181 0, S_0x555560ad8e90;
 .timescale 0 0;
v0x555560b00540_0 .var/s "delta_i", 31 0;
v0x555560b00640_0 .var/2s "idx", 31 0;
v0x555560b00720_0 .var/2s "lut_numel", 31 0;
v0x555560b007e0_0 .var/s "min_delta_i", 31 0;
v0x555560b008c0_0 .var/s "num", 63 0;
v0x555560b009f0_0 .var/s "q", 63 0;
v0x555560b00ad0_0 .var/s "step_i", 31 0;
; Variable wkv_lut_lookup_idx is bool return value of scope S_0x555560b00360
TD_quant_utils_pkg.wkv_lut_lookup_idx ;
    %load/vec4 v0x555560b00720_0;
    %cmpi/s 0, 0, 32;
    %flag_or 5, 4;
    %jmp/0xz  T_14.86, 5;
    %pushi/vec4 0, 0, 32;
    %store/vec4 v0x555560b00640_0, 0, 32;
    %jmp T_14.87;
T_14.86 ;
    %load/vec4 v0x555560b00540_0;
    %pad/s 64;
    %load/vec4 v0x555560b007e0_0;
    %pad/s 64;
    %sub;
    %store/vec4 v0x555560b008c0_0, 0, 64;
    %load/vec4 v0x555560b00ad0_0;
    %cmpi/e 0, 0, 32;
    %jmp/0xz  T_14.88, 4;
    %pushi/vec4 0, 0, 32;
    %store/vec4 v0x555560b00640_0, 0, 32;
    %jmp T_14.89;
T_14.88 ;
    %load/vec4 v0x555560b00ad0_0;
    %cmpi/e 1, 0, 32;
    %jmp/0xz  T_14.90, 4;
    %load/vec4 v0x555560b008c0_0;
    %cast2;
    %pad/s 32;
    %store/vec4 v0x555560b00640_0, 0, 32;
    %jmp T_14.91;
T_14.90 ;
    %load/vec4 v0x555560b00ad0_0;
    %cmpi/e 4294967295, 0, 32;
    %jmp/0xz  T_14.92, 4;
    %load/vec4 v0x555560b008c0_0;
    %inv;
    %addi 1, 0, 64;
    %cast2;
    %pad/s 32;
    %store/vec4 v0x555560b00640_0, 0, 32;
    %jmp T_14.93;
T_14.92 ;
    %alloc S_0x555560afa2e0;
    %load/vec4 v0x555560b008c0_0;
    %load/vec4 v0x555560b00ad0_0;
    %pad/s 64;
    %store/vec4 v0x555560afa6a0_0, 0, 64;
    %store/vec4 v0x555560afadc0_0, 0, 64;
    %callf/vec4 TD_quant_utils_pkg.div_rne64, S_0x555560afa2e0;
    %free S_0x555560afa2e0;
    %store/vec4 v0x555560b009f0_0, 0, 64;
    %load/vec4 v0x555560b009f0_0;
    %cast2;
    %pad/s 32;
    %store/vec4 v0x555560b00640_0, 0, 32;
T_14.93 ;
T_14.91 ;
T_14.89 ;
    %load/vec4 v0x555560b00640_0;
    %cmpi/s 0, 0, 32;
    %jmp/0xz  T_14.94, 5;
    %pushi/vec4 0, 0, 32;
    %store/vec4 v0x555560b00640_0, 0, 32;
    %jmp T_14.95;
T_14.94 ;
    %load/vec4 v0x555560b00720_0;
    %load/vec4 v0x555560b00640_0;
    %cmp/s;
    %flag_or 5, 4;
    %jmp/0xz  T_14.96, 5;
    %load/vec4 v0x555560b00720_0;
    %subi 1, 0, 32;
    %store/vec4 v0x555560b00640_0, 0, 32;
T_14.96 ;
T_14.95 ;
T_14.87 ;
    %load/vec4 v0x555560b00640_0;
    %ret/vec4 0, 0, 32;  Assign to wkv_lut_lookup_idx (store_vec4_to_lval)
    %end;
S_0x555560ab4c60 .scope module, "tb_l0_div_rne64" "tb_l0_div_rne64" 5 3;
 .timescale -9 -12;
v0x555560b00e90_0 .var/i "case_cnt", 31 0;
v0x555560b00f90_0 .var "d_u", 63 0;
v0x555560b01070_0 .var "exp_u", 63 0;
v0x555560b01130_0 .var/i "fd", 31 0;
v0x555560b01210_0 .var/s "got", 63 0;
v0x555560b01340_0 .var/i "mismatches", 31 0;
v0x555560b01420_0 .var/i "plusargs_rc", 31 0;
v0x555560b01500_0 .var/i "scan_rc", 31 0;
v0x555560b015e0_0 .var "vector_path", 1023 0;
v0x555560b01750_0 .var "x_u", 63 0;
S_0x555560b00c90 .scope begin, "read_loop" "read_loop" 5 31, 5 31 0, S_0x555560ab4c60;
 .timescale -9 -12;
    .scope S_0x555560ab4c60;
T_15 ;
    %pushi/vec4 0, 0, 32;
    %store/vec4 v0x555560b00e90_0, 0, 32;
    %pushi/vec4 0, 0, 32;
    %store/vec4 v0x555560b01340_0, 0, 32;
    %pushi/vec4 0, 0, 32; draw_string_vec4
    %pushi/vec4 0, 0, 32; draw_string_vec4
    %concat/vec4; draw_string_vec4
    %pushi/vec4 0, 0, 32; draw_string_vec4
    %concat/vec4; draw_string_vec4
    %pushi/vec4 0, 0, 32; draw_string_vec4
    %concat/vec4; draw_string_vec4
    %pushi/vec4 0, 0, 32; draw_string_vec4
    %concat/vec4; draw_string_vec4
    %pushi/vec4 0, 0, 32; draw_string_vec4
    %concat/vec4; draw_string_vec4
    %pushi/vec4 0, 0, 32; draw_string_vec4
    %concat/vec4; draw_string_vec4
    %pushi/vec4 0, 0, 32; draw_string_vec4
    %concat/vec4; draw_string_vec4
    %pushi/vec4 0, 0, 32; draw_string_vec4
    %concat/vec4; draw_string_vec4
    %pushi/vec4 0, 0, 32; draw_string_vec4
    %concat/vec4; draw_string_vec4
    %pushi/vec4 0, 0, 32; draw_string_vec4
    %concat/vec4; draw_string_vec4
    %pushi/vec4 0, 0, 32; draw_string_vec4
    %concat/vec4; draw_string_vec4
    %pushi/vec4 0, 0, 32; draw_string_vec4
    %concat/vec4; draw_string_vec4
    %pushi/vec4 0, 0, 32; draw_string_vec4
    %concat/vec4; draw_string_vec4
    %pushi/vec4 0, 0, 32; draw_string_vec4
    %concat/vec4; draw_string_vec4
    %pushi/vec4 0, 0, 32; draw_string_vec4
    %concat/vec4; draw_string_vec4
    %pushi/vec4 0, 0, 32; draw_string_vec4
    %concat/vec4; draw_string_vec4
    %pushi/vec4 0, 0, 32; draw_string_vec4
    %concat/vec4; draw_string_vec4
    %pushi/vec4 0, 0, 32; draw_string_vec4
    %concat/vec4; draw_string_vec4
    %pushi/vec4 30323, 0, 32; draw_string_vec4
    %concat/vec4; draw_string_vec4
    %pushi/vec4 1919102794, 0, 32; draw_string_vec4
    %concat/vec4; draw_string_vec4
    %pushi/vec4 1869180532, 0, 32; draw_string_vec4
    %concat/vec4; draw_string_vec4
    %pushi/vec4 759383634, 0, 32; draw_string_vec4
    %concat/vec4; draw_string_vec4
    %pushi/vec4 759451716, 0, 32; draw_string_vec4
    %concat/vec4; draw_string_vec4
    %pushi/vec4 796156463, 0, 32; draw_string_vec4
    %concat/vec4; draw_string_vec4
    %pushi/vec4 1815109487, 0, 32; draw_string_vec4
    %concat/vec4; draw_string_vec4
    %pushi/vec4 1886596982, 0, 32; draw_string_vec4
    %concat/vec4; draw_string_vec4
    %pushi/vec4 1701016687, 0, 32; draw_string_vec4
    %concat/vec4; draw_string_vec4
    %pushi/vec4 1920151396, 0, 32; draw_string_vec4
    %concat/vec4; draw_string_vec4
    %pushi/vec4 1769365362, 0, 32; draw_string_vec4
    %concat/vec4; draw_string_vec4
    %pushi/vec4 1852126772, 0, 32; draw_string_vec4
    %concat/vec4; draw_string_vec4
    %pushi/vec4 779511139, 0, 32; draw_string_vec4
    %concat/vec4; draw_string_vec4
    %store/vec4 v0x555560b015e0_0, 0, 1024;
    %vpi_func 5 23 "$value$plusargs" 32, "VECTOR_FILE=%s", v0x555560b015e0_0 {0 0 0};
    %store/vec4 v0x555560b01420_0, 0, 32;
    %vpi_func 5 25 "$fopen" 32, v0x555560b015e0_0, "r" {0 0 0};
    %store/vec4 v0x555560b01130_0, 0, 32;
    %load/vec4 v0x555560b01130_0;
    %cmpi/e 0, 0, 32;
    %jmp/0xz  T_15.0, 4;
    %vpi_call/w 5 27 "$display", "[L0][FAIL] op=div_rne64 cannot open vector file" {0 0 0};
    %vpi_call/w 5 28 "$finish" {0 0 0};
T_15.0 ;
    %fork t_1, S_0x555560b00c90;
    %jmp t_0;
    .scope S_0x555560b00c90;
t_1 ;
T_15.2 ;
    %vpi_func 5 33 "$fscanf" 32, v0x555560b01130_0, "%h %h %h\012", v0x555560b01750_0, v0x555560b00f90_0, v0x555560b01070_0 {0 0 0};
    %store/vec4 v0x555560b01500_0, 0, 32;
    %load/vec4 v0x555560b01500_0;
    %cmpi/e 4294967295, 0, 32;
    %jmp/0xz  T_15.4, 4;
    %disable S_0x555560b00c90;
T_15.4 ;
    %load/vec4 v0x555560b01500_0;
    %cmpi/ne 3, 0, 32;
    %jmp/0xz  T_15.6, 4;
    %vpi_call/w 5 38 "$display", "[L0][FAIL] op=div_rne64 malformed vector row, scan_rc=%0d", v0x555560b01500_0 {0 0 0};
    %vpi_call/w 5 39 "$finish" {0 0 0};
T_15.6 ;
    %alloc S_0x555560afa2e0;
    %load/vec4 v0x555560b01750_0;
    %load/vec4 v0x555560b00f90_0;
    %store/vec4 v0x555560afa6a0_0, 0, 64;
    %store/vec4 v0x555560afadc0_0, 0, 64;
    %callf/vec4 TD_quant_utils_pkg.div_rne64, S_0x555560afa2e0;
    %free S_0x555560afa2e0;
    %store/vec4 v0x555560b01210_0, 0, 64;
    %load/vec4 v0x555560b01210_0;
    %load/vec4 v0x555560b01070_0;
    %cmp/ne;
    %jmp/0xz  T_15.8, 6;
    %load/vec4 v0x555560b01340_0;
    %addi 1, 0, 32;
    %store/vec4 v0x555560b01340_0, 0, 32;
T_15.8 ;
    %load/vec4 v0x555560b00e90_0;
    %addi 1, 0, 32;
    %store/vec4 v0x555560b00e90_0, 0, 32;
    %jmp T_15.2;
T_15.3 ;
    %end;
    .scope S_0x555560ab4c60;
t_0 %join;
    %vpi_call/w 5 49 "$fclose", v0x555560b01130_0 {0 0 0};
    %alloc S_0x555560ab4df0;
    %pushi/vec4 0, 0, 32; draw_string_vec4
    %pushi/vec4 0, 0, 32; draw_string_vec4
    %concat/vec4; draw_string_vec4
    %pushi/vec4 0, 0, 32; draw_string_vec4
    %concat/vec4; draw_string_vec4
    %pushi/vec4 0, 0, 32; draw_string_vec4
    %concat/vec4; draw_string_vec4
    %pushi/vec4 0, 0, 32; draw_string_vec4
    %concat/vec4; draw_string_vec4
    %pushi/vec4 0, 0, 32; draw_string_vec4
    %concat/vec4; draw_string_vec4
    %pushi/vec4 0, 0, 32; draw_string_vec4
    %concat/vec4; draw_string_vec4
    %pushi/vec4 0, 0, 32; draw_string_vec4
    %concat/vec4; draw_string_vec4
    %pushi/vec4 0, 0, 32; draw_string_vec4
    %concat/vec4; draw_string_vec4
    %pushi/vec4 0, 0, 32; draw_string_vec4
    %concat/vec4; draw_string_vec4
    %pushi/vec4 0, 0, 32; draw_string_vec4
    %concat/vec4; draw_string_vec4
    %pushi/vec4 0, 0, 32; draw_string_vec4
    %concat/vec4; draw_string_vec4
    %pushi/vec4 0, 0, 32; draw_string_vec4
    %concat/vec4; draw_string_vec4
    %pushi/vec4 100, 0, 32; draw_string_vec4
    %concat/vec4; draw_string_vec4
    %pushi/vec4 1769365362, 0, 32; draw_string_vec4
    %concat/vec4; draw_string_vec4
    %pushi/vec4 1852126772, 0, 32; draw_string_vec4
    %concat/vec4; draw_string_vec4
    %store/vec4 v0x555560acc960_0, 0, 512;
    %load/vec4 v0x555560b00e90_0;
    %cast2;
    %store/vec4 v0x555560af9e10_0, 0, 32;
    %load/vec4 v0x555560b01340_0;
    %cast2;
    %store/vec4 v0x555560ace620_0, 0, 32;
    %fork TD_l0_case_pkg.l0_report, S_0x555560ab4df0;
    %join;
    %free S_0x555560ab4df0;
    %vpi_call/w 5 52 "$finish" {0 0 0};
    %end;
    .thread T_15;
# The file index is used to find the file name in the following table.
:file_names 6;
    "N/A";
    "<interactive>";
    "-";
    "/home/rick/System-ASIC/vsrc/Joint-CFR-DPD/tb/l0_ops/l0_case_pkg.sv";
    "/home/rick/System-ASIC/vsrc/Joint-CFR-DPD/common/quant_utils_pkg.sv";
    "/home/rick/System-ASIC/vsrc/Joint-CFR-DPD/tb/l0_ops/tb_l0_div_rne64.sv";
