timestamp_utc: 2026-03-13T20:48:17Z
root_dir: /home/rick/System-ASIC
run_root: /home/rick/System-ASIC/report/func
monitor_root: /home/rick/System-ASIC/report/func/monitor
monitor_interval_sec: 5
time_bin: /usr/bin/time
time_enabled: yes
meminfo_kb:
MemTotal:        7988388 kB
MemFree:         5677404 kB
MemAvailable:    6231004 kB
SwapTotal:       2097152 kB
SwapFree:        2097152 kB
CommitLimit:     6091344 kB
Committed_AS:    3922620 kB
pressure:
cpu some avg10=0.00 avg60=0.00 avg300=0.00 total=39889711
cpu full avg10=0.00 avg60=0.00 avg300=0.00 total=0
memory some avg10=0.00 avg60=0.00 avg300=0.00 total=0
memory full avg10=0.00 avg60=0.00 avg300=0.00 total=0
io some avg10=0.00 avg60=0.00 avg300=0.00 total=34456733
io full avg10=0.00 avg60=0.00 avg300=0.00 total=34056870
ulimit:
real-time non-blocking time  (microseconds, -R) unlimited
core file size              (blocks, -c) 0
data seg size               (kbytes, -d) unlimited
scheduling priority                 (-e) 0
file size                   (blocks, -f) unlimited
pending signals                     (-i) 31165
max locked memory           (kbytes, -l) 65536
max memory size             (kbytes, -m) unlimited
open files                          (-n) 1048576
pipe size                (512 bytes, -p) 8
POSIX message queues         (bytes, -q) 819200
real-time priority                  (-r) 0
stack size                  (kbytes, -s) 8192
cpu time                   (seconds, -t) unlimited
max user processes                  (-u) 31165
virtual memory              (kbytes, -v) unlimited
file locks                          (-x) unlimited
